

================================================================
== Vitis HLS Report for 'AutoEncoder'
================================================================
* Date:           Wed Feb 28 00:01:53 2024

* Version:        2022.1 (Build 3526262 on Mon Apr 18 15:47:01 MDT 2022)
* Project:        123
* Solution:       solution1 (Vivado IP Flow Target)
* Product family: zynquplus
* Target device:  xczu7ev-ffvc1156-2-e


================================================================
== Performance Estimates
================================================================
+ Timing: 
    * Summary: 
    +--------+----------+----------+------------+
    |  Clock |  Target  | Estimated| Uncertainty|
    +--------+----------+----------+------------+
    |ap_clk  |  10.00 ns|  7.299 ns|     2.70 ns|
    +--------+----------+----------+------------+

+ Latency: 
    * Summary: 
    +---------+---------+----------+----------+-------+-------+----------+
    |  Latency (cycles) |  Latency (absolute) |    Interval   | Pipeline |
    |   min   |   max   |    min   |    max   |  min  |  max  |   Type   |
    +---------+---------+----------+----------+-------+-------+----------+
    |    14507|    14507|  0.145 ms|  0.145 ms|  14450|  14450|  dataflow|
    +---------+---------+----------+----------+-------+-------+----------+

    + Detail: 
        * Instance: 
        +------------+---------+---------+---------+-----------+-----------+-------+-------+----------+
        |            |         |  Latency (cycles) |   Latency (absolute)  |    Interval   | Pipeline |
        |  Instance  |  Module |   min   |   max   |    min    |    max    |  min  |  max  |   Type   |
        +------------+---------+---------+---------+-----------+-----------+-------+-------+----------+
        |castIn_U0   |castIn   |      786|      786|   7.860 us|   7.860 us|    786|    786|        no|
        |conv1_U0    |conv1    |    14403|    14403|   0.144 ms|   0.144 ms|  14404|  14404|  dataflow|
        |pool1_U0    |pool1    |    12546|    12546|   0.125 ms|   0.125 ms|  12547|  12547|  dataflow|
        |conv2_U0    |conv2    |     4113|     4113|  41.130 us|  41.130 us|   4114|   4114|  dataflow|
        |pool2_U0    |pool2    |     1570|     1570|  15.700 us|  15.700 us|   1571|   1571|  dataflow|
        |conv3_U0    |conv3    |      662|      662|   6.620 us|   6.620 us|    663|    663|  dataflow|
        |pool3_U0    |pool3    |      514|      514|   5.140 us|   5.140 us|    515|    515|  dataflow|
        |conv4_U0    |conv4    |      301|      301|   3.010 us|   3.010 us|    302|    302|  dataflow|
        |upsamp4_U0  |upsamp4  |      515|      515|   5.150 us|   5.150 us|    516|    516|  dataflow|
        |conv5_U0    |conv5    |      814|      814|   8.140 us|   8.140 us|    815|    815|  dataflow|
        |upsamp5_U0  |upsamp5  |     2051|     2051|  20.510 us|  20.510 us|   2052|   2052|  dataflow|
        |conv6_U0    |conv6    |     4113|     4113|  41.130 us|  41.130 us|   4114|   4114|  dataflow|
        |upsamp6_U0  |upsamp6  |    12547|    12547|   0.125 ms|   0.125 ms|  12548|  12548|  dataflow|
        |conv7_U0    |conv7    |    14449|    14449|   0.144 ms|   0.144 ms|  14450|  14450|  dataflow|
        |castOut_U0  |castOut  |      787|      787|   7.870 us|   7.870 us|    787|    787|        no|
        +------------+---------+---------+---------+-----------+-----------+-------+-------+----------+

        * Loop: 
        N/A



================================================================
== Utilization Estimates
================================================================
* Summary: 
+-----------------+---------+------+--------+--------+-----+
|       Name      | BRAM_18K|  DSP |   FF   |   LUT  | URAM|
+-----------------+---------+------+--------+--------+-----+
|DSP              |        -|     -|       -|       -|    -|
|Expression       |        -|     -|       0|       2|    -|
|FIFO             |        -|     -|    1386|     938|    -|
|Instance         |        4|  8667|  408863|  457166|    0|
|Memory           |        -|     -|       -|       -|    -|
|Multiplexer      |        -|     -|       -|       -|    -|
|Register         |        -|     -|       -|       -|    -|
+-----------------+---------+------+--------+--------+-----+
|Total            |        4|  8667|  410249|  458106|    0|
+-----------------+---------+------+--------+--------+-----+
|Available        |      624|  1728|  460800|  230400|   96|
+-----------------+---------+------+--------+--------+-----+
|Utilization (%)  |       ~0|   501|      89|     198|    0|
+-----------------+---------+------+--------+--------+-----+

+ Detail: 
    * Instance: 
    +------------+---------+---------+------+--------+--------+-----+
    |  Instance  |  Module | BRAM_18K|  DSP |   FF   |   LUT  | URAM|
    +------------+---------+---------+------+--------+--------+-----+
    |castIn_U0   |castIn   |        0|     0|      46|      99|    0|
    |castOut_U0  |castOut  |        0|     0|      15|      90|    0|
    |conv1_U0    |conv1    |        0|   290|    9639|   14155|    0|
    |conv2_U0    |conv2    |        0|  2306|  107599|  108414|    0|
    |conv3_U0    |conv3    |        0|  1153|   51738|   59126|    0|
    |conv4_U0    |conv4    |        0|  1155|   48545|   57263|    0|
    |conv5_U0    |conv5    |        0|  1152|   52936|   59739|    0|
    |conv6_U0    |conv6    |        0|  2313|   69448|  102075|    0|
    |conv7_U0    |conv7    |        0|   298|   44355|   24247|    0|
    |pool1_U0    |pool1    |        0|     0|   16040|   24513|    0|
    |pool2_U0    |pool2    |        0|     0|    4375|    2772|    0|
    |pool3_U0    |pool3    |        0|     0|    3113|    2720|    0|
    |upsamp4_U0  |upsamp4  |        0|     0|     388|     598|    0|
    |upsamp5_U0  |upsamp5  |        2|     0|     248|     484|    0|
    |upsamp6_U0  |upsamp6  |        2|     0|     378|     871|    0|
    +------------+---------+---------+------+--------+--------+-----+
    |Total       |         |        4|  8667|  408863|  457166|    0|
    +------------+---------+---------+------+--------+--------+-----+

    * DSP: 
    N/A

    * Memory: 
    N/A

    * FIFO: 
    +------------------+---------+----+----+-----+------+-----+---------+
    |       Name       | BRAM_18K| FF | LUT| URAM| Depth| Bits| Size:D*B|
    +------------------+---------+----+----+-----+------+-----+---------+
    |conv1_out_U       |        0|  99|   0|    -|     2|   32|       64|
    |conv2_out_U       |        0|  99|   0|    -|     2|   32|       64|
    |conv3_out_U       |        0|  99|   0|    -|     2|   32|       64|
    |conv4_out_U       |        0|  99|   0|    -|     2|   32|       64|
    |conv5_out_U       |        0|  99|   0|    -|     2|   32|       64|
    |conv6_out_U       |        0|  99|   0|    -|     2|   32|       64|
    |full_in_float_U   |        0|  99|   0|    -|     2|   32|       64|
    |full_out_float_U  |        0|  99|   0|    -|     2|   32|       64|
    |pool1_out_U       |        0|  99|   0|    -|     2|   32|       64|
    |pool2_out_U       |        0|  99|   0|    -|     2|   32|       64|
    |pool3_out_U       |        0|  99|   0|    -|     2|   32|       64|
    |upsamp4_out_U     |        0|  99|   0|    -|     2|   32|       64|
    |upsamp5_out_U     |        0|  99|   0|    -|     2|   32|       64|
    |upsamp6_out_U     |        0|  99|   0|    -|     2|   32|       64|
    +------------------+---------+----+----+-----+------+-----+---------+
    |Total             |        0|1386|   0|    0|    28|  448|      896|
    +------------------+---------+----+----+-----+------+-----+---------+

    * Expression: 
    +--------------+----------+----+---+----+------------+------------+
    | Variable Name| Operation| DSP| FF| LUT| Bitwidth P0| Bitwidth P1|
    +--------------+----------+----+---+----+------------+------------+
    |ap_idle       |       and|   0|  0|   2|           1|           1|
    +--------------+----------+----+---+----+------------+------------+
    |Total         |          |   0|  0|   2|           1|           1|
    +--------------+----------+----+---+----+------------+------------+

    * Multiplexer: 
    N/A

    * Register: 
    N/A



================================================================
== Interface
================================================================
* Summary: 
+---------------------+-----+-----+------------+-----------------------+--------------+
|      RTL Ports      | Dir | Bits|  Protocol  |     Source Object     |    C Type    |
+---------------------+-----+-----+------------+-----------------------+--------------+
|full_in_AXI_TDATA    |   in|   32|        axis|   full_in_AXI_V_data_V|       pointer|
|full_in_AXI_TKEEP    |   in|    4|        axis|   full_in_AXI_V_keep_V|       pointer|
|full_in_AXI_TSTRB    |   in|    4|        axis|   full_in_AXI_V_strb_V|       pointer|
|full_in_AXI_TUSER    |   in|    2|        axis|   full_in_AXI_V_user_V|       pointer|
|full_in_AXI_TLAST    |   in|    1|        axis|   full_in_AXI_V_last_V|       pointer|
|full_in_AXI_TID      |   in|    5|        axis|     full_in_AXI_V_id_V|       pointer|
|full_in_AXI_TDEST    |   in|    6|        axis|   full_in_AXI_V_dest_V|       pointer|
|full_in_AXI_TVALID   |   in|    1|        axis|   full_in_AXI_V_dest_V|       pointer|
|full_in_AXI_TREADY   |  out|    1|        axis|   full_in_AXI_V_dest_V|       pointer|
|full_out_AXI_TDATA   |  out|   32|        axis|  full_out_AXI_V_data_V|       pointer|
|full_out_AXI_TKEEP   |  out|    4|        axis|  full_out_AXI_V_keep_V|       pointer|
|full_out_AXI_TSTRB   |  out|    4|        axis|  full_out_AXI_V_strb_V|       pointer|
|full_out_AXI_TUSER   |  out|    2|        axis|  full_out_AXI_V_user_V|       pointer|
|full_out_AXI_TLAST   |  out|    1|        axis|  full_out_AXI_V_last_V|       pointer|
|full_out_AXI_TID     |  out|    5|        axis|    full_out_AXI_V_id_V|       pointer|
|full_out_AXI_TDEST   |  out|    6|        axis|  full_out_AXI_V_dest_V|       pointer|
|full_out_AXI_TVALID  |  out|    1|        axis|  full_out_AXI_V_dest_V|       pointer|
|full_out_AXI_TREADY  |   in|    1|        axis|  full_out_AXI_V_dest_V|       pointer|
|ap_clk               |   in|    1|  ap_ctrl_hs|            AutoEncoder|  return value|
|ap_rst_n             |   in|    1|  ap_ctrl_hs|            AutoEncoder|  return value|
|ap_start             |   in|    1|  ap_ctrl_hs|            AutoEncoder|  return value|
|ap_done              |  out|    1|  ap_ctrl_hs|            AutoEncoder|  return value|
|ap_ready             |  out|    1|  ap_ctrl_hs|            AutoEncoder|  return value|
|ap_idle              |  out|    1|  ap_ctrl_hs|            AutoEncoder|  return value|
+---------------------+-----+-----+------------+-----------------------+--------------+

