

================================================================
== Vitis HLS Report for 'upsamp6'
================================================================
* Date:           Wed Feb 28 00:01:43 2024

* Version:        2022.1 (Build 3526262 on Mon Apr 18 15:47:01 MDT 2022)
* Project:        123
* Solution:       solution1 (Vivado IP Flow Target)
* Product family: zynquplus
* Target device:  xczu7ev-ffvc1156-2-e


================================================================
== Performance Estimates
================================================================
+ Timing: 
    * Summary: 
    +--------+----------+----------+------------+
    |  Clock |  Target  | Estimated| Uncertainty|
    +--------+----------+----------+------------+
    |ap_clk  |  10.00 ns|  3.615 ns|     2.70 ns|
    +--------+----------+----------+------------+

+ Latency: 
    * Summary: 
    +---------+---------+----------+----------+-------+-------+----------+
    |  Latency (cycles) |  Latency (absolute) |    Interval   | Pipeline |
    |   min   |   max   |    min   |    max   |  min  |  max  |   Type   |
    +---------+---------+----------+----------+-------+-------+----------+
    |    12547|    12547|  0.125 ms|  0.125 ms|  12548|  12548|  dataflow|
    +---------+---------+----------+----------+-------+-------+----------+

    + Detail: 
        * Instance: 
        +------------------------------------+---------------------------------+---------+---------+----------+----------+-------+-------+---------+
        |                                    |                                 |  Latency (cycles) |  Latency (absolute) |    Interval   | Pipeline|
        |              Instance              |              Module             |   min   |   max   |    min   |    max   |  min  |  max  |   Type  |
        +------------------------------------+---------------------------------+---------+---------+----------+----------+-------+-------+---------+
        |sp_upsamp_ap_fixed_32_6_5_3_0_4_U0  |sp_upsamp_ap_fixed_32_6_5_3_0_4  |    12547|    12547|  0.125 ms|  0.125 ms|  12547|  12547|       no|
        +------------------------------------+---------------------------------+---------+---------+----------+----------+-------+-------+---------+

        * Loop: 
        N/A



================================================================
== Utilization Estimates
================================================================
* Summary: 
+-----------------+---------+------+--------+--------+-----+
|       Name      | BRAM_18K|  DSP |   FF   |   LUT  | URAM|
+-----------------+---------+------+--------+--------+-----+
|DSP              |        -|     -|       -|       -|    -|
|Expression       |        -|     -|       -|       -|    -|
|FIFO             |        -|     -|       -|       -|    -|
|Instance         |        -|     -|     377|     862|    -|
|Memory           |        2|     -|       0|       0|    0|
|Multiplexer      |        -|     -|       -|       9|    -|
|Register         |        -|     -|       1|       -|    -|
+-----------------+---------+------+--------+--------+-----+
|Total            |        2|     0|     378|     871|    0|
+-----------------+---------+------+--------+--------+-----+
|Available        |      624|  1728|  460800|  230400|   96|
+-----------------+---------+------+--------+--------+-----+
|Utilization (%)  |       ~0|     0|      ~0|      ~0|    0|
+-----------------+---------+------+--------+--------+-----+

+ Detail: 
    * Instance: 
    +------------------------------------+---------------------------------+---------+----+-----+-----+-----+
    |              Instance              |              Module             | BRAM_18K| DSP|  FF | LUT | URAM|
    +------------------------------------+---------------------------------+---------+----+-----+-----+-----+
    |sp_upsamp_ap_fixed_32_6_5_3_0_4_U0  |sp_upsamp_ap_fixed_32_6_5_3_0_4  |        0|   0|  377|  862|    0|
    +------------------------------------+---------------------------------+---------+----+-----+-----+-----+
    |Total                               |                                 |        0|   0|  377|  862|    0|
    +------------------------------------+---------------------------------+---------+----+-----+-----+-----+

    * DSP: 
    N/A

    * Memory: 
    +----------------+------------------------------------+---------+---+----+-----+------+-----+------+-------------+
    |     Memory     |               Module               | BRAM_18K| FF| LUT| URAM| Words| Bits| Banks| W*Bits*Banks|
    +----------------+------------------------------------+---------+---+----+-----+------+-----+------+-------------+
    |upsam_buf6_V_U  |upsamp6_upsam_buf6_V_RAM_AUTO_1R1W  |        2|  0|   0|    0|   224|   32|     1|         7168|
    +----------------+------------------------------------+---------+---+----+-----+------+-----+------+-------------+
    |Total           |                                    |        2|  0|   0|    0|   224|   32|     1|         7168|
    +----------------+------------------------------------+---------+---+----+-----+------+-----+------+-------------+

    * FIFO: 
    N/A

    * Expression: 
    N/A

    * Multiplexer: 
    +------------+----+-----------+-----+-----------+
    |    Name    | LUT| Input Size| Bits| Total Bits|
    +------------+----+-----------+-----+-----------+
    |real_start  |   9|          2|    1|          2|
    +------------+----+-----------+-----+-----------+
    |Total       |   9|          2|    1|          2|
    +------------+----+-----------+-----+-----------+

    * Register: 
    +----------------+---+----+-----+-----------+
    |      Name      | FF| LUT| Bits| Const Bits|
    +----------------+---+----+-----+-----------+
    |start_once_reg  |  1|   0|    1|          0|
    +----------------+---+----+-----+-----------+
    |Total           |  1|   0|    1|          0|
    +----------------+---+----+-----+-----------+



================================================================
== Interface
================================================================
* Summary: 
+----------------------+-----+-----+------------+---------------+--------------+
|       RTL Ports      | Dir | Bits|  Protocol  | Source Object |    C Type    |
+----------------------+-----+-----+------------+---------------+--------------+
|ap_start              |   in|    1|  ap_ctrl_hs|        upsamp6|  return value|
|start_full_n          |   in|    1|  ap_ctrl_hs|        upsamp6|  return value|
|start_out             |  out|    1|  ap_ctrl_hs|        upsamp6|  return value|
|start_write           |  out|    1|  ap_ctrl_hs|        upsamp6|  return value|
|ap_clk                |   in|    1|  ap_ctrl_hs|        upsamp6|  return value|
|ap_rst                |   in|    1|  ap_ctrl_hs|        upsamp6|  return value|
|ap_done               |  out|    1|  ap_ctrl_hs|        upsamp6|  return value|
|ap_ready              |  out|    1|  ap_ctrl_hs|        upsamp6|  return value|
|ap_idle               |  out|    1|  ap_ctrl_hs|        upsamp6|  return value|
|ap_continue           |   in|    1|  ap_ctrl_hs|        upsamp6|  return value|
|conv6_out26_dout      |   in|   32|     ap_fifo|    conv6_out26|       pointer|
|conv6_out26_empty_n   |   in|    1|     ap_fifo|    conv6_out26|       pointer|
|conv6_out26_read      |  out|    1|     ap_fifo|    conv6_out26|       pointer|
|upsamp6_out27_din     |  out|   32|     ap_fifo|  upsamp6_out27|       pointer|
|upsamp6_out27_full_n  |   in|    1|     ap_fifo|  upsamp6_out27|       pointer|
|upsamp6_out27_write   |  out|    1|     ap_fifo|  upsamp6_out27|       pointer|
+----------------------+-----+-----+------------+---------------+--------------+

