

================================================================
== Vitis HLS Report for 'upsamp6'
================================================================
* Date:           Tue Feb 27 23:58:25 2024

* Version:        2022.1 (Build 3526262 on Mon Apr 18 15:47:01 MDT 2022)
* Project:        123
* Solution:       solution1 (Vivado IP Flow Target)
* Product family: zynquplus
* Target device:  xczu7ev-ffvc1156-2-e


================================================================
== Performance Estimates
================================================================
+ Timing: 
    * Summary: 
    +--------+----------+----------+------------+
    |  Clock |  Target  | Estimated| Uncertainty|
    +--------+----------+----------+------------+
    |ap_clk  |  10.00 ns|  3.615 ns|     2.70 ns|
    +--------+----------+----------+------------+

+ Latency: 
    * Summary: 
    +---------+---------+----------+----------+-------+-------+----------+
    |  Latency (cycles) |  Latency (absolute) |    Interval   | Pipeline |
    |   min   |   max   |    min   |    max   |  min  |  max  |   Type   |
    +---------+---------+----------+----------+-------+-------+----------+
    |    12547|    12547|  0.125 ms|  0.125 ms|  12548|  12548|  dataflow|
    +---------+---------+----------+----------+-------+-------+----------+

    + Detail: 
        * Instance: 
        +-------------------------------------------+---------------------------------+---------+---------+----------+----------+-------+-------+---------+
        |                                           |                                 |  Latency (cycles) |  Latency (absolute) |    Interval   | Pipeline|
        |                  Instance                 |              Module             |   min   |   max   |    min   |    max   |  min  |  max  |   Type  |
        +-------------------------------------------+---------------------------------+---------+---------+----------+----------+-------+-------+---------+
        |grp_sp_upsamp_ap_fixed_32_6_5_3_0_4_fu_24  |sp_upsamp_ap_fixed_32_6_5_3_0_4  |    12547|    12547|  0.125 ms|  0.125 ms|  12547|  12547|       no|
        +-------------------------------------------+---------------------------------+---------+---------+----------+----------+-------+-------+---------+

        * Loop: 
        N/A

============================================================
+ Verbose Summary: Synthesis Manager
============================================================
InlineROM: 1
ExposeGlobal: 0
============================================================
+ Verbose Summary: CDFG Model
============================================================
IsTopModel: 0
ResetActiveHigh: 1
IsCombinational: 2
IsDatapathOnly: 0
HasWiredReturn: 1
HasMFsm: 0
HasVarLatency: 1
IsPipeline: 0
IsRtlPipelined: 0
IsInstanceOverlapped: 0
IsDontTouch: 0
HasImplIP: 0
IsGatedGlobalClock: 0


============================================================
+ Verbose Summary: Schedule
============================================================
* Number of FSM states : 2
* Pipeline : 0
* Dataflow Pipeline: 1
  DF-Pipeline-0: Size = 2, States = { 1 2 }

* FSM state transitions: 
1 --> 2 
2 --> 

* FSM state operations: 

State 1 <SV = 0> <Delay = 1.23>
ST_1 : Operation 3 [1/1] (1.23ns)   --->   "%upsam_buf6_V = alloca i64 1" [AutoEncoder.cpp:261]   --->   Operation 3 'alloca' 'upsam_buf6_V' <Predicate = true> <Delay = 1.23>
ST_1 : Operation 4 [2/2] (0.00ns)   --->   "%call_ln262 = call void @sp_upsamp<ap_fixed<32, 6, 5, 3, 0> >.4, i32 %upsam_buf6_V, i32 %conv6_out26, i32 %upsamp6_out27" [AutoEncoder.cpp:262]   --->   Operation 4 'call' 'call_ln262' <Predicate = true> <Delay = 0.00> <CoreType = "Generic">   --->   Core 0 '' <Latency = 0> <II = 1> <Delay = 1.00> <Generic> <Opcode : >

State 2 <SV = 1> <Delay = 0.00>
ST_2 : Operation 5 [1/1] (0.00ns)   --->   "%specdataflowpipeline_ln260 = specdataflowpipeline void @_ssdm_op_SpecDataflowPipeline, i32 4294967295, i32 0, void @empty_7" [AutoEncoder.cpp:260]   --->   Operation 5 'specdataflowpipeline' 'specdataflowpipeline_ln260' <Predicate = true> <Delay = 0.00>
ST_2 : Operation 6 [1/1] (0.00ns)   --->   "%specinterface_ln0 = specinterface void @_ssdm_op_SpecInterface, i32 %upsamp6_out27, void @empty_6, i32 0, i32 0, void @empty_7, i32 0, i32 0, void @empty_7, void @empty_7, void @empty_7, i32 0, i32 0, i32 0, i32 0, void @empty_7, void @empty_7, i32 4294967295, i32 0"   --->   Operation 6 'specinterface' 'specinterface_ln0' <Predicate = true> <Delay = 0.00>
ST_2 : Operation 7 [1/1] (0.00ns)   --->   "%specinterface_ln0 = specinterface void @_ssdm_op_SpecInterface, i32 %conv6_out26, void @empty_6, i32 0, i32 0, void @empty_7, i32 0, i32 0, void @empty_7, void @empty_7, void @empty_7, i32 0, i32 0, i32 0, i32 0, void @empty_7, void @empty_7, i32 4294967295, i32 0"   --->   Operation 7 'specinterface' 'specinterface_ln0' <Predicate = true> <Delay = 0.00>
ST_2 : Operation 8 [1/2] (0.00ns)   --->   "%call_ln262 = call void @sp_upsamp<ap_fixed<32, 6, 5, 3, 0> >.4, i32 %upsam_buf6_V, i32 %conv6_out26, i32 %upsamp6_out27" [AutoEncoder.cpp:262]   --->   Operation 8 'call' 'call_ln262' <Predicate = true> <Delay = 0.00> <CoreType = "Generic">   --->   Core 0 '' <Latency = 0> <II = 1> <Delay = 1.00> <Generic> <Opcode : >
ST_2 : Operation 9 [1/1] (0.00ns)   --->   "%ret_ln263 = ret" [AutoEncoder.cpp:263]   --->   Operation 9 'ret' 'ret_ln263' <Predicate = true> <Delay = 0.00>


============================================================
+ Verbose Summary: Binding
============================================================
STG Binding: 
---------------- STG Properties BEGIN ----------------
- Is combinational: 0
- Is one-state seq: 0
- Is datapath-only: 0
- Is pipelined: 0
- Is top level: 0
Port [ Return ] is wired: 1; IO mode=ap_ctrl_hs:ce=0
Port [ conv6_out26]:  wired=1; compound=1; hidden=0; nouse=0; global=0; static=0; extern=0; dir=0; type=3; pingpong=0; private_global=0; IO mode=ap_fifo:ce=0
Port [ upsamp6_out27]:  wired=1; compound=1; hidden=0; nouse=0; global=0; static=0; extern=0; dir=1; type=3; pingpong=0; private_global=0; IO mode=ap_fifo:ce=0
---------------- STG Properties END ------------------

---------------- Datapath Model BEGIN ----------------

<LifeTime>
<method=bitvector/>
upsam_buf6_V               (alloca              ) [ 001]
specdataflowpipeline_ln260 (specdataflowpipeline) [ 000]
specinterface_ln0          (specinterface       ) [ 000]
specinterface_ln0          (specinterface       ) [ 000]
call_ln262                 (call                ) [ 000]
ret_ln263                  (ret                 ) [ 000]
</LifeTime>

<model>

<comp_list>
<comp id="0" class="1000" name="conv6_out26">
<pin_list>
<pin id="1" dir="1" index="0" bw="1" slack="0"/>
</pin_list>
<bind>
<StgValue><ssdm name="conv6_out26"/></StgValue>
</bind>
</comp>

<comp id="2" class="1000" name="upsamp6_out27">
<pin_list>
<pin id="3" dir="1" index="0" bw="1" slack="0"/>
</pin_list>
<bind>
<StgValue><ssdm name="upsamp6_out27"/></StgValue>
</bind>
</comp>

<comp id="4" class="1001" name="const_4">
<pin_list>
<pin id="5" dir="1" index="0" bw="1" slack="0"/>
</pin_list>
<bind>
<StgValue><ssdm name=""/></StgValue>
</bind>
</comp>

<comp id="6" class="1001" name="const_6">
<pin_list>
<pin id="7" dir="1" index="0" bw="1" slack="0"/>
</pin_list>
<bind>
<StgValue><ssdm name="sp_upsamp<ap_fixed<32, 6, 5, 3, 0> >.4"/></StgValue>
</bind>
</comp>

<comp id="8" class="1001" name="const_8">
<pin_list>
<pin id="9" dir="1" index="0" bw="1" slack="2147483647"/>
</pin_list>
<bind>
<StgValue><ssdm name="_ssdm_op_SpecDataflowPipeline"/></StgValue>
</bind>
</comp>

<comp id="10" class="1001" name="const_10">
<pin_list>
<pin id="11" dir="1" index="0" bw="1" slack="2147483647"/>
</pin_list>
<bind>
<StgValue><ssdm name=""/></StgValue>
</bind>
</comp>

<comp id="12" class="1001" name="const_12">
<pin_list>
<pin id="13" dir="1" index="0" bw="1" slack="2147483647"/>
</pin_list>
<bind>
<StgValue><ssdm name=""/></StgValue>
</bind>
</comp>

<comp id="14" class="1001" name="const_14">
<pin_list>
<pin id="15" dir="1" index="0" bw="1" slack="2147483647"/>
</pin_list>
<bind>
<StgValue><ssdm name="empty_7"/></StgValue>
</bind>
</comp>

<comp id="16" class="1001" name="const_16">
<pin_list>
<pin id="17" dir="1" index="0" bw="1" slack="2147483647"/>
</pin_list>
<bind>
<StgValue><ssdm name="_ssdm_op_SpecInterface"/></StgValue>
</bind>
</comp>

<comp id="18" class="1001" name="const_18">
<pin_list>
<pin id="19" dir="1" index="0" bw="1" slack="2147483647"/>
</pin_list>
<bind>
<StgValue><ssdm name="empty_6"/></StgValue>
</bind>
</comp>

<comp id="20" class="1004" name="upsam_buf6_V_alloca_fu_20">
<pin_list>
<pin id="21" dir="0" index="0" bw="1" slack="0"/>
<pin id="22" dir="1" index="1" bw="32" slack="0"/>
</pin_list>
<bind>
<opcode="alloca(26) " fcode="alloca"/>
<opset="upsam_buf6_V/1 "/>
</bind>
</comp>

<comp id="24" class="1004" name="grp_sp_upsamp_ap_fixed_32_6_5_3_0_4_fu_24">
<pin_list>
<pin id="25" dir="0" index="0" bw="0" slack="0"/>
<pin id="26" dir="0" index="1" bw="32" slack="0"/>
<pin id="27" dir="0" index="2" bw="32" slack="0"/>
<pin id="28" dir="0" index="3" bw="32" slack="0"/>
<pin id="29" dir="1" index="4" bw="0" slack="2147483647"/>
</pin_list>
<bind>
<opcode="call(48) " fcode="call"/>
<opset="call_ln262/1 "/>
</bind>
</comp>

</comp_list>

<net_list>
<net id="23"><net_src comp="4" pin="0"/><net_sink comp="20" pin=0"/></net>

<net id="30"><net_src comp="6" pin="0"/><net_sink comp="24" pin=0"/></net>

<net id="31"><net_src comp="20" pin="1"/><net_sink comp="24" pin=1"/></net>

<net id="32"><net_src comp="0" pin="0"/><net_sink comp="24" pin=2"/></net>

<net id="33"><net_src comp="2" pin="0"/><net_sink comp="24" pin=3"/></net>

</net_list>

</model> 
---------------- Datapath Model END ------------------

* FSMD analyzer results:
  - Output states:
	Port: upsamp6_out27 | {1 2 }
 - Input state : 
	Port: upsamp6 : conv6_out26 | {1 2 }
  - Chain level:
	State 1
		call_ln262 : 1
	State 2


============================================================
+ Verbose Summary: Datapath Resource usage 
============================================================

* Functional unit list:
|----------|-------------------------------------------|---------|---------|---------|
| Operation|              Functional Unit              |  Delay  |    FF   |   LUT   |
|----------|-------------------------------------------|---------|---------|---------|
|   call   | grp_sp_upsamp_ap_fixed_32_6_5_3_0_4_fu_24 | 5.42667 |   495   |   633   |
|----------|-------------------------------------------|---------|---------|---------|
|   Total  |                                           | 5.42667 |   495   |   633   |
|----------|-------------------------------------------|---------|---------|---------|

Memories:
+------------+--------+--------+--------+--------+
|            |  BRAM  |   FF   |   LUT  |  URAM  |
+------------+--------+--------+--------+--------+
|upsam_buf6_V|    2   |    0   |    0   |    0   |
+------------+--------+--------+--------+--------+
|    Total   |    2   |    0   |    0   |    0   |
+------------+--------+--------+--------+--------+

* Register list:
N/A

* Multiplexer (MUX) list: 
|--------|------|------|------|--------|
|  Comp  |  Pin | Size |  BW  | S x BW |
|--------|------|------|------|--------|
|  Total |      |      |      |    0   |
|--------|------|------|------|--------|



* Summary:
+-----------+--------+--------+--------+--------+--------+
|           |  BRAM  |  Delay |   FF   |   LUT  |  URAM  |
+-----------+--------+--------+--------+--------+--------+
|  Function |    -   |    5   |   495  |   633  |    -   |
|   Memory  |    2   |    -   |    0   |    0   |    0   |
|Multiplexer|    -   |    -   |    -   |    -   |    -   |
|  Register |    -   |    -   |    -   |    -   |    -   |
+-----------+--------+--------+--------+--------+--------+
|   Total   |    2   |    5   |   495  |   633  |    0   |
+-----------+--------+--------+--------+--------+--------+
