

================================================================
== Vitis HLS Report for 'upsamp4'
================================================================
* Date:           Wed Feb 28 00:00:53 2024

* Version:        2022.1 (Build 3526262 on Mon Apr 18 15:47:01 MDT 2022)
* Project:        123
* Solution:       solution1 (Vivado IP Flow Target)
* Product family: zynquplus
* Target device:  xczu7ev-ffvc1156-2-e


================================================================
== Performance Estimates
================================================================
+ Timing: 
    * Summary: 
    +--------+----------+----------+------------+
    |  Clock |  Target  | Estimated| Uncertainty|
    +--------+----------+----------+------------+
    |ap_clk  |  10.00 ns|  3.600 ns|     2.70 ns|
    +--------+----------+----------+------------+

+ Latency: 
    * Summary: 
    +---------+---------+----------+----------+-----+-----+----------+
    |  Latency (cycles) |  Latency (absolute) |  Interval | Pipeline |
    |   min   |   max   |    min   |    max   | min | max |   Type   |
    +---------+---------+----------+----------+-----+-----+----------+
    |      515|      515|  5.150 us|  5.150 us|  516|  516|  dataflow|
    +---------+---------+----------+----------+-----+-----+----------+

    + Detail: 
        * Instance: 
        +----------------------------------+---------------------------------+---------+---------+----------+----------+-----+-----+---------+
        |                                  |                                 |  Latency (cycles) |  Latency (absolute) |  Interval | Pipeline|
        |             Instance             |              Module             |   min   |   max   |    min   |    max   | min | max |   Type  |
        +----------------------------------+---------------------------------+---------+---------+----------+----------+-----+-----+---------+
        |sp_upsamp_ap_fixed_32_6_5_3_0_U0  |sp_upsamp_ap_fixed_32_6_5_3_0_s  |      515|      515|  5.150 us|  5.150 us|  515|  515|       no|
        +----------------------------------+---------------------------------+---------+---------+----------+----------+-----+-----+---------+

        * Loop: 
        N/A



================================================================
== Utilization Estimates
================================================================
* Summary: 
+-----------------+---------+------+--------+--------+-----+
|       Name      | BRAM_18K|  DSP |   FF   |   LUT  | URAM|
+-----------------+---------+------+--------+--------+-----+
|DSP              |        -|     -|       -|       -|    -|
|Expression       |        -|     -|       -|       -|    -|
|FIFO             |        -|     -|       -|       -|    -|
|Instance         |        -|     -|     259|     573|    -|
|Memory           |        0|     -|     128|      16|    0|
|Multiplexer      |        -|     -|       -|       9|    -|
|Register         |        -|     -|       1|       -|    -|
+-----------------+---------+------+--------+--------+-----+
|Total            |        0|     0|     388|     598|    0|
+-----------------+---------+------+--------+--------+-----+
|Available        |      624|  1728|  460800|  230400|   96|
+-----------------+---------+------+--------+--------+-----+
|Utilization (%)  |        0|     0|      ~0|      ~0|    0|
+-----------------+---------+------+--------+--------+-----+

+ Detail: 
    * Instance: 
    +----------------------------------+---------------------------------+---------+----+-----+-----+-----+
    |             Instance             |              Module             | BRAM_18K| DSP|  FF | LUT | URAM|
    +----------------------------------+---------------------------------+---------+----+-----+-----+-----+
    |sp_upsamp_ap_fixed_32_6_5_3_0_U0  |sp_upsamp_ap_fixed_32_6_5_3_0_s  |        0|   0|  259|  573|    0|
    +----------------------------------+---------------------------------+---------+----+-----+-----+-----+
    |Total                             |                                 |        0|   0|  259|  573|    0|
    +----------------------------------+---------------------------------+---------+----+-----+-----+-----+

    * DSP: 
    N/A

    * Memory: 
    +------------------+------------------------------------+---------+----+----+-----+------+-----+------+-------------+
    |      Memory      |               Module               | BRAM_18K| FF | LUT| URAM| Words| Bits| Banks| W*Bits*Banks|
    +------------------+------------------------------------+---------+----+----+-----+------+-----+------+-------------+
    |upsam_buf4_V_U    |upsamp4_upsam_buf4_V_RAM_AUTO_1R1W  |        0|  64|   8|    0|    16|   32|     1|          512|
    |upsam_buf4_V_1_U  |upsamp4_upsam_buf4_V_RAM_AUTO_1R1W  |        0|  64|   8|    0|    16|   32|     1|          512|
    +------------------+------------------------------------+---------+----+----+-----+------+-----+------+-------------+
    |Total             |                                    |        0| 128|  16|    0|    32|   64|     2|         1024|
    +------------------+------------------------------------+---------+----+----+-----+------+-----+------+-------------+

    * FIFO: 
    N/A

    * Expression: 
    N/A

    * Multiplexer: 
    +------------+----+-----------+-----+-----------+
    |    Name    | LUT| Input Size| Bits| Total Bits|
    +------------+----+-----------+-----+-----------+
    |real_start  |   9|          2|    1|          2|
    +------------+----+-----------+-----+-----------+
    |Total       |   9|          2|    1|          2|
    +------------+----+-----------+-----+-----------+

    * Register: 
    +----------------+---+----+-----+-----------+
    |      Name      | FF| LUT| Bits| Const Bits|
    +----------------+---+----+-----+-----------+
    |start_once_reg  |  1|   0|    1|          0|
    +----------------+---+----+-----+-----------+
    |Total           |  1|   0|    1|          0|
    +----------------+---+----+-----+-----------+



================================================================
== Interface
================================================================
* Summary: 
+----------------------+-----+-----+------------+---------------+--------------+
|       RTL Ports      | Dir | Bits|  Protocol  | Source Object |    C Type    |
+----------------------+-----+-----+------------+---------------+--------------+
|ap_start              |   in|    1|  ap_ctrl_hs|        upsamp4|  return value|
|start_full_n          |   in|    1|  ap_ctrl_hs|        upsamp4|  return value|
|start_out             |  out|    1|  ap_ctrl_hs|        upsamp4|  return value|
|start_write           |  out|    1|  ap_ctrl_hs|        upsamp4|  return value|
|ap_clk                |   in|    1|  ap_ctrl_hs|        upsamp4|  return value|
|ap_rst                |   in|    1|  ap_ctrl_hs|        upsamp4|  return value|
|ap_done               |  out|    1|  ap_ctrl_hs|        upsamp4|  return value|
|ap_ready              |  out|    1|  ap_ctrl_hs|        upsamp4|  return value|
|ap_idle               |  out|    1|  ap_ctrl_hs|        upsamp4|  return value|
|ap_continue           |   in|    1|  ap_ctrl_hs|        upsamp4|  return value|
|conv4_out22_dout      |   in|   32|     ap_fifo|    conv4_out22|       pointer|
|conv4_out22_empty_n   |   in|    1|     ap_fifo|    conv4_out22|       pointer|
|conv4_out22_read      |  out|    1|     ap_fifo|    conv4_out22|       pointer|
|upsamp4_out23_din     |  out|   32|     ap_fifo|  upsamp4_out23|       pointer|
|upsamp4_out23_full_n  |   in|    1|     ap_fifo|  upsamp4_out23|       pointer|
|upsamp4_out23_write   |  out|    1|     ap_fifo|  upsamp4_out23|       pointer|
+----------------------+-----+-----+------------+---------------+--------------+

