

================================================================
== Vitis HLS Report for 'upsamp4'
================================================================
* Date:           Wed Jan 31 18:23:31 2024

* Version:        2023.1 (Build 3854077 on May  4 2023)
* Project:        LSI_decoder
* Solution:       solution1 (Vivado IP Flow Target)
* Product family: zynq
* Target device:  xc7z010i-clg225-1L


================================================================
== Performance Estimates
================================================================
+ Timing: 
    * Summary: 
    +--------+----------+----------+------------+
    |  Clock |  Target  | Estimated| Uncertainty|
    +--------+----------+----------+------------+
    |ap_clk  |  10.00 ns|  6.888 ns|     2.70 ns|
    +--------+----------+----------+------------+

+ Latency: 
    * Summary: 
    +---------+---------+----------+----------+-----+-----+---------+
    |  Latency (cycles) |  Latency (absolute) |  Interval | Pipeline|
    |   min   |   max   |    min   |    max   | min | max |   Type  |
    +---------+---------+----------+----------+-----+-----+---------+
    |      521|      521|  5.210 us|  5.210 us|  521|  521|       no|
    +---------+---------+----------+----------+-----+-----+---------+

    + Detail: 
        * Instance: 
        N/A

        * Loop: 
        +------------------+---------+---------+----------+-----------+-----------+------+----------+
        |                  |  Latency (cycles) | Iteration|  Initiation Interval  | Trip |          |
        |     Loop Name    |   min   |   max   |  Latency |  achieved |   target  | Count| Pipelined|
        +------------------+---------+---------+----------+-----------+-----------+------+----------+
        |- UHeight_UWidth  |      519|      519|        16|          8|          1|    64|       yes|
        +------------------+---------+---------+----------+-----------+-----------+------+----------+



================================================================
== Utilization Estimates
================================================================
* Summary: 
+-----------------+---------+----+-------+-------+-----+
|       Name      | BRAM_18K| DSP|   FF  |  LUT  | URAM|
+-----------------+---------+----+-------+-------+-----+
|DSP              |        -|   -|      -|      -|    -|
|Expression       |        -|   -|      0|    139|    -|
|FIFO             |        -|   -|      -|      -|    -|
|Instance         |        -|   -|      -|      -|    -|
|Memory           |        3|   -|      0|      0|    0|
|Multiplexer      |        -|   -|      -|    357|    -|
|Register         |        -|   -|   1102|      -|    -|
+-----------------+---------+----+-------+-------+-----+
|Total            |        3|   0|   1102|    496|    0|
+-----------------+---------+----+-------+-------+-----+
|Available        |      120|  80|  35200|  17600|    0|
+-----------------+---------+----+-------+-------+-----+
|Utilization (%)  |        2|   0|      3|      2|    0|
+-----------------+---------+----+-------+-------+-----+

+ Detail: 
    * Instance: 
    N/A

    * DSP: 
    N/A

    * Memory: 
    +--------------+----------------------------------+---------+---+----+-----+------+-----+------+-------------+
    |    Memory    |              Module              | BRAM_18K| FF| LUT| URAM| Words| Bits| Banks| W*Bits*Banks|
    +--------------+----------------------------------+---------+---+----+-----+------+-----+------+-------------+
    |upsam_buf4_U  |upsamp4_upsam_buf4_RAM_AUTO_1R1W  |        3|  0|   0|    0|    32|   40|     1|         1280|
    +--------------+----------------------------------+---------+---+----+-----+------+-----+------+-------------+
    |Total         |                                  |        3|  0|   0|    0|    32|   40|     1|         1280|
    +--------------+----------------------------------+---------+---+----+-----+------+-----+------+-------------+

    * FIFO: 
    N/A

    * Expression: 
    +----------------------------------+----------+----+---+----+------------+------------+
    |           Variable Name          | Operation| DSP| FF| LUT| Bitwidth P0| Bitwidth P1|
    +----------------------------------+----------+----+---+----+------------+------------+
    |add_ln76_3_fu_292_p2              |         +|   0|  0|  13|           4|           1|
    |add_ln76_fu_266_p2                |         +|   0|  0|  14|           7|           1|
    |add_ln84_fu_411_p2                |         +|   0|  0|  13|           5|           5|
    |cona_col_3_fu_430_p2              |         +|   0|  0|  13|           4|           1|
    |ap_block_state2_pp0_stage1_iter0  |       and|   0|  0|   2|           1|           1|
    |ap_block_state3_pp0_stage2_iter0  |       and|   0|  0|   2|           1|           1|
    |ap_block_state4_pp0_stage3_iter0  |       and|   0|  0|   2|           1|           1|
    |ap_block_state5_pp0_stage4_iter0  |       and|   0|  0|   2|           1|           1|
    |ap_block_state6_pp0_stage5_iter0  |       and|   0|  0|   2|           1|           1|
    |ap_block_state7_pp0_stage6_iter0  |       and|   0|  0|   2|           1|           1|
    |ap_block_state8_pp0_stage7_iter0  |       and|   0|  0|   2|           1|           1|
    |ap_condition_374                  |       and|   0|  0|   2|           1|           1|
    |ap_condition_446                  |       and|   0|  0|   2|           1|           1|
    |ap_condition_733                  |       and|   0|  0|   2|           1|           1|
    |ap_condition_737                  |       and|   0|  0|   2|           1|           1|
    |ap_predicate_op101_read_state8    |       and|   0|  0|   2|           1|           1|
    |icmp_ln76_fu_260_p2               |      icmp|   0|  0|  15|           7|           8|
    |icmp_ln77_fu_278_p2               |      icmp|   0|  0|  13|           4|           5|
    |ap_block_pp0_stage0_01001         |        or|   0|  0|   2|           1|           1|
    |ap_block_pp0_stage1_01001         |        or|   0|  0|   2|           1|           1|
    |ap_block_pp0_stage2_01001         |        or|   0|  0|   2|           1|           1|
    |ap_block_pp0_stage3_01001         |        or|   0|  0|   2|           1|           1|
    |ap_block_pp0_stage4_01001         |        or|   0|  0|   2|           1|           1|
    |ap_block_pp0_stage5_01001         |        or|   0|  0|   2|           1|           1|
    |ap_block_pp0_stage6_01001         |        or|   0|  0|   2|           1|           1|
    |ap_block_pp0_stage7_01001         |        or|   0|  0|   2|           1|           1|
    |ap_block_state9_pp0_stage0_iter1  |        or|   0|  0|   2|           1|           1|
    |empty_fu_334_p2                   |        or|   0|  0|   2|           1|           1|
    |select_ln76_3_fu_298_p3           |    select|   0|  0|   4|           1|           4|
    |select_ln76_fu_284_p3             |    select|   0|  0|   4|           1|           1|
    |ap_enable_pp0                     |       xor|   0|  0|   2|           1|           2|
    |xor_ln84_fu_381_p2                |       xor|   0|  0|   4|           3|           4|
    +----------------------------------+----------+----+---+----+------------+------------+
    |Total                             |          |   0|  0| 139|          59|          54|
    +----------------------------------+----------+----+---+----+------------+------------+

    * Multiplexer: 
    +-------------------------------------------------------------------+----+-----------+-----+-----------+
    |                                Name                               | LUT| Input Size| Bits| Total Bits|
    +-------------------------------------------------------------------+----+-----------+-----+-----------+
    |ap_NS_fsm                                                          |  48|          9|    1|          9|
    |ap_done_int                                                        |   9|          2|    1|          2|
    |ap_enable_reg_pp0_iter0                                            |   9|          2|    1|          2|
    |ap_enable_reg_pp0_iter1                                            |   9|          2|    1|          2|
    |ap_phi_reg_pp0_iter1_arrayidx18_0_0_0_load_i571115212735_reg_172   |   9|          2|   40|         80|
    |ap_phi_reg_pp0_iter1_arrayidx18_0_0_0_load_i_181016202834_reg_182  |   9|          2|   40|         80|
    |ap_phi_reg_pp0_iter1_arrayidx18_0_0_0_load_i_21214222636_reg_192   |   9|          2|   40|         80|
    |ap_phi_reg_pp0_iter1_arrayidx18_0_0_0_load_i_317192933_reg_202     |   9|          2|   40|         80|
    |ap_phi_reg_pp0_iter1_arrayidx18_0_0_0_load_i_4232537_reg_212       |   9|          2|   40|         80|
    |ap_phi_reg_pp0_iter1_arrayidx18_0_0_0_load_i_53032_reg_222         |   9|          2|   40|         80|
    |ap_phi_reg_pp0_iter1_arrayidx18_0_0_0_load_i_638_reg_232           |   9|          2|   40|         80|
    |ap_sig_allocacmp_cona_col_load                                     |   9|          2|    4|          8|
    |ap_sig_allocacmp_cona_row_load                                     |   9|          2|    4|          8|
    |ap_sig_allocacmp_indvar_flatten_load                               |   9|          2|    7|         14|
    |cona_col_fu_68                                                     |   9|          2|    4|          8|
    |cona_row_fu_72                                                     |   9|          2|    4|          8|
    |conv4_out_blk_n                                                    |   9|          2|    1|          2|
    |indvar_flatten_fu_76                                               |   9|          2|    7|         14|
    |real_start                                                         |   9|          2|    1|          2|
    |upsam_buf4_address0                                                |  42|          8|    5|         40|
    |upsam_buf4_address1                                                |  48|          9|    5|         45|
    |upsamp4_out_blk_n                                                  |   9|          2|    1|          2|
    |upsamp4_out_din                                                    |  48|          9|   40|        360|
    +-------------------------------------------------------------------+----+-----------+-----+-----------+
    |Total                                                              | 357|         73|  367|       1086|
    +-------------------------------------------------------------------+----+-----------+-----+-----------+

    * Register: 
    +-------------------------------------------------------------------+----+----+-----+-----------+
    |                                Name                               | FF | LUT| Bits| Const Bits|
    +-------------------------------------------------------------------+----+----+-----+-----------+
    |ap_CS_fsm                                                          |   8|   0|    8|          0|
    |ap_done_reg                                                        |   1|   0|    1|          0|
    |ap_enable_reg_pp0_iter0_reg                                        |   1|   0|    1|          0|
    |ap_enable_reg_pp0_iter1                                            |   1|   0|    1|          0|
    |ap_phi_reg_pp0_iter0_arrayidx18_0_0_0_load_i571115212735_reg_172   |  40|   0|   40|          0|
    |ap_phi_reg_pp0_iter0_arrayidx18_0_0_0_load_i_181016202834_reg_182  |  40|   0|   40|          0|
    |ap_phi_reg_pp0_iter0_arrayidx18_0_0_0_load_i_21214222636_reg_192   |  40|   0|   40|          0|
    |ap_phi_reg_pp0_iter0_arrayidx18_0_0_0_load_i_317192933_reg_202     |  40|   0|   40|          0|
    |ap_phi_reg_pp0_iter0_arrayidx18_0_0_0_load_i_4232537_reg_212       |  40|   0|   40|          0|
    |ap_phi_reg_pp0_iter0_arrayidx18_0_0_0_load_i_53032_reg_222         |  40|   0|   40|          0|
    |ap_phi_reg_pp0_iter0_arrayidx18_0_0_0_load_i_638_reg_232           |  40|   0|   40|          0|
    |ap_phi_reg_pp0_iter1_arrayidx18_0_0_0_load_i571115212735_reg_172   |  40|   0|   40|          0|
    |ap_phi_reg_pp0_iter1_arrayidx18_0_0_0_load_i_181016202834_reg_182  |  40|   0|   40|          0|
    |ap_phi_reg_pp0_iter1_arrayidx18_0_0_0_load_i_21214222636_reg_192   |  40|   0|   40|          0|
    |ap_phi_reg_pp0_iter1_arrayidx18_0_0_0_load_i_317192933_reg_202     |  40|   0|   40|          0|
    |ap_phi_reg_pp0_iter1_arrayidx18_0_0_0_load_i_4232537_reg_212       |  40|   0|   40|          0|
    |ap_phi_reg_pp0_iter1_arrayidx18_0_0_0_load_i_53032_reg_222         |  40|   0|   40|          0|
    |ap_phi_reg_pp0_iter1_arrayidx18_0_0_0_load_i_638_reg_232           |  40|   0|   40|          0|
    |cona_col_fu_68                                                     |   4|   0|    4|          0|
    |cona_row_fu_72                                                     |   4|   0|    4|          0|
    |conv4_out_read_1_reg_529                                           |  40|   0|   40|          0|
    |conv4_out_read_2_reg_555                                           |  40|   0|   40|          0|
    |conv4_out_read_3_reg_582                                           |  40|   0|   40|          0|
    |conv4_out_read_4_reg_597                                           |  40|   0|   40|          0|
    |conv4_out_read_5_reg_612                                           |  40|   0|   40|          0|
    |conv4_out_read_reg_509                                             |  40|   0|   40|          0|
    |div15_i_udiv_cast_cast_reg_495                                     |   2|   0|    2|          0|
    |div15_i_udiv_reg_486                                               |   3|   0|    3|          0|
    |empty_reg_500                                                      |   1|   0|    1|          0|
    |icmp_ln76_reg_477                                                  |   1|   0|    1|          0|
    |indvar_flatten_fu_76                                               |   7|   0|    7|          0|
    |select_ln76_reg_481                                                |   4|   0|    4|          0|
    |start_once_reg                                                     |   1|   0|    1|          0|
    |upsam_buf_addr_26_reg_524                                          |   3|   0|    5|          2|
    |upsam_buf_addr_27_reg_545                                          |   4|   0|    5|          1|
    |upsam_buf_addr_28_reg_550                                          |   3|   0|    5|          2|
    |upsam_buf_addr_29_reg_570                                          |   5|   0|    5|          0|
    |upsam_buf_addr_30_reg_576                                          |   3|   0|    5|          2|
    |upsam_buf_load_23_reg_560                                          |  40|   0|   40|          0|
    |upsam_buf_load_24_reg_565                                          |  40|   0|   40|          0|
    |upsam_buf_load_25_reg_587                                          |  40|   0|   40|          0|
    |upsam_buf_load_26_reg_592                                          |  40|   0|   40|          0|
    |upsam_buf_load_29_reg_627                                          |  40|   0|   40|          0|
    |upsam_buf_load_reg_534                                             |  40|   0|   40|          0|
    |xor_ln84_reg_539                                                   |   3|   0|    3|          0|
    |zext_ln84_24_cast_reg_519                                          |   3|   0|    4|          1|
    +-------------------------------------------------------------------+----+----+-----+-----------+
    |Total                                                              |1102|   0| 1110|          8|
    +-------------------------------------------------------------------+----+----+-----+-----------+



================================================================
== Interface
================================================================
* Summary: 
+----------------------------+-----+-----+------------+--------------+--------------+
|          RTL Ports         | Dir | Bits|  Protocol  | Source Object|    C Type    |
+----------------------------+-----+-----+------------+--------------+--------------+
|ap_clk                      |   in|    1|  ap_ctrl_hs|       upsamp4|  return value|
|ap_rst                      |   in|    1|  ap_ctrl_hs|       upsamp4|  return value|
|ap_start                    |   in|    1|  ap_ctrl_hs|       upsamp4|  return value|
|start_full_n                |   in|    1|  ap_ctrl_hs|       upsamp4|  return value|
|ap_done                     |  out|    1|  ap_ctrl_hs|       upsamp4|  return value|
|ap_continue                 |   in|    1|  ap_ctrl_hs|       upsamp4|  return value|
|ap_idle                     |  out|    1|  ap_ctrl_hs|       upsamp4|  return value|
|ap_ready                    |  out|    1|  ap_ctrl_hs|       upsamp4|  return value|
|start_out                   |  out|    1|  ap_ctrl_hs|       upsamp4|  return value|
|start_write                 |  out|    1|  ap_ctrl_hs|       upsamp4|  return value|
|conv4_out_dout              |   in|   40|     ap_fifo|     conv4_out|       pointer|
|conv4_out_num_data_valid    |   in|    2|     ap_fifo|     conv4_out|       pointer|
|conv4_out_fifo_cap          |   in|    2|     ap_fifo|     conv4_out|       pointer|
|conv4_out_empty_n           |   in|    1|     ap_fifo|     conv4_out|       pointer|
|conv4_out_read              |  out|    1|     ap_fifo|     conv4_out|       pointer|
|upsamp4_out_din             |  out|   40|     ap_fifo|   upsamp4_out|       pointer|
|upsamp4_out_num_data_valid  |   in|    2|     ap_fifo|   upsamp4_out|       pointer|
|upsamp4_out_fifo_cap        |   in|    2|     ap_fifo|   upsamp4_out|       pointer|
|upsamp4_out_full_n          |   in|    1|     ap_fifo|   upsamp4_out|       pointer|
|upsamp4_out_write           |  out|    1|     ap_fifo|   upsamp4_out|       pointer|
+----------------------------+-----+-----+------------+--------------+--------------+

