

================================================================
== Vitis HLS Report for 'upsamp4'
================================================================
* Date:           Tue Feb 27 15:10:52 2024

* Version:        2022.1 (Build 3526262 on Mon Apr 18 15:47:01 MDT 2022)
* Project:        decode_11
* Solution:       solution1 (Vivado IP Flow Target)
* Product family: zynquplus
* Target device:  xczu7ev-ffvc1156-2-e


================================================================
== Performance Estimates
================================================================
+ Timing: 
    * Summary: 
    +--------+----------+----------+------------+
    |  Clock |  Target  | Estimated| Uncertainty|
    +--------+----------+----------+------------+
    |ap_clk  |  10.00 ns|  3.075 ns|     2.70 ns|
    +--------+----------+----------+------------+

+ Latency: 
    * Summary: 
    +---------+---------+----------+----------+-----+-----+---------+
    |  Latency (cycles) |  Latency (absolute) |  Interval | Pipeline|
    |   min   |   max   |    min   |    max   | min | max |   Type  |
    +---------+---------+----------+----------+-----+-----+---------+
    |      516|      516|  5.160 us|  5.160 us|  516|  516|       no|
    +---------+---------+----------+----------+-----+-----+---------+

    + Detail: 
        * Instance: 
        N/A

        * Loop: 
        +------------------+---------+---------+----------+-----------+-----------+------+----------+
        |                  |  Latency (cycles) | Iteration|  Initiation Interval  | Trip |          |
        |     Loop Name    |   min   |   max   |  Latency |  achieved |   target  | Count| Pipelined|
        +------------------+---------+---------+----------+-----------+-----------+------+----------+
        |- UHeight_UWidth  |      514|      514|        11|          8|          1|    64|       yes|
        +------------------+---------+---------+----------+-----------+-----------+------+----------+



================================================================
== Utilization Estimates
================================================================
* Summary: 
+-----------------+---------+------+--------+--------+-----+
|       Name      | BRAM_18K|  DSP |   FF   |   LUT  | URAM|
+-----------------+---------+------+--------+--------+-----+
|DSP              |        -|     -|       -|       -|    -|
|Expression       |        -|     -|       0|     126|    -|
|FIFO             |        -|     -|       -|       -|    -|
|Instance         |        -|     -|       -|       -|    -|
|Memory           |        2|     -|       0|       0|    0|
|Multiplexer      |        -|     -|       -|     335|    -|
|Register         |        -|     -|     242|       -|    -|
+-----------------+---------+------+--------+--------+-----+
|Total            |        2|     0|     242|     461|    0|
+-----------------+---------+------+--------+--------+-----+
|Available        |      624|  1728|  460800|  230400|   96|
+-----------------+---------+------+--------+--------+-----+
|Utilization (%)  |       ~0|     0|      ~0|      ~0|    0|
+-----------------+---------+------+--------+--------+-----+

+ Detail: 
    * Instance: 
    N/A

    * DSP: 
    N/A

    * Memory: 
    +----------------+---------------------------+---------+---+----+-----+------+-----+------+-------------+
    |     Memory     |           Module          | BRAM_18K| FF| LUT| URAM| Words| Bits| Banks| W*Bits*Banks|
    +----------------+---------------------------+---------+---+----+-----+------+-----+------+-------------+
    |upsam_buf4_V_U  |upsamp4_upsam_buf4_V_Rbkb  |        2|  0|   0|    0|    32|   32|     1|         1024|
    +----------------+---------------------------+---------+---+----+-----+------+-----+------+-------------+
    |Total           |                           |        2|  0|   0|    0|    32|   32|     1|         1024|
    +----------------+---------------------------+---------+---+----+-----+------+-----+------+-------------+

    * FIFO: 
    N/A

    * Expression: 
    +-----------------------------------+----------+----+---+----+------------+------------+
    |           Variable Name           | Operation| DSP| FF| LUT| Bitwidth P0| Bitwidth P1|
    +-----------------------------------+----------+----+---+----+------------+------------+
    |add_ln108_3_fu_303_p2              |         +|   0|  0|  12|           4|           1|
    |add_ln108_fu_277_p2                |         +|   0|  0|  14|           7|           1|
    |cona_col_3_fu_351_p2               |         +|   0|  0|  12|           4|           1|
    |grp_fu_228_p2                      |         +|   0|  0|  12|           5|           5|
    |ap_block_pp0_stage4_01001          |       and|   0|  0|   2|           1|           1|
    |ap_block_pp0_stage5_01001          |       and|   0|  0|   2|           1|           1|
    |ap_block_pp0_stage6_01001          |       and|   0|  0|   2|           1|           1|
    |ap_block_pp0_stage7_01001          |       and|   0|  0|   2|           1|           1|
    |ap_block_state2_pp0_stage1_iter0   |       and|   0|  0|   2|           1|           1|
    |ap_block_state3_pp0_stage2_iter0   |       and|   0|  0|   2|           1|           1|
    |ap_condition_469                   |       and|   0|  0|   2|           1|           1|
    |ap_predicate_op106_write_state6    |       and|   0|  0|   2|           1|           1|
    |ap_predicate_op112_write_state6    |       and|   0|  0|   2|           1|           1|
    |icmp_ln108_fu_271_p2               |      icmp|   0|  0|  11|           7|           8|
    |icmp_ln109_fu_289_p2               |      icmp|   0|  0|   9|           4|           5|
    |ap_block_pp0_stage0_01001          |        or|   0|  0|   2|           1|           1|
    |ap_block_pp0_stage1_01001          |        or|   0|  0|   2|           1|           1|
    |ap_block_pp0_stage2_01001          |        or|   0|  0|   2|           1|           1|
    |ap_block_pp0_stage3_01001          |        or|   0|  0|   2|           1|           1|
    |ap_block_state10_pp0_stage1_iter1  |        or|   0|  0|   2|           1|           1|
    |ap_block_state4_pp0_stage3_iter0   |        or|   0|  0|   2|           1|           1|
    |ap_block_state5_pp0_stage4_iter0   |        or|   0|  0|   2|           1|           1|
    |ap_block_state6_pp0_stage5_iter0   |        or|   0|  0|   2|           1|           1|
    |ap_block_state7_pp0_stage6_iter0   |        or|   0|  0|   2|           1|           1|
    |ap_block_state8_pp0_stage7_iter0   |        or|   0|  0|   2|           1|           1|
    |ap_block_state9_pp0_stage0_iter1   |        or|   0|  0|   2|           1|           1|
    |empty_46_fu_345_p2                 |        or|   0|  0|   2|           1|           1|
    |select_ln108_3_fu_309_p3           |    select|   0|  0|   4|           1|           4|
    |select_ln108_fu_295_p3             |    select|   0|  0|   4|           1|           1|
    |ap_enable_pp0                      |       xor|   0|  0|   2|           1|           2|
    |grp_fu_223_p2                      |       xor|   0|  0|   4|           3|           4|
    +-----------------------------------+----------+----+---+----+------------+------------+
    |Total                              |          |   0|  0| 126|          58|          53|
    +-----------------------------------+----------+----+---+----+------------+------------+

    * Multiplexer: 
    +--------------------------------------+----+-----------+-----+-----------+
    |                 Name                 | LUT| Input Size| Bits| Total Bits|
    +--------------------------------------+----+-----------+-----+-----------+
    |ap_NS_fsm                             |  49|          9|    1|          9|
    |ap_done_int                           |   9|          2|    1|          2|
    |ap_enable_reg_pp0_iter0               |   9|          2|    1|          2|
    |ap_enable_reg_pp0_iter0_reg           |   9|          2|    1|          2|
    |ap_enable_reg_pp0_iter1               |   9|          2|    1|          2|
    |ap_sig_allocacmp_cona_col_load        |   9|          2|    4|          8|
    |ap_sig_allocacmp_cona_row_load        |   9|          2|    4|          8|
    |ap_sig_allocacmp_indvar_flatten_load  |   9|          2|    7|         14|
    |cona_col_fu_70                        |   9|          2|    4|          8|
    |cona_row_fu_74                        |   9|          2|    4|          8|
    |conv4_out10_blk_n                     |   9|          2|    1|          2|
    |grp_fu_223_p0                         |  14|          3|    3|          9|
    |grp_fu_228_p0                         |  14|          3|    5|         15|
    |indvar_flatten_fu_78                  |   9|          2|    7|         14|
    |real_start                            |   9|          2|    1|          2|
    |upsam_buf4_V_address0                 |  49|          9|    5|         45|
    |upsam_buf4_V_address1                 |  49|          9|    5|         45|
    |upsamp4_out11_blk_n                   |   9|          2|    1|          2|
    |upsamp4_out11_din                     |  43|          8|   32|        256|
    +--------------------------------------+----+-----------+-----+-----------+
    |Total                                 | 335|         67|   88|        453|
    +--------------------------------------+----+-----------+-----+-----------+

    * Register: 
    +------------------------------------+----+----+-----+-----------+
    |                Name                | FF | LUT| Bits| Const Bits|
    +------------------------------------+----+----+-----+-----------+
    |ap_CS_fsm                           |   8|   0|    8|          0|
    |ap_done_reg                         |   1|   0|    1|          0|
    |ap_enable_reg_pp0_iter0_reg         |   1|   0|    1|          0|
    |ap_enable_reg_pp0_iter1             |   1|   0|    1|          0|
    |cona_col_fu_70                      |   4|   0|    4|          0|
    |cona_row_fu_74                      |   4|   0|    4|          0|
    |div15_i_udiv_cast1_reg_599          |   3|   0|    5|          2|
    |div15_i_udiv_cast_cast_reg_554      |   2|   0|    2|          0|
    |div15_i_udiv_reg_542                |   3|   0|    3|          0|
    |div15_i_udiv_reg_542_pp0_iter1_reg  |   3|   0|    3|          0|
    |empty_46_reg_560                    |   1|   0|    1|          0|
    |empty_46_reg_560_pp0_iter1_reg      |   1|   0|    1|          0|
    |icmp_ln108_reg_538                  |   1|   0|    1|          0|
    |indvar_flatten_fu_78                |   7|   0|    7|          0|
    |reg_233                             |  32|   0|   32|          0|
    |reg_238                             |  32|   0|   32|          0|
    |reg_243                             |  32|   0|   32|          0|
    |reg_248                             |  32|   0|   32|          0|
    |start_once_reg                      |   1|   0|    1|          0|
    |upsam_buf_V_load_26_reg_609         |  32|   0|   32|          0|
    |upsam_buf_V_load_28_reg_624         |  32|   0|   32|          0|
    |xor_ln114_reg_604                   |   3|   0|    3|          0|
    |zext_ln114_24_cast_reg_584          |   3|   0|    4|          1|
    |zext_ln116_24_cast_reg_574          |   3|   0|    4|          1|
    +------------------------------------+----+----+-----+-----------+
    |Total                               | 242|   0|  246|          4|
    +------------------------------------+----+----+-----+-----------+



================================================================
== Interface
================================================================
* Summary: 
+------------------------------+-----+-----+------------+---------------+--------------+
|           RTL Ports          | Dir | Bits|  Protocol  | Source Object |    C Type    |
+------------------------------+-----+-----+------------+---------------+--------------+
|ap_clk                        |   in|    1|  ap_ctrl_hs|        upsamp4|  return value|
|ap_rst                        |   in|    1|  ap_ctrl_hs|        upsamp4|  return value|
|ap_start                      |   in|    1|  ap_ctrl_hs|        upsamp4|  return value|
|start_full_n                  |   in|    1|  ap_ctrl_hs|        upsamp4|  return value|
|ap_done                       |  out|    1|  ap_ctrl_hs|        upsamp4|  return value|
|ap_continue                   |   in|    1|  ap_ctrl_hs|        upsamp4|  return value|
|ap_idle                       |  out|    1|  ap_ctrl_hs|        upsamp4|  return value|
|ap_ready                      |  out|    1|  ap_ctrl_hs|        upsamp4|  return value|
|start_out                     |  out|    1|  ap_ctrl_hs|        upsamp4|  return value|
|start_write                   |  out|    1|  ap_ctrl_hs|        upsamp4|  return value|
|conv4_out10_dout              |   in|   32|     ap_fifo|    conv4_out10|       pointer|
|conv4_out10_num_data_valid    |   in|    2|     ap_fifo|    conv4_out10|       pointer|
|conv4_out10_fifo_cap          |   in|    2|     ap_fifo|    conv4_out10|       pointer|
|conv4_out10_empty_n           |   in|    1|     ap_fifo|    conv4_out10|       pointer|
|conv4_out10_read              |  out|    1|     ap_fifo|    conv4_out10|       pointer|
|upsamp4_out11_din             |  out|   32|     ap_fifo|  upsamp4_out11|       pointer|
|upsamp4_out11_num_data_valid  |   in|    2|     ap_fifo|  upsamp4_out11|       pointer|
|upsamp4_out11_fifo_cap        |   in|    2|     ap_fifo|  upsamp4_out11|       pointer|
|upsamp4_out11_full_n          |   in|    1|     ap_fifo|  upsamp4_out11|       pointer|
|upsamp4_out11_write           |  out|    1|     ap_fifo|  upsamp4_out11|       pointer|
+------------------------------+-----+-----+------------+---------------+--------------+

