#-----------------------------------------------------------
# Vivado v2022.1 (64-bit)
# SW Build 3526262 on Mon Apr 18 15:47:01 MDT 2022
# IP Build 3524634 on Mon Apr 18 20:55:01 MDT 2022
# Start of session at: Tue Feb 27 15:15:22 2024
# Process ID: 7527
# Current directory: /home/edabk/Downloads/son/LSI_CONTEST_CNN_EDABK/CNN_decode/decode/decode_11/solution1/impl/ip
# Command line: vivado -notrace -mode batch -source run_ippack.tcl
# Log file: /home/edabk/Downloads/son/LSI_CONTEST_CNN_EDABK/CNN_decode/decode/decode_11/solution1/impl/ip/vivado.log
# Journal file: /home/edabk/Downloads/son/LSI_CONTEST_CNN_EDABK/CNN_decode/decode/decode_11/solution1/impl/ip/vivado.jou
# Running On: edabk-HP-280-Pro-G8-Microtower-PC, OS: Linux, CPU Frequency: 2900.000 MHz, CPU Physical cores: 8, Host memory: 16495 MB
#-----------------------------------------------------------
source run_ippack.tcl -notrace
INFO: [IP_Flow 19-234] Refreshing IP repositories
INFO: [IP_Flow 19-1704] No user IP repositories specified
INFO: [IP_Flow 19-2313] Loaded Vivado IP repository '/tools/Xilinx/Vivado/2022.1/data/ip'.
WARNING: [IP_Flow 19-4832] The IP name 'decode_dadd_64ns_64ns_64_5_fufYi_ip' you have specified is long. The Windows operating system has path length limitations. It is recommended you use shorter names to reduce the likelihood of issues.
INFO: [IP_Flow 19-1686] Generating 'Synthesis' target for IP 'decode_dadd_64ns_64ns_64_5_fufYi_ip'...
INFO: [IP_Flow 19-1686] Generating 'Simulation' target for IP 'decode_dadd_64ns_64ns_64_5_fufYi_ip'...
WARNING: [IP_Flow 19-4832] The IP name 'decode_ddiv_64ns_64ns_64_22_ng8j_ip' you have specified is long. The Windows operating system has path length limitations. It is recommended you use shorter names to reduce the likelihood of issues.
INFO: [IP_Flow 19-1686] Generating 'Synthesis' target for IP 'decode_ddiv_64ns_64ns_64_22_ng8j_ip'...
INFO: [IP_Flow 19-1686] Generating 'Simulation' target for IP 'decode_ddiv_64ns_64ns_64_22_ng8j_ip'...
WARNING: [IP_Flow 19-4832] The IP name 'decode_fexp_32ns_32ns_32_8_fueOg_ip' you have specified is long. The Windows operating system has path length limitations. It is recommended you use shorter names to reduce the likelihood of issues.
INFO: [IP_Flow 19-1686] Generating 'Synthesis' target for IP 'decode_fexp_32ns_32ns_32_8_fueOg_ip'...
INFO: [IP_Flow 19-1686] Generating 'Simulation' target for IP 'decode_fexp_32ns_32ns_32_8_fueOg_ip'...
WARNING: [IP_Flow 19-4832] The IP name 'decode_fpext_32ns_64_2_no_dsp_1_ip' you have specified is long. The Windows operating system has path length limitations. It is recommended you use shorter names to reduce the likelihood of issues.
INFO: [IP_Flow 19-1686] Generating 'Synthesis' target for IP 'decode_fpext_32ns_64_2_no_dsp_1_ip'...
INFO: [IP_Flow 19-1686] Generating 'Simulation' target for IP 'decode_fpext_32ns_64_2_no_dsp_1_ip'...
INFO: [IP_Flow 19-234] Refreshing IP repositories
INFO: [IP_Flow 19-1704] No user IP repositories specified
INFO: [IP_Flow 19-2313] Loaded Vivado IP repository '/tools/Xilinx/Vivado/2022.1/data/ip'.
INFO: [Common 17-206] Exiting Vivado at Tue Feb 27 15:15:34 2024...
