2.56673e-05	7.25593e-06	1.08965e-07	2.51457e-08	8.3819e-09	6.51926e-09	9.31323e-10	9.31323e-10	9.31323e-10	0	0	0	0	9.31323e-10	0	0	0	5.58794e-09	2.79397e-09	1.86265e-09	3.44589e-08	1.10827e-07	4.32134e-07	2.40281e-07	3.76254e-07	1.24518e-06	8.60542e-07	3.57162e-06	 
7.63685e-08	1.49012e-08	0	0	0	0	0	0	0	0	0	0	0	0	0	0	0	0	0	0	0	0	0	0	0	0	0	7.83242e-07	 
6.0536e-08	6.23986e-08	6.51926e-09	0	0	0	0	0	0	0	0	0	0	0	0	0	0	0	0	0	0	0	0	0	9.31323e-10	3.72529e-09	6.51926e-09	5.20796e-06	 
7.72998e-08	8.75443e-08	7.35745e-08	1.30385e-08	8.3819e-09	1.86265e-09	9.31323e-10	9.31323e-10	9.31323e-10	0	0	0	0	0	0	0	0	0	0	0	0	0	0	0	0	2.79397e-09	1.49012e-08	2.04146e-06	 
6.51926e-08	1.10641e-06	2.95136e-06	3.5651e-06	7.22706e-06	6.48107e-06	6.56489e-06	3.81283e-06	1.43703e-06	1.35973e-07	4.74975e-08	1.58325e-08	7.45058e-09	1.21072e-08	5.58794e-09	9.31323e-10	0	0	0	2.79397e-09	3.72529e-09	7.45058e-09	5.58794e-09	2.79397e-09	2.79397e-09	2.79397e-08	8.19564e-08	2.52388e-06	 
3.60422e-07	6.98771e-06	2.02972e-05	5.15999e-05	0.000428335	0.00260621	0.00411865	0.00368026	0.0016814	0.000320151	0.00013253	6.35749e-05	7.05943e-05	2.80263e-05	7.98143e-06	9.22941e-07	5.15953e-07	5.17815e-07	4.44241e-07	6.10016e-07	4.82425e-07	9.1549e-07	3.69735e-07	8.47504e-08	4.56348e-08	1.07102e-07	8.10251e-08	2.63657e-06	 
6.14673e-08	8.50298e-07	4.07919e-06	2.69869e-05	0.000854868	0.0231272	0.0800241	0.154245	0.0981301	0.0212992	0.00899098	0.00448354	0.00422767	0.00183316	0.00117996	0.000258274	0.000154124	0.000165002	0.000186614	0.000215996	0.000113781	0.000190567	4.21843e-05	1.55251e-06	3.92087e-07	4.83356e-07	1.94646e-07	3.55765e-06	 
8.6613e-08	1.26194e-06	2.48943e-06	1.63978e-05	0.000846657	0.052266	0.451617	0.80742	0.804476	0.546033	0.362893	0.195401	0.181288	0.15011	0.175767	0.128562	0.0687783	0.0381429	0.0617457	0.0714933	0.0206494	0.00904376	0.000243751	2.8694e-06	1.45938e-06	6.6217e-07	1.08965e-07	2.18861e-06	 
1.4659e-06	2.61702e-05	1.23428e-05	2.31788e-05	0.000673553	0.0482253	0.577074	0.912559	0.947124	0.884085	0.798298	0.725792	0.741183	0.78853	0.801667	0.787249	0.675356	0.549348	0.660781	0.75752	0.445289	0.0462138	0.000370772	5.68572e-06	7.10227e-06	1.4361e-06	1.95578e-07	2.51085e-06	 
3.44031e-06	1.6056e-05	6.0834e-06	1.73543e-05	0.000322301	0.0167588	0.213181	0.671281	0.813668	0.621339	0.512527	0.540994	0.582725	0.650525	0.677373	0.575951	0.464981	0.475874	0.718636	0.925262	0.877372	0.304835	0.00280248	2.46093e-05	1.47959e-05	7.56234e-07	7.72998e-08	7.71135e-07	 
1.16229e-06	3.88641e-06	2.06288e-06	7.00448e-06	5.96829e-05	0.00110199	0.0106348	0.0618807	0.129468	0.0747635	0.0890778	0.12307	0.138683	0.144824	0.162257	0.119657	0.131363	0.266794	0.612446	0.941318	0.929541	0.447404	0.00455835	4.18853e-05	1.69501e-05	7.73929e-07	9.22009e-08	8.8755e-07	 
1.44262e-06	3.03239e-06	3.53344e-06	1.22404e-05	2.81511e-05	0.000176392	0.000522621	0.00175486	0.00312368	0.0024413	0.00499785	0.0140587	0.0192378	0.0251388	0.0301644	0.020892	0.0395089	0.131448	0.575153	0.950561	0.878928	0.200952	0.00242521	3.65805e-05	2.06456e-05	5.16884e-07	7.91624e-08	1.3262e-06	 
3.42261e-06	5.05149e-06	1.013e-05	1.0075e-05	6.44196e-06	1.21482e-05	1.09589e-05	3.01609e-05	6.53025e-05	0.000179254	0.000694497	0.00288802	0.00444383	0.00617585	0.00872951	0.012073	0.045667	0.242082	0.804095	0.938393	0.517992	0.0171202	0.000223739	1.11619e-05	1.33151e-05	2.1141e-07	4.74975e-08	1.00397e-06	 
4.08385e-06	3.80166e-06	4.94067e-06	1.3439e-06	7.62753e-07	4.08851e-07	3.00817e-07	1.03936e-06	3.65265e-06	2.38335e-05	0.000116168	0.000805558	0.00189266	0.00375824	0.00816964	0.0184782	0.0953891	0.601757	0.913501	0.793631	0.0722362	0.00056874	1.90092e-05	2.81539e-06	3.66475e-06	1.67638e-07	3.63216e-08	4.10713e-07	 
4.22075e-06	1.27312e-06	3.29688e-07	4.19095e-08	1.67638e-08	7.45058e-09	9.31323e-09	3.63216e-08	1.42492e-07	1.16881e-06	1.40853e-05	0.000194261	0.00118562	0.00657628	0.0239489	0.0986424	0.476707	0.888336	0.900561	0.323244	0.00580311	6.01048e-05	3.51202e-06	1.37277e-06	3.72063e-06	2.98023e-07	5.86733e-08	4.57279e-07	 
8.48901e-06	9.78354e-06	3.54368e-06	4.56348e-07	9.68575e-08	1.95578e-08	8.3819e-09	4.65661e-09	1.11759e-08	1.95578e-07	4.57373e-06	5.03128e-05	0.000216537	0.00156805	0.0265795	0.464576	0.928892	0.964447	0.74092	0.0281433	0.000787293	1.01915e-05	1.57673e-06	3.35369e-06	1.13202e-05	1.02539e-06	1.30385e-07	1.95578e-06	 
1.92029e-05	8.23382e-06	1.66055e-06	8.3819e-08	8.3819e-09	9.31323e-10	0	0	9.31323e-10	5.12227e-08	1.2666e-06	7.69738e-06	2.84826e-05	0.000456788	0.0494275	0.774767	0.957348	0.880263	0.148499	0.00249916	0.000247071	4.6771e-06	2.33389e-06	3.20002e-06	5.50225e-06	1.2489e-06	1.36904e-07	3.78955e-06	 
9.05804e-06	1.41282e-06	9.12696e-08	9.31323e-10	0	0	0	0	0	3.35276e-08	1.11759e-06	4.98164e-06	3.20636e-05	0.00261399	0.239463	0.940601	0.974923	0.599987	0.018415	0.000405362	5.77653e-05	1.35228e-06	9.40636e-07	1.13156e-06	3.06033e-06	3.49712e-06	6.67758e-07	1.8239e-05	 
4.44055e-06	3.65078e-07	2.04891e-08	0	0	0	0	0	0	4.56348e-08	2.35531e-06	2.47881e-05	0.000553125	0.0625513	0.76873	0.978124	0.934325	0.0938898	0.00121215	4.39007e-05	1.83042e-05	1.6503e-06	4.56441e-06	1.00983e-05	1.92039e-05	1.6883e-05	5.52926e-06	7.66926e-05	 
6.50529e-06	1.20141e-06	8.9407e-08	4.65661e-09	2.79397e-09	1.86265e-09	9.31323e-10	1.86265e-09	1.86265e-09	5.21541e-08	2.36556e-06	5.87432e-05	0.00462136	0.384037	0.963512	0.962457	0.426445	0.00239425	8.11033e-05	2.78689e-05	2.97436e-05	5.07571e-06	3.49786e-05	3.41572e-05	1.44737e-05	9.22941e-06	2.32272e-06	5.26281e-05	 
1.07847e-05	1.8999e-06	4.37722e-08	5.58794e-09	2.6077e-08	8.10251e-08	6.0536e-08	3.35276e-08	2.14204e-08	2.15136e-07	1.71531e-05	0.000695655	0.0744733	0.847997	0.976506	0.722616	0.0243621	0.000125993	1.46069e-05	1.23847e-05	1.34772e-05	1.80304e-06	1.24238e-05	1.41189e-05	9.54606e-06	1.08844e-05	2.48477e-06	8.78805e-05	 
2.25063e-05	3.84543e-06	5.02914e-08	6.51926e-09	1.02445e-07	7.76723e-07	7.92556e-07	2.70084e-07	2.58908e-07	4.58024e-06	0.000308364	0.0103105	0.509826	0.974056	0.963409	0.204515	0.00150132	1.11898e-05	3.29688e-06	2.33669e-06	1.58884e-06	4.20026e-07	2.31992e-06	2.38325e-06	4.5849e-06	4.4005e-06	1.47987e-06	5.2264e-05	 
1.80062e-05	3.36953e-06	4.74975e-08	4.65661e-09	1.37836e-07	1.98465e-06	1.68011e-06	7.42264e-07	2.16998e-06	6.2868e-05	0.00303798	0.0797182	0.862017	0.977183	0.808461	0.0117772	5.02141e-05	6.31437e-07	4.94532e-07	3.29688e-07	1.71363e-07	7.35745e-08	3.0268e-07	4.34928e-07	1.49943e-06	2.17464e-06	8.47504e-07	3.31076e-05	 
2.20835e-05	3.85195e-06	4.93601e-08	2.79397e-09	2.6077e-08	1.4063e-07	1.2666e-07	2.05822e-07	1.56835e-06	6.93286e-05	0.00764591	0.431861	0.97467	0.94404	0.20621	0.00107414	1.34017e-05	3.27826e-07	2.03028e-07	1.89058e-07	2.37487e-07	1.63913e-07	7.58097e-07	1.16602e-06	4.04194e-06	3.95533e-06	1.10641e-06	6.17215e-05	 
1.14199e-05	3.90504e-06	4.19095e-08	1.86265e-09	3.63216e-08	8.19564e-08	8.56817e-08	1.47149e-07	1.22935e-06	0.000107421	0.0304286	0.774871	0.985607	0.889664	0.0728935	0.000545573	1.08583e-05	1.53668e-07	5.96046e-08	5.21541e-08	6.14673e-08	1.49943e-07	9.24803e-07	1.61026e-06	4.1835e-06	4.01959e-06	1.53482e-06	0.000173285	 
3.41842e-05	1.80267e-05	1.47149e-07	1.86265e-09	1.68569e-07	8.39122e-07	4.69387e-07	5.4948e-07	3.95533e-06	0.000749733	0.152449	0.944181	0.987396	0.711269	0.0393448	0.000320519	8.03079e-06	6.23986e-08	8.3819e-09	1.30385e-08	5.21541e-08	5.4203e-07	5.09061e-06	5.51343e-06	7.26338e-06	2.06567e-06	1.21538e-06	0.000165361	 
3.79141e-05	1.32071e-05	1.55531e-07	4.65661e-09	1.13156e-06	1.8537e-05	6.16163e-06	6.19236e-06	2.75206e-05	0.00212343	0.241052	0.911223	0.940211	0.261166	0.0124443	0.000379016	2.71853e-05	1.78814e-07	7.45058e-09	1.30385e-08	6.23986e-08	9.09902e-07	9.82452e-06	6.60866e-06	3.51295e-06	4.24683e-07	1.68569e-07	2.24365e-05	 
1.14553e-05	1.23587e-06	2.04891e-08	1.30385e-08	4.42658e-06	1.15139e-05	1.07586e-05	3.03239e-05	0.00011572	0.00521863	0.0851168	0.333569	0.27679	0.0426522	0.00650523	0.0005831	0.000115279	1.13994e-06	1.06171e-07	6.42613e-08	9.77889e-08	1.0645e-06	5.02262e-06	3.77372e-06	1.58418e-06	1.69501e-07	9.59262e-08	7.28853e-06	 
WARNING [HLS SIM]: hls::stream 'src_img' contains leftover data, which may result in RTL simulation hanging.
INFO [HLS SIM]: The maximum depth reached by any hls::stream() instance in the design is 12544
