C:\Users\ADMIN\GithubClonedRepo\decode\LSI_decoder\solution1\.autopilot\db\decode.pp.0.cpp:1699:7: warning: Added loop label VITIS_LOOP_1213_1:   [xilinx-label-all-loops]
      for (i = 0; i < __N - 1; ++i) {
      ^~~
      VITIS_LOOP_1213_1: 
C:\Users\ADMIN\GithubClonedRepo\decode\LSI_decoder\solution1\.autopilot\db\decode.pp.0.cpp:1699:7: note: FIX-IT applied suggested code changes
C:\Users\ADMIN\GithubClonedRepo\decode\LSI_decoder\solution1\.autopilot\db\decode.pp.0.cpp:2673:5: warning: Added loop label VITIS_LOOP_676_1:   [xilinx-label-all-loops]
    for (unsigned i = low; i != high; ++i) {
    ^~~
    VITIS_LOOP_676_1: 
C:\Users\ADMIN\GithubClonedRepo\decode\LSI_decoder\solution1\.autopilot\db\decode.pp.0.cpp:2673:5: note: FIX-IT applied suggested code changes
C:\Users\ADMIN\GithubClonedRepo\decode\LSI_decoder\solution1\.autopilot\db\decode.pp.0.cpp:2687:5: warning: Added loop label VITIS_LOOP_690_1:   [xilinx-label-all-loops]
    for (unsigned i = low; i != high; ++i) {
    ^~~
    VITIS_LOOP_690_1: 
C:\Users\ADMIN\GithubClonedRepo\decode\LSI_decoder\solution1\.autopilot\db\decode.pp.0.cpp:2687:5: note: FIX-IT applied suggested code changes
C:\Users\ADMIN\GithubClonedRepo\decode\LSI_decoder\solution1\.autopilot\db\decode.pp.0.cpp:2701:5: warning: Added loop label VITIS_LOOP_704_1:   [xilinx-label-all-loops]
    for (unsigned i = low; i != high; ++i) {
    ^~~
    VITIS_LOOP_704_1: 
C:\Users\ADMIN\GithubClonedRepo\decode\LSI_decoder\solution1\.autopilot\db\decode.pp.0.cpp:2701:5: note: FIX-IT applied suggested code changes
C:\Users\ADMIN\GithubClonedRepo\decode\LSI_decoder\solution1\.autopilot\db\decode.pp.0.cpp:4300:7: warning: Added loop label VITIS_LOOP_1247_1:   [xilinx-label-all-loops]
      for (i = 0; i < __N - 1; ++i) {
      ^~~
      VITIS_LOOP_1247_1: 
C:\Users\ADMIN\GithubClonedRepo\decode\LSI_decoder\solution1\.autopilot\db\decode.pp.0.cpp:4300:7: note: FIX-IT applied suggested code changes
C:\Users\ADMIN\GithubClonedRepo\decode\LSI_decoder\solution1\.autopilot\db\decode.pp.0.cpp:36835:72: error: Invalid Directive: for current device, ROM_1P + LUTRAM is invalid combination for BIND_STORAGE's option 'type + impl' [clang-diagnostic-error]
#pragma HLS BIND_STORAGE variable=fourth_order_double::sin_cos_K0 type=ROM_1P impl=LUTRAM
                                                                       ^
C:\Users\ADMIN\GithubClonedRepo\decode\LSI_decoder\solution1\.autopilot\db\decode.pp.0.cpp:36836:72: error: Invalid Directive: for current device, ROM_1P + LUTRAM is invalid combination for BIND_STORAGE's option 'type + impl' [clang-diagnostic-error]
#pragma HLS BIND_STORAGE variable=fourth_order_double::sin_cos_K1 type=ROM_1P impl=LUTRAM
                                                                       ^
C:\Users\ADMIN\GithubClonedRepo\decode\LSI_decoder\solution1\.autopilot\db\decode.pp.0.cpp:36837:72: error: Invalid Directive: for current device, ROM_1P + LUTRAM is invalid combination for BIND_STORAGE's option 'type + impl' [clang-diagnostic-error]
#pragma HLS BIND_STORAGE variable=fourth_order_double::sin_cos_K2 type=ROM_1P impl=LUTRAM
                                                                       ^
C:\Users\ADMIN\GithubClonedRepo\decode\LSI_decoder\solution1\.autopilot\db\decode.pp.0.cpp:36838:72: error: Invalid Directive: for current device, ROM_1P + LUTRAM is invalid combination for BIND_STORAGE's option 'type + impl' [clang-diagnostic-error]
#pragma HLS BIND_STORAGE variable=fourth_order_double::sin_cos_K3 type=ROM_1P impl=LUTRAM
                                                                       ^
C:\Users\ADMIN\GithubClonedRepo\decode\LSI_decoder\solution1\.autopilot\db\decode.pp.0.cpp:36839:72: error: Invalid Directive: for current device, ROM_1P + LUTRAM is invalid combination for BIND_STORAGE's option 'type + impl' [clang-diagnostic-error]
#pragma HLS BIND_STORAGE variable=fourth_order_double::sin_cos_K4 type=ROM_1P impl=LUTRAM
                                                                       ^
C:\Users\ADMIN\GithubClonedRepo\decode\LSI_decoder\solution1\.autopilot\db\decode.pp.0.cpp:36869:68: error: Invalid Directive: for current device, ROM_1P + LUTRAM is invalid combination for BIND_STORAGE's option 'type + impl' [clang-diagnostic-error]
#pragma HLS BIND_STORAGE variable=fourth_order_double::cos_K0 type=ROM_1P impl=LUTRAM
                                                                   ^
C:\Users\ADMIN\GithubClonedRepo\decode\LSI_decoder\solution1\.autopilot\db\decode.pp.0.cpp:36870:68: error: Invalid Directive: for current device, ROM_1P + LUTRAM is invalid combination for BIND_STORAGE's option 'type + impl' [clang-diagnostic-error]
#pragma HLS BIND_STORAGE variable=fourth_order_double::cos_K1 type=ROM_1P impl=LUTRAM
                                                                   ^
C:\Users\ADMIN\GithubClonedRepo\decode\LSI_decoder\solution1\.autopilot\db\decode.pp.0.cpp:36871:68: error: Invalid Directive: for current device, ROM_1P + LUTRAM is invalid combination for BIND_STORAGE's option 'type + impl' [clang-diagnostic-error]
#pragma HLS BIND_STORAGE variable=fourth_order_double::cos_K2 type=ROM_1P impl=LUTRAM
                                                                   ^
C:\Users\ADMIN\GithubClonedRepo\decode\LSI_decoder\solution1\.autopilot\db\decode.pp.0.cpp:36872:68: error: Invalid Directive: for current device, ROM_1P + LUTRAM is invalid combination for BIND_STORAGE's option 'type + impl' [clang-diagnostic-error]
#pragma HLS BIND_STORAGE variable=fourth_order_double::cos_K3 type=ROM_1P impl=LUTRAM
                                                                   ^
C:\Users\ADMIN\GithubClonedRepo\decode\LSI_decoder\solution1\.autopilot\db\decode.pp.0.cpp:36873:68: error: Invalid Directive: for current device, ROM_1P + LUTRAM is invalid combination for BIND_STORAGE's option 'type + impl' [clang-diagnostic-error]
#pragma HLS BIND_STORAGE variable=fourth_order_double::cos_K4 type=ROM_1P impl=LUTRAM
                                                                   ^
C:\Users\ADMIN\GithubClonedRepo\decode\LSI_decoder\solution1\.autopilot\db\decode.pp.0.cpp:36874:68: error: Invalid Directive: for current device, ROM_1P + LUTRAM is invalid combination for BIND_STORAGE's option 'type + impl' [clang-diagnostic-error]
#pragma HLS BIND_STORAGE variable=fourth_order_double::sin_K0 type=ROM_1P impl=LUTRAM
                                                                   ^
C:\Users\ADMIN\GithubClonedRepo\decode\LSI_decoder\solution1\.autopilot\db\decode.pp.0.cpp:36875:68: error: Invalid Directive: for current device, ROM_1P + LUTRAM is invalid combination for BIND_STORAGE's option 'type + impl' [clang-diagnostic-error]
#pragma HLS BIND_STORAGE variable=fourth_order_double::sin_K1 type=ROM_1P impl=LUTRAM
                                                                   ^
C:\Users\ADMIN\GithubClonedRepo\decode\LSI_decoder\solution1\.autopilot\db\decode.pp.0.cpp:36876:68: error: Invalid Directive: for current device, ROM_1P + LUTRAM is invalid combination for BIND_STORAGE's option 'type + impl' [clang-diagnostic-error]
#pragma HLS BIND_STORAGE variable=fourth_order_double::sin_K2 type=ROM_1P impl=LUTRAM
                                                                   ^
C:\Users\ADMIN\GithubClonedRepo\decode\LSI_decoder\solution1\.autopilot\db\decode.pp.0.cpp:36877:68: error: Invalid Directive: for current device, ROM_1P + LUTRAM is invalid combination for BIND_STORAGE's option 'type + impl' [clang-diagnostic-error]
#pragma HLS BIND_STORAGE variable=fourth_order_double::sin_K3 type=ROM_1P impl=LUTRAM
                                                                   ^
C:\Users\ADMIN\GithubClonedRepo\decode\LSI_decoder\solution1\.autopilot\db\decode.pp.0.cpp:36878:68: error: Invalid Directive: for current device, ROM_1P + LUTRAM is invalid combination for BIND_STORAGE's option 'type + impl' [clang-diagnostic-error]
#pragma HLS BIND_STORAGE variable=fourth_order_double::sin_K4 type=ROM_1P impl=LUTRAM
                                                                   ^
C:\Users\ADMIN\GithubClonedRepo\decode\LSI_decoder\solution1\.autopilot\db\decode.pp.0.cpp:36928:71: error: Invalid Directive: for current device, ROM_1P + LUTRAM is invalid combination for BIND_STORAGE's option 'type + impl' [clang-diagnostic-error]
#pragma HLS BIND_STORAGE variable=second_order_float::sin_cos_K0 type=ROM_1P impl=LUTRAM
                                                                      ^
C:\Users\ADMIN\GithubClonedRepo\decode\LSI_decoder\solution1\.autopilot\db\decode.pp.0.cpp:36929:71: error: Invalid Directive: for current device, ROM_1P + LUTRAM is invalid combination for BIND_STORAGE's option 'type + impl' [clang-diagnostic-error]
#pragma HLS BIND_STORAGE variable=second_order_float::sin_cos_K1 type=ROM_1P impl=LUTRAM
                                                                      ^
C:\Users\ADMIN\GithubClonedRepo\decode\LSI_decoder\solution1\.autopilot\db\decode.pp.0.cpp:36930:71: error: Invalid Directive: for current device, ROM_1P + LUTRAM is invalid combination for BIND_STORAGE's option 'type + impl' [clang-diagnostic-error]
#pragma HLS BIND_STORAGE variable=second_order_float::sin_cos_K2 type=ROM_1P impl=LUTRAM
                                                                      ^
C:\Users\ADMIN\GithubClonedRepo\decode\LSI_decoder\solution1\.autopilot\db\decode.pp.0.cpp:36957:67: error: Invalid Directive: for current device, ROM_1P + LUTRAM is invalid combination for BIND_STORAGE's option 'type + impl' [clang-diagnostic-error]
#pragma HLS BIND_STORAGE variable=second_order_float::cos_K0 type=ROM_1P impl=LUTRAM
                                                                  ^
C:\Users\ADMIN\GithubClonedRepo\decode\LSI_decoder\solution1\.autopilot\db\decode.pp.0.cpp:36958:67: error: Invalid Directive: for current device, ROM_1P + LUTRAM is invalid combination for BIND_STORAGE's option 'type + impl' [clang-diagnostic-error]
#pragma HLS BIND_STORAGE variable=second_order_float::cos_K1 type=ROM_1P impl=LUTRAM
                                                                  ^
C:\Users\ADMIN\GithubClonedRepo\decode\LSI_decoder\solution1\.autopilot\db\decode.pp.0.cpp:36959:67: error: Invalid Directive: for current device, ROM_1P + LUTRAM is invalid combination for BIND_STORAGE's option 'type + impl' [clang-diagnostic-error]
#pragma HLS BIND_STORAGE variable=second_order_float::cos_K2 type=ROM_1P impl=LUTRAM
                                                                  ^
C:\Users\ADMIN\GithubClonedRepo\decode\LSI_decoder\solution1\.autopilot\db\decode.pp.0.cpp:36960:67: error: Invalid Directive: for current device, ROM_1P + LUTRAM is invalid combination for BIND_STORAGE's option 'type + impl' [clang-diagnostic-error]
#pragma HLS BIND_STORAGE variable=second_order_float::sin_K0 type=ROM_1P impl=LUTRAM
                                                                  ^
C:\Users\ADMIN\GithubClonedRepo\decode\LSI_decoder\solution1\.autopilot\db\decode.pp.0.cpp:36961:67: error: Invalid Directive: for current device, ROM_1P + LUTRAM is invalid combination for BIND_STORAGE's option 'type + impl' [clang-diagnostic-error]
#pragma HLS BIND_STORAGE variable=second_order_float::sin_K1 type=ROM_1P impl=LUTRAM
                                                                  ^
C:\Users\ADMIN\GithubClonedRepo\decode\LSI_decoder\solution1\.autopilot\db\decode.pp.0.cpp:36962:67: error: Invalid Directive: for current device, ROM_1P + LUTRAM is invalid combination for BIND_STORAGE's option 'type + impl' [clang-diagnostic-error]
#pragma HLS BIND_STORAGE variable=second_order_float::sin_K2 type=ROM_1P impl=LUTRAM
                                                                  ^
C:\Users\ADMIN\GithubClonedRepo\decode\LSI_decoder\solution1\.autopilot\db\decode.pp.0.cpp:36998:73: error: Invalid Directive: for current device, ROM_1P + LUTRAM is invalid combination for BIND_STORAGE's option 'type + impl' [clang-diagnostic-error]
#pragma HLS BIND_STORAGE variable=first_order_fixed_16::sin_cos_K0 type=ROM_1P impl=LUTRAM
                                                                        ^
C:\Users\ADMIN\GithubClonedRepo\decode\LSI_decoder\solution1\.autopilot\db\decode.pp.0.cpp:36999:73: error: Invalid Directive: for current device, ROM_1P + LUTRAM is invalid combination for BIND_STORAGE's option 'type + impl' [clang-diagnostic-error]
#pragma HLS BIND_STORAGE variable=first_order_fixed_16::sin_cos_K1 type=ROM_1P impl=LUTRAM
                                                                        ^
C:\Users\ADMIN\GithubClonedRepo\decode\LSI_decoder\solution1\.autopilot\db\decode.pp.0.cpp:37273:5: warning: Added loop label VITIS_LOOP_87_1:   [xilinx-label-all-loops]
    for (int n=0; n<Nmax; n++){
    ^~~
    VITIS_LOOP_87_1: 
C:\Users\ADMIN\GithubClonedRepo\decode\LSI_decoder\solution1\.autopilot\db\decode.pp.0.cpp:37273:5: note: FIX-IT applied suggested code changes
C:\Users\ADMIN\GithubClonedRepo\decode\LSI_decoder\solution1\.autopilot\db\decode.pp.0.cpp:37319:5: warning: Added loop label VITIS_LOOP_143_1:   [xilinx-label-all-loops]
    for (int n=0; n<Nmax; n++){
    ^~~
    VITIS_LOOP_143_1: 
C:\Users\ADMIN\GithubClonedRepo\decode\LSI_decoder\solution1\.autopilot\db\decode.pp.0.cpp:37319:5: note: FIX-IT applied suggested code changes
C:\Users\ADMIN\GithubClonedRepo\decode\LSI_decoder\solution1\.autopilot\db\decode.pp.0.cpp:37482:9: warning: Added loop label VITIS_LOOP_315_1:   [xilinx-label-all-loops]
        for(int i=0;i<W-1;i++){
        ^~~
        VITIS_LOOP_315_1: 
C:\Users\ADMIN\GithubClonedRepo\decode\LSI_decoder\solution1\.autopilot\db\decode.pp.0.cpp:37482:9: note: FIX-IT applied suggested code changes
C:\Users\ADMIN\GithubClonedRepo\decode\LSI_decoder\solution1\.autopilot\db\decode.pp.0.cpp:37634:9: warning: Added loop label VITIS_LOOP_475_1:   [xilinx-label-all-loops]
        for(int i=0;i<W-1;i++){
        ^~~
        VITIS_LOOP_475_1: 
C:\Users\ADMIN\GithubClonedRepo\decode\LSI_decoder\solution1\.autopilot\db\decode.pp.0.cpp:37634:9: note: FIX-IT applied suggested code changes
C:\Users\ADMIN\GithubClonedRepo\decode\LSI_decoder\solution1\.autopilot\db\decode.pp.0.cpp:37814:5: warning: Added loop label VITIS_LOOP_655_1:   [xilinx-label-all-loops]
    for(int i=0;i<W+1;i++){
    ^~~
    VITIS_LOOP_655_1: 
C:\Users\ADMIN\GithubClonedRepo\decode\LSI_decoder\solution1\.autopilot\db\decode.pp.0.cpp:37814:5: note: FIX-IT applied suggested code changes
C:\Users\ADMIN\GithubClonedRepo\decode\LSI_decoder\solution1\.autopilot\db\decode.pp.0.cpp:37818:5: warning: Added loop label VITIS_LOOP_659_2:   [xilinx-label-all-loops]
    for(int i=0;i<W+1;i++){
    ^~~
    VITIS_LOOP_659_2: 
C:\Users\ADMIN\GithubClonedRepo\decode\LSI_decoder\solution1\.autopilot\db\decode.pp.0.cpp:37818:5: note: FIX-IT applied suggested code changes
C:\Users\ADMIN\GithubClonedRepo\decode\LSI_decoder\solution1\.autopilot\db\decode.pp.0.cpp:37928:5: warning: Added loop label VITIS_LOOP_769_1:   [xilinx-label-all-loops]
    for (int n=0; n<Nmax; n++){
    ^~~
    VITIS_LOOP_769_1: 
C:\Users\ADMIN\GithubClonedRepo\decode\LSI_decoder\solution1\.autopilot\db\decode.pp.0.cpp:37928:5: note: FIX-IT applied suggested code changes
C:\Users\ADMIN\GithubClonedRepo\decode\LSI_decoder\solution1\.autopilot\db\decode.pp.0.cpp:38018:7: warning: Added loop label VITIS_LOOP_866_1:   [xilinx-label-all-loops]
      for(int i=0;i<W-1;i++){
      ^~~
      VITIS_LOOP_866_1: 
C:\Users\ADMIN\GithubClonedRepo\decode\LSI_decoder\solution1\.autopilot\db\decode.pp.0.cpp:38018:7: note: FIX-IT applied suggested code changes
C:\Users\ADMIN\GithubClonedRepo\decode\LSI_decoder\solution1\.autopilot\db\decode.pp.0.cpp:38037:7: warning: Added loop label VITIS_LOOP_885_2:   [xilinx-label-all-loops]
      for(int i=0;i<W-1;i++){
      ^~~
      VITIS_LOOP_885_2: 
C:\Users\ADMIN\GithubClonedRepo\decode\LSI_decoder\solution1\.autopilot\db\decode.pp.0.cpp:38037:7: note: FIX-IT applied suggested code changes
C:\Users\ADMIN\GithubClonedRepo\decode\LSI_decoder\solution1\.autopilot\db\decode.pp.0.cpp:38327:5: warning: Added loop label VITIS_LOOP_1199_1:   [xilinx-label-all-loops]
    for(int i=0; i<Nmax; i++) {
    ^~~
    VITIS_LOOP_1199_1: 
C:\Users\ADMIN\GithubClonedRepo\decode\LSI_decoder\solution1\.autopilot\db\decode.pp.0.cpp:38327:5: note: FIX-IT applied suggested code changes
C:\Users\ADMIN\GithubClonedRepo\decode\LSI_decoder\solution1\.autopilot\db\decode.pp.0.cpp:38410:5: warning: Added loop label VITIS_LOOP_1282_1:   [xilinx-label-all-loops]
    for(int i=0; i<Nmax; i++) {
    ^~~
    VITIS_LOOP_1282_1: 
C:\Users\ADMIN\GithubClonedRepo\decode\LSI_decoder\solution1\.autopilot\db\decode.pp.0.cpp:38410:5: note: FIX-IT applied suggested code changes
C:\Users\ADMIN\GithubClonedRepo\decode\LSI_decoder\solution1\.autopilot\db\decode.pp.0.cpp:38816:13: warning: Added loop label VITIS_LOOP_94_1:   [xilinx-label-all-loops]
            for (int j = 3; j >= I_+1; j--) {
            ^~~
            VITIS_LOOP_94_1: 
C:\Users\ADMIN\GithubClonedRepo\decode\LSI_decoder\solution1\.autopilot\db\decode.pp.0.cpp:38816:13: note: FIX-IT applied suggested code changes
C:\Users\ADMIN\GithubClonedRepo\decode\LSI_decoder\solution1\.autopilot\db\decode.pp.0.cpp:38822:17: warning: Added loop label VITIS_LOOP_100_2:   [xilinx-label-all-loops]
                for (int j = 3; j >= I_+1; j--){
                ^~~
                VITIS_LOOP_100_2: 
C:\Users\ADMIN\GithubClonedRepo\decode\LSI_decoder\solution1\.autopilot\db\decode.pp.0.cpp:38822:17: note: FIX-IT applied suggested code changes
C:\Users\ADMIN\GithubClonedRepo\decode\LSI_decoder\solution1\.autopilot\db\decode.pp.0.cpp:38826:17: warning: Added loop label VITIS_LOOP_104_3:   [xilinx-label-all-loops]
                for (int j = I_; j >= 0; j--){
                ^~~
                VITIS_LOOP_104_3: 
C:\Users\ADMIN\GithubClonedRepo\decode\LSI_decoder\solution1\.autopilot\db\decode.pp.0.cpp:38826:17: note: FIX-IT applied suggested code changes
C:\Users\ADMIN\GithubClonedRepo\decode\LSI_decoder\solution1\.autopilot\db\decode.pp.0.cpp:38874:13: warning: Added loop label VITIS_LOOP_171_4:   [xilinx-label-all-loops]
            for (int j = 9; j >= I_+4; j--) {
            ^~~
            VITIS_LOOP_171_4: 
C:\Users\ADMIN\GithubClonedRepo\decode\LSI_decoder\solution1\.autopilot\db\decode.pp.0.cpp:38874:13: note: FIX-IT applied suggested code changes
C:\Users\ADMIN\GithubClonedRepo\decode\LSI_decoder\solution1\.autopilot\db\decode.pp.0.cpp:38880:17: warning: Added loop label VITIS_LOOP_177_5:   [xilinx-label-all-loops]
                for (int j = 9; j >= I_+4; j--){
                ^~~
                VITIS_LOOP_177_5: 
C:\Users\ADMIN\GithubClonedRepo\decode\LSI_decoder\solution1\.autopilot\db\decode.pp.0.cpp:38880:17: note: FIX-IT applied suggested code changes
C:\Users\ADMIN\GithubClonedRepo\decode\LSI_decoder\solution1\.autopilot\db\decode.pp.0.cpp:38884:17: warning: Added loop label VITIS_LOOP_181_6:   [xilinx-label-all-loops]
                for (int j = I_+3; j >= 0; j--){
                ^~~
                VITIS_LOOP_181_6: 
C:\Users\ADMIN\GithubClonedRepo\decode\LSI_decoder\solution1\.autopilot\db\decode.pp.0.cpp:38884:17: note: FIX-IT applied suggested code changes
C:\Users\ADMIN\GithubClonedRepo\decode\LSI_decoder\solution1\.autopilot\db\decode.pp.0.cpp:38899:9: warning: Added loop label VITIS_LOOP_196_7:   [xilinx-label-all-loops]
        for (int j = 14; j < 22; j++){
        ^~~
        VITIS_LOOP_196_7: 
C:\Users\ADMIN\GithubClonedRepo\decode\LSI_decoder\solution1\.autopilot\db\decode.pp.0.cpp:38899:9: note: FIX-IT applied suggested code changes
C:\Users\ADMIN\GithubClonedRepo\decode\LSI_decoder\solution1\.autopilot\db\decode.pp.0.cpp:38907:17: warning: Added loop label VITIS_LOOP_204_8:   [xilinx-label-all-loops]
                for (int j = 0; j < 22; j++){
                ^~~
                VITIS_LOOP_204_8: 
C:\Users\ADMIN\GithubClonedRepo\decode\LSI_decoder\solution1\.autopilot\db\decode.pp.0.cpp:38907:17: note: FIX-IT applied suggested code changes
C:\Users\ADMIN\GithubClonedRepo\decode\LSI_decoder\solution1\.autopilot\db\decode.pp.0.cpp:38972:13: warning: Added loop label VITIS_LOOP_269_9:   [xilinx-label-all-loops]
            for (int j = 21; j >= I_+10; j--) {
            ^~~
            VITIS_LOOP_269_9: 
C:\Users\ADMIN\GithubClonedRepo\decode\LSI_decoder\solution1\.autopilot\db\decode.pp.0.cpp:38972:13: note: FIX-IT applied suggested code changes
C:\Users\ADMIN\GithubClonedRepo\decode\LSI_decoder\solution1\.autopilot\db\decode.pp.0.cpp:38978:17: warning: Added loop label VITIS_LOOP_275_10:   [xilinx-label-all-loops]
                for (int j = 21; j >= I_+10; j--) {
                ^~~
                VITIS_LOOP_275_10: 
C:\Users\ADMIN\GithubClonedRepo\decode\LSI_decoder\solution1\.autopilot\db\decode.pp.0.cpp:38978:17: note: FIX-IT applied suggested code changes
C:\Users\ADMIN\GithubClonedRepo\decode\LSI_decoder\solution1\.autopilot\db\decode.pp.0.cpp:38982:17: warning: Added loop label VITIS_LOOP_279_11:   [xilinx-label-all-loops]
                for (int j = I_+9; j >= 0; j--) {
                ^~~
                VITIS_LOOP_279_11: 
C:\Users\ADMIN\GithubClonedRepo\decode\LSI_decoder\solution1\.autopilot\db\decode.pp.0.cpp:38982:17: note: FIX-IT applied suggested code changes
C:\Users\ADMIN\GithubClonedRepo\decode\LSI_decoder\solution1\.autopilot\db\decode.pp.0.cpp:38997:9: warning: Added loop label VITIS_LOOP_294_12:   [xilinx-label-all-loops]
        for (int j = 27; j < 46; j++){
        ^~~
        VITIS_LOOP_294_12: 
C:\Users\ADMIN\GithubClonedRepo\decode\LSI_decoder\solution1\.autopilot\db\decode.pp.0.cpp:38997:9: note: FIX-IT applied suggested code changes
C:\Users\ADMIN\GithubClonedRepo\decode\LSI_decoder\solution1\.autopilot\db\decode.pp.0.cpp:39005:17: warning: Added loop label VITIS_LOOP_302_13:   [xilinx-label-all-loops]
                for (int j = 0; j < 46; j++) {
                ^~~
                VITIS_LOOP_302_13: 
C:\Users\ADMIN\GithubClonedRepo\decode\LSI_decoder\solution1\.autopilot\db\decode.pp.0.cpp:39005:17: note: FIX-IT applied suggested code changes
C:\Users\ADMIN\GithubClonedRepo\decode\LSI_decoder\solution1\.autopilot\db\decode.pp.0.cpp:39234:13: warning: Added loop label VITIS_LOOP_531_14:   [xilinx-label-all-loops]
            for (int j = 45; j >= I_+22; j--) {
            ^~~
            VITIS_LOOP_531_14: 
C:\Users\ADMIN\GithubClonedRepo\decode\LSI_decoder\solution1\.autopilot\db\decode.pp.0.cpp:39234:13: note: FIX-IT applied suggested code changes
C:\Users\ADMIN\GithubClonedRepo\decode\LSI_decoder\solution1\.autopilot\db\decode.pp.0.cpp:39240:17: warning: Added loop label VITIS_LOOP_537_15:   [xilinx-label-all-loops]
                for (int j = 45; j >= I_+22; j--){
                ^~~
                VITIS_LOOP_537_15: 
C:\Users\ADMIN\GithubClonedRepo\decode\LSI_decoder\solution1\.autopilot\db\decode.pp.0.cpp:39240:17: note: FIX-IT applied suggested code changes
C:\Users\ADMIN\GithubClonedRepo\decode\LSI_decoder\solution1\.autopilot\db\decode.pp.0.cpp:39244:17: warning: Added loop label VITIS_LOOP_541_16:   [xilinx-label-all-loops]
                for (int j = I_+21; j >= 0; j--) {
                ^~~
                VITIS_LOOP_541_16: 
C:\Users\ADMIN\GithubClonedRepo\decode\LSI_decoder\solution1\.autopilot\db\decode.pp.0.cpp:39244:17: note: FIX-IT applied suggested code changes
C:\Users\ADMIN\GithubClonedRepo\decode\LSI_decoder\solution1\.autopilot\db\decode.pp.0.cpp:39254:9: warning: Added loop label VITIS_LOOP_551_17:   [xilinx-label-all-loops]
        for (int j = 32-F_; j < 32+I_; j++){
        ^~~
        VITIS_LOOP_551_17: 
C:\Users\ADMIN\GithubClonedRepo\decode\LSI_decoder\solution1\.autopilot\db\decode.pp.0.cpp:39254:9: note: FIX-IT applied suggested code changes
C:\Users\ADMIN\GithubClonedRepo\decode\LSI_decoder\solution1\.autopilot\db\decode.pp.0.cpp:39258:9: warning: Added loop label VITIS_LOOP_555_18:   [xilinx-label-all-loops]
        for (int j = 32+I_; j <= 64; j++){
        ^~~
        VITIS_LOOP_555_18: 
C:\Users\ADMIN\GithubClonedRepo\decode\LSI_decoder\solution1\.autopilot\db\decode.pp.0.cpp:39258:9: note: FIX-IT applied suggested code changes
C:\Users\ADMIN\GithubClonedRepo\decode\LSI_decoder\solution1\.autopilot\db\decode.pp.0.cpp:39268:9: warning: Added loop label VITIS_LOOP_565_19:   [xilinx-label-all-loops]
        for (int j = 37; j < 64; j++) {
        ^~~
        VITIS_LOOP_565_19: 
C:\Users\ADMIN\GithubClonedRepo\decode\LSI_decoder\solution1\.autopilot\db\decode.pp.0.cpp:39268:9: note: FIX-IT applied suggested code changes
C:\Users\ADMIN\GithubClonedRepo\decode\LSI_decoder\solution1\.autopilot\db\decode.pp.0.cpp:39276:17: warning: Added loop label VITIS_LOOP_573_20:   [xilinx-label-all-loops]
                for (int j = 0; j < 64; j++){
                ^~~
                VITIS_LOOP_573_20: 
C:\Users\ADMIN\GithubClonedRepo\decode\LSI_decoder\solution1\.autopilot\db\decode.pp.0.cpp:39276:17: note: FIX-IT applied suggested code changes
C:\Users\ADMIN\GithubClonedRepo\decode\LSI_decoder\solution1\.autopilot\db\decode.pp.0.cpp:39637:13: warning: Added loop label VITIS_LOOP_934_21:   [xilinx-label-all-loops]
            for (int j = 63; j >= I_+31; j--) {
            ^~~
            VITIS_LOOP_934_21: 
C:\Users\ADMIN\GithubClonedRepo\decode\LSI_decoder\solution1\.autopilot\db\decode.pp.0.cpp:39637:13: note: FIX-IT applied suggested code changes
C:\Users\ADMIN\GithubClonedRepo\decode\LSI_decoder\solution1\.autopilot\db\decode.pp.0.cpp:39643:17: warning: Added loop label VITIS_LOOP_940_22:   [xilinx-label-all-loops]
                for (int j = 63; j >= I_+31; j--) {
                ^~~
                VITIS_LOOP_940_22: 
C:\Users\ADMIN\GithubClonedRepo\decode\LSI_decoder\solution1\.autopilot\db\decode.pp.0.cpp:39643:17: note: FIX-IT applied suggested code changes
C:\Users\ADMIN\GithubClonedRepo\decode\LSI_decoder\solution1\.autopilot\db\decode.pp.0.cpp:39647:17: warning: Added loop label VITIS_LOOP_944_23:   [xilinx-label-all-loops]
                for (int j = I_+30; j >= 0; j--) {
                ^~~
                VITIS_LOOP_944_23: 
C:\Users\ADMIN\GithubClonedRepo\decode\LSI_decoder\solution1\.autopilot\db\decode.pp.0.cpp:39647:17: note: FIX-IT applied suggested code changes
C:\Users\ADMIN\GithubClonedRepo\decode\LSI_decoder\solution1\.autopilot\db\decode.pp.0.cpp:39763:13: warning: Added loop label VITIS_LOOP_1060_1:   [xilinx-label-all-loops]
            for (int j = 4; j >= I_+1; j--) {
            ^~~
            VITIS_LOOP_1060_1: 
C:\Users\ADMIN\GithubClonedRepo\decode\LSI_decoder\solution1\.autopilot\db\decode.pp.0.cpp:39763:13: note: FIX-IT applied suggested code changes
C:\Users\ADMIN\GithubClonedRepo\decode\LSI_decoder\solution1\.autopilot\db\decode.pp.0.cpp:39769:17: warning: Added loop label VITIS_LOOP_1066_2:   [xilinx-label-all-loops]
                for (int j = 4; j >= I_+1; j--) {
                ^~~
                VITIS_LOOP_1066_2: 
C:\Users\ADMIN\GithubClonedRepo\decode\LSI_decoder\solution1\.autopilot\db\decode.pp.0.cpp:39769:17: note: FIX-IT applied suggested code changes
C:\Users\ADMIN\GithubClonedRepo\decode\LSI_decoder\solution1\.autopilot\db\decode.pp.0.cpp:39773:17: warning: Added loop label VITIS_LOOP_1070_3:   [xilinx-label-all-loops]
                for (int j = I_; j >= 0; j--) {
                ^~~
                VITIS_LOOP_1070_3: 
C:\Users\ADMIN\GithubClonedRepo\decode\LSI_decoder\solution1\.autopilot\db\decode.pp.0.cpp:39773:17: note: FIX-IT applied suggested code changes
C:\Users\ADMIN\GithubClonedRepo\decode\LSI_decoder\solution1\.autopilot\db\decode.pp.0.cpp:39860:13: warning: Added loop label VITIS_LOOP_1157_4:   [xilinx-label-all-loops]
            for (int j = 10; j >= I_+4; j--) {
            ^~~
            VITIS_LOOP_1157_4: 
C:\Users\ADMIN\GithubClonedRepo\decode\LSI_decoder\solution1\.autopilot\db\decode.pp.0.cpp:39860:13: note: FIX-IT applied suggested code changes
C:\Users\ADMIN\GithubClonedRepo\decode\LSI_decoder\solution1\.autopilot\db\decode.pp.0.cpp:39866:17: warning: Added loop label VITIS_LOOP_1163_5:   [xilinx-label-all-loops]
                for (int j = 10; j >= I_+4; j--) {
                ^~~
                VITIS_LOOP_1163_5: 
C:\Users\ADMIN\GithubClonedRepo\decode\LSI_decoder\solution1\.autopilot\db\decode.pp.0.cpp:39866:17: note: FIX-IT applied suggested code changes
C:\Users\ADMIN\GithubClonedRepo\decode\LSI_decoder\solution1\.autopilot\db\decode.pp.0.cpp:39870:17: warning: Added loop label VITIS_LOOP_1167_6:   [xilinx-label-all-loops]
                for (int j = I_+3; j >= 0; j--) {
                ^~~
                VITIS_LOOP_1167_6: 
C:\Users\ADMIN\GithubClonedRepo\decode\LSI_decoder\solution1\.autopilot\db\decode.pp.0.cpp:39870:17: note: FIX-IT applied suggested code changes
C:\Users\ADMIN\GithubClonedRepo\decode\LSI_decoder\solution1\.autopilot\db\decode.pp.0.cpp:39889:9: warning: Added loop label VITIS_LOOP_1186_7:   [xilinx-label-all-loops]
        for (int j = wf+3; j < w-1; j++) {
        ^~~
        VITIS_LOOP_1186_7: 
C:\Users\ADMIN\GithubClonedRepo\decode\LSI_decoder\solution1\.autopilot\db\decode.pp.0.cpp:39889:9: note: FIX-IT applied suggested code changes
C:\Users\ADMIN\GithubClonedRepo\decode\LSI_decoder\solution1\.autopilot\db\decode.pp.0.cpp:39896:17: warning: Added loop label VITIS_LOOP_1193_8:   [xilinx-label-all-loops]
                for (int j = 0; j < 22; j++) {
                ^~~
                VITIS_LOOP_1193_8: 
C:\Users\ADMIN\GithubClonedRepo\decode\LSI_decoder\solution1\.autopilot\db\decode.pp.0.cpp:39896:17: note: FIX-IT applied suggested code changes
C:\Users\ADMIN\GithubClonedRepo\decode\LSI_decoder\solution1\.autopilot\db\decode.pp.0.cpp:40012:13: warning: Added loop label VITIS_LOOP_1309_9:   [xilinx-label-all-loops]
            for (int j = 22; j >= I_+10; j--) {
            ^~~
            VITIS_LOOP_1309_9: 
C:\Users\ADMIN\GithubClonedRepo\decode\LSI_decoder\solution1\.autopilot\db\decode.pp.0.cpp:40012:13: note: FIX-IT applied suggested code changes
C:\Users\ADMIN\GithubClonedRepo\decode\LSI_decoder\solution1\.autopilot\db\decode.pp.0.cpp:40018:17: warning: Added loop label VITIS_LOOP_1315_10:   [xilinx-label-all-loops]
                for (int j = 22; j >= I_+10; j--){
                ^~~
                VITIS_LOOP_1315_10: 
C:\Users\ADMIN\GithubClonedRepo\decode\LSI_decoder\solution1\.autopilot\db\decode.pp.0.cpp:40018:17: note: FIX-IT applied suggested code changes
C:\Users\ADMIN\GithubClonedRepo\decode\LSI_decoder\solution1\.autopilot\db\decode.pp.0.cpp:40022:17: warning: Added loop label VITIS_LOOP_1319_11:   [xilinx-label-all-loops]
                for (int j = I_+9; j >= 0; j--) {
                ^~~
                VITIS_LOOP_1319_11: 
C:\Users\ADMIN\GithubClonedRepo\decode\LSI_decoder\solution1\.autopilot\db\decode.pp.0.cpp:40022:17: note: FIX-IT applied suggested code changes
C:\Users\ADMIN\GithubClonedRepo\decode\LSI_decoder\solution1\.autopilot\db\decode.pp.0.cpp:40042:9: warning: Added loop label VITIS_LOOP_1339_12:   [xilinx-label-all-loops]
        for (int j = wf+4; j < w-1; j++){
        ^~~
        VITIS_LOOP_1339_12: 
C:\Users\ADMIN\GithubClonedRepo\decode\LSI_decoder\solution1\.autopilot\db\decode.pp.0.cpp:40042:9: note: FIX-IT applied suggested code changes
C:\Users\ADMIN\GithubClonedRepo\decode\LSI_decoder\solution1\.autopilot\db\decode.pp.0.cpp:40049:17: warning: Added loop label VITIS_LOOP_1346_13:   [xilinx-label-all-loops]
                for (int j = 0; j < 46; j++) {
                ^~~
                VITIS_LOOP_1346_13: 
C:\Users\ADMIN\GithubClonedRepo\decode\LSI_decoder\solution1\.autopilot\db\decode.pp.0.cpp:40049:17: note: FIX-IT applied suggested code changes
C:\Users\ADMIN\GithubClonedRepo\decode\LSI_decoder\solution1\.autopilot\db\decode.pp.0.cpp:40311:13: warning: Added loop label VITIS_LOOP_1608_14:   [xilinx-label-all-loops]
            for (int j = 46; j >= I_+22; j--) {
            ^~~
            VITIS_LOOP_1608_14: 
C:\Users\ADMIN\GithubClonedRepo\decode\LSI_decoder\solution1\.autopilot\db\decode.pp.0.cpp:40311:13: note: FIX-IT applied suggested code changes
C:\Users\ADMIN\GithubClonedRepo\decode\LSI_decoder\solution1\.autopilot\db\decode.pp.0.cpp:40317:17: warning: Added loop label VITIS_LOOP_1614_15:   [xilinx-label-all-loops]
                for (int j = 46; j >= I_+22; j--) {
                ^~~
                VITIS_LOOP_1614_15: 
C:\Users\ADMIN\GithubClonedRepo\decode\LSI_decoder\solution1\.autopilot\db\decode.pp.0.cpp:40317:17: note: FIX-IT applied suggested code changes
C:\Users\ADMIN\GithubClonedRepo\decode\LSI_decoder\solution1\.autopilot\db\decode.pp.0.cpp:40321:17: warning: Added loop label VITIS_LOOP_1618_16:   [xilinx-label-all-loops]
                for (int j = I_+21; j >= 0; j--) {
                ^~~
                VITIS_LOOP_1618_16: 
C:\Users\ADMIN\GithubClonedRepo\decode\LSI_decoder\solution1\.autopilot\db\decode.pp.0.cpp:40321:17: note: FIX-IT applied suggested code changes
C:\Users\ADMIN\GithubClonedRepo\decode\LSI_decoder\solution1\.autopilot\db\decode.pp.0.cpp:40345:9: warning: Added loop label VITIS_LOOP_1642_17:   [xilinx-label-all-loops]
        for (int j = wf+5; j < w-1; j++){
        ^~~
        VITIS_LOOP_1642_17: 
C:\Users\ADMIN\GithubClonedRepo\decode\LSI_decoder\solution1\.autopilot\db\decode.pp.0.cpp:40345:9: note: FIX-IT applied suggested code changes
C:\Users\ADMIN\GithubClonedRepo\decode\LSI_decoder\solution1\.autopilot\db\decode.pp.0.cpp:40352:17: warning: Added loop label VITIS_LOOP_1649_18:   [xilinx-label-all-loops]
                for (int j = 0; j < 64; j++) {
                ^~~
                VITIS_LOOP_1649_18: 
C:\Users\ADMIN\GithubClonedRepo\decode\LSI_decoder\solution1\.autopilot\db\decode.pp.0.cpp:40352:17: note: FIX-IT applied suggested code changes
C:\Users\ADMIN\GithubClonedRepo\decode\LSI_decoder\solution1\.autopilot\db\decode.pp.0.cpp:40782:13: warning: Added loop label VITIS_LOOP_2079_19:   [xilinx-label-all-loops]
            for (int j = 64; j >= I_+31; j--) {
            ^~~
            VITIS_LOOP_2079_19: 
C:\Users\ADMIN\GithubClonedRepo\decode\LSI_decoder\solution1\.autopilot\db\decode.pp.0.cpp:40782:13: note: FIX-IT applied suggested code changes
C:\Users\ADMIN\GithubClonedRepo\decode\LSI_decoder\solution1\.autopilot\db\decode.pp.0.cpp:40788:17: warning: Added loop label VITIS_LOOP_2085_20:   [xilinx-label-all-loops]
                for (int j = 64; j >= I_+31; j--) {
                ^~~
                VITIS_LOOP_2085_20: 
C:\Users\ADMIN\GithubClonedRepo\decode\LSI_decoder\solution1\.autopilot\db\decode.pp.0.cpp:40788:17: note: FIX-IT applied suggested code changes
C:\Users\ADMIN\GithubClonedRepo\decode\LSI_decoder\solution1\.autopilot\db\decode.pp.0.cpp:40792:17: warning: Added loop label VITIS_LOOP_2089_21:   [xilinx-label-all-loops]
                for (int j = I_+30; j >= 0; j--) {
                ^~~
                VITIS_LOOP_2089_21: 
C:\Users\ADMIN\GithubClonedRepo\decode\LSI_decoder\solution1\.autopilot\db\decode.pp.0.cpp:40792:17: note: FIX-IT applied suggested code changes
C:\Users\ADMIN\GithubClonedRepo\decode\LSI_decoder\solution1\.autopilot\db\decode.pp.0.cpp:40922:13: warning: Added loop label VITIS_LOOP_2219_1:   [xilinx-label-all-loops]
            for(int j=3; j>=I+1; j--) {
            ^~~
            VITIS_LOOP_2219_1: 
C:\Users\ADMIN\GithubClonedRepo\decode\LSI_decoder\solution1\.autopilot\db\decode.pp.0.cpp:40922:13: note: FIX-IT applied suggested code changes
C:\Users\ADMIN\GithubClonedRepo\decode\LSI_decoder\solution1\.autopilot\db\decode.pp.0.cpp:40929:17: warning: Added loop label VITIS_LOOP_2226_2:   [xilinx-label-all-loops]
                for(int j=3; j>=I+1; j--) {
                ^~~
                VITIS_LOOP_2226_2: 
C:\Users\ADMIN\GithubClonedRepo\decode\LSI_decoder\solution1\.autopilot\db\decode.pp.0.cpp:40929:17: note: FIX-IT applied suggested code changes
C:\Users\ADMIN\GithubClonedRepo\decode\LSI_decoder\solution1\.autopilot\db\decode.pp.0.cpp:40933:17: warning: Added loop label VITIS_LOOP_2230_3:   [xilinx-label-all-loops]
                for(int j=I; j>=0; j--) {
                ^~~
                VITIS_LOOP_2230_3: 
C:\Users\ADMIN\GithubClonedRepo\decode\LSI_decoder\solution1\.autopilot\db\decode.pp.0.cpp:40933:17: note: FIX-IT applied suggested code changes
C:\Users\ADMIN\GithubClonedRepo\decode\LSI_decoder\solution1\.autopilot\db\decode.pp.0.cpp:40980:13: warning: Added loop label VITIS_LOOP_2277_4:   [xilinx-label-all-loops]
            for(int j=7; j>=3+I; j--) {
            ^~~
            VITIS_LOOP_2277_4: 
C:\Users\ADMIN\GithubClonedRepo\decode\LSI_decoder\solution1\.autopilot\db\decode.pp.0.cpp:40980:13: note: FIX-IT applied suggested code changes
C:\Users\ADMIN\GithubClonedRepo\decode\LSI_decoder\solution1\.autopilot\db\decode.pp.0.cpp:40987:17: warning: Added loop label VITIS_LOOP_2284_5:   [xilinx-label-all-loops]
                for(int j=7; j>=3+I; j--) {
                ^~~
                VITIS_LOOP_2284_5: 
C:\Users\ADMIN\GithubClonedRepo\decode\LSI_decoder\solution1\.autopilot\db\decode.pp.0.cpp:40987:17: note: FIX-IT applied suggested code changes
C:\Users\ADMIN\GithubClonedRepo\decode\LSI_decoder\solution1\.autopilot\db\decode.pp.0.cpp:40991:17: warning: Added loop label VITIS_LOOP_2288_6:   [xilinx-label-all-loops]
                for(int j=I+2; j>=0; j--) {
                ^~~
                VITIS_LOOP_2288_6: 
C:\Users\ADMIN\GithubClonedRepo\decode\LSI_decoder\solution1\.autopilot\db\decode.pp.0.cpp:40991:17: note: FIX-IT applied suggested code changes
C:\Users\ADMIN\GithubClonedRepo\decode\LSI_decoder\solution1\.autopilot\db\decode.pp.0.cpp:41009:9: warning: Added loop label VITIS_LOOP_2306_7:   [xilinx-label-all-loops]
        for(int j=11; j<16; j++) {
        ^~~
        VITIS_LOOP_2306_7: 
C:\Users\ADMIN\GithubClonedRepo\decode\LSI_decoder\solution1\.autopilot\db\decode.pp.0.cpp:41009:9: note: FIX-IT applied suggested code changes
C:\Users\ADMIN\GithubClonedRepo\decode\LSI_decoder\solution1\.autopilot\db\decode.pp.0.cpp:41064:13: warning: Added loop label VITIS_LOOP_2361_8:   [xilinx-label-all-loops]
            for(int j=15; j>=7+I; j--) {
            ^~~
            VITIS_LOOP_2361_8: 
C:\Users\ADMIN\GithubClonedRepo\decode\LSI_decoder\solution1\.autopilot\db\decode.pp.0.cpp:41064:13: note: FIX-IT applied suggested code changes
C:\Users\ADMIN\GithubClonedRepo\decode\LSI_decoder\solution1\.autopilot\db\decode.pp.0.cpp:41071:17: warning: Added loop label VITIS_LOOP_2368_9:   [xilinx-label-all-loops]
                for(int j=15; j>=7+I; j--) {
                ^~~
                VITIS_LOOP_2368_9: 
C:\Users\ADMIN\GithubClonedRepo\decode\LSI_decoder\solution1\.autopilot\db\decode.pp.0.cpp:41071:17: note: FIX-IT applied suggested code changes
C:\Users\ADMIN\GithubClonedRepo\decode\LSI_decoder\solution1\.autopilot\db\decode.pp.0.cpp:41075:17: warning: Added loop label VITIS_LOOP_2372_10:   [xilinx-label-all-loops]
                for(int j=6+I; j>=0; j--) {
                ^~~
                VITIS_LOOP_2372_10: 
C:\Users\ADMIN\GithubClonedRepo\decode\LSI_decoder\solution1\.autopilot\db\decode.pp.0.cpp:41075:17: note: FIX-IT applied suggested code changes
C:\Users\ADMIN\GithubClonedRepo\decode\LSI_decoder\solution1\.autopilot\db\decode.pp.0.cpp:41093:9: warning: Added loop label VITIS_LOOP_2390_11:   [xilinx-label-all-loops]
        for(int j=20; j<32; j++) {
        ^~~
        VITIS_LOOP_2390_11: 
C:\Users\ADMIN\GithubClonedRepo\decode\LSI_decoder\solution1\.autopilot\db\decode.pp.0.cpp:41093:9: note: FIX-IT applied suggested code changes
C:\Users\ADMIN\GithubClonedRepo\decode\LSI_decoder\solution1\.autopilot\db\decode.pp.0.cpp:41182:13: warning: Added loop label VITIS_LOOP_2479_12:   [xilinx-label-all-loops]
            for(int j=31; j>=I+15; j--) {
            ^~~
            VITIS_LOOP_2479_12: 
C:\Users\ADMIN\GithubClonedRepo\decode\LSI_decoder\solution1\.autopilot\db\decode.pp.0.cpp:41182:13: note: FIX-IT applied suggested code changes
C:\Users\ADMIN\GithubClonedRepo\decode\LSI_decoder\solution1\.autopilot\db\decode.pp.0.cpp:41189:17: warning: Added loop label VITIS_LOOP_2486_13:   [xilinx-label-all-loops]
                for(int j=31; j>=I+15; j--) {
                ^~~
                VITIS_LOOP_2486_13: 
C:\Users\ADMIN\GithubClonedRepo\decode\LSI_decoder\solution1\.autopilot\db\decode.pp.0.cpp:41189:17: note: FIX-IT applied suggested code changes
C:\Users\ADMIN\GithubClonedRepo\decode\LSI_decoder\solution1\.autopilot\db\decode.pp.0.cpp:41193:17: warning: Added loop label VITIS_LOOP_2490_14:   [xilinx-label-all-loops]
                for(int j=I+14; j>=0; j--) {
                ^~~
                VITIS_LOOP_2490_14: 
C:\Users\ADMIN\GithubClonedRepo\decode\LSI_decoder\solution1\.autopilot\db\decode.pp.0.cpp:41193:17: note: FIX-IT applied suggested code changes
C:\Users\ADMIN\GithubClonedRepo\decode\LSI_decoder\solution1\.autopilot\db\decode.pp.0.cpp:41203:9: warning: Added loop label VITIS_LOOP_2500_15:   [xilinx-label-all-loops]
        for(int j=32-F; j<32+I; j++) {
        ^~~
        VITIS_LOOP_2500_15: 
C:\Users\ADMIN\GithubClonedRepo\decode\LSI_decoder\solution1\.autopilot\db\decode.pp.0.cpp:41203:9: note: FIX-IT applied suggested code changes
C:\Users\ADMIN\GithubClonedRepo\decode\LSI_decoder\solution1\.autopilot\db\decode.pp.0.cpp:41207:9: warning: Added loop label VITIS_LOOP_2504_16:   [xilinx-label-all-loops]
        for(int j=32+I; j<=64; j++) {
        ^~~
        VITIS_LOOP_2504_16: 
C:\Users\ADMIN\GithubClonedRepo\decode\LSI_decoder\solution1\.autopilot\db\decode.pp.0.cpp:41207:9: note: FIX-IT applied suggested code changes
C:\Users\ADMIN\GithubClonedRepo\decode\LSI_decoder\solution1\.autopilot\db\decode.pp.0.cpp:41218:9: warning: Added loop label VITIS_LOOP_2515_17:   [xilinx-label-all-loops]
        for(int j=37; j<64; j++) {
        ^~~
        VITIS_LOOP_2515_17: 
C:\Users\ADMIN\GithubClonedRepo\decode\LSI_decoder\solution1\.autopilot\db\decode.pp.0.cpp:41218:9: note: FIX-IT applied suggested code changes
C:\Users\ADMIN\GithubClonedRepo\decode\LSI_decoder\solution1\.autopilot\db\decode.pp.0.cpp:41226:17: warning: Added loop label VITIS_LOOP_2523_18:   [xilinx-label-all-loops]
                for(int j=0; j<64; j++) {
                ^~~
                VITIS_LOOP_2523_18: 
C:\Users\ADMIN\GithubClonedRepo\decode\LSI_decoder\solution1\.autopilot\db\decode.pp.0.cpp:41226:17: note: FIX-IT applied suggested code changes
C:\Users\ADMIN\GithubClonedRepo\decode\LSI_decoder\solution1\.autopilot\db\decode.pp.0.cpp:41551:13: warning: Added loop label VITIS_LOOP_2848_19:   [xilinx-label-all-loops]
            for(int j=63; j>=I+31; j--) {
            ^~~
            VITIS_LOOP_2848_19: 
C:\Users\ADMIN\GithubClonedRepo\decode\LSI_decoder\solution1\.autopilot\db\decode.pp.0.cpp:41551:13: note: FIX-IT applied suggested code changes
C:\Users\ADMIN\GithubClonedRepo\decode\LSI_decoder\solution1\.autopilot\db\decode.pp.0.cpp:41558:17: warning: Added loop label VITIS_LOOP_2855_20:   [xilinx-label-all-loops]
                for(int j=63; j>=I+31; j--) {
                ^~~
                VITIS_LOOP_2855_20: 
C:\Users\ADMIN\GithubClonedRepo\decode\LSI_decoder\solution1\.autopilot\db\decode.pp.0.cpp:41558:17: note: FIX-IT applied suggested code changes
C:\Users\ADMIN\GithubClonedRepo\decode\LSI_decoder\solution1\.autopilot\db\decode.pp.0.cpp:41562:17: warning: Added loop label VITIS_LOOP_2859_21:   [xilinx-label-all-loops]
                for(int j=I+30; j>=0; j--) {
                ^~~
                VITIS_LOOP_2859_21: 
C:\Users\ADMIN\GithubClonedRepo\decode\LSI_decoder\solution1\.autopilot\db\decode.pp.0.cpp:41562:17: note: FIX-IT applied suggested code changes
C:\Users\ADMIN\GithubClonedRepo\decode\LSI_decoder\solution1\.autopilot\db\decode.pp.0.cpp:41650:4: warning: Added loop label VITIS_LOOP_2947_1:   [xilinx-label-all-loops]
   for(int j = 5; j>=I_+2; j--) {
   ^~~
   VITIS_LOOP_2947_1: 
C:\Users\ADMIN\GithubClonedRepo\decode\LSI_decoder\solution1\.autopilot\db\decode.pp.0.cpp:41650:4: note: FIX-IT applied suggested code changes
C:\Users\ADMIN\GithubClonedRepo\decode\LSI_decoder\solution1\.autopilot\db\decode.pp.0.cpp:41657:5: warning: Added loop label VITIS_LOOP_2954_2:   [xilinx-label-all-loops]
    for(int j = 5; j>=I_+2; j--) {
    ^~~
    VITIS_LOOP_2954_2: 
C:\Users\ADMIN\GithubClonedRepo\decode\LSI_decoder\solution1\.autopilot\db\decode.pp.0.cpp:41657:5: note: FIX-IT applied suggested code changes
C:\Users\ADMIN\GithubClonedRepo\decode\LSI_decoder\solution1\.autopilot\db\decode.pp.0.cpp:41661:5: warning: Added loop label VITIS_LOOP_2958_3:   [xilinx-label-all-loops]
    for(int j = I_+1; j>=0; j--) {
    ^~~
    VITIS_LOOP_2958_3: 
C:\Users\ADMIN\GithubClonedRepo\decode\LSI_decoder\solution1\.autopilot\db\decode.pp.0.cpp:41661:5: note: FIX-IT applied suggested code changes
C:\Users\ADMIN\GithubClonedRepo\decode\LSI_decoder\solution1\.autopilot\db\decode.pp.0.cpp:41676:3: warning: Added loop label VITIS_LOOP_2973_4:   [xilinx-label-all-loops]
  for(int j = 11; j >=7; j--) {
  ^~~
  VITIS_LOOP_2973_4: 
C:\Users\ADMIN\GithubClonedRepo\decode\LSI_decoder\solution1\.autopilot\db\decode.pp.0.cpp:41676:3: note: FIX-IT applied suggested code changes
C:\Users\ADMIN\GithubClonedRepo\decode\LSI_decoder\solution1\.autopilot\db\decode.pp.0.cpp:41708:4: warning: Added loop label VITIS_LOOP_3005_5:   [xilinx-label-all-loops]
   for(int j = 11; j >= I_+5; j--) {
   ^~~
   VITIS_LOOP_3005_5: 
C:\Users\ADMIN\GithubClonedRepo\decode\LSI_decoder\solution1\.autopilot\db\decode.pp.0.cpp:41708:4: note: FIX-IT applied suggested code changes
C:\Users\ADMIN\GithubClonedRepo\decode\LSI_decoder\solution1\.autopilot\db\decode.pp.0.cpp:41715:5: warning: Added loop label VITIS_LOOP_3012_6:   [xilinx-label-all-loops]
    for(int j = 11; j>= I_+5; j--) {
    ^~~
    VITIS_LOOP_3012_6: 
C:\Users\ADMIN\GithubClonedRepo\decode\LSI_decoder\solution1\.autopilot\db\decode.pp.0.cpp:41715:5: note: FIX-IT applied suggested code changes
C:\Users\ADMIN\GithubClonedRepo\decode\LSI_decoder\solution1\.autopilot\db\decode.pp.0.cpp:41719:5: warning: Added loop label VITIS_LOOP_3016_7:   [xilinx-label-all-loops]
    for(int j = I_+4; j>=0; j--) {
    ^~~
    VITIS_LOOP_3016_7: 
C:\Users\ADMIN\GithubClonedRepo\decode\LSI_decoder\solution1\.autopilot\db\decode.pp.0.cpp:41719:5: note: FIX-IT applied suggested code changes
C:\Users\ADMIN\GithubClonedRepo\decode\LSI_decoder\solution1\.autopilot\db\decode.pp.0.cpp:41734:3: warning: Added loop label VITIS_LOOP_3031_8:   [xilinx-label-all-loops]
  for(int j = 25; j>=15; j--) {
  ^~~
  VITIS_LOOP_3031_8: 
C:\Users\ADMIN\GithubClonedRepo\decode\LSI_decoder\solution1\.autopilot\db\decode.pp.0.cpp:41734:3: note: FIX-IT applied suggested code changes
C:\Users\ADMIN\GithubClonedRepo\decode\LSI_decoder\solution1\.autopilot\db\decode.pp.0.cpp:41784:4: warning: Added loop label VITIS_LOOP_3081_9:   [xilinx-label-all-loops]
   for(int j = 25; j>= I_+12; j--) {
   ^~~
   VITIS_LOOP_3081_9: 
C:\Users\ADMIN\GithubClonedRepo\decode\LSI_decoder\solution1\.autopilot\db\decode.pp.0.cpp:41784:4: note: FIX-IT applied suggested code changes
C:\Users\ADMIN\GithubClonedRepo\decode\LSI_decoder\solution1\.autopilot\db\decode.pp.0.cpp:41791:5: warning: Added loop label VITIS_LOOP_3088_10:   [xilinx-label-all-loops]
    for(int j = 25; j>=I_+12; j--) {
    ^~~
    VITIS_LOOP_3088_10: 
C:\Users\ADMIN\GithubClonedRepo\decode\LSI_decoder\solution1\.autopilot\db\decode.pp.0.cpp:41791:5: note: FIX-IT applied suggested code changes
C:\Users\ADMIN\GithubClonedRepo\decode\LSI_decoder\solution1\.autopilot\db\decode.pp.0.cpp:41795:5: warning: Added loop label VITIS_LOOP_3092_11:   [xilinx-label-all-loops]
    for(int j = I_+11; j>=0; j--) {
    ^~~
    VITIS_LOOP_3092_11: 
C:\Users\ADMIN\GithubClonedRepo\decode\LSI_decoder\solution1\.autopilot\db\decode.pp.0.cpp:41795:5: note: FIX-IT applied suggested code changes
C:\Users\ADMIN\GithubClonedRepo\decode\LSI_decoder\solution1\.autopilot\db\decode.pp.0.cpp:41810:3: warning: Added loop label VITIS_LOOP_3107_12:   [xilinx-label-all-loops]
  for(int j = 51; j >= 29; j--) {
  ^~~
  VITIS_LOOP_3107_12: 
C:\Users\ADMIN\GithubClonedRepo\decode\LSI_decoder\solution1\.autopilot\db\decode.pp.0.cpp:41810:3: note: FIX-IT applied suggested code changes
C:\Users\ADMIN\GithubClonedRepo\decode\LSI_decoder\solution1\.autopilot\db\decode.pp.0.cpp:41947:4: warning: Added loop label VITIS_LOOP_3244_13:   [xilinx-label-all-loops]
   for(int j = 51; j >= 25 + I_; j--) {
   ^~~
   VITIS_LOOP_3244_13: 
C:\Users\ADMIN\GithubClonedRepo\decode\LSI_decoder\solution1\.autopilot\db\decode.pp.0.cpp:41947:4: note: FIX-IT applied suggested code changes
C:\Users\ADMIN\GithubClonedRepo\decode\LSI_decoder\solution1\.autopilot\db\decode.pp.0.cpp:41954:5: warning: Added loop label VITIS_LOOP_3251_14:   [xilinx-label-all-loops]
    for(int j = 51; j>=25 + I_; j--) {
    ^~~
    VITIS_LOOP_3251_14: 
C:\Users\ADMIN\GithubClonedRepo\decode\LSI_decoder\solution1\.autopilot\db\decode.pp.0.cpp:41954:5: note: FIX-IT applied suggested code changes
C:\Users\ADMIN\GithubClonedRepo\decode\LSI_decoder\solution1\.autopilot\db\decode.pp.0.cpp:41958:5: warning: Added loop label VITIS_LOOP_3255_15:   [xilinx-label-all-loops]
    for(int j = 24 + I_; j >= 0; j--) {
    ^~~
    VITIS_LOOP_3255_15: 
C:\Users\ADMIN\GithubClonedRepo\decode\LSI_decoder\solution1\.autopilot\db\decode.pp.0.cpp:41958:5: note: FIX-IT applied suggested code changes
C:\Users\ADMIN\GithubClonedRepo\decode\LSI_decoder\solution1\.autopilot\db\decode.pp.0.cpp:41973:3: warning: Added loop label VITIS_LOOP_3270_16:   [xilinx-label-all-loops]
  for(int j = 63; j >= 36; j--) {
  ^~~
  VITIS_LOOP_3270_16: 
C:\Users\ADMIN\GithubClonedRepo\decode\LSI_decoder\solution1\.autopilot\db\decode.pp.0.cpp:41973:3: note: FIX-IT applied suggested code changes
C:\Users\ADMIN\GithubClonedRepo\decode\LSI_decoder\solution1\.autopilot\db\decode.pp.0.cpp:42133:4: warning: Added loop label VITIS_LOOP_3430_17:   [xilinx-label-all-loops]
   for(int j = 63; j >= 31 + I_; j--) {
   ^~~
   VITIS_LOOP_3430_17: 
C:\Users\ADMIN\GithubClonedRepo\decode\LSI_decoder\solution1\.autopilot\db\decode.pp.0.cpp:42133:4: note: FIX-IT applied suggested code changes
C:\Users\ADMIN\GithubClonedRepo\decode\LSI_decoder\solution1\.autopilot\db\decode.pp.0.cpp:42140:5: warning: Added loop label VITIS_LOOP_3437_18:   [xilinx-label-all-loops]
    for(int j = 63; j >= 31 + I_; j--) {
    ^~~
    VITIS_LOOP_3437_18: 
C:\Users\ADMIN\GithubClonedRepo\decode\LSI_decoder\solution1\.autopilot\db\decode.pp.0.cpp:42140:5: note: FIX-IT applied suggested code changes
C:\Users\ADMIN\GithubClonedRepo\decode\LSI_decoder\solution1\.autopilot\db\decode.pp.0.cpp:42144:5: warning: Added loop label VITIS_LOOP_3441_19:   [xilinx-label-all-loops]
    for(int j = 30 + I_; j >= 0; j--) {
    ^~~
    VITIS_LOOP_3441_19: 
C:\Users\ADMIN\GithubClonedRepo\decode\LSI_decoder\solution1\.autopilot\db\decode.pp.0.cpp:42144:5: note: FIX-IT applied suggested code changes
C:\Users\ADMIN\GithubClonedRepo\decode\LSI_decoder\solution1\.autopilot\db\decode.pp.0.cpp:42859:13: warning: Added loop label VITIS_LOOP_729_1:   [xilinx-label-all-loops]
            for (b_exp = I_-1; b_exp >= -F_; b_exp--) {
            ^~~
            VITIS_LOOP_729_1: 
C:\Users\ADMIN\GithubClonedRepo\decode\LSI_decoder\solution1\.autopilot\db\decode.pp.0.cpp:42859:13: note: FIX-IT applied suggested code changes
C:\Users\ADMIN\GithubClonedRepo\decode\LSI_decoder\solution1\.autopilot\db\decode.pp.0.cpp:43077:13: warning: Added loop label VITIS_LOOP_947_1:   [xilinx-label-all-loops]
            for (b_exp = I_-1; b_exp >= -F_; b_exp--) {
            ^~~
            VITIS_LOOP_947_1: 
C:\Users\ADMIN\GithubClonedRepo\decode\LSI_decoder\solution1\.autopilot\db\decode.pp.0.cpp:43077:13: note: FIX-IT applied suggested code changes
C:\Users\ADMIN\GithubClonedRepo\decode\LSI_decoder\solution1\.autopilot\db\decode.pp.0.cpp:43494:13: warning: Added loop label VITIS_LOOP_1371_1:   [xilinx-label-all-loops]
            for (b_exp = I_-1; b_exp >= -F_; b_exp--) {
            ^~~
            VITIS_LOOP_1371_1: 
C:\Users\ADMIN\GithubClonedRepo\decode\LSI_decoder\solution1\.autopilot\db\decode.pp.0.cpp:43494:13: note: FIX-IT applied suggested code changes
C:\Users\ADMIN\GithubClonedRepo\decode\LSI_decoder\solution1\.autopilot\db\decode.pp.0.cpp:43808:9: warning: Added loop label VITIS_LOOP_266_1:   [xilinx-label-all-loops]
        for ( int pos = msbr-1; pos >= 0; pos-- ) {
        ^~~
        VITIS_LOOP_266_1: 
C:\Users\ADMIN\GithubClonedRepo\decode\LSI_decoder\solution1\.autopilot\db\decode.pp.0.cpp:43808:9: note: FIX-IT applied suggested code changes
C:\Users\ADMIN\GithubClonedRepo\decode\LSI_decoder\solution1\.autopilot\db\decode.pp.0.cpp:43836:9: warning: Added loop label VITIS_LOOP_294_2:   [xilinx-label-all-loops]
        for ( int pos = -1; pos >= -F_-1; pos-- ) {
        ^~~
        VITIS_LOOP_294_2: 
C:\Users\ADMIN\GithubClonedRepo\decode\LSI_decoder\solution1\.autopilot\db\decode.pp.0.cpp:43836:9: note: FIX-IT applied suggested code changes
C:\Users\ADMIN\GithubClonedRepo\decode\LSI_decoder\solution1\.autopilot\db\decode.pp.0.cpp:44531:13: warning: Added loop label VITIS_LOOP_74_1:   [xilinx-label-all-loops]
            for (int j = 0; j < W_-1; j++){
            ^~~
            VITIS_LOOP_74_1: 
C:\Users\ADMIN\GithubClonedRepo\decode\LSI_decoder\solution1\.autopilot\db\decode.pp.0.cpp:44531:13: note: FIX-IT applied suggested code changes
C:\Users\ADMIN\GithubClonedRepo\decode\LSI_decoder\solution1\.autopilot\db\decode.pp.0.cpp:44584:5: warning: Added loop label VITIS_LOOP_135_2:   [xilinx-label-all-loops]
    for (int j = F_l+F_+I_m-1; j < F_l+W_+5; j++){
    ^~~
    VITIS_LOOP_135_2: 
C:\Users\ADMIN\GithubClonedRepo\decode\LSI_decoder\solution1\.autopilot\db\decode.pp.0.cpp:44584:5: note: FIX-IT applied suggested code changes
C:\Users\ADMIN\GithubClonedRepo\decode\LSI_decoder\solution1\.autopilot\db\decode.pp.0.cpp:44598:13: warning: Added loop label VITIS_LOOP_149_3:   [xilinx-label-all-loops]
            for (int j = WO_m-1; j >= W_-1; j--) {
            ^~~
            VITIS_LOOP_149_3: 
C:\Users\ADMIN\GithubClonedRepo\decode\LSI_decoder\solution1\.autopilot\db\decode.pp.0.cpp:44598:13: note: FIX-IT applied suggested code changes
C:\Users\ADMIN\GithubClonedRepo\decode\LSI_decoder\solution1\.autopilot\db\decode.pp.0.cpp:44628:13: warning: Added loop label VITIS_LOOP_179_4:   [xilinx-label-all-loops]
            for (int j = W_-2; j >= 0; j--){
            ^~~
            VITIS_LOOP_179_4: 
C:\Users\ADMIN\GithubClonedRepo\decode\LSI_decoder\solution1\.autopilot\db\decode.pp.0.cpp:44628:13: note: FIX-IT applied suggested code changes
C:\Users\ADMIN\GithubClonedRepo\decode\LSI_decoder\solution1\.autopilot\db\decode.pp.0.cpp:44713:12: warning: Added loop label VITIS_LOOP_307_1:   [xilinx-label-all-loops]
           for(int i = wf_log+we_log-2; i > WI_e - 2; --i) {
           ^~~
           VITIS_LOOP_307_1: 
C:\Users\ADMIN\GithubClonedRepo\decode\LSI_decoder\solution1\.autopilot\db\decode.pp.0.cpp:44713:12: note: FIX-IT applied suggested code changes
C:\Users\ADMIN\GithubClonedRepo\decode\LSI_decoder\solution1\.autopilot\db\decode.pp.0.cpp:44733:16: warning: Added loop label VITIS_LOOP_327_2:   [xilinx-label-all-loops]
               for (int j = WO_e-1; j >= W_-1; j--) {
               ^~~
               VITIS_LOOP_327_2: 
C:\Users\ADMIN\GithubClonedRepo\decode\LSI_decoder\solution1\.autopilot\db\decode.pp.0.cpp:44733:16: note: FIX-IT applied suggested code changes
C:\Users\ADMIN\GithubClonedRepo\decode\LSI_decoder\solution1\.autopilot\db\decode.pp.0.cpp:44747:20: warning: Added loop label VITIS_LOOP_341_3:   [xilinx-label-all-loops]
                   for(int i = 0; i < W_-1; ++i) {
                   ^~~
                   VITIS_LOOP_341_3: 
C:\Users\ADMIN\GithubClonedRepo\decode\LSI_decoder\solution1\.autopilot\db\decode.pp.0.cpp:44747:20: note: FIX-IT applied suggested code changes
C:\Users\ADMIN\GithubClonedRepo\decode\LSI_decoder\solution1\.autopilot\db\decode.pp.0.cpp:44840:12: warning: Added loop label VITIS_LOOP_459_1:   [xilinx-label-all-loops]
           for (int j =WO_d-1; j >= W_-1; j--) {
           ^~~
           VITIS_LOOP_459_1: 
C:\Users\ADMIN\GithubClonedRepo\decode\LSI_decoder\solution1\.autopilot\db\decode.pp.0.cpp:44840:12: note: FIX-IT applied suggested code changes
C:\Users\ADMIN\GithubClonedRepo\decode\LSI_decoder\solution1\.autopilot\db\decode.pp.0.cpp:44854:15: warning: Added loop label VITIS_LOOP_473_2:   [xilinx-label-all-loops]
              for(int i = 0; i < W_-1; ++i) {
              ^~~
              VITIS_LOOP_473_2: 
C:\Users\ADMIN\GithubClonedRepo\decode\LSI_decoder\solution1\.autopilot\db\decode.pp.0.cpp:44854:15: note: FIX-IT applied suggested code changes
C:\Users\ADMIN\GithubClonedRepo\decode\LSI_decoder\solution1\.autopilot\db\decode.pp.0.cpp:44967:13: warning: Added loop label VITIS_LOOP_59_1:   [xilinx-label-all-loops]
            for (int i = 0; i < W_-1; i++){
            ^~~
            VITIS_LOOP_59_1: 
C:\Users\ADMIN\GithubClonedRepo\decode\LSI_decoder\solution1\.autopilot\db\decode.pp.0.cpp:44967:13: note: FIX-IT applied suggested code changes
C:\Users\ADMIN\GithubClonedRepo\decode\LSI_decoder\solution1\.autopilot\db\decode.pp.0.cpp:45091:13: warning: Added loop label VITIS_LOOP_209_1:   [xilinx-label-all-loops]
            for (int i = 0; i < W_-1; i++){
            ^~~
            VITIS_LOOP_209_1: 
C:\Users\ADMIN\GithubClonedRepo\decode\LSI_decoder\solution1\.autopilot\db\decode.pp.0.cpp:45091:13: note: FIX-IT applied suggested code changes
C:\Users\ADMIN\GithubClonedRepo\decode\LSI_decoder\solution1\.autopilot\db\decode.pp.0.cpp:45146:13: warning: Added loop label VITIS_LOOP_274_1:   [xilinx-label-all-loops]
            for (int i = 0; i < W_-1; i++){
            ^~~
            VITIS_LOOP_274_1: 
C:\Users\ADMIN\GithubClonedRepo\decode\LSI_decoder\solution1\.autopilot\db\decode.pp.0.cpp:45146:13: note: FIX-IT applied suggested code changes
C:\Users\ADMIN\GithubClonedRepo\decode\LSI_decoder\solution1\.autopilot\db\decode.pp.0.cpp:45651:2: warning: Added loop label VITIS_LOOP_42_1:   [xilinx-label-all-loops]
 for (int i=0; i<W_;i++)
 ^~~
 VITIS_LOOP_42_1: 
C:\Users\ADMIN\GithubClonedRepo\decode\LSI_decoder\solution1\.autopilot\db\decode.pp.0.cpp:45651:2: note: FIX-IT applied suggested code changes
C:\Users\ADMIN\GithubClonedRepo\decode\LSI_decoder\solution1\.autopilot\db\decode.pp.0.cpp:45662:2: warning: Added loop label VITIS_LOOP_53_1:   [xilinx-label-all-loops]
 for (int i=0; i<W_;i++)
 ^~~
 VITIS_LOOP_53_1: 
C:\Users\ADMIN\GithubClonedRepo\decode\LSI_decoder\solution1\.autopilot\db\decode.pp.0.cpp:45662:2: note: FIX-IT applied suggested code changes
C:\Users\ADMIN\GithubClonedRepo\decode\LSI_decoder\solution1\.autopilot\db\decode.pp.0.cpp:45673:2: warning: Added loop label VITIS_LOOP_64_1:   [xilinx-label-all-loops]
 for (int i=0; i<I_;i++)
 ^~~
 VITIS_LOOP_64_1: 
C:\Users\ADMIN\GithubClonedRepo\decode\LSI_decoder\solution1\.autopilot\db\decode.pp.0.cpp:45673:2: note: FIX-IT applied suggested code changes
C:\Users\ADMIN\GithubClonedRepo\decode\LSI_decoder\solution1\.autopilot\db\decode.pp.0.cpp:45684:2: warning: Added loop label VITIS_LOOP_75_1:   [xilinx-label-all-loops]
 for (int i=0; i<I_;i++)
 ^~~
 VITIS_LOOP_75_1: 
C:\Users\ADMIN\GithubClonedRepo\decode\LSI_decoder\solution1\.autopilot\db\decode.pp.0.cpp:45684:2: note: FIX-IT applied suggested code changes
C:\Users\ADMIN\GithubClonedRepo\decode\LSI_decoder\solution1\.autopilot\db\decode.pp.0.cpp:45695:2: warning: Added loop label VITIS_LOOP_86_1:   [xilinx-label-all-loops]
 for (int i=0; i<W_;i++)
 ^~~
 VITIS_LOOP_86_1: 
C:\Users\ADMIN\GithubClonedRepo\decode\LSI_decoder\solution1\.autopilot\db\decode.pp.0.cpp:45695:2: note: FIX-IT applied suggested code changes
C:\Users\ADMIN\GithubClonedRepo\decode\LSI_decoder\solution1\.autopilot\db\decode.pp.0.cpp:45706:2: warning: Added loop label VITIS_LOOP_97_1:   [xilinx-label-all-loops]
 for (int i=0; i<W_;i++)
 ^~~
 VITIS_LOOP_97_1: 
C:\Users\ADMIN\GithubClonedRepo\decode\LSI_decoder\solution1\.autopilot\db\decode.pp.0.cpp:45706:2: note: FIX-IT applied suggested code changes
C:\Users\ADMIN\GithubClonedRepo\decode\LSI_decoder\solution1\.autopilot\db\decode.pp.0.cpp:45717:2: warning: Added loop label VITIS_LOOP_108_1:   [xilinx-label-all-loops]
 for (int i=0; i<I_;i++)
 ^~~
 VITIS_LOOP_108_1: 
C:\Users\ADMIN\GithubClonedRepo\decode\LSI_decoder\solution1\.autopilot\db\decode.pp.0.cpp:45717:2: note: FIX-IT applied suggested code changes
C:\Users\ADMIN\GithubClonedRepo\decode\LSI_decoder\solution1\.autopilot\db\decode.pp.0.cpp:45728:2: warning: Added loop label VITIS_LOOP_119_1:   [xilinx-label-all-loops]
 for (int i=0; i<I_;i++)
 ^~~
 VITIS_LOOP_119_1: 
C:\Users\ADMIN\GithubClonedRepo\decode\LSI_decoder\solution1\.autopilot\db\decode.pp.0.cpp:45728:2: note: FIX-IT applied suggested code changes
C:\Users\ADMIN\GithubClonedRepo\decode\LSI_decoder\solution1\.autopilot\db\decode.pp.0.cpp:48029:12: warning: Added loop label VITIS_LOOP_23_1:   [xilinx-label-all-loops]
           for(int i = 0; i < W_-1; ++i) {
           ^~~
           VITIS_LOOP_23_1: 
C:\Users\ADMIN\GithubClonedRepo\decode\LSI_decoder\solution1\.autopilot\db\decode.pp.0.cpp:48029:12: note: FIX-IT applied suggested code changes
C:\Users\ADMIN\GithubClonedRepo\decode\LSI_decoder\solution1\.autopilot\db\decode.pp.0.cpp:48093:7: warning: Added loop label VITIS_LOOP_66_1:   [xilinx-label-all-loops]
      for(int pos = msbr - 1 ; pos >= -F-1; pos--) {
      ^~~
      VITIS_LOOP_66_1: 
C:\Users\ADMIN\GithubClonedRepo\decode\LSI_decoder\solution1\.autopilot\db\decode.pp.0.cpp:48093:7: note: FIX-IT applied suggested code changes
C:\Users\ADMIN\GithubClonedRepo\decode\LSI_decoder\solution1\.autopilot\db\decode.pp.0.cpp:48210:9: warning: Added loop label VITIS_LOOP_75_1:   [xilinx-label-all-loops]
        for(int pos = msbr - 1; pos >= 0; pos--) {
        ^~~
        VITIS_LOOP_75_1: 
C:\Users\ADMIN\GithubClonedRepo\decode\LSI_decoder\solution1\.autopilot\db\decode.pp.0.cpp:48210:9: note: FIX-IT applied suggested code changes
C:\Users\ADMIN\GithubClonedRepo\decode\LSI_decoder\solution1\.autopilot\db\decode.pp.0.cpp:48235:5: warning: Added loop label VITIS_LOOP_107_2:   [xilinx-label-all-loops]
    for(int pos = -1; pos >= -F-1; pos--) {
    ^~~
    VITIS_LOOP_107_2: 
C:\Users\ADMIN\GithubClonedRepo\decode\LSI_decoder\solution1\.autopilot\db\decode.pp.0.cpp:48235:5: note: FIX-IT applied suggested code changes
C:\Users\ADMIN\GithubClonedRepo\decode\LSI_decoder\solution1\.autopilot\db\decode.pp.0.cpp:48305:8: warning: Added loop label VITIS_LOOP_195_3:   [xilinx-label-all-loops]
       for(int i = 0; i < W - 1; ++i) {
       ^~~
       VITIS_LOOP_195_3: 
C:\Users\ADMIN\GithubClonedRepo\decode\LSI_decoder\solution1\.autopilot\db\decode.pp.0.cpp:48305:8: note: FIX-IT applied suggested code changes
C:\Users\ADMIN\GithubClonedRepo\decode\LSI_decoder\solution1\.autopilot\db\decode.pp.0.cpp:50547:2: warning: Added loop label VITIS_LOOP_17_1:   [xilinx-label-all-loops]
 for(int i=0;i<fil_out;i++){
 ^~~
 VITIS_LOOP_17_1: 
C:\Users\ADMIN\GithubClonedRepo\decode\LSI_decoder\solution1\.autopilot\db\decode.pp.0.cpp:50547:2: note: FIX-IT applied suggested code changes
C:\Users\ADMIN\GithubClonedRepo\decode\LSI_decoder\solution1\.autopilot\db\decode.pp.0.cpp:50591:13: warning: Added loop label VITIS_LOOP_61_2:   [xilinx-label-all-loops]
            for(int i=0;i<fil_out;i++){
            ^~~
            VITIS_LOOP_61_2: 
C:\Users\ADMIN\GithubClonedRepo\decode\LSI_decoder\solution1\.autopilot\db\decode.pp.0.cpp:50591:13: note: FIX-IT applied suggested code changes
