INFO: [SIM 2] *************** CSIM start ***************
INFO: [SIM 4] CSIM will launch GCC as the compiler.
make: 'csim.exe' is up to date.
1722	486	7	1	0	0	0	0	0	0	0	0	0	0	0	0	0	0	0	0	2	7	29	16	25	83	57	239	 
5	1	0	0	0	0	0	0	0	0	0	0	67108863	67108863	67108863	67108863	67108863	67108863	67108863	0	0	0	0	0	0	0	0	52	 
4	4	0	0	0	0	0	0	0	0	0	0	0	0	0	0	0	0	0	0	0	0	0	0	0	0	0	349	 
5	5	4	0	0	0	0	0	0	0	0	0	0	0	0	0	0	0	0	0	0	0	0	0	0	0	1	137	 
4	74	198	239	485	434	440	255	96	9	3	1	0	0	0	0	0	0	0	0	0	0	0	0	0	1	5	169	 
24	468	1362	3462	28745	174900	276399	246979	112837	21485	8894	4266	4737	1880	535	61	34	34	29	40	32	61	24	5	3	7	5	176	 
4	57	273	1811	57369	1552046	5370352	10351267	6585430	1429368	603377	300887	283716	123022	79187	17332	10343	11073	12523	14495	7635	12788	2830	104	26	32	13	238	 
5	84	167	1100	56818	3507522	30307577	54185055	53987472	36643601	24353329	13113178	12166069	10073742	11795621	8627685	4615661	2559742	4143691	4797842	1385763	606919	16358	192	97	44	7	146	 
98	1756	828	1555	45201	3236350	38726850	61240789	63560429	59329917	53572837	48706985	49739933	52917344	53798991	52831396	45322330	36866073	44344158	50836270	29882854	3101363	24882	381	476	96	13	168	 
230	1077	408	1164	21629	1124664	14306414	45048934	54604360	41697346	34395057	36305421	39105983	43655980	45457705	38651397	31204276	31935251	48226724	62093259	58879402	20457154	188072	1651	992	50	5	51	 
78	260	138	470	4005	73953	713695	4152786	8688486	5017325	5977935	8259085	9306816	9718976	10888886	8030081	8815593	17904191	41100438	63170773	62380455	30024887	305908	2810	1137	51	6	59	 
96	203	237	821	1889	11837	35073	117768	209628	163833	335402	943463	1291030	1687035	2024309	1402046	2651407	8821285	38597741	63791029	58983809	13485725	162754	2454	1385	34	5	89	 
229	339	679	676	432	815	735	2024	4382	12029	46607	193813	298221	414455	585830	810209	3064664	16245761	53961756	62974447	34761842	1148920	15015	749	893	14	3	67	 
274	255	331	90	51	27	20	69	245	1599	7796	54060	127014	252212	548257	1240053	6401452	40383133	61303955	53259648	4847699	38167	1275	188	245	11	2	27	 
283	85	22	2	1	0	0	2	9	78	945	13036	79565	441327	1607188	6619770	31991185	59615184	60435571	21692566	389441	4033	235	92	249	20	3	30	 
569	656	237	30	6	1	0	0	0	13	306	3376	14531	105230	1783720	31177097	62336867	64722954	49722261	1888676	52834	683	105	225	759	68	8	131	 
1288	552	111	5	0	0	0	0	0	3	85	516	1911	30654	3317024	51993650	64246545	59073458	9965615	167716	16580	313	156	214	369	83	9	254	 
607	94	6	0	0	0	0	0	0	2	75	334	2151	175421	16070056	63122676	65425968	40264425	1235810	27203	3876	90	63	75	205	234	44	1224	 
298	24	1	0	0	0	0	0	0	3	158	1663	37119	4197727	51588531	65640788	62701463	6300841	81346	2946	1228	110	306	677	1288	1133	371	5146	 
436	80	6	0	0	0	0	0	0	3	158	3942	310133	25772169	64660199	64589352	28618172	160675	5442	1870	1996	340	2347	2292	971	619	155	3531	 
723	127	2	0	1	5	4	2	1	14	1151	46684	4997811	56908058	65532229	48493823	1634906	8455	980	831	904	121	833	947	640	730	166	5897	 
1510	258	3	0	6	52	53	18	17	307	20694	691934	34213842	65367807	64653237	13724682	100751	750	221	156	106	28	155	159	307	295	99	3507	 
1208	226	3	0	9	133	112	49	145	4219	203877	5349824	57848991	65577659	54254861	790351	3369	42	33	22	11	4	20	29	100	145	56	2221	 
1482	258	3	0	1	9	8	13	105	4652	513112	28981717	65408961	63353464	13838494	72084	899	22	13	12	15	11	50	78	271	265	74	4142	 
766	262	2	0	2	5	5	9	82	7208	2042035	52000673	66142984	59704343	4891798	36612	728	10	4	3	4	10	62	108	280	269	103	11629	 
2294	1209	9	0	11	56	31	36	265	50314	10230711	63362889	66263044	47732427	2640387	21509	538	4	0	0	3	36	341	370	487	138	81	11097	 
2544	886	10	0	75	1244	413	415	1846	142501	16176716	61151117	63096498	17526553	835122	25435	1824	12	0	0	4	61	659	443	235	28	11	1505	 
768	82	1	0	297	772	722	2035	7765	350217	5712112	22385477	18575086	2862355	436560	39131	7736	76	7	4	6	71	337	253	106	11	6	489	 
INFO: [SIM 1] CSim done with 0 errors.
INFO: [SIM 3] *************** CSIM finish ***************
