

================================================================
== Vitis HLS Report for 'conv5'
================================================================
* Date:           Wed Feb 28 00:01:08 2024

* Version:        2022.1 (Build 3526262 on Mon Apr 18 15:47:01 MDT 2022)
* Project:        123
* Solution:       solution1 (Vivado IP Flow Target)
* Product family: zynquplus
* Target device:  xczu7ev-ffvc1156-2-e


================================================================
== Performance Estimates
================================================================
+ Timing: 
    * Summary: 
    +--------+----------+----------+------------+
    |  Clock |  Target  | Estimated| Uncertainty|
    +--------+----------+----------+------------+
    |ap_clk  |  10.00 ns|  7.149 ns|     2.70 ns|
    +--------+----------+----------+------------+

+ Latency: 
    * Summary: 
    +---------+---------+----------+----------+-----+-----+----------+
    |  Latency (cycles) |  Latency (absolute) |  Interval | Pipeline |
    |   min   |   max   |    min   |    max   | min | max |   Type   |
    +---------+---------+----------+----------+-----+-----+----------+
    |      814|      814|  8.140 us|  8.140 us|  815|  815|  dataflow|
    +---------+---------+----------+----------+-----+-----+----------+

    + Detail: 
        * Instance: 
        +------------------------------+---------------------------+---------+---------+----------+----------+-----+-----+---------+
        |                              |                           |  Latency (cycles) |  Latency (absolute) |  Interval | Pipeline|
        |           Instance           |           Module          |   min   |   max   |    min   |    max   | min | max |   Type  |
        +------------------------------+---------------------------+---------+---------+----------+----------+-----+-----+---------+
        |conv5_Loop_CHeight_proc24_U0  |conv5_Loop_CHeight_proc24  |      814|      814|  8.140 us|  8.140 us|  814|  814|       no|
        +------------------------------+---------------------------+---------+---------+----------+----------+-----+-----+---------+

        * Loop: 
        N/A



================================================================
== Utilization Estimates
================================================================
* Summary: 
+-----------------+---------+------+--------+--------+-----+
|       Name      | BRAM_18K|  DSP |   FF   |   LUT  | URAM|
+-----------------+---------+------+--------+--------+-----+
|DSP              |        -|     -|       -|       -|    -|
|Expression       |        -|     -|       -|       -|    -|
|FIFO             |        -|     -|       -|       -|    -|
|Instance         |        -|  1152|   52935|   59730|    -|
|Memory           |        -|     -|       -|       -|    -|
|Multiplexer      |        -|     -|       -|       9|    -|
|Register         |        -|     -|       1|       -|    -|
+-----------------+---------+------+--------+--------+-----+
|Total            |        0|  1152|   52936|   59739|    0|
+-----------------+---------+------+--------+--------+-----+
|Available        |      624|  1728|  460800|  230400|   96|
+-----------------+---------+------+--------+--------+-----+
|Utilization (%)  |        0|    66|      11|      25|    0|
+-----------------+---------+------+--------+--------+-----+

+ Detail: 
    * Instance: 
    +------------------------------+---------------------------+---------+------+-------+-------+-----+
    |           Instance           |           Module          | BRAM_18K|  DSP |   FF  |  LUT  | URAM|
    +------------------------------+---------------------------+---------+------+-------+-------+-----+
    |conv5_Loop_CHeight_proc24_U0  |conv5_Loop_CHeight_proc24  |        0|  1152|  52935|  59730|    0|
    +------------------------------+---------------------------+---------+------+-------+-------+-----+
    |Total                         |                           |        0|  1152|  52935|  59730|    0|
    +------------------------------+---------------------------+---------+------+-------+-------+-----+

    * DSP: 
    N/A

    * Memory: 
    N/A

    * FIFO: 
    N/A

    * Expression: 
    N/A

    * Multiplexer: 
    +------------+----+-----------+-----+-----------+
    |    Name    | LUT| Input Size| Bits| Total Bits|
    +------------+----+-----------+-----+-----------+
    |real_start  |   9|          2|    1|          2|
    +------------+----+-----------+-----+-----------+
    |Total       |   9|          2|    1|          2|
    +------------+----+-----------+-----+-----------+

    * Register: 
    +----------------+---+----+-----+-----------+
    |      Name      | FF| LUT| Bits| Const Bits|
    +----------------+---+----+-----+-----------+
    |start_once_reg  |  1|   0|    1|          0|
    +----------------+---+----+-----+-----------+
    |Total           |  1|   0|    1|          0|
    +----------------+---+----+-----+-----------+



================================================================
== Interface
================================================================
* Summary: 
+-----------------------+-----+-----+------------+---------------+--------------+
|       RTL Ports       | Dir | Bits|  Protocol  | Source Object |    C Type    |
+-----------------------+-----+-----+------------+---------------+--------------+
|ap_start               |   in|    1|  ap_ctrl_hs|          conv5|  return value|
|start_full_n           |   in|    1|  ap_ctrl_hs|          conv5|  return value|
|start_out              |  out|    1|  ap_ctrl_hs|          conv5|  return value|
|start_write            |  out|    1|  ap_ctrl_hs|          conv5|  return value|
|ap_clk                 |   in|    1|  ap_ctrl_hs|          conv5|  return value|
|ap_rst                 |   in|    1|  ap_ctrl_hs|          conv5|  return value|
|ap_done                |  out|    1|  ap_ctrl_hs|          conv5|  return value|
|ap_ready               |  out|    1|  ap_ctrl_hs|          conv5|  return value|
|ap_idle                |  out|    1|  ap_ctrl_hs|          conv5|  return value|
|ap_continue            |   in|    1|  ap_ctrl_hs|          conv5|  return value|
|upsamp4_out23_dout     |   in|   32|     ap_fifo|  upsamp4_out23|       pointer|
|upsamp4_out23_empty_n  |   in|    1|     ap_fifo|  upsamp4_out23|       pointer|
|upsamp4_out23_read     |  out|    1|     ap_fifo|  upsamp4_out23|       pointer|
|conv5_out24_din        |  out|   32|     ap_fifo|    conv5_out24|       pointer|
|conv5_out24_full_n     |   in|    1|     ap_fifo|    conv5_out24|       pointer|
|conv5_out24_write      |  out|    1|     ap_fifo|    conv5_out24|       pointer|
+-----------------------+-----+-----+------------+---------------+--------------+

============================================================
+ Verbose Summary: Synthesis Manager
============================================================
InlineROM: 1
ExposeGlobal: 0
============================================================
+ Verbose Summary: CDFG Model
============================================================
IsTopModel: 0
ResetActiveHigh: 1
IsCombinational: 2
IsDatapathOnly: 0
HasWiredReturn: 1
HasMFsm: 0
HasVarLatency: 1
IsPipeline: 0
IsRtlPipelined: 0
IsInstanceOverlapped: 0
IsDontTouch: 0
HasImplIP: 0
IsGatedGlobalClock: 0


============================================================
+ Verbose Summary: Schedule
============================================================
* Number of FSM states : 2
* Pipeline : 0
* Dataflow Pipeline: 1
  DF-Pipeline-0: Size = 2, States = { 1 2 }

* FSM state transitions: 
1 --> 2 
2 --> 

* FSM state operations: 

State 1 <SV = 0> <Delay = 0.00>
ST_1 : Operation 3 [2/2] (0.00ns)   --->   "%call_ln0 = call void @conv5_Loop_CHeight_proc24, i32 %conv5_out24, i32 %upsamp4_out23"   --->   Operation 3 'call' 'call_ln0' <Predicate = true> <Delay = 0.00> <CoreType = "Generic">   --->   Core 0 '' <Latency = 0> <II = 1> <Delay = 1.00> <Generic> <Opcode : >

State 2 <SV = 1> <Delay = 0.00>
ST_2 : Operation 4 [1/1] (0.00ns)   --->   "%specdataflowpipeline_ln204 = specdataflowpipeline void @_ssdm_op_SpecDataflowPipeline, i32 4294967295, i32 0, void @empty_7" [AutoEncoder.cpp:204]   --->   Operation 4 'specdataflowpipeline' 'specdataflowpipeline_ln204' <Predicate = true> <Delay = 0.00>
ST_2 : Operation 5 [1/1] (0.00ns)   --->   "%specinterface_ln0 = specinterface void @_ssdm_op_SpecInterface, i32 %conv5_out24, void @empty_6, i32 0, i32 0, void @empty_7, i32 0, i32 0, void @empty_7, void @empty_7, void @empty_7, i32 0, i32 0, i32 0, i32 0, void @empty_7, void @empty_7, i32 4294967295, i32 0"   --->   Operation 5 'specinterface' 'specinterface_ln0' <Predicate = true> <Delay = 0.00>
ST_2 : Operation 6 [1/1] (0.00ns)   --->   "%specinterface_ln0 = specinterface void @_ssdm_op_SpecInterface, i32 %upsamp4_out23, void @empty_6, i32 0, i32 0, void @empty_7, i32 0, i32 0, void @empty_7, void @empty_7, void @empty_7, i32 0, i32 0, i32 0, i32 0, void @empty_7, void @empty_7, i32 4294967295, i32 0"   --->   Operation 6 'specinterface' 'specinterface_ln0' <Predicate = true> <Delay = 0.00>
ST_2 : Operation 7 [1/2] (0.00ns)   --->   "%call_ln0 = call void @conv5_Loop_CHeight_proc24, i32 %conv5_out24, i32 %upsamp4_out23"   --->   Operation 7 'call' 'call_ln0' <Predicate = true> <Delay = 0.00> <CoreType = "Generic">   --->   Core 0 '' <Latency = 0> <II = 1> <Delay = 1.00> <Generic> <Opcode : >
ST_2 : Operation 8 [1/1] (0.00ns)   --->   "%ret_ln209 = ret" [AutoEncoder.cpp:209]   --->   Operation 8 'ret' 'ret_ln209' <Predicate = true> <Delay = 0.00>


============================================================
+ Verbose Summary: Binding
============================================================
STG Binding: 
---------------- STG Properties BEGIN ----------------
- Is combinational: 0
- Is one-state seq: 0
- Is datapath-only: 0
- Is pipelined: 0
- Is top level: 0
Port [ Return ] is wired: 1; IO mode=ap_ctrl_hs:ce=0
Port [ upsamp4_out23]:  wired=1; compound=1; hidden=0; nouse=0; global=0; static=0; extern=0; dir=0; type=3; pingpong=0; private_global=0; IO mode=ap_fifo:ce=0
Port [ conv5_out24]:  wired=1; compound=1; hidden=0; nouse=0; global=0; static=0; extern=0; dir=1; type=3; pingpong=0; private_global=0; IO mode=ap_fifo:ce=0
---------------- STG Properties END ------------------

---------------- Datapath Model BEGIN ----------------

<LifeTime>
<method=bitvector/>
specdataflowpipeline_ln204 (specdataflowpipeline) [ 000]
specinterface_ln0          (specinterface       ) [ 000]
specinterface_ln0          (specinterface       ) [ 000]
call_ln0                   (call                ) [ 000]
ret_ln209                  (ret                 ) [ 000]
</LifeTime>

<model>

<comp_list>
<comp id="0" class="1000" name="upsamp4_out23">
<pin_list>
<pin id="1" dir="1" index="0" bw="1" slack="0"/>
</pin_list>
<bind>
<StgValue><ssdm name="upsamp4_out23"/></StgValue>
</bind>
</comp>

<comp id="2" class="1000" name="conv5_out24">
<pin_list>
<pin id="3" dir="1" index="0" bw="1" slack="0"/>
</pin_list>
<bind>
<StgValue><ssdm name="conv5_out24"/></StgValue>
</bind>
</comp>

<comp id="4" class="1001" name="const_4">
<pin_list>
<pin id="5" dir="1" index="0" bw="1" slack="0"/>
</pin_list>
<bind>
<StgValue><ssdm name="conv5_Loop_CHeight_proc24"/></StgValue>
</bind>
</comp>

<comp id="6" class="1001" name="const_6">
<pin_list>
<pin id="7" dir="1" index="0" bw="1" slack="2147483647"/>
</pin_list>
<bind>
<StgValue><ssdm name="_ssdm_op_SpecDataflowPipeline"/></StgValue>
</bind>
</comp>

<comp id="8" class="1001" name="const_8">
<pin_list>
<pin id="9" dir="1" index="0" bw="1" slack="2147483647"/>
</pin_list>
<bind>
<StgValue><ssdm name=""/></StgValue>
</bind>
</comp>

<comp id="10" class="1001" name="const_10">
<pin_list>
<pin id="11" dir="1" index="0" bw="1" slack="2147483647"/>
</pin_list>
<bind>
<StgValue><ssdm name=""/></StgValue>
</bind>
</comp>

<comp id="12" class="1001" name="const_12">
<pin_list>
<pin id="13" dir="1" index="0" bw="1" slack="2147483647"/>
</pin_list>
<bind>
<StgValue><ssdm name="empty_7"/></StgValue>
</bind>
</comp>

<comp id="14" class="1001" name="const_14">
<pin_list>
<pin id="15" dir="1" index="0" bw="1" slack="2147483647"/>
</pin_list>
<bind>
<StgValue><ssdm name="_ssdm_op_SpecInterface"/></StgValue>
</bind>
</comp>

<comp id="16" class="1001" name="const_16">
<pin_list>
<pin id="17" dir="1" index="0" bw="1" slack="2147483647"/>
</pin_list>
<bind>
<StgValue><ssdm name="empty_6"/></StgValue>
</bind>
</comp>

<comp id="18" class="1004" name="grp_conv5_Loop_CHeight_proc24_fu_18">
<pin_list>
<pin id="19" dir="0" index="0" bw="0" slack="0"/>
<pin id="20" dir="0" index="1" bw="32" slack="0"/>
<pin id="21" dir="0" index="2" bw="32" slack="0"/>
<pin id="22" dir="1" index="3" bw="0" slack="2147483647"/>
</pin_list>
<bind>
<opcode="call(48) " fcode="call"/>
<opset="call_ln0/1 "/>
</bind>
</comp>

</comp_list>

<net_list>
<net id="23"><net_src comp="4" pin="0"/><net_sink comp="18" pin=0"/></net>

<net id="24"><net_src comp="2" pin="0"/><net_sink comp="18" pin=1"/></net>

<net id="25"><net_src comp="0" pin="0"/><net_sink comp="18" pin=2"/></net>

</net_list>

</model> 
---------------- Datapath Model END ------------------

* FSMD analyzer results:
  - Output states:
	Port: conv5_out24 | {1 2 }
 - Input state : 
	Port: conv5 : upsamp4_out23 | {1 2 }
  - Chain level:
	State 1
	State 2


============================================================
+ Verbose Summary: Datapath Resource usage 
============================================================

* Functional unit list:
|----------|-------------------------------------|---------|---------|---------|---------|
| Operation|           Functional Unit           |   DSP   |  Delay  |    FF   |   LUT   |
|----------|-------------------------------------|---------|---------|---------|---------|
|   call   | grp_conv5_Loop_CHeight_proc24_fu_18 |   1152  |   3.71  |  52826  |  59356  |
|----------|-------------------------------------|---------|---------|---------|---------|
|   Total  |                                     |   1152  |   3.71  |  52826  |  59356  |
|----------|-------------------------------------|---------|---------|---------|---------|

Memories:
N/A

* Register list:
N/A

* Multiplexer (MUX) list: 
|--------|------|------|------|--------|
|  Comp  |  Pin | Size |  BW  | S x BW |
|--------|------|------|------|--------|
|  Total |      |      |      |    0   |
|--------|------|------|------|--------|



* Summary:
+-----------+--------+--------+--------+--------+
|           |   DSP  |  Delay |   FF   |   LUT  |
+-----------+--------+--------+--------+--------+
|  Function |  1152  |    3   |  52826 |  59356 |
|   Memory  |    -   |    -   |    -   |    -   |
|Multiplexer|    -   |    -   |    -   |    -   |
|  Register |    -   |    -   |    -   |    -   |
+-----------+--------+--------+--------+--------+
|   Total   |  1152  |    3   |  52826 |  59356 |
+-----------+--------+--------+--------+--------+
