

================================================================
== Vitis HLS Report for 'castOut'
================================================================
* Date:           Tue Feb 27 17:36:28 2024

* Version:        2022.1 (Build 3526262 on Mon Apr 18 15:47:01 MDT 2022)
* Project:        SoC
* Solution:       solution1 (Vivado IP Flow Target)
* Product family: zynquplus
* Target device:  xczu7ev-ffvc1156-2-e


================================================================
== Performance Estimates
================================================================
+ Timing: 
    * Summary: 
    +--------+----------+----------+------------+
    |  Clock |  Target  | Estimated| Uncertainty|
    +--------+----------+----------+------------+
    |ap_clk  |  10.00 ns|  1.838 ns|     2.70 ns|
    +--------+----------+----------+------------+

+ Latency: 
    * Summary: 
    +---------+---------+----------+----------+-----+-----+---------+
    |  Latency (cycles) |  Latency (absolute) |  Interval | Pipeline|
    |   min   |   max   |    min   |    max   | min | max |   Type  |
    +---------+---------+----------+----------+-----+-----+---------+
    |      131|      131|  1.310 us|  1.310 us|  131|  131|       no|
    +---------+---------+----------+----------+-----+-----+---------+

    + Detail: 
        * Instance: 
        N/A

        * Loop: 
        +-------------------+---------+---------+----------+-----------+-----------+------+----------+
        |                   |  Latency (cycles) | Iteration|  Initiation Interval  | Trip |          |
        |     Loop Name     |   min   |   max   |  Latency |  achieved |   target  | Count| Pipelined|
        +-------------------+---------+---------+----------+-----------+-----------+------+----------+
        |- VITIS_LOOP_26_1  |      129|      129|         3|          1|          1|   128|       yes|
        +-------------------+---------+---------+----------+-----------+-----------+------+----------+

============================================================
+ Verbose Summary: Synthesis Manager
============================================================
InlineROM: 1
ExposeGlobal: 0
============================================================
+ Verbose Summary: CDFG Model
============================================================
IsTopModel: 0
ResetActiveHigh: 1
IsCombinational: 2
IsDatapathOnly: 0
HasWiredReturn: 1
HasMFsm: 2
HasVarLatency: 1
IsPipeline: 0
IsRtlPipelined: 0
IsInstanceOverlapped: 0
IsDontTouch: 0
HasImplIP: 0
IsGatedGlobalClock: 0

+ Individual pipeline summary: 
  * Pipeline-0: initiation interval (II) = 1, depth = 3


============================================================
+ Verbose Summary: Schedule
============================================================
* Number of FSM states : 3
* Pipeline : 1
  Pipeline-0 : II = 1, D = 3, States = { 1 2 3 }
* Dataflow Pipeline: 0

* FSM state transitions: 
1 --> 2 
2 --> 3 
3 --> 

* FSM state operations: 

State 1 <SV = 0> <Delay = 1.27>
ST_1 : Operation 6 [1/1] (0.00ns)   --->   "%i = alloca i32 1"   --->   Operation 6 'alloca' 'i' <Predicate = true> <Delay = 0.00>
ST_1 : Operation 7 [1/1] (0.00ns)   --->   "%specinterface_ln0 = specinterface void @_ssdm_op_SpecInterface, i32 %full_out_float16, void @empty_6, i32 0, i32 0, void @empty_1, i32 0, i32 0, void @empty_1, void @empty_1, void @empty_1, i32 0, i32 0, i32 0, i32 0, void @empty_1, void @empty_1, i32 4294967295, i32 0"   --->   Operation 7 'specinterface' 'specinterface_ln0' <Predicate = true> <Delay = 0.00>
ST_1 : Operation 8 [1/1] (0.00ns)   --->   "%specinterface_ln0 = specinterface void @_ssdm_op_SpecInterface, i6 %full_out_AXI_V_dest_V, i5 %full_out_AXI_V_id_V, i1 %full_out_AXI_V_last_V, i2 %full_out_AXI_V_user_V, i4 %full_out_AXI_V_strb_V, i4 %full_out_AXI_V_keep_V, i32 %full_out_AXI_V_data_V, void @empty_5, i32 1, i32 1, void @empty_4, i32 0, i32 128, void @empty_1, void @empty_1, void @empty_1, i32 0, i32 0, i32 0, i32 0, void @empty_1, void @empty_1, i32 4294967295, i32 0"   --->   Operation 8 'specinterface' 'specinterface_ln0' <Predicate = true> <Delay = 0.00>
ST_1 : Operation 9 [1/1] (0.42ns)   --->   "%store_ln26 = store i8 0, i8 %i" [encode.cpp:26]   --->   Operation 9 'store' 'store_ln26' <Predicate = true> <Delay = 0.42>
ST_1 : Operation 10 [1/1] (0.00ns)   --->   "%br_ln26 = br void %for.inc" [encode.cpp:26]   --->   Operation 10 'br' 'br_ln26' <Predicate = true> <Delay = 0.00>
ST_1 : Operation 11 [1/1] (0.00ns)   --->   "%i_1 = load i8 %i" [encode.cpp:26]   --->   Operation 11 'load' 'i_1' <Predicate = true> <Delay = 0.00>
ST_1 : Operation 12 [1/1] (0.84ns)   --->   "%icmp_ln26 = icmp_eq  i8 %i_1, i8 128" [encode.cpp:26]   --->   Operation 12 'icmp' 'icmp_ln26' <Predicate = true> <Delay = 0.84> <CoreInst = "Cmp">   --->   Core 9 'Cmp' <Latency = 0> <II = 1> <Delay = 0.84> <FuncUnit> <Opcode : 'icmp'> <InPorts = 2> <OutPorts = 1>
ST_1 : Operation 13 [1/1] (0.00ns)   --->   "%empty = speclooptripcount i32 @_ssdm_op_SpecLoopTripCount, i64 128, i64 128, i64 128"   --->   Operation 13 'speclooptripcount' 'empty' <Predicate = true> <Delay = 0.00>
ST_1 : Operation 14 [1/1] (0.76ns)   --->   "%i_2 = add i8 %i_1, i8 1" [encode.cpp:26]   --->   Operation 14 'add' 'i_2' <Predicate = true> <Delay = 0.76> <CoreInst = "Adder">   --->   Core 1 'Adder' <Latency = 0> <II = 1> <Delay = 0.76> <FuncUnit> <Opcode : 'add' 'sub'> <InPorts = 2> <OutPorts = 1>
ST_1 : Operation 15 [1/1] (0.00ns)   --->   "%br_ln26 = br i1 %icmp_ln26, void %for.inc.split, void %for.end" [encode.cpp:26]   --->   Operation 15 'br' 'br_ln26' <Predicate = true> <Delay = 0.00>
ST_1 : Operation 16 [1/1] (0.42ns)   --->   "%store_ln26 = store i8 %i_2, i8 %i" [encode.cpp:26]   --->   Operation 16 'store' 'store_ln26' <Predicate = (!icmp_ln26)> <Delay = 0.42>

State 2 <SV = 1> <Delay = 1.83>
ST_2 : Operation 17 [1/1] (1.83ns)   --->   "%raw_data_V = read i32 @_ssdm_op_Read.ap_fifo.volatile.i32P0A, i32 %full_out_float16" [/tools/Xilinx/Vitis_HLS/2022.1/common/technology/autopilot/hls_stream_39.h:145]   --->   Operation 17 'read' 'raw_data_V' <Predicate = true> <Delay = 1.83> <CoreInst = "FIFO_SRL">   --->   Core 81 'FIFO_SRL' <Latency = 0> <II = 1> <Delay = 1.83> <Storage> <Opcode : 'read' 'write' 'nbread' 'nbwrite'> <Ports = 0> <Width = 32> <Depth = 2> <FIFO>
ST_2 : Operation 18 [2/2] (0.00ns)   --->   "%write_ln304 = write void @_ssdm_op_Write.axis.volatile.i32P0A.i4P0A.i4P0A.i2P0A.i1P0A.i5P0A.i6P0A, i32 %full_out_AXI_V_data_V, i4 %full_out_AXI_V_keep_V, i4 %full_out_AXI_V_strb_V, i2 %full_out_AXI_V_user_V, i1 %full_out_AXI_V_last_V, i5 %full_out_AXI_V_id_V, i6 %full_out_AXI_V_dest_V, i32 %raw_data_V, i4 0, i4 0, i2 0, i1 0, i5 0, i6 0"   --->   Operation 18 'write' 'write_ln304' <Predicate = true> <Delay = 0.00> <CoreInst = "axis">   --->   Core 123 'axis' <Latency = 0> <II = 1> <Delay = 1.00> <Adapter> <Opcode : >
ST_2 : Operation 23 [1/1] (0.00ns)   --->   "%ret_ln40 = ret" [encode.cpp:40]   --->   Operation 23 'ret' 'ret_ln40' <Predicate = (icmp_ln26)> <Delay = 0.00>

State 3 <SV = 2> <Delay = 0.00>
ST_3 : Operation 19 [1/1] (0.00ns)   --->   "%specpipeline_ln27 = specpipeline void @_ssdm_op_SpecPipeline, i32 4294967295, i32 0, i32 0, i32 0, void @empty_1" [encode.cpp:27]   --->   Operation 19 'specpipeline' 'specpipeline_ln27' <Predicate = true> <Delay = 0.00>
ST_3 : Operation 20 [1/1] (0.00ns)   --->   "%specloopname_ln0 = specloopname void @_ssdm_op_SpecLoopName, void @empty_2" [/tools/Xilinx/Vitis_HLS/2022.1/common/technology/autopilot/hls_stream_39.h:0]   --->   Operation 20 'specloopname' 'specloopname_ln0' <Predicate = true> <Delay = 0.00>
ST_3 : Operation 21 [1/2] (0.00ns)   --->   "%write_ln304 = write void @_ssdm_op_Write.axis.volatile.i32P0A.i4P0A.i4P0A.i2P0A.i1P0A.i5P0A.i6P0A, i32 %full_out_AXI_V_data_V, i4 %full_out_AXI_V_keep_V, i4 %full_out_AXI_V_strb_V, i2 %full_out_AXI_V_user_V, i1 %full_out_AXI_V_last_V, i5 %full_out_AXI_V_id_V, i6 %full_out_AXI_V_dest_V, i32 %raw_data_V, i4 0, i4 0, i2 0, i1 0, i5 0, i6 0"   --->   Operation 21 'write' 'write_ln304' <Predicate = true> <Delay = 0.00> <CoreInst = "axis">   --->   Core 123 'axis' <Latency = 0> <II = 1> <Delay = 1.00> <Adapter> <Opcode : >
ST_3 : Operation 22 [1/1] (0.00ns)   --->   "%br_ln26 = br void %for.inc" [encode.cpp:26]   --->   Operation 22 'br' 'br_ln26' <Predicate = true> <Delay = 0.00>


============================================================
+ Verbose Summary: Binding
============================================================
STG Binding: 
---------------- STG Properties BEGIN ----------------
- Is combinational: 0
- Is one-state seq: 0
- Is datapath-only: 0
- Is pipelined: 0
- Is top level: 0
Port [ Return ] is wired: 1; IO mode=ap_ctrl_hs:ce=0
Port [ full_out_float16]:  wired=1; compound=1; hidden=0; nouse=0; global=0; static=0; extern=0; dir=0; type=3; pingpong=0; private_global=0; IO mode=ap_fifo:ce=0
Port [ full_out_AXI_V_data_V]:  wired=1; compound=1; hidden=0; nouse=0; global=0; static=0; extern=0; dir=1; type=0; pingpong=0; private_global=0; IO mode=axis:ce=0
Port [ full_out_AXI_V_keep_V]:  wired=1; compound=1; hidden=0; nouse=0; global=0; static=0; extern=0; dir=1; type=0; pingpong=0; private_global=0; IO mode=axis:ce=0
Port [ full_out_AXI_V_strb_V]:  wired=1; compound=1; hidden=0; nouse=0; global=0; static=0; extern=0; dir=1; type=0; pingpong=0; private_global=0; IO mode=axis:ce=0
Port [ full_out_AXI_V_user_V]:  wired=1; compound=1; hidden=0; nouse=0; global=0; static=0; extern=0; dir=1; type=0; pingpong=0; private_global=0; IO mode=axis:ce=0
Port [ full_out_AXI_V_last_V]:  wired=1; compound=1; hidden=0; nouse=0; global=0; static=0; extern=0; dir=1; type=0; pingpong=0; private_global=0; IO mode=axis:ce=0
Port [ full_out_AXI_V_id_V]:  wired=1; compound=1; hidden=0; nouse=0; global=0; static=0; extern=0; dir=1; type=0; pingpong=0; private_global=0; IO mode=axis:ce=0
Port [ full_out_AXI_V_dest_V]:  wired=1; compound=1; hidden=0; nouse=0; global=0; static=0; extern=0; dir=1; type=0; pingpong=0; private_global=0; IO mode=axis:ce=0
---------------- STG Properties END ------------------

---------------- Datapath Model BEGIN ----------------

<LifeTime>
<method=bitvector/>
i                 (alloca           ) [ 0100]
specinterface_ln0 (specinterface    ) [ 0000]
specinterface_ln0 (specinterface    ) [ 0000]
store_ln26        (store            ) [ 0000]
br_ln26           (br               ) [ 0000]
i_1               (load             ) [ 0000]
icmp_ln26         (icmp             ) [ 0110]
empty             (speclooptripcount) [ 0000]
i_2               (add              ) [ 0000]
br_ln26           (br               ) [ 0000]
store_ln26        (store            ) [ 0000]
raw_data_V        (read             ) [ 0101]
specpipeline_ln27 (specpipeline     ) [ 0000]
specloopname_ln0  (specloopname     ) [ 0000]
write_ln304       (write            ) [ 0000]
br_ln26           (br               ) [ 0000]
ret_ln40          (ret              ) [ 0000]
</LifeTime>

<model>

<comp_list>
<comp id="0" class="1000" name="full_out_float16">
<pin_list>
<pin id="1" dir="1" index="0" bw="1" slack="0"/>
</pin_list>
<bind>
<StgValue><ssdm name="full_out_float16"/></StgValue>
</bind>
</comp>

<comp id="2" class="1000" name="full_out_AXI_V_data_V">
<pin_list>
<pin id="3" dir="1" index="0" bw="1" slack="0"/>
</pin_list>
<bind>
<StgValue><ssdm name="full_out_AXI_V_data_V"/></StgValue>
</bind>
</comp>

<comp id="4" class="1000" name="full_out_AXI_V_keep_V">
<pin_list>
<pin id="5" dir="1" index="0" bw="1" slack="0"/>
</pin_list>
<bind>
<StgValue><ssdm name="full_out_AXI_V_keep_V"/></StgValue>
</bind>
</comp>

<comp id="6" class="1000" name="full_out_AXI_V_strb_V">
<pin_list>
<pin id="7" dir="1" index="0" bw="1" slack="0"/>
</pin_list>
<bind>
<StgValue><ssdm name="full_out_AXI_V_strb_V"/></StgValue>
</bind>
</comp>

<comp id="8" class="1000" name="full_out_AXI_V_user_V">
<pin_list>
<pin id="9" dir="1" index="0" bw="1" slack="0"/>
</pin_list>
<bind>
<StgValue><ssdm name="full_out_AXI_V_user_V"/></StgValue>
</bind>
</comp>

<comp id="10" class="1000" name="full_out_AXI_V_last_V">
<pin_list>
<pin id="11" dir="1" index="0" bw="1" slack="0"/>
</pin_list>
<bind>
<StgValue><ssdm name="full_out_AXI_V_last_V"/></StgValue>
</bind>
</comp>

<comp id="12" class="1000" name="full_out_AXI_V_id_V">
<pin_list>
<pin id="13" dir="1" index="0" bw="1" slack="0"/>
</pin_list>
<bind>
<StgValue><ssdm name="full_out_AXI_V_id_V"/></StgValue>
</bind>
</comp>

<comp id="14" class="1000" name="full_out_AXI_V_dest_V">
<pin_list>
<pin id="15" dir="1" index="0" bw="1" slack="0"/>
</pin_list>
<bind>
<StgValue><ssdm name="full_out_AXI_V_dest_V"/></StgValue>
</bind>
</comp>

<comp id="16" class="1001" name="const_16">
<pin_list>
<pin id="17" dir="1" index="0" bw="1" slack="0"/>
</pin_list>
<bind>
<StgValue><ssdm name=""/></StgValue>
</bind>
</comp>

<comp id="18" class="1001" name="const_18">
<pin_list>
<pin id="19" dir="1" index="0" bw="1" slack="2147483647"/>
</pin_list>
<bind>
<StgValue><ssdm name="_ssdm_op_SpecInterface"/></StgValue>
</bind>
</comp>

<comp id="20" class="1001" name="const_20">
<pin_list>
<pin id="21" dir="1" index="0" bw="1" slack="2147483647"/>
</pin_list>
<bind>
<StgValue><ssdm name="empty_6"/></StgValue>
</bind>
</comp>

<comp id="22" class="1001" name="const_22">
<pin_list>
<pin id="23" dir="1" index="0" bw="1" slack="2147483647"/>
</pin_list>
<bind>
<StgValue><ssdm name=""/></StgValue>
</bind>
</comp>

<comp id="24" class="1001" name="const_24">
<pin_list>
<pin id="25" dir="1" index="0" bw="1" slack="2147483647"/>
</pin_list>
<bind>
<StgValue><ssdm name="empty_1"/></StgValue>
</bind>
</comp>

<comp id="26" class="1001" name="const_26">
<pin_list>
<pin id="27" dir="1" index="0" bw="1" slack="2147483647"/>
</pin_list>
<bind>
<StgValue><ssdm name=""/></StgValue>
</bind>
</comp>

<comp id="28" class="1001" name="const_28">
<pin_list>
<pin id="29" dir="1" index="0" bw="1" slack="2147483647"/>
</pin_list>
<bind>
<StgValue><ssdm name="empty_5"/></StgValue>
</bind>
</comp>

<comp id="30" class="1001" name="const_30">
<pin_list>
<pin id="31" dir="1" index="0" bw="1" slack="2147483647"/>
</pin_list>
<bind>
<StgValue><ssdm name="empty_4"/></StgValue>
</bind>
</comp>

<comp id="32" class="1001" name="const_32">
<pin_list>
<pin id="33" dir="1" index="0" bw="1" slack="2147483647"/>
</pin_list>
<bind>
<StgValue><ssdm name=""/></StgValue>
</bind>
</comp>

<comp id="34" class="1001" name="const_34">
<pin_list>
<pin id="35" dir="1" index="0" bw="1" slack="0"/>
</pin_list>
<bind>
<StgValue><ssdm name=""/></StgValue>
</bind>
</comp>

<comp id="36" class="1001" name="const_36">
<pin_list>
<pin id="37" dir="1" index="0" bw="1" slack="0"/>
</pin_list>
<bind>
<StgValue><ssdm name=""/></StgValue>
</bind>
</comp>

<comp id="38" class="1001" name="const_38">
<pin_list>
<pin id="39" dir="1" index="0" bw="1" slack="2147483647"/>
</pin_list>
<bind>
<StgValue><ssdm name="_ssdm_op_SpecLoopTripCount"/></StgValue>
</bind>
</comp>

<comp id="40" class="1001" name="const_40">
<pin_list>
<pin id="41" dir="1" index="0" bw="1" slack="2147483647"/>
</pin_list>
<bind>
<StgValue><ssdm name=""/></StgValue>
</bind>
</comp>

<comp id="42" class="1001" name="const_42">
<pin_list>
<pin id="43" dir="1" index="0" bw="1" slack="0"/>
</pin_list>
<bind>
<StgValue><ssdm name=""/></StgValue>
</bind>
</comp>

<comp id="44" class="1001" name="const_44">
<pin_list>
<pin id="45" dir="1" index="0" bw="1" slack="0"/>
</pin_list>
<bind>
<StgValue><ssdm name="_ssdm_op_Read.ap_fifo.volatile.i32P0A"/></StgValue>
</bind>
</comp>

<comp id="46" class="1001" name="const_46">
<pin_list>
<pin id="47" dir="1" index="0" bw="1" slack="0"/>
</pin_list>
<bind>
<StgValue><ssdm name="_ssdm_op_Write.axis.volatile.i32P0A.i4P0A.i4P0A.i2P0A.i1P0A.i5P0A.i6P0A"/></StgValue>
</bind>
</comp>

<comp id="48" class="1001" name="const_48">
<pin_list>
<pin id="49" dir="1" index="0" bw="1" slack="0"/>
</pin_list>
<bind>
<StgValue><ssdm name=""/></StgValue>
</bind>
</comp>

<comp id="50" class="1001" name="const_50">
<pin_list>
<pin id="51" dir="1" index="0" bw="1" slack="0"/>
</pin_list>
<bind>
<StgValue><ssdm name=""/></StgValue>
</bind>
</comp>

<comp id="52" class="1001" name="const_52">
<pin_list>
<pin id="53" dir="1" index="0" bw="1" slack="0"/>
</pin_list>
<bind>
<StgValue><ssdm name=""/></StgValue>
</bind>
</comp>

<comp id="54" class="1001" name="const_54">
<pin_list>
<pin id="55" dir="1" index="0" bw="1" slack="0"/>
</pin_list>
<bind>
<StgValue><ssdm name=""/></StgValue>
</bind>
</comp>

<comp id="56" class="1001" name="const_56">
<pin_list>
<pin id="57" dir="1" index="0" bw="1" slack="0"/>
</pin_list>
<bind>
<StgValue><ssdm name=""/></StgValue>
</bind>
</comp>

<comp id="58" class="1001" name="const_58">
<pin_list>
<pin id="59" dir="1" index="0" bw="1" slack="2147483647"/>
</pin_list>
<bind>
<StgValue><ssdm name="_ssdm_op_SpecPipeline"/></StgValue>
</bind>
</comp>

<comp id="60" class="1001" name="const_60">
<pin_list>
<pin id="61" dir="1" index="0" bw="1" slack="2147483647"/>
</pin_list>
<bind>
<StgValue><ssdm name="_ssdm_op_SpecLoopName"/></StgValue>
</bind>
</comp>

<comp id="62" class="1001" name="const_62">
<pin_list>
<pin id="63" dir="1" index="0" bw="1" slack="2147483647"/>
</pin_list>
<bind>
<StgValue><ssdm name="empty_2"/></StgValue>
</bind>
</comp>

<comp id="64" class="1004" name="i_fu_64">
<pin_list>
<pin id="65" dir="0" index="0" bw="1" slack="0"/>
<pin id="66" dir="1" index="1" bw="8" slack="0"/>
</pin_list>
<bind>
<opcode="alloca(26) " fcode="alloca"/>
<opset="i/1 "/>
</bind>
</comp>

<comp id="68" class="1004" name="raw_data_V_read_fu_68">
<pin_list>
<pin id="69" dir="0" index="0" bw="32" slack="0"/>
<pin id="70" dir="0" index="1" bw="32" slack="0"/>
<pin id="71" dir="1" index="2" bw="32" slack="0"/>
</pin_list>
<bind>
<opcode="read(1150) " fcode="read"/>
<opset="raw_data_V/2 "/>
</bind>
</comp>

<comp id="74" class="1004" name="grp_write_fu_74">
<pin_list>
<pin id="75" dir="0" index="0" bw="0" slack="0"/>
<pin id="76" dir="0" index="1" bw="32" slack="0"/>
<pin id="77" dir="0" index="2" bw="4" slack="0"/>
<pin id="78" dir="0" index="3" bw="4" slack="0"/>
<pin id="79" dir="0" index="4" bw="2" slack="0"/>
<pin id="80" dir="0" index="5" bw="1" slack="0"/>
<pin id="81" dir="0" index="6" bw="5" slack="0"/>
<pin id="82" dir="0" index="7" bw="6" slack="0"/>
<pin id="83" dir="0" index="8" bw="32" slack="0"/>
<pin id="84" dir="0" index="9" bw="1" slack="0"/>
<pin id="85" dir="0" index="10" bw="1" slack="0"/>
<pin id="86" dir="0" index="11" bw="1" slack="0"/>
<pin id="87" dir="0" index="12" bw="1" slack="0"/>
<pin id="88" dir="0" index="13" bw="1" slack="0"/>
<pin id="89" dir="0" index="14" bw="1" slack="0"/>
<pin id="90" dir="1" index="15" bw="0" slack="2147483647"/>
</pin_list>
<bind>
<opcode="write(1151) " fcode="write"/>
<opset="write_ln304/2 "/>
</bind>
</comp>

<comp id="106" class="1004" name="store_ln26_store_fu_106">
<pin_list>
<pin id="107" dir="0" index="0" bw="1" slack="0"/>
<pin id="108" dir="0" index="1" bw="8" slack="0"/>
<pin id="109" dir="1" index="2" bw="0" slack="2147483647"/>
</pin_list>
<bind>
<opcode="store(28) " fcode="store"/>
<opset="store_ln26/1 "/>
</bind>
</comp>

<comp id="111" class="1004" name="i_1_load_fu_111">
<pin_list>
<pin id="112" dir="0" index="0" bw="8" slack="0"/>
<pin id="113" dir="1" index="1" bw="8" slack="0"/>
</pin_list>
<bind>
<opcode="load(27) " fcode="load"/>
<opset="i_1/1 "/>
</bind>
</comp>

<comp id="114" class="1004" name="icmp_ln26_fu_114">
<pin_list>
<pin id="115" dir="0" index="0" bw="8" slack="0"/>
<pin id="116" dir="0" index="1" bw="8" slack="0"/>
<pin id="117" dir="1" index="2" bw="1" slack="1"/>
</pin_list>
<bind>
<opcode="icmp(45) " fcode="icmp"/>
<opset="icmp_ln26/1 "/>
</bind>
</comp>

<comp id="120" class="1004" name="i_2_fu_120">
<pin_list>
<pin id="121" dir="0" index="0" bw="8" slack="0"/>
<pin id="122" dir="0" index="1" bw="1" slack="0"/>
<pin id="123" dir="1" index="2" bw="8" slack="0"/>
</pin_list>
<bind>
<opcode="add(8) " fcode="add"/>
<opset="i_2/1 "/>
</bind>
</comp>

<comp id="126" class="1004" name="store_ln26_store_fu_126">
<pin_list>
<pin id="127" dir="0" index="0" bw="8" slack="0"/>
<pin id="128" dir="0" index="1" bw="8" slack="0"/>
<pin id="129" dir="1" index="2" bw="0" slack="2147483647"/>
</pin_list>
<bind>
<opcode="store(28) " fcode="store"/>
<opset="store_ln26/1 "/>
</bind>
</comp>

<comp id="131" class="1005" name="i_reg_131">
<pin_list>
<pin id="132" dir="0" index="0" bw="8" slack="0"/>
<pin id="133" dir="1" index="1" bw="8" slack="0"/>
</pin_list>
<bind>
<opset="i "/>
</bind>
</comp>

<comp id="138" class="1005" name="icmp_ln26_reg_138">
<pin_list>
<pin id="139" dir="0" index="0" bw="1" slack="1"/>
<pin id="140" dir="1" index="1" bw="1" slack="2147483647"/>
</pin_list>
<bind>
<opset="icmp_ln26 "/>
</bind>
</comp>

<comp id="142" class="1005" name="raw_data_V_reg_142">
<pin_list>
<pin id="143" dir="0" index="0" bw="32" slack="1"/>
<pin id="144" dir="1" index="1" bw="32" slack="1"/>
</pin_list>
<bind>
<opset="raw_data_V "/>
</bind>
</comp>

</comp_list>

<net_list>
<net id="67"><net_src comp="16" pin="0"/><net_sink comp="64" pin=0"/></net>

<net id="72"><net_src comp="44" pin="0"/><net_sink comp="68" pin=0"/></net>

<net id="73"><net_src comp="0" pin="0"/><net_sink comp="68" pin=1"/></net>

<net id="91"><net_src comp="46" pin="0"/><net_sink comp="74" pin=0"/></net>

<net id="92"><net_src comp="2" pin="0"/><net_sink comp="74" pin=1"/></net>

<net id="93"><net_src comp="4" pin="0"/><net_sink comp="74" pin=2"/></net>

<net id="94"><net_src comp="6" pin="0"/><net_sink comp="74" pin=3"/></net>

<net id="95"><net_src comp="8" pin="0"/><net_sink comp="74" pin=4"/></net>

<net id="96"><net_src comp="10" pin="0"/><net_sink comp="74" pin=5"/></net>

<net id="97"><net_src comp="12" pin="0"/><net_sink comp="74" pin=6"/></net>

<net id="98"><net_src comp="14" pin="0"/><net_sink comp="74" pin=7"/></net>

<net id="99"><net_src comp="68" pin="2"/><net_sink comp="74" pin=8"/></net>

<net id="100"><net_src comp="48" pin="0"/><net_sink comp="74" pin=9"/></net>

<net id="101"><net_src comp="48" pin="0"/><net_sink comp="74" pin=10"/></net>

<net id="102"><net_src comp="50" pin="0"/><net_sink comp="74" pin=11"/></net>

<net id="103"><net_src comp="52" pin="0"/><net_sink comp="74" pin=12"/></net>

<net id="104"><net_src comp="54" pin="0"/><net_sink comp="74" pin=13"/></net>

<net id="105"><net_src comp="56" pin="0"/><net_sink comp="74" pin=14"/></net>

<net id="110"><net_src comp="34" pin="0"/><net_sink comp="106" pin=0"/></net>

<net id="118"><net_src comp="111" pin="1"/><net_sink comp="114" pin=0"/></net>

<net id="119"><net_src comp="36" pin="0"/><net_sink comp="114" pin=1"/></net>

<net id="124"><net_src comp="111" pin="1"/><net_sink comp="120" pin=0"/></net>

<net id="125"><net_src comp="42" pin="0"/><net_sink comp="120" pin=1"/></net>

<net id="130"><net_src comp="120" pin="2"/><net_sink comp="126" pin=0"/></net>

<net id="134"><net_src comp="64" pin="1"/><net_sink comp="131" pin=0"/></net>

<net id="135"><net_src comp="131" pin="1"/><net_sink comp="106" pin=1"/></net>

<net id="136"><net_src comp="131" pin="1"/><net_sink comp="111" pin=0"/></net>

<net id="137"><net_src comp="131" pin="1"/><net_sink comp="126" pin=1"/></net>

<net id="141"><net_src comp="114" pin="2"/><net_sink comp="138" pin=0"/></net>

<net id="145"><net_src comp="68" pin="2"/><net_sink comp="142" pin=0"/></net>

<net id="146"><net_src comp="142" pin="1"/><net_sink comp="74" pin=8"/></net>

</net_list>

</model> 
---------------- Datapath Model END ------------------

* FSMD analyzer results:
  - Output states:
	Port: full_out_AXI_V_data_V | {3 }
	Port: full_out_AXI_V_keep_V | {3 }
	Port: full_out_AXI_V_strb_V | {3 }
	Port: full_out_AXI_V_user_V | {3 }
	Port: full_out_AXI_V_last_V | {3 }
	Port: full_out_AXI_V_id_V | {3 }
	Port: full_out_AXI_V_dest_V | {3 }
 - Input state : 
	Port: castOut : full_out_float16 | {2 }
  - Chain level:
	State 1
		store_ln26 : 1
		i_1 : 1
		icmp_ln26 : 2
		i_2 : 2
		br_ln26 : 3
		store_ln26 : 3
	State 2
	State 3


============================================================
+ Verbose Summary: Datapath Resource usage 
============================================================

* Functional unit list:
|----------|-----------------------|---------|---------|
| Operation|    Functional Unit    |    FF   |   LUT   |
|----------|-----------------------|---------|---------|
|    add   |       i_2_fu_120      |    0    |    15   |
|----------|-----------------------|---------|---------|
|   icmp   |    icmp_ln26_fu_114   |    0    |    11   |
|----------|-----------------------|---------|---------|
|   read   | raw_data_V_read_fu_68 |    0    |    0    |
|----------|-----------------------|---------|---------|
|   write  |    grp_write_fu_74    |    0    |    0    |
|----------|-----------------------|---------|---------|
|   Total  |                       |    0    |    26   |
|----------|-----------------------|---------|---------|

Memories:
N/A

* Register list:
+------------------+--------+
|                  |   FF   |
+------------------+--------+
|     i_reg_131    |    8   |
| icmp_ln26_reg_138|    1   |
|raw_data_V_reg_142|   32   |
+------------------+--------+
|       Total      |   41   |
+------------------+--------+

* Multiplexer (MUX) list: 
|-----------------|------|------|------|--------||---------||---------|
|       Comp      |  Pin | Size |  BW  | S x BW ||  Delay  ||   LUT   |
|-----------------|------|------|------|--------||---------||---------|
| grp_write_fu_74 |  p8  |   2  |  32  |   64   ||    9    |
|-----------------|------|------|------|--------||---------||---------|
|      Total      |      |      |      |   64   ||  0.427  ||    9    |
|-----------------|------|------|------|--------||---------||---------|



* Summary:
+-----------+--------+--------+--------+
|           |  Delay |   FF   |   LUT  |
+-----------+--------+--------+--------+
|  Function |    -   |    0   |   26   |
|   Memory  |    -   |    -   |    -   |
|Multiplexer|    0   |    -   |    9   |
|  Register |    -   |   41   |    -   |
+-----------+--------+--------+--------+
|   Total   |    0   |   41   |   35   |
+-----------+--------+--------+--------+
