

================================================================
== Vitis HLS Report for 'pool3'
================================================================
* Date:           Tue Feb 27 17:36:27 2024

* Version:        2022.1 (Build 3526262 on Mon Apr 18 15:47:01 MDT 2022)
* Project:        SoC
* Solution:       solution1 (Vivado IP Flow Target)
* Product family: zynquplus
* Target device:  xczu7ev-ffvc1156-2-e


================================================================
== Performance Estimates
================================================================
+ Timing: 
    * Summary: 
    +--------+----------+----------+------------+
    |  Clock |  Target  | Estimated| Uncertainty|
    +--------+----------+----------+------------+
    |ap_clk  |  10.00 ns|  6.866 ns|     2.70 ns|
    +--------+----------+----------+------------+

+ Latency: 
    * Summary: 
    +---------+---------+----------+----------+-----+-----+---------+
    |  Latency (cycles) |  Latency (absolute) |  Interval | Pipeline|
    |   min   |   max   |    min   |    max   | min | max |   Type  |
    +---------+---------+----------+----------+-----+-----+---------+
    |      523|      523|  5.230 us|  5.230 us|  523|  523|       no|
    +---------+---------+----------+----------+-----+-----+---------+

    + Detail: 
        * Instance: 
        +------------------------------------------+-------------------------------+---------+---------+----------+----------+-----+-----+---------+
        |                                          |                               |  Latency (cycles) |  Latency (absolute) |  Interval | Pipeline|
        |                 Instance                 |             Module            |   min   |   max   |    min   |    max   | min | max |   Type  |
        +------------------------------------------+-------------------------------+---------+---------+----------+----------+-----+-----+---------+
        |grp_sp_pool_ap_fixed_32_6_5_3_0_2_fu_274  |sp_pool_ap_fixed_32_6_5_3_0_2  |      522|      522|  5.220 us|  5.220 us|  522|  522|       no|
        +------------------------------------------+-------------------------------+---------+---------+----------+----------+-----+-----+---------+

        * Loop: 
        N/A

============================================================
+ Verbose Summary: Synthesis Manager
============================================================
InlineROM: 1
ExposeGlobal: 0
============================================================
+ Verbose Summary: CDFG Model
============================================================
IsTopModel: 0
ResetActiveHigh: 1
IsCombinational: 2
IsDatapathOnly: 0
HasWiredReturn: 1
HasMFsm: 0
HasVarLatency: 1
IsPipeline: 0
IsRtlPipelined: 0
IsInstanceOverlapped: 0
IsDontTouch: 0
HasImplIP: 0
IsGatedGlobalClock: 0


============================================================
+ Verbose Summary: Schedule
============================================================
* Number of FSM states : 2
* Pipeline : 0
* Dataflow Pipeline: 0

* FSM state transitions: 
1 --> 2 
2 --> 

* FSM state operations: 

State 1 <SV = 0> <Delay = 0.00>
ST_1 : Operation 3 [1/1] (0.00ns)   --->   "%pool_buf3_V = alloca i64 1" [encode.cpp:192]   --->   Operation 3 'alloca' 'pool_buf3_V' <Predicate = true> <Delay = 0.00>
ST_1 : Operation 4 [1/1] (0.00ns)   --->   "%pool_buf3_V_1 = alloca i64 1" [encode.cpp:192]   --->   Operation 4 'alloca' 'pool_buf3_V_1' <Predicate = true> <Delay = 0.00>
ST_1 : Operation 5 [1/1] (0.00ns)   --->   "%pool_buf3_V_2 = alloca i64 1" [encode.cpp:192]   --->   Operation 5 'alloca' 'pool_buf3_V_2' <Predicate = true> <Delay = 0.00>
ST_1 : Operation 6 [1/1] (0.00ns)   --->   "%pool_buf3_V_3 = alloca i64 1" [encode.cpp:192]   --->   Operation 6 'alloca' 'pool_buf3_V_3' <Predicate = true> <Delay = 0.00>
ST_1 : Operation 7 [1/1] (0.00ns)   --->   "%pool_buf3_V_4 = alloca i64 1" [encode.cpp:192]   --->   Operation 7 'alloca' 'pool_buf3_V_4' <Predicate = true> <Delay = 0.00>
ST_1 : Operation 8 [1/1] (0.00ns)   --->   "%pool_buf3_V_5 = alloca i64 1" [encode.cpp:192]   --->   Operation 8 'alloca' 'pool_buf3_V_5' <Predicate = true> <Delay = 0.00>
ST_1 : Operation 9 [1/1] (0.00ns)   --->   "%pool_buf3_V_6 = alloca i64 1" [encode.cpp:192]   --->   Operation 9 'alloca' 'pool_buf3_V_6' <Predicate = true> <Delay = 0.00>
ST_1 : Operation 10 [1/1] (0.00ns)   --->   "%pool_buf3_V_7 = alloca i64 1" [encode.cpp:192]   --->   Operation 10 'alloca' 'pool_buf3_V_7' <Predicate = true> <Delay = 0.00>
ST_1 : Operation 11 [1/1] (0.00ns)   --->   "%pool_buf3_V_8 = alloca i64 1" [encode.cpp:192]   --->   Operation 11 'alloca' 'pool_buf3_V_8' <Predicate = true> <Delay = 0.00>
ST_1 : Operation 12 [1/1] (0.00ns)   --->   "%pool_buf3_V_9 = alloca i64 1" [encode.cpp:192]   --->   Operation 12 'alloca' 'pool_buf3_V_9' <Predicate = true> <Delay = 0.00>
ST_1 : Operation 13 [1/1] (0.00ns)   --->   "%pool_buf3_V_10 = alloca i64 1" [encode.cpp:192]   --->   Operation 13 'alloca' 'pool_buf3_V_10' <Predicate = true> <Delay = 0.00>
ST_1 : Operation 14 [1/1] (0.00ns)   --->   "%pool_buf3_V_11 = alloca i64 1" [encode.cpp:192]   --->   Operation 14 'alloca' 'pool_buf3_V_11' <Predicate = true> <Delay = 0.00>
ST_1 : Operation 15 [1/1] (0.00ns)   --->   "%pool_buf3_V_12 = alloca i64 1" [encode.cpp:192]   --->   Operation 15 'alloca' 'pool_buf3_V_12' <Predicate = true> <Delay = 0.00>
ST_1 : Operation 16 [1/1] (0.00ns)   --->   "%pool_buf3_V_13 = alloca i64 1" [encode.cpp:192]   --->   Operation 16 'alloca' 'pool_buf3_V_13' <Predicate = true> <Delay = 0.00>
ST_1 : Operation 17 [1/1] (0.00ns)   --->   "%pool_buf3_V_14 = alloca i64 1" [encode.cpp:192]   --->   Operation 17 'alloca' 'pool_buf3_V_14' <Predicate = true> <Delay = 0.00>
ST_1 : Operation 18 [1/1] (0.00ns)   --->   "%pool_buf3_V_15 = alloca i64 1" [encode.cpp:192]   --->   Operation 18 'alloca' 'pool_buf3_V_15' <Predicate = true> <Delay = 0.00>
ST_1 : Operation 19 [1/1] (0.00ns)   --->   "%pool_buf3_V_16 = alloca i64 1" [encode.cpp:192]   --->   Operation 19 'alloca' 'pool_buf3_V_16' <Predicate = true> <Delay = 0.00>
ST_1 : Operation 20 [1/1] (0.00ns)   --->   "%pool_buf3_V_17 = alloca i64 1" [encode.cpp:192]   --->   Operation 20 'alloca' 'pool_buf3_V_17' <Predicate = true> <Delay = 0.00>
ST_1 : Operation 21 [1/1] (0.00ns)   --->   "%pool_buf3_V_18 = alloca i64 1" [encode.cpp:192]   --->   Operation 21 'alloca' 'pool_buf3_V_18' <Predicate = true> <Delay = 0.00>
ST_1 : Operation 22 [1/1] (0.00ns)   --->   "%pool_buf3_V_19 = alloca i64 1" [encode.cpp:192]   --->   Operation 22 'alloca' 'pool_buf3_V_19' <Predicate = true> <Delay = 0.00>
ST_1 : Operation 23 [1/1] (0.00ns)   --->   "%pool_buf3_V_20 = alloca i64 1" [encode.cpp:192]   --->   Operation 23 'alloca' 'pool_buf3_V_20' <Predicate = true> <Delay = 0.00>
ST_1 : Operation 24 [1/1] (0.00ns)   --->   "%pool_buf3_V_21 = alloca i64 1" [encode.cpp:192]   --->   Operation 24 'alloca' 'pool_buf3_V_21' <Predicate = true> <Delay = 0.00>
ST_1 : Operation 25 [1/1] (0.00ns)   --->   "%pool_buf3_V_22 = alloca i64 1" [encode.cpp:192]   --->   Operation 25 'alloca' 'pool_buf3_V_22' <Predicate = true> <Delay = 0.00>
ST_1 : Operation 26 [1/1] (0.00ns)   --->   "%pool_buf3_V_23 = alloca i64 1" [encode.cpp:192]   --->   Operation 26 'alloca' 'pool_buf3_V_23' <Predicate = true> <Delay = 0.00>
ST_1 : Operation 27 [1/1] (0.00ns)   --->   "%pool_buf3_V_24 = alloca i64 1" [encode.cpp:192]   --->   Operation 27 'alloca' 'pool_buf3_V_24' <Predicate = true> <Delay = 0.00>
ST_1 : Operation 28 [1/1] (0.00ns)   --->   "%pool_buf3_V_25 = alloca i64 1" [encode.cpp:192]   --->   Operation 28 'alloca' 'pool_buf3_V_25' <Predicate = true> <Delay = 0.00>
ST_1 : Operation 29 [1/1] (0.00ns)   --->   "%pool_buf3_V_26 = alloca i64 1" [encode.cpp:192]   --->   Operation 29 'alloca' 'pool_buf3_V_26' <Predicate = true> <Delay = 0.00>
ST_1 : Operation 30 [1/1] (0.00ns)   --->   "%pool_buf3_V_27 = alloca i64 1" [encode.cpp:192]   --->   Operation 30 'alloca' 'pool_buf3_V_27' <Predicate = true> <Delay = 0.00>
ST_1 : Operation 31 [1/1] (0.00ns)   --->   "%pool_buf3_V_28 = alloca i64 1" [encode.cpp:192]   --->   Operation 31 'alloca' 'pool_buf3_V_28' <Predicate = true> <Delay = 0.00>
ST_1 : Operation 32 [1/1] (0.00ns)   --->   "%pool_buf3_V_29 = alloca i64 1" [encode.cpp:192]   --->   Operation 32 'alloca' 'pool_buf3_V_29' <Predicate = true> <Delay = 0.00>
ST_1 : Operation 33 [1/1] (0.00ns)   --->   "%pool_buf3_V_30 = alloca i64 1" [encode.cpp:192]   --->   Operation 33 'alloca' 'pool_buf3_V_30' <Predicate = true> <Delay = 0.00>
ST_1 : Operation 34 [1/1] (0.00ns)   --->   "%pool_buf3_V_31 = alloca i64 1" [encode.cpp:192]   --->   Operation 34 'alloca' 'pool_buf3_V_31' <Predicate = true> <Delay = 0.00>
ST_1 : Operation 35 [1/1] (0.00ns)   --->   "%pool_buf3_V_32 = alloca i64 1" [encode.cpp:192]   --->   Operation 35 'alloca' 'pool_buf3_V_32' <Predicate = true> <Delay = 0.00>
ST_1 : Operation 36 [1/1] (0.00ns)   --->   "%pool_buf3_V_33 = alloca i64 1" [encode.cpp:192]   --->   Operation 36 'alloca' 'pool_buf3_V_33' <Predicate = true> <Delay = 0.00>
ST_1 : Operation 37 [1/1] (0.00ns)   --->   "%pool_buf3_V_34 = alloca i64 1" [encode.cpp:192]   --->   Operation 37 'alloca' 'pool_buf3_V_34' <Predicate = true> <Delay = 0.00>
ST_1 : Operation 38 [1/1] (0.00ns)   --->   "%pool_buf3_V_35 = alloca i64 1" [encode.cpp:192]   --->   Operation 38 'alloca' 'pool_buf3_V_35' <Predicate = true> <Delay = 0.00>
ST_1 : Operation 39 [1/1] (0.00ns)   --->   "%pool_buf3_V_36 = alloca i64 1" [encode.cpp:192]   --->   Operation 39 'alloca' 'pool_buf3_V_36' <Predicate = true> <Delay = 0.00>
ST_1 : Operation 40 [1/1] (0.00ns)   --->   "%pool_buf3_V_37 = alloca i64 1" [encode.cpp:192]   --->   Operation 40 'alloca' 'pool_buf3_V_37' <Predicate = true> <Delay = 0.00>
ST_1 : Operation 41 [1/1] (0.00ns)   --->   "%pool_buf3_V_38 = alloca i64 1" [encode.cpp:192]   --->   Operation 41 'alloca' 'pool_buf3_V_38' <Predicate = true> <Delay = 0.00>
ST_1 : Operation 42 [1/1] (0.00ns)   --->   "%pool_buf3_V_39 = alloca i64 1" [encode.cpp:192]   --->   Operation 42 'alloca' 'pool_buf3_V_39' <Predicate = true> <Delay = 0.00>
ST_1 : Operation 43 [1/1] (0.00ns)   --->   "%pool_buf3_V_40 = alloca i64 1" [encode.cpp:192]   --->   Operation 43 'alloca' 'pool_buf3_V_40' <Predicate = true> <Delay = 0.00>
ST_1 : Operation 44 [1/1] (0.00ns)   --->   "%pool_buf3_V_41 = alloca i64 1" [encode.cpp:192]   --->   Operation 44 'alloca' 'pool_buf3_V_41' <Predicate = true> <Delay = 0.00>
ST_1 : Operation 45 [1/1] (0.00ns)   --->   "%pool_buf3_V_42 = alloca i64 1" [encode.cpp:192]   --->   Operation 45 'alloca' 'pool_buf3_V_42' <Predicate = true> <Delay = 0.00>
ST_1 : Operation 46 [1/1] (0.00ns)   --->   "%pool_buf3_V_43 = alloca i64 1" [encode.cpp:192]   --->   Operation 46 'alloca' 'pool_buf3_V_43' <Predicate = true> <Delay = 0.00>
ST_1 : Operation 47 [1/1] (0.00ns)   --->   "%pool_buf3_V_44 = alloca i64 1" [encode.cpp:192]   --->   Operation 47 'alloca' 'pool_buf3_V_44' <Predicate = true> <Delay = 0.00>
ST_1 : Operation 48 [1/1] (0.00ns)   --->   "%pool_buf3_V_45 = alloca i64 1" [encode.cpp:192]   --->   Operation 48 'alloca' 'pool_buf3_V_45' <Predicate = true> <Delay = 0.00>
ST_1 : Operation 49 [1/1] (0.00ns)   --->   "%pool_buf3_V_46 = alloca i64 1" [encode.cpp:192]   --->   Operation 49 'alloca' 'pool_buf3_V_46' <Predicate = true> <Delay = 0.00>
ST_1 : Operation 50 [1/1] (0.00ns)   --->   "%pool_buf3_V_47 = alloca i64 1" [encode.cpp:192]   --->   Operation 50 'alloca' 'pool_buf3_V_47' <Predicate = true> <Delay = 0.00>
ST_1 : Operation 51 [1/1] (0.00ns)   --->   "%pool_buf3_V_48 = alloca i64 1" [encode.cpp:192]   --->   Operation 51 'alloca' 'pool_buf3_V_48' <Predicate = true> <Delay = 0.00>
ST_1 : Operation 52 [1/1] (0.00ns)   --->   "%pool_buf3_V_49 = alloca i64 1" [encode.cpp:192]   --->   Operation 52 'alloca' 'pool_buf3_V_49' <Predicate = true> <Delay = 0.00>
ST_1 : Operation 53 [1/1] (0.00ns)   --->   "%pool_buf3_V_50 = alloca i64 1" [encode.cpp:192]   --->   Operation 53 'alloca' 'pool_buf3_V_50' <Predicate = true> <Delay = 0.00>
ST_1 : Operation 54 [1/1] (0.00ns)   --->   "%pool_buf3_V_51 = alloca i64 1" [encode.cpp:192]   --->   Operation 54 'alloca' 'pool_buf3_V_51' <Predicate = true> <Delay = 0.00>
ST_1 : Operation 55 [1/1] (0.00ns)   --->   "%pool_buf3_V_52 = alloca i64 1" [encode.cpp:192]   --->   Operation 55 'alloca' 'pool_buf3_V_52' <Predicate = true> <Delay = 0.00>
ST_1 : Operation 56 [1/1] (0.00ns)   --->   "%pool_buf3_V_53 = alloca i64 1" [encode.cpp:192]   --->   Operation 56 'alloca' 'pool_buf3_V_53' <Predicate = true> <Delay = 0.00>
ST_1 : Operation 57 [1/1] (0.00ns)   --->   "%pool_buf3_V_54 = alloca i64 1" [encode.cpp:192]   --->   Operation 57 'alloca' 'pool_buf3_V_54' <Predicate = true> <Delay = 0.00>
ST_1 : Operation 58 [1/1] (0.00ns)   --->   "%pool_buf3_V_55 = alloca i64 1" [encode.cpp:192]   --->   Operation 58 'alloca' 'pool_buf3_V_55' <Predicate = true> <Delay = 0.00>
ST_1 : Operation 59 [1/1] (0.00ns)   --->   "%pool_buf3_V_56 = alloca i64 1" [encode.cpp:192]   --->   Operation 59 'alloca' 'pool_buf3_V_56' <Predicate = true> <Delay = 0.00>
ST_1 : Operation 60 [1/1] (0.00ns)   --->   "%pool_buf3_V_57 = alloca i64 1" [encode.cpp:192]   --->   Operation 60 'alloca' 'pool_buf3_V_57' <Predicate = true> <Delay = 0.00>
ST_1 : Operation 61 [1/1] (0.00ns)   --->   "%pool_buf3_V_58 = alloca i64 1" [encode.cpp:192]   --->   Operation 61 'alloca' 'pool_buf3_V_58' <Predicate = true> <Delay = 0.00>
ST_1 : Operation 62 [1/1] (0.00ns)   --->   "%pool_buf3_V_59 = alloca i64 1" [encode.cpp:192]   --->   Operation 62 'alloca' 'pool_buf3_V_59' <Predicate = true> <Delay = 0.00>
ST_1 : Operation 63 [1/1] (0.00ns)   --->   "%pool_buf3_V_60 = alloca i64 1" [encode.cpp:192]   --->   Operation 63 'alloca' 'pool_buf3_V_60' <Predicate = true> <Delay = 0.00>
ST_1 : Operation 64 [1/1] (0.00ns)   --->   "%pool_buf3_V_61 = alloca i64 1" [encode.cpp:192]   --->   Operation 64 'alloca' 'pool_buf3_V_61' <Predicate = true> <Delay = 0.00>
ST_1 : Operation 65 [1/1] (0.00ns)   --->   "%pool_buf3_V_62 = alloca i64 1" [encode.cpp:192]   --->   Operation 65 'alloca' 'pool_buf3_V_62' <Predicate = true> <Delay = 0.00>
ST_1 : Operation 66 [1/1] (0.00ns)   --->   "%pool_buf3_V_63 = alloca i64 1" [encode.cpp:192]   --->   Operation 66 'alloca' 'pool_buf3_V_63' <Predicate = true> <Delay = 0.00>
ST_1 : Operation 67 [2/2] (0.00ns)   --->   "%call_ln195 = call void @sp_pool<ap_fixed<32, 6, 5, 3, 0> >.2, i32 %pool_buf3_V, i32 %pool_buf3_V_1, i32 %pool_buf3_V_2, i32 %pool_buf3_V_3, i32 %pool_buf3_V_4, i32 %pool_buf3_V_5, i32 %pool_buf3_V_6, i32 %pool_buf3_V_7, i32 %pool_buf3_V_8, i32 %pool_buf3_V_9, i32 %pool_buf3_V_10, i32 %pool_buf3_V_11, i32 %pool_buf3_V_12, i32 %pool_buf3_V_13, i32 %pool_buf3_V_14, i32 %pool_buf3_V_15, i32 %pool_buf3_V_16, i32 %pool_buf3_V_17, i32 %pool_buf3_V_18, i32 %pool_buf3_V_19, i32 %pool_buf3_V_20, i32 %pool_buf3_V_21, i32 %pool_buf3_V_22, i32 %pool_buf3_V_23, i32 %pool_buf3_V_24, i32 %pool_buf3_V_25, i32 %pool_buf3_V_26, i32 %pool_buf3_V_27, i32 %pool_buf3_V_28, i32 %pool_buf3_V_29, i32 %pool_buf3_V_30, i32 %pool_buf3_V_31, i32 %pool_buf3_V_32, i32 %pool_buf3_V_33, i32 %pool_buf3_V_34, i32 %pool_buf3_V_35, i32 %pool_buf3_V_36, i32 %pool_buf3_V_37, i32 %pool_buf3_V_38, i32 %pool_buf3_V_39, i32 %pool_buf3_V_40, i32 %pool_buf3_V_41, i32 %pool_buf3_V_42, i32 %pool_buf3_V_43, i32 %pool_buf3_V_44, i32 %pool_buf3_V_45, i32 %pool_buf3_V_46, i32 %pool_buf3_V_47, i32 %pool_buf3_V_48, i32 %pool_buf3_V_49, i32 %pool_buf3_V_50, i32 %pool_buf3_V_51, i32 %pool_buf3_V_52, i32 %pool_buf3_V_53, i32 %pool_buf3_V_54, i32 %pool_buf3_V_55, i32 %pool_buf3_V_56, i32 %pool_buf3_V_57, i32 %pool_buf3_V_58, i32 %pool_buf3_V_59, i32 %pool_buf3_V_60, i32 %pool_buf3_V_61, i32 %pool_buf3_V_62, i32 %pool_buf3_V_63, i32 %conv3_out21, i32 %full_out_float16" [encode.cpp:195]   --->   Operation 67 'call' 'call_ln195' <Predicate = true> <Delay = 0.00> <CoreType = "Generic">   --->   Core 0 '' <Latency = 0> <II = 1> <Delay = 1.00> <Generic> <Opcode : >

State 2 <SV = 1> <Delay = 0.00>
ST_2 : Operation 68 [1/1] (0.00ns)   --->   "%specinterface_ln0 = specinterface void @_ssdm_op_SpecInterface, i32 %conv3_out21, void @empty_6, i32 0, i32 0, void @empty_1, i32 0, i32 0, void @empty_1, void @empty_1, void @empty_1, i32 0, i32 0, i32 0, i32 0, void @empty_1, void @empty_1, i32 4294967295, i32 0"   --->   Operation 68 'specinterface' 'specinterface_ln0' <Predicate = true> <Delay = 0.00>
ST_2 : Operation 69 [1/1] (0.00ns)   --->   "%specinterface_ln0 = specinterface void @_ssdm_op_SpecInterface, i32 %full_out_float16, void @empty_6, i32 0, i32 0, void @empty_1, i32 0, i32 0, void @empty_1, void @empty_1, void @empty_1, i32 0, i32 0, i32 0, i32 0, void @empty_1, void @empty_1, i32 4294967295, i32 0"   --->   Operation 69 'specinterface' 'specinterface_ln0' <Predicate = true> <Delay = 0.00>
ST_2 : Operation 70 [1/2] (0.00ns)   --->   "%call_ln195 = call void @sp_pool<ap_fixed<32, 6, 5, 3, 0> >.2, i32 %pool_buf3_V, i32 %pool_buf3_V_1, i32 %pool_buf3_V_2, i32 %pool_buf3_V_3, i32 %pool_buf3_V_4, i32 %pool_buf3_V_5, i32 %pool_buf3_V_6, i32 %pool_buf3_V_7, i32 %pool_buf3_V_8, i32 %pool_buf3_V_9, i32 %pool_buf3_V_10, i32 %pool_buf3_V_11, i32 %pool_buf3_V_12, i32 %pool_buf3_V_13, i32 %pool_buf3_V_14, i32 %pool_buf3_V_15, i32 %pool_buf3_V_16, i32 %pool_buf3_V_17, i32 %pool_buf3_V_18, i32 %pool_buf3_V_19, i32 %pool_buf3_V_20, i32 %pool_buf3_V_21, i32 %pool_buf3_V_22, i32 %pool_buf3_V_23, i32 %pool_buf3_V_24, i32 %pool_buf3_V_25, i32 %pool_buf3_V_26, i32 %pool_buf3_V_27, i32 %pool_buf3_V_28, i32 %pool_buf3_V_29, i32 %pool_buf3_V_30, i32 %pool_buf3_V_31, i32 %pool_buf3_V_32, i32 %pool_buf3_V_33, i32 %pool_buf3_V_34, i32 %pool_buf3_V_35, i32 %pool_buf3_V_36, i32 %pool_buf3_V_37, i32 %pool_buf3_V_38, i32 %pool_buf3_V_39, i32 %pool_buf3_V_40, i32 %pool_buf3_V_41, i32 %pool_buf3_V_42, i32 %pool_buf3_V_43, i32 %pool_buf3_V_44, i32 %pool_buf3_V_45, i32 %pool_buf3_V_46, i32 %pool_buf3_V_47, i32 %pool_buf3_V_48, i32 %pool_buf3_V_49, i32 %pool_buf3_V_50, i32 %pool_buf3_V_51, i32 %pool_buf3_V_52, i32 %pool_buf3_V_53, i32 %pool_buf3_V_54, i32 %pool_buf3_V_55, i32 %pool_buf3_V_56, i32 %pool_buf3_V_57, i32 %pool_buf3_V_58, i32 %pool_buf3_V_59, i32 %pool_buf3_V_60, i32 %pool_buf3_V_61, i32 %pool_buf3_V_62, i32 %pool_buf3_V_63, i32 %conv3_out21, i32 %full_out_float16" [encode.cpp:195]   --->   Operation 70 'call' 'call_ln195' <Predicate = true> <Delay = 0.00> <CoreType = "Generic">   --->   Core 0 '' <Latency = 0> <II = 1> <Delay = 1.00> <Generic> <Opcode : >
ST_2 : Operation 71 [1/1] (0.00ns)   --->   "%ret_ln196 = ret" [encode.cpp:196]   --->   Operation 71 'ret' 'ret_ln196' <Predicate = true> <Delay = 0.00>


============================================================
+ Verbose Summary: Binding
============================================================
STG Binding: 
---------------- STG Properties BEGIN ----------------
- Is combinational: 0
- Is one-state seq: 0
- Is datapath-only: 0
- Is pipelined: 0
- Is top level: 0
Port [ Return ] is wired: 1; IO mode=ap_ctrl_hs:ce=0
Port [ conv3_out21]:  wired=1; compound=1; hidden=0; nouse=0; global=0; static=0; extern=0; dir=0; type=3; pingpong=0; private_global=0; IO mode=ap_fifo:ce=0
Port [ full_out_float16]:  wired=1; compound=1; hidden=0; nouse=0; global=0; static=0; extern=0; dir=1; type=3; pingpong=0; private_global=0; IO mode=ap_fifo:ce=0
---------------- STG Properties END ------------------

---------------- Datapath Model BEGIN ----------------

<LifeTime>
<method=bitvector/>
pool_buf3_V       (alloca       ) [ 011]
pool_buf3_V_1     (alloca       ) [ 011]
pool_buf3_V_2     (alloca       ) [ 011]
pool_buf3_V_3     (alloca       ) [ 011]
pool_buf3_V_4     (alloca       ) [ 011]
pool_buf3_V_5     (alloca       ) [ 011]
pool_buf3_V_6     (alloca       ) [ 011]
pool_buf3_V_7     (alloca       ) [ 011]
pool_buf3_V_8     (alloca       ) [ 011]
pool_buf3_V_9     (alloca       ) [ 011]
pool_buf3_V_10    (alloca       ) [ 011]
pool_buf3_V_11    (alloca       ) [ 011]
pool_buf3_V_12    (alloca       ) [ 011]
pool_buf3_V_13    (alloca       ) [ 011]
pool_buf3_V_14    (alloca       ) [ 011]
pool_buf3_V_15    (alloca       ) [ 011]
pool_buf3_V_16    (alloca       ) [ 011]
pool_buf3_V_17    (alloca       ) [ 011]
pool_buf3_V_18    (alloca       ) [ 011]
pool_buf3_V_19    (alloca       ) [ 011]
pool_buf3_V_20    (alloca       ) [ 011]
pool_buf3_V_21    (alloca       ) [ 011]
pool_buf3_V_22    (alloca       ) [ 011]
pool_buf3_V_23    (alloca       ) [ 011]
pool_buf3_V_24    (alloca       ) [ 011]
pool_buf3_V_25    (alloca       ) [ 011]
pool_buf3_V_26    (alloca       ) [ 011]
pool_buf3_V_27    (alloca       ) [ 011]
pool_buf3_V_28    (alloca       ) [ 011]
pool_buf3_V_29    (alloca       ) [ 011]
pool_buf3_V_30    (alloca       ) [ 011]
pool_buf3_V_31    (alloca       ) [ 011]
pool_buf3_V_32    (alloca       ) [ 011]
pool_buf3_V_33    (alloca       ) [ 011]
pool_buf3_V_34    (alloca       ) [ 011]
pool_buf3_V_35    (alloca       ) [ 011]
pool_buf3_V_36    (alloca       ) [ 011]
pool_buf3_V_37    (alloca       ) [ 011]
pool_buf3_V_38    (alloca       ) [ 011]
pool_buf3_V_39    (alloca       ) [ 011]
pool_buf3_V_40    (alloca       ) [ 011]
pool_buf3_V_41    (alloca       ) [ 011]
pool_buf3_V_42    (alloca       ) [ 011]
pool_buf3_V_43    (alloca       ) [ 011]
pool_buf3_V_44    (alloca       ) [ 011]
pool_buf3_V_45    (alloca       ) [ 011]
pool_buf3_V_46    (alloca       ) [ 011]
pool_buf3_V_47    (alloca       ) [ 011]
pool_buf3_V_48    (alloca       ) [ 011]
pool_buf3_V_49    (alloca       ) [ 011]
pool_buf3_V_50    (alloca       ) [ 011]
pool_buf3_V_51    (alloca       ) [ 011]
pool_buf3_V_52    (alloca       ) [ 011]
pool_buf3_V_53    (alloca       ) [ 011]
pool_buf3_V_54    (alloca       ) [ 011]
pool_buf3_V_55    (alloca       ) [ 011]
pool_buf3_V_56    (alloca       ) [ 011]
pool_buf3_V_57    (alloca       ) [ 011]
pool_buf3_V_58    (alloca       ) [ 011]
pool_buf3_V_59    (alloca       ) [ 011]
pool_buf3_V_60    (alloca       ) [ 011]
pool_buf3_V_61    (alloca       ) [ 011]
pool_buf3_V_62    (alloca       ) [ 011]
pool_buf3_V_63    (alloca       ) [ 011]
specinterface_ln0 (specinterface) [ 000]
specinterface_ln0 (specinterface) [ 000]
call_ln195        (call         ) [ 000]
ret_ln196         (ret          ) [ 000]
</LifeTime>

<model>

<comp_list>
<comp id="0" class="1000" name="conv3_out21">
<pin_list>
<pin id="1" dir="1" index="0" bw="1" slack="0"/>
</pin_list>
<bind>
<StgValue><ssdm name="conv3_out21"/></StgValue>
</bind>
</comp>

<comp id="2" class="1000" name="full_out_float16">
<pin_list>
<pin id="3" dir="1" index="0" bw="1" slack="0"/>
</pin_list>
<bind>
<StgValue><ssdm name="full_out_float16"/></StgValue>
</bind>
</comp>

<comp id="4" class="1001" name="const_4">
<pin_list>
<pin id="5" dir="1" index="0" bw="1" slack="0"/>
</pin_list>
<bind>
<StgValue><ssdm name=""/></StgValue>
</bind>
</comp>

<comp id="6" class="1001" name="const_6">
<pin_list>
<pin id="7" dir="1" index="0" bw="1" slack="0"/>
</pin_list>
<bind>
<StgValue><ssdm name="sp_pool<ap_fixed<32, 6, 5, 3, 0> >.2"/></StgValue>
</bind>
</comp>

<comp id="8" class="1001" name="const_8">
<pin_list>
<pin id="9" dir="1" index="0" bw="1" slack="2147483647"/>
</pin_list>
<bind>
<StgValue><ssdm name="_ssdm_op_SpecInterface"/></StgValue>
</bind>
</comp>

<comp id="10" class="1001" name="const_10">
<pin_list>
<pin id="11" dir="1" index="0" bw="1" slack="2147483647"/>
</pin_list>
<bind>
<StgValue><ssdm name="empty_6"/></StgValue>
</bind>
</comp>

<comp id="12" class="1001" name="const_12">
<pin_list>
<pin id="13" dir="1" index="0" bw="1" slack="2147483647"/>
</pin_list>
<bind>
<StgValue><ssdm name=""/></StgValue>
</bind>
</comp>

<comp id="14" class="1001" name="const_14">
<pin_list>
<pin id="15" dir="1" index="0" bw="1" slack="2147483647"/>
</pin_list>
<bind>
<StgValue><ssdm name="empty_1"/></StgValue>
</bind>
</comp>

<comp id="16" class="1001" name="const_16">
<pin_list>
<pin id="17" dir="1" index="0" bw="1" slack="2147483647"/>
</pin_list>
<bind>
<StgValue><ssdm name=""/></StgValue>
</bind>
</comp>

<comp id="18" class="1004" name="pool_buf3_V_fu_18">
<pin_list>
<pin id="19" dir="0" index="0" bw="1" slack="0"/>
<pin id="20" dir="1" index="1" bw="32" slack="0"/>
</pin_list>
<bind>
<opcode="alloca(26) " fcode="alloca"/>
<opset="pool_buf3_V/1 "/>
</bind>
</comp>

<comp id="22" class="1004" name="pool_buf3_V_1_fu_22">
<pin_list>
<pin id="23" dir="0" index="0" bw="1" slack="0"/>
<pin id="24" dir="1" index="1" bw="32" slack="0"/>
</pin_list>
<bind>
<opcode="alloca(26) " fcode="alloca"/>
<opset="pool_buf3_V_1/1 "/>
</bind>
</comp>

<comp id="26" class="1004" name="pool_buf3_V_2_fu_26">
<pin_list>
<pin id="27" dir="0" index="0" bw="1" slack="0"/>
<pin id="28" dir="1" index="1" bw="32" slack="0"/>
</pin_list>
<bind>
<opcode="alloca(26) " fcode="alloca"/>
<opset="pool_buf3_V_2/1 "/>
</bind>
</comp>

<comp id="30" class="1004" name="pool_buf3_V_3_fu_30">
<pin_list>
<pin id="31" dir="0" index="0" bw="1" slack="0"/>
<pin id="32" dir="1" index="1" bw="32" slack="0"/>
</pin_list>
<bind>
<opcode="alloca(26) " fcode="alloca"/>
<opset="pool_buf3_V_3/1 "/>
</bind>
</comp>

<comp id="34" class="1004" name="pool_buf3_V_4_fu_34">
<pin_list>
<pin id="35" dir="0" index="0" bw="1" slack="0"/>
<pin id="36" dir="1" index="1" bw="32" slack="0"/>
</pin_list>
<bind>
<opcode="alloca(26) " fcode="alloca"/>
<opset="pool_buf3_V_4/1 "/>
</bind>
</comp>

<comp id="38" class="1004" name="pool_buf3_V_5_fu_38">
<pin_list>
<pin id="39" dir="0" index="0" bw="1" slack="0"/>
<pin id="40" dir="1" index="1" bw="32" slack="0"/>
</pin_list>
<bind>
<opcode="alloca(26) " fcode="alloca"/>
<opset="pool_buf3_V_5/1 "/>
</bind>
</comp>

<comp id="42" class="1004" name="pool_buf3_V_6_fu_42">
<pin_list>
<pin id="43" dir="0" index="0" bw="1" slack="0"/>
<pin id="44" dir="1" index="1" bw="32" slack="0"/>
</pin_list>
<bind>
<opcode="alloca(26) " fcode="alloca"/>
<opset="pool_buf3_V_6/1 "/>
</bind>
</comp>

<comp id="46" class="1004" name="pool_buf3_V_7_fu_46">
<pin_list>
<pin id="47" dir="0" index="0" bw="1" slack="0"/>
<pin id="48" dir="1" index="1" bw="32" slack="0"/>
</pin_list>
<bind>
<opcode="alloca(26) " fcode="alloca"/>
<opset="pool_buf3_V_7/1 "/>
</bind>
</comp>

<comp id="50" class="1004" name="pool_buf3_V_8_fu_50">
<pin_list>
<pin id="51" dir="0" index="0" bw="1" slack="0"/>
<pin id="52" dir="1" index="1" bw="32" slack="0"/>
</pin_list>
<bind>
<opcode="alloca(26) " fcode="alloca"/>
<opset="pool_buf3_V_8/1 "/>
</bind>
</comp>

<comp id="54" class="1004" name="pool_buf3_V_9_fu_54">
<pin_list>
<pin id="55" dir="0" index="0" bw="1" slack="0"/>
<pin id="56" dir="1" index="1" bw="32" slack="0"/>
</pin_list>
<bind>
<opcode="alloca(26) " fcode="alloca"/>
<opset="pool_buf3_V_9/1 "/>
</bind>
</comp>

<comp id="58" class="1004" name="pool_buf3_V_10_fu_58">
<pin_list>
<pin id="59" dir="0" index="0" bw="1" slack="0"/>
<pin id="60" dir="1" index="1" bw="32" slack="0"/>
</pin_list>
<bind>
<opcode="alloca(26) " fcode="alloca"/>
<opset="pool_buf3_V_10/1 "/>
</bind>
</comp>

<comp id="62" class="1004" name="pool_buf3_V_11_fu_62">
<pin_list>
<pin id="63" dir="0" index="0" bw="1" slack="0"/>
<pin id="64" dir="1" index="1" bw="32" slack="0"/>
</pin_list>
<bind>
<opcode="alloca(26) " fcode="alloca"/>
<opset="pool_buf3_V_11/1 "/>
</bind>
</comp>

<comp id="66" class="1004" name="pool_buf3_V_12_fu_66">
<pin_list>
<pin id="67" dir="0" index="0" bw="1" slack="0"/>
<pin id="68" dir="1" index="1" bw="32" slack="0"/>
</pin_list>
<bind>
<opcode="alloca(26) " fcode="alloca"/>
<opset="pool_buf3_V_12/1 "/>
</bind>
</comp>

<comp id="70" class="1004" name="pool_buf3_V_13_fu_70">
<pin_list>
<pin id="71" dir="0" index="0" bw="1" slack="0"/>
<pin id="72" dir="1" index="1" bw="32" slack="0"/>
</pin_list>
<bind>
<opcode="alloca(26) " fcode="alloca"/>
<opset="pool_buf3_V_13/1 "/>
</bind>
</comp>

<comp id="74" class="1004" name="pool_buf3_V_14_fu_74">
<pin_list>
<pin id="75" dir="0" index="0" bw="1" slack="0"/>
<pin id="76" dir="1" index="1" bw="32" slack="0"/>
</pin_list>
<bind>
<opcode="alloca(26) " fcode="alloca"/>
<opset="pool_buf3_V_14/1 "/>
</bind>
</comp>

<comp id="78" class="1004" name="pool_buf3_V_15_fu_78">
<pin_list>
<pin id="79" dir="0" index="0" bw="1" slack="0"/>
<pin id="80" dir="1" index="1" bw="32" slack="0"/>
</pin_list>
<bind>
<opcode="alloca(26) " fcode="alloca"/>
<opset="pool_buf3_V_15/1 "/>
</bind>
</comp>

<comp id="82" class="1004" name="pool_buf3_V_16_fu_82">
<pin_list>
<pin id="83" dir="0" index="0" bw="1" slack="0"/>
<pin id="84" dir="1" index="1" bw="32" slack="0"/>
</pin_list>
<bind>
<opcode="alloca(26) " fcode="alloca"/>
<opset="pool_buf3_V_16/1 "/>
</bind>
</comp>

<comp id="86" class="1004" name="pool_buf3_V_17_fu_86">
<pin_list>
<pin id="87" dir="0" index="0" bw="1" slack="0"/>
<pin id="88" dir="1" index="1" bw="32" slack="0"/>
</pin_list>
<bind>
<opcode="alloca(26) " fcode="alloca"/>
<opset="pool_buf3_V_17/1 "/>
</bind>
</comp>

<comp id="90" class="1004" name="pool_buf3_V_18_fu_90">
<pin_list>
<pin id="91" dir="0" index="0" bw="1" slack="0"/>
<pin id="92" dir="1" index="1" bw="32" slack="0"/>
</pin_list>
<bind>
<opcode="alloca(26) " fcode="alloca"/>
<opset="pool_buf3_V_18/1 "/>
</bind>
</comp>

<comp id="94" class="1004" name="pool_buf3_V_19_fu_94">
<pin_list>
<pin id="95" dir="0" index="0" bw="1" slack="0"/>
<pin id="96" dir="1" index="1" bw="32" slack="0"/>
</pin_list>
<bind>
<opcode="alloca(26) " fcode="alloca"/>
<opset="pool_buf3_V_19/1 "/>
</bind>
</comp>

<comp id="98" class="1004" name="pool_buf3_V_20_fu_98">
<pin_list>
<pin id="99" dir="0" index="0" bw="1" slack="0"/>
<pin id="100" dir="1" index="1" bw="32" slack="0"/>
</pin_list>
<bind>
<opcode="alloca(26) " fcode="alloca"/>
<opset="pool_buf3_V_20/1 "/>
</bind>
</comp>

<comp id="102" class="1004" name="pool_buf3_V_21_fu_102">
<pin_list>
<pin id="103" dir="0" index="0" bw="1" slack="0"/>
<pin id="104" dir="1" index="1" bw="32" slack="0"/>
</pin_list>
<bind>
<opcode="alloca(26) " fcode="alloca"/>
<opset="pool_buf3_V_21/1 "/>
</bind>
</comp>

<comp id="106" class="1004" name="pool_buf3_V_22_fu_106">
<pin_list>
<pin id="107" dir="0" index="0" bw="1" slack="0"/>
<pin id="108" dir="1" index="1" bw="32" slack="0"/>
</pin_list>
<bind>
<opcode="alloca(26) " fcode="alloca"/>
<opset="pool_buf3_V_22/1 "/>
</bind>
</comp>

<comp id="110" class="1004" name="pool_buf3_V_23_fu_110">
<pin_list>
<pin id="111" dir="0" index="0" bw="1" slack="0"/>
<pin id="112" dir="1" index="1" bw="32" slack="0"/>
</pin_list>
<bind>
<opcode="alloca(26) " fcode="alloca"/>
<opset="pool_buf3_V_23/1 "/>
</bind>
</comp>

<comp id="114" class="1004" name="pool_buf3_V_24_fu_114">
<pin_list>
<pin id="115" dir="0" index="0" bw="1" slack="0"/>
<pin id="116" dir="1" index="1" bw="32" slack="0"/>
</pin_list>
<bind>
<opcode="alloca(26) " fcode="alloca"/>
<opset="pool_buf3_V_24/1 "/>
</bind>
</comp>

<comp id="118" class="1004" name="pool_buf3_V_25_fu_118">
<pin_list>
<pin id="119" dir="0" index="0" bw="1" slack="0"/>
<pin id="120" dir="1" index="1" bw="32" slack="0"/>
</pin_list>
<bind>
<opcode="alloca(26) " fcode="alloca"/>
<opset="pool_buf3_V_25/1 "/>
</bind>
</comp>

<comp id="122" class="1004" name="pool_buf3_V_26_fu_122">
<pin_list>
<pin id="123" dir="0" index="0" bw="1" slack="0"/>
<pin id="124" dir="1" index="1" bw="32" slack="0"/>
</pin_list>
<bind>
<opcode="alloca(26) " fcode="alloca"/>
<opset="pool_buf3_V_26/1 "/>
</bind>
</comp>

<comp id="126" class="1004" name="pool_buf3_V_27_fu_126">
<pin_list>
<pin id="127" dir="0" index="0" bw="1" slack="0"/>
<pin id="128" dir="1" index="1" bw="32" slack="0"/>
</pin_list>
<bind>
<opcode="alloca(26) " fcode="alloca"/>
<opset="pool_buf3_V_27/1 "/>
</bind>
</comp>

<comp id="130" class="1004" name="pool_buf3_V_28_fu_130">
<pin_list>
<pin id="131" dir="0" index="0" bw="1" slack="0"/>
<pin id="132" dir="1" index="1" bw="32" slack="0"/>
</pin_list>
<bind>
<opcode="alloca(26) " fcode="alloca"/>
<opset="pool_buf3_V_28/1 "/>
</bind>
</comp>

<comp id="134" class="1004" name="pool_buf3_V_29_fu_134">
<pin_list>
<pin id="135" dir="0" index="0" bw="1" slack="0"/>
<pin id="136" dir="1" index="1" bw="32" slack="0"/>
</pin_list>
<bind>
<opcode="alloca(26) " fcode="alloca"/>
<opset="pool_buf3_V_29/1 "/>
</bind>
</comp>

<comp id="138" class="1004" name="pool_buf3_V_30_fu_138">
<pin_list>
<pin id="139" dir="0" index="0" bw="1" slack="0"/>
<pin id="140" dir="1" index="1" bw="32" slack="0"/>
</pin_list>
<bind>
<opcode="alloca(26) " fcode="alloca"/>
<opset="pool_buf3_V_30/1 "/>
</bind>
</comp>

<comp id="142" class="1004" name="pool_buf3_V_31_fu_142">
<pin_list>
<pin id="143" dir="0" index="0" bw="1" slack="0"/>
<pin id="144" dir="1" index="1" bw="32" slack="0"/>
</pin_list>
<bind>
<opcode="alloca(26) " fcode="alloca"/>
<opset="pool_buf3_V_31/1 "/>
</bind>
</comp>

<comp id="146" class="1004" name="pool_buf3_V_32_fu_146">
<pin_list>
<pin id="147" dir="0" index="0" bw="1" slack="0"/>
<pin id="148" dir="1" index="1" bw="32" slack="0"/>
</pin_list>
<bind>
<opcode="alloca(26) " fcode="alloca"/>
<opset="pool_buf3_V_32/1 "/>
</bind>
</comp>

<comp id="150" class="1004" name="pool_buf3_V_33_fu_150">
<pin_list>
<pin id="151" dir="0" index="0" bw="1" slack="0"/>
<pin id="152" dir="1" index="1" bw="32" slack="0"/>
</pin_list>
<bind>
<opcode="alloca(26) " fcode="alloca"/>
<opset="pool_buf3_V_33/1 "/>
</bind>
</comp>

<comp id="154" class="1004" name="pool_buf3_V_34_fu_154">
<pin_list>
<pin id="155" dir="0" index="0" bw="1" slack="0"/>
<pin id="156" dir="1" index="1" bw="32" slack="0"/>
</pin_list>
<bind>
<opcode="alloca(26) " fcode="alloca"/>
<opset="pool_buf3_V_34/1 "/>
</bind>
</comp>

<comp id="158" class="1004" name="pool_buf3_V_35_fu_158">
<pin_list>
<pin id="159" dir="0" index="0" bw="1" slack="0"/>
<pin id="160" dir="1" index="1" bw="32" slack="0"/>
</pin_list>
<bind>
<opcode="alloca(26) " fcode="alloca"/>
<opset="pool_buf3_V_35/1 "/>
</bind>
</comp>

<comp id="162" class="1004" name="pool_buf3_V_36_fu_162">
<pin_list>
<pin id="163" dir="0" index="0" bw="1" slack="0"/>
<pin id="164" dir="1" index="1" bw="32" slack="0"/>
</pin_list>
<bind>
<opcode="alloca(26) " fcode="alloca"/>
<opset="pool_buf3_V_36/1 "/>
</bind>
</comp>

<comp id="166" class="1004" name="pool_buf3_V_37_fu_166">
<pin_list>
<pin id="167" dir="0" index="0" bw="1" slack="0"/>
<pin id="168" dir="1" index="1" bw="32" slack="0"/>
</pin_list>
<bind>
<opcode="alloca(26) " fcode="alloca"/>
<opset="pool_buf3_V_37/1 "/>
</bind>
</comp>

<comp id="170" class="1004" name="pool_buf3_V_38_fu_170">
<pin_list>
<pin id="171" dir="0" index="0" bw="1" slack="0"/>
<pin id="172" dir="1" index="1" bw="32" slack="0"/>
</pin_list>
<bind>
<opcode="alloca(26) " fcode="alloca"/>
<opset="pool_buf3_V_38/1 "/>
</bind>
</comp>

<comp id="174" class="1004" name="pool_buf3_V_39_fu_174">
<pin_list>
<pin id="175" dir="0" index="0" bw="1" slack="0"/>
<pin id="176" dir="1" index="1" bw="32" slack="0"/>
</pin_list>
<bind>
<opcode="alloca(26) " fcode="alloca"/>
<opset="pool_buf3_V_39/1 "/>
</bind>
</comp>

<comp id="178" class="1004" name="pool_buf3_V_40_fu_178">
<pin_list>
<pin id="179" dir="0" index="0" bw="1" slack="0"/>
<pin id="180" dir="1" index="1" bw="32" slack="0"/>
</pin_list>
<bind>
<opcode="alloca(26) " fcode="alloca"/>
<opset="pool_buf3_V_40/1 "/>
</bind>
</comp>

<comp id="182" class="1004" name="pool_buf3_V_41_fu_182">
<pin_list>
<pin id="183" dir="0" index="0" bw="1" slack="0"/>
<pin id="184" dir="1" index="1" bw="32" slack="0"/>
</pin_list>
<bind>
<opcode="alloca(26) " fcode="alloca"/>
<opset="pool_buf3_V_41/1 "/>
</bind>
</comp>

<comp id="186" class="1004" name="pool_buf3_V_42_fu_186">
<pin_list>
<pin id="187" dir="0" index="0" bw="1" slack="0"/>
<pin id="188" dir="1" index="1" bw="32" slack="0"/>
</pin_list>
<bind>
<opcode="alloca(26) " fcode="alloca"/>
<opset="pool_buf3_V_42/1 "/>
</bind>
</comp>

<comp id="190" class="1004" name="pool_buf3_V_43_fu_190">
<pin_list>
<pin id="191" dir="0" index="0" bw="1" slack="0"/>
<pin id="192" dir="1" index="1" bw="32" slack="0"/>
</pin_list>
<bind>
<opcode="alloca(26) " fcode="alloca"/>
<opset="pool_buf3_V_43/1 "/>
</bind>
</comp>

<comp id="194" class="1004" name="pool_buf3_V_44_fu_194">
<pin_list>
<pin id="195" dir="0" index="0" bw="1" slack="0"/>
<pin id="196" dir="1" index="1" bw="32" slack="0"/>
</pin_list>
<bind>
<opcode="alloca(26) " fcode="alloca"/>
<opset="pool_buf3_V_44/1 "/>
</bind>
</comp>

<comp id="198" class="1004" name="pool_buf3_V_45_fu_198">
<pin_list>
<pin id="199" dir="0" index="0" bw="1" slack="0"/>
<pin id="200" dir="1" index="1" bw="32" slack="0"/>
</pin_list>
<bind>
<opcode="alloca(26) " fcode="alloca"/>
<opset="pool_buf3_V_45/1 "/>
</bind>
</comp>

<comp id="202" class="1004" name="pool_buf3_V_46_fu_202">
<pin_list>
<pin id="203" dir="0" index="0" bw="1" slack="0"/>
<pin id="204" dir="1" index="1" bw="32" slack="0"/>
</pin_list>
<bind>
<opcode="alloca(26) " fcode="alloca"/>
<opset="pool_buf3_V_46/1 "/>
</bind>
</comp>

<comp id="206" class="1004" name="pool_buf3_V_47_fu_206">
<pin_list>
<pin id="207" dir="0" index="0" bw="1" slack="0"/>
<pin id="208" dir="1" index="1" bw="32" slack="0"/>
</pin_list>
<bind>
<opcode="alloca(26) " fcode="alloca"/>
<opset="pool_buf3_V_47/1 "/>
</bind>
</comp>

<comp id="210" class="1004" name="pool_buf3_V_48_fu_210">
<pin_list>
<pin id="211" dir="0" index="0" bw="1" slack="0"/>
<pin id="212" dir="1" index="1" bw="32" slack="0"/>
</pin_list>
<bind>
<opcode="alloca(26) " fcode="alloca"/>
<opset="pool_buf3_V_48/1 "/>
</bind>
</comp>

<comp id="214" class="1004" name="pool_buf3_V_49_fu_214">
<pin_list>
<pin id="215" dir="0" index="0" bw="1" slack="0"/>
<pin id="216" dir="1" index="1" bw="32" slack="0"/>
</pin_list>
<bind>
<opcode="alloca(26) " fcode="alloca"/>
<opset="pool_buf3_V_49/1 "/>
</bind>
</comp>

<comp id="218" class="1004" name="pool_buf3_V_50_fu_218">
<pin_list>
<pin id="219" dir="0" index="0" bw="1" slack="0"/>
<pin id="220" dir="1" index="1" bw="32" slack="0"/>
</pin_list>
<bind>
<opcode="alloca(26) " fcode="alloca"/>
<opset="pool_buf3_V_50/1 "/>
</bind>
</comp>

<comp id="222" class="1004" name="pool_buf3_V_51_fu_222">
<pin_list>
<pin id="223" dir="0" index="0" bw="1" slack="0"/>
<pin id="224" dir="1" index="1" bw="32" slack="0"/>
</pin_list>
<bind>
<opcode="alloca(26) " fcode="alloca"/>
<opset="pool_buf3_V_51/1 "/>
</bind>
</comp>

<comp id="226" class="1004" name="pool_buf3_V_52_fu_226">
<pin_list>
<pin id="227" dir="0" index="0" bw="1" slack="0"/>
<pin id="228" dir="1" index="1" bw="32" slack="0"/>
</pin_list>
<bind>
<opcode="alloca(26) " fcode="alloca"/>
<opset="pool_buf3_V_52/1 "/>
</bind>
</comp>

<comp id="230" class="1004" name="pool_buf3_V_53_fu_230">
<pin_list>
<pin id="231" dir="0" index="0" bw="1" slack="0"/>
<pin id="232" dir="1" index="1" bw="32" slack="0"/>
</pin_list>
<bind>
<opcode="alloca(26) " fcode="alloca"/>
<opset="pool_buf3_V_53/1 "/>
</bind>
</comp>

<comp id="234" class="1004" name="pool_buf3_V_54_fu_234">
<pin_list>
<pin id="235" dir="0" index="0" bw="1" slack="0"/>
<pin id="236" dir="1" index="1" bw="32" slack="0"/>
</pin_list>
<bind>
<opcode="alloca(26) " fcode="alloca"/>
<opset="pool_buf3_V_54/1 "/>
</bind>
</comp>

<comp id="238" class="1004" name="pool_buf3_V_55_fu_238">
<pin_list>
<pin id="239" dir="0" index="0" bw="1" slack="0"/>
<pin id="240" dir="1" index="1" bw="32" slack="0"/>
</pin_list>
<bind>
<opcode="alloca(26) " fcode="alloca"/>
<opset="pool_buf3_V_55/1 "/>
</bind>
</comp>

<comp id="242" class="1004" name="pool_buf3_V_56_fu_242">
<pin_list>
<pin id="243" dir="0" index="0" bw="1" slack="0"/>
<pin id="244" dir="1" index="1" bw="32" slack="0"/>
</pin_list>
<bind>
<opcode="alloca(26) " fcode="alloca"/>
<opset="pool_buf3_V_56/1 "/>
</bind>
</comp>

<comp id="246" class="1004" name="pool_buf3_V_57_fu_246">
<pin_list>
<pin id="247" dir="0" index="0" bw="1" slack="0"/>
<pin id="248" dir="1" index="1" bw="32" slack="0"/>
</pin_list>
<bind>
<opcode="alloca(26) " fcode="alloca"/>
<opset="pool_buf3_V_57/1 "/>
</bind>
</comp>

<comp id="250" class="1004" name="pool_buf3_V_58_fu_250">
<pin_list>
<pin id="251" dir="0" index="0" bw="1" slack="0"/>
<pin id="252" dir="1" index="1" bw="32" slack="0"/>
</pin_list>
<bind>
<opcode="alloca(26) " fcode="alloca"/>
<opset="pool_buf3_V_58/1 "/>
</bind>
</comp>

<comp id="254" class="1004" name="pool_buf3_V_59_fu_254">
<pin_list>
<pin id="255" dir="0" index="0" bw="1" slack="0"/>
<pin id="256" dir="1" index="1" bw="32" slack="0"/>
</pin_list>
<bind>
<opcode="alloca(26) " fcode="alloca"/>
<opset="pool_buf3_V_59/1 "/>
</bind>
</comp>

<comp id="258" class="1004" name="pool_buf3_V_60_fu_258">
<pin_list>
<pin id="259" dir="0" index="0" bw="1" slack="0"/>
<pin id="260" dir="1" index="1" bw="32" slack="0"/>
</pin_list>
<bind>
<opcode="alloca(26) " fcode="alloca"/>
<opset="pool_buf3_V_60/1 "/>
</bind>
</comp>

<comp id="262" class="1004" name="pool_buf3_V_61_fu_262">
<pin_list>
<pin id="263" dir="0" index="0" bw="1" slack="0"/>
<pin id="264" dir="1" index="1" bw="32" slack="0"/>
</pin_list>
<bind>
<opcode="alloca(26) " fcode="alloca"/>
<opset="pool_buf3_V_61/1 "/>
</bind>
</comp>

<comp id="266" class="1004" name="pool_buf3_V_62_fu_266">
<pin_list>
<pin id="267" dir="0" index="0" bw="1" slack="0"/>
<pin id="268" dir="1" index="1" bw="32" slack="0"/>
</pin_list>
<bind>
<opcode="alloca(26) " fcode="alloca"/>
<opset="pool_buf3_V_62/1 "/>
</bind>
</comp>

<comp id="270" class="1004" name="pool_buf3_V_63_fu_270">
<pin_list>
<pin id="271" dir="0" index="0" bw="1" slack="0"/>
<pin id="272" dir="1" index="1" bw="32" slack="0"/>
</pin_list>
<bind>
<opcode="alloca(26) " fcode="alloca"/>
<opset="pool_buf3_V_63/1 "/>
</bind>
</comp>

<comp id="274" class="1004" name="grp_sp_pool_ap_fixed_32_6_5_3_0_2_fu_274">
<pin_list>
<pin id="275" dir="0" index="0" bw="0" slack="0"/>
<pin id="276" dir="0" index="1" bw="32" slack="0"/>
<pin id="277" dir="0" index="2" bw="32" slack="0"/>
<pin id="278" dir="0" index="3" bw="32" slack="0"/>
<pin id="279" dir="0" index="4" bw="32" slack="0"/>
<pin id="280" dir="0" index="5" bw="32" slack="0"/>
<pin id="281" dir="0" index="6" bw="32" slack="0"/>
<pin id="282" dir="0" index="7" bw="32" slack="0"/>
<pin id="283" dir="0" index="8" bw="32" slack="0"/>
<pin id="284" dir="0" index="9" bw="32" slack="0"/>
<pin id="285" dir="0" index="10" bw="32" slack="0"/>
<pin id="286" dir="0" index="11" bw="32" slack="0"/>
<pin id="287" dir="0" index="12" bw="32" slack="0"/>
<pin id="288" dir="0" index="13" bw="32" slack="0"/>
<pin id="289" dir="0" index="14" bw="32" slack="0"/>
<pin id="290" dir="0" index="15" bw="32" slack="0"/>
<pin id="291" dir="0" index="16" bw="32" slack="0"/>
<pin id="292" dir="0" index="17" bw="32" slack="0"/>
<pin id="293" dir="0" index="18" bw="32" slack="0"/>
<pin id="294" dir="0" index="19" bw="32" slack="0"/>
<pin id="295" dir="0" index="20" bw="32" slack="0"/>
<pin id="296" dir="0" index="21" bw="32" slack="0"/>
<pin id="297" dir="0" index="22" bw="32" slack="0"/>
<pin id="298" dir="0" index="23" bw="32" slack="0"/>
<pin id="299" dir="0" index="24" bw="32" slack="0"/>
<pin id="300" dir="0" index="25" bw="32" slack="0"/>
<pin id="301" dir="0" index="26" bw="32" slack="0"/>
<pin id="302" dir="0" index="27" bw="32" slack="0"/>
<pin id="303" dir="0" index="28" bw="32" slack="0"/>
<pin id="304" dir="0" index="29" bw="32" slack="0"/>
<pin id="305" dir="0" index="30" bw="32" slack="0"/>
<pin id="306" dir="0" index="31" bw="32" slack="0"/>
<pin id="307" dir="0" index="32" bw="32" slack="0"/>
<pin id="308" dir="0" index="33" bw="32" slack="0"/>
<pin id="309" dir="0" index="34" bw="32" slack="0"/>
<pin id="310" dir="0" index="35" bw="32" slack="0"/>
<pin id="311" dir="0" index="36" bw="32" slack="0"/>
<pin id="312" dir="0" index="37" bw="32" slack="0"/>
<pin id="313" dir="0" index="38" bw="32" slack="0"/>
<pin id="314" dir="0" index="39" bw="32" slack="0"/>
<pin id="315" dir="0" index="40" bw="32" slack="0"/>
<pin id="316" dir="0" index="41" bw="32" slack="0"/>
<pin id="317" dir="0" index="42" bw="32" slack="0"/>
<pin id="318" dir="0" index="43" bw="32" slack="0"/>
<pin id="319" dir="0" index="44" bw="32" slack="0"/>
<pin id="320" dir="0" index="45" bw="32" slack="0"/>
<pin id="321" dir="0" index="46" bw="32" slack="0"/>
<pin id="322" dir="0" index="47" bw="32" slack="0"/>
<pin id="323" dir="0" index="48" bw="32" slack="0"/>
<pin id="324" dir="0" index="49" bw="32" slack="0"/>
<pin id="325" dir="0" index="50" bw="32" slack="0"/>
<pin id="326" dir="0" index="51" bw="32" slack="0"/>
<pin id="327" dir="0" index="52" bw="32" slack="0"/>
<pin id="328" dir="0" index="53" bw="32" slack="0"/>
<pin id="329" dir="0" index="54" bw="32" slack="0"/>
<pin id="330" dir="0" index="55" bw="32" slack="0"/>
<pin id="331" dir="0" index="56" bw="32" slack="0"/>
<pin id="332" dir="0" index="57" bw="32" slack="0"/>
<pin id="333" dir="0" index="58" bw="32" slack="0"/>
<pin id="334" dir="0" index="59" bw="32" slack="0"/>
<pin id="335" dir="0" index="60" bw="32" slack="0"/>
<pin id="336" dir="0" index="61" bw="32" slack="0"/>
<pin id="337" dir="0" index="62" bw="32" slack="0"/>
<pin id="338" dir="0" index="63" bw="32" slack="0"/>
<pin id="339" dir="0" index="64" bw="32" slack="0"/>
<pin id="340" dir="0" index="65" bw="32" slack="0"/>
<pin id="341" dir="0" index="66" bw="32" slack="0"/>
<pin id="342" dir="1" index="67" bw="0" slack="2147483647"/>
</pin_list>
<bind>
<opcode="call(48) " fcode="call"/>
<opset="call_ln195/1 "/>
</bind>
</comp>

<comp id="346" class="1005" name="pool_buf3_V_reg_346">
<pin_list>
<pin id="347" dir="0" index="0" bw="32" slack="0"/>
<pin id="348" dir="1" index="1" bw="32" slack="0"/>
</pin_list>
<bind>
<opset="pool_buf3_V "/>
</bind>
</comp>

<comp id="351" class="1005" name="pool_buf3_V_1_reg_351">
<pin_list>
<pin id="352" dir="0" index="0" bw="32" slack="0"/>
<pin id="353" dir="1" index="1" bw="32" slack="0"/>
</pin_list>
<bind>
<opset="pool_buf3_V_1 "/>
</bind>
</comp>

<comp id="356" class="1005" name="pool_buf3_V_2_reg_356">
<pin_list>
<pin id="357" dir="0" index="0" bw="32" slack="0"/>
<pin id="358" dir="1" index="1" bw="32" slack="0"/>
</pin_list>
<bind>
<opset="pool_buf3_V_2 "/>
</bind>
</comp>

<comp id="361" class="1005" name="pool_buf3_V_3_reg_361">
<pin_list>
<pin id="362" dir="0" index="0" bw="32" slack="0"/>
<pin id="363" dir="1" index="1" bw="32" slack="0"/>
</pin_list>
<bind>
<opset="pool_buf3_V_3 "/>
</bind>
</comp>

<comp id="366" class="1005" name="pool_buf3_V_4_reg_366">
<pin_list>
<pin id="367" dir="0" index="0" bw="32" slack="0"/>
<pin id="368" dir="1" index="1" bw="32" slack="0"/>
</pin_list>
<bind>
<opset="pool_buf3_V_4 "/>
</bind>
</comp>

<comp id="371" class="1005" name="pool_buf3_V_5_reg_371">
<pin_list>
<pin id="372" dir="0" index="0" bw="32" slack="0"/>
<pin id="373" dir="1" index="1" bw="32" slack="0"/>
</pin_list>
<bind>
<opset="pool_buf3_V_5 "/>
</bind>
</comp>

<comp id="376" class="1005" name="pool_buf3_V_6_reg_376">
<pin_list>
<pin id="377" dir="0" index="0" bw="32" slack="0"/>
<pin id="378" dir="1" index="1" bw="32" slack="0"/>
</pin_list>
<bind>
<opset="pool_buf3_V_6 "/>
</bind>
</comp>

<comp id="381" class="1005" name="pool_buf3_V_7_reg_381">
<pin_list>
<pin id="382" dir="0" index="0" bw="32" slack="0"/>
<pin id="383" dir="1" index="1" bw="32" slack="0"/>
</pin_list>
<bind>
<opset="pool_buf3_V_7 "/>
</bind>
</comp>

<comp id="386" class="1005" name="pool_buf3_V_8_reg_386">
<pin_list>
<pin id="387" dir="0" index="0" bw="32" slack="0"/>
<pin id="388" dir="1" index="1" bw="32" slack="0"/>
</pin_list>
<bind>
<opset="pool_buf3_V_8 "/>
</bind>
</comp>

<comp id="391" class="1005" name="pool_buf3_V_9_reg_391">
<pin_list>
<pin id="392" dir="0" index="0" bw="32" slack="0"/>
<pin id="393" dir="1" index="1" bw="32" slack="0"/>
</pin_list>
<bind>
<opset="pool_buf3_V_9 "/>
</bind>
</comp>

<comp id="396" class="1005" name="pool_buf3_V_10_reg_396">
<pin_list>
<pin id="397" dir="0" index="0" bw="32" slack="0"/>
<pin id="398" dir="1" index="1" bw="32" slack="0"/>
</pin_list>
<bind>
<opset="pool_buf3_V_10 "/>
</bind>
</comp>

<comp id="401" class="1005" name="pool_buf3_V_11_reg_401">
<pin_list>
<pin id="402" dir="0" index="0" bw="32" slack="0"/>
<pin id="403" dir="1" index="1" bw="32" slack="0"/>
</pin_list>
<bind>
<opset="pool_buf3_V_11 "/>
</bind>
</comp>

<comp id="406" class="1005" name="pool_buf3_V_12_reg_406">
<pin_list>
<pin id="407" dir="0" index="0" bw="32" slack="0"/>
<pin id="408" dir="1" index="1" bw="32" slack="0"/>
</pin_list>
<bind>
<opset="pool_buf3_V_12 "/>
</bind>
</comp>

<comp id="411" class="1005" name="pool_buf3_V_13_reg_411">
<pin_list>
<pin id="412" dir="0" index="0" bw="32" slack="0"/>
<pin id="413" dir="1" index="1" bw="32" slack="0"/>
</pin_list>
<bind>
<opset="pool_buf3_V_13 "/>
</bind>
</comp>

<comp id="416" class="1005" name="pool_buf3_V_14_reg_416">
<pin_list>
<pin id="417" dir="0" index="0" bw="32" slack="0"/>
<pin id="418" dir="1" index="1" bw="32" slack="0"/>
</pin_list>
<bind>
<opset="pool_buf3_V_14 "/>
</bind>
</comp>

<comp id="421" class="1005" name="pool_buf3_V_15_reg_421">
<pin_list>
<pin id="422" dir="0" index="0" bw="32" slack="0"/>
<pin id="423" dir="1" index="1" bw="32" slack="0"/>
</pin_list>
<bind>
<opset="pool_buf3_V_15 "/>
</bind>
</comp>

<comp id="426" class="1005" name="pool_buf3_V_16_reg_426">
<pin_list>
<pin id="427" dir="0" index="0" bw="32" slack="0"/>
<pin id="428" dir="1" index="1" bw="32" slack="0"/>
</pin_list>
<bind>
<opset="pool_buf3_V_16 "/>
</bind>
</comp>

<comp id="431" class="1005" name="pool_buf3_V_17_reg_431">
<pin_list>
<pin id="432" dir="0" index="0" bw="32" slack="0"/>
<pin id="433" dir="1" index="1" bw="32" slack="0"/>
</pin_list>
<bind>
<opset="pool_buf3_V_17 "/>
</bind>
</comp>

<comp id="436" class="1005" name="pool_buf3_V_18_reg_436">
<pin_list>
<pin id="437" dir="0" index="0" bw="32" slack="0"/>
<pin id="438" dir="1" index="1" bw="32" slack="0"/>
</pin_list>
<bind>
<opset="pool_buf3_V_18 "/>
</bind>
</comp>

<comp id="441" class="1005" name="pool_buf3_V_19_reg_441">
<pin_list>
<pin id="442" dir="0" index="0" bw="32" slack="0"/>
<pin id="443" dir="1" index="1" bw="32" slack="0"/>
</pin_list>
<bind>
<opset="pool_buf3_V_19 "/>
</bind>
</comp>

<comp id="446" class="1005" name="pool_buf3_V_20_reg_446">
<pin_list>
<pin id="447" dir="0" index="0" bw="32" slack="0"/>
<pin id="448" dir="1" index="1" bw="32" slack="0"/>
</pin_list>
<bind>
<opset="pool_buf3_V_20 "/>
</bind>
</comp>

<comp id="451" class="1005" name="pool_buf3_V_21_reg_451">
<pin_list>
<pin id="452" dir="0" index="0" bw="32" slack="0"/>
<pin id="453" dir="1" index="1" bw="32" slack="0"/>
</pin_list>
<bind>
<opset="pool_buf3_V_21 "/>
</bind>
</comp>

<comp id="456" class="1005" name="pool_buf3_V_22_reg_456">
<pin_list>
<pin id="457" dir="0" index="0" bw="32" slack="0"/>
<pin id="458" dir="1" index="1" bw="32" slack="0"/>
</pin_list>
<bind>
<opset="pool_buf3_V_22 "/>
</bind>
</comp>

<comp id="461" class="1005" name="pool_buf3_V_23_reg_461">
<pin_list>
<pin id="462" dir="0" index="0" bw="32" slack="0"/>
<pin id="463" dir="1" index="1" bw="32" slack="0"/>
</pin_list>
<bind>
<opset="pool_buf3_V_23 "/>
</bind>
</comp>

<comp id="466" class="1005" name="pool_buf3_V_24_reg_466">
<pin_list>
<pin id="467" dir="0" index="0" bw="32" slack="0"/>
<pin id="468" dir="1" index="1" bw="32" slack="0"/>
</pin_list>
<bind>
<opset="pool_buf3_V_24 "/>
</bind>
</comp>

<comp id="471" class="1005" name="pool_buf3_V_25_reg_471">
<pin_list>
<pin id="472" dir="0" index="0" bw="32" slack="0"/>
<pin id="473" dir="1" index="1" bw="32" slack="0"/>
</pin_list>
<bind>
<opset="pool_buf3_V_25 "/>
</bind>
</comp>

<comp id="476" class="1005" name="pool_buf3_V_26_reg_476">
<pin_list>
<pin id="477" dir="0" index="0" bw="32" slack="0"/>
<pin id="478" dir="1" index="1" bw="32" slack="0"/>
</pin_list>
<bind>
<opset="pool_buf3_V_26 "/>
</bind>
</comp>

<comp id="481" class="1005" name="pool_buf3_V_27_reg_481">
<pin_list>
<pin id="482" dir="0" index="0" bw="32" slack="0"/>
<pin id="483" dir="1" index="1" bw="32" slack="0"/>
</pin_list>
<bind>
<opset="pool_buf3_V_27 "/>
</bind>
</comp>

<comp id="486" class="1005" name="pool_buf3_V_28_reg_486">
<pin_list>
<pin id="487" dir="0" index="0" bw="32" slack="0"/>
<pin id="488" dir="1" index="1" bw="32" slack="0"/>
</pin_list>
<bind>
<opset="pool_buf3_V_28 "/>
</bind>
</comp>

<comp id="491" class="1005" name="pool_buf3_V_29_reg_491">
<pin_list>
<pin id="492" dir="0" index="0" bw="32" slack="0"/>
<pin id="493" dir="1" index="1" bw="32" slack="0"/>
</pin_list>
<bind>
<opset="pool_buf3_V_29 "/>
</bind>
</comp>

<comp id="496" class="1005" name="pool_buf3_V_30_reg_496">
<pin_list>
<pin id="497" dir="0" index="0" bw="32" slack="0"/>
<pin id="498" dir="1" index="1" bw="32" slack="0"/>
</pin_list>
<bind>
<opset="pool_buf3_V_30 "/>
</bind>
</comp>

<comp id="501" class="1005" name="pool_buf3_V_31_reg_501">
<pin_list>
<pin id="502" dir="0" index="0" bw="32" slack="0"/>
<pin id="503" dir="1" index="1" bw="32" slack="0"/>
</pin_list>
<bind>
<opset="pool_buf3_V_31 "/>
</bind>
</comp>

<comp id="506" class="1005" name="pool_buf3_V_32_reg_506">
<pin_list>
<pin id="507" dir="0" index="0" bw="32" slack="0"/>
<pin id="508" dir="1" index="1" bw="32" slack="0"/>
</pin_list>
<bind>
<opset="pool_buf3_V_32 "/>
</bind>
</comp>

<comp id="511" class="1005" name="pool_buf3_V_33_reg_511">
<pin_list>
<pin id="512" dir="0" index="0" bw="32" slack="0"/>
<pin id="513" dir="1" index="1" bw="32" slack="0"/>
</pin_list>
<bind>
<opset="pool_buf3_V_33 "/>
</bind>
</comp>

<comp id="516" class="1005" name="pool_buf3_V_34_reg_516">
<pin_list>
<pin id="517" dir="0" index="0" bw="32" slack="0"/>
<pin id="518" dir="1" index="1" bw="32" slack="0"/>
</pin_list>
<bind>
<opset="pool_buf3_V_34 "/>
</bind>
</comp>

<comp id="521" class="1005" name="pool_buf3_V_35_reg_521">
<pin_list>
<pin id="522" dir="0" index="0" bw="32" slack="0"/>
<pin id="523" dir="1" index="1" bw="32" slack="0"/>
</pin_list>
<bind>
<opset="pool_buf3_V_35 "/>
</bind>
</comp>

<comp id="526" class="1005" name="pool_buf3_V_36_reg_526">
<pin_list>
<pin id="527" dir="0" index="0" bw="32" slack="0"/>
<pin id="528" dir="1" index="1" bw="32" slack="0"/>
</pin_list>
<bind>
<opset="pool_buf3_V_36 "/>
</bind>
</comp>

<comp id="531" class="1005" name="pool_buf3_V_37_reg_531">
<pin_list>
<pin id="532" dir="0" index="0" bw="32" slack="0"/>
<pin id="533" dir="1" index="1" bw="32" slack="0"/>
</pin_list>
<bind>
<opset="pool_buf3_V_37 "/>
</bind>
</comp>

<comp id="536" class="1005" name="pool_buf3_V_38_reg_536">
<pin_list>
<pin id="537" dir="0" index="0" bw="32" slack="0"/>
<pin id="538" dir="1" index="1" bw="32" slack="0"/>
</pin_list>
<bind>
<opset="pool_buf3_V_38 "/>
</bind>
</comp>

<comp id="541" class="1005" name="pool_buf3_V_39_reg_541">
<pin_list>
<pin id="542" dir="0" index="0" bw="32" slack="0"/>
<pin id="543" dir="1" index="1" bw="32" slack="0"/>
</pin_list>
<bind>
<opset="pool_buf3_V_39 "/>
</bind>
</comp>

<comp id="546" class="1005" name="pool_buf3_V_40_reg_546">
<pin_list>
<pin id="547" dir="0" index="0" bw="32" slack="0"/>
<pin id="548" dir="1" index="1" bw="32" slack="0"/>
</pin_list>
<bind>
<opset="pool_buf3_V_40 "/>
</bind>
</comp>

<comp id="551" class="1005" name="pool_buf3_V_41_reg_551">
<pin_list>
<pin id="552" dir="0" index="0" bw="32" slack="0"/>
<pin id="553" dir="1" index="1" bw="32" slack="0"/>
</pin_list>
<bind>
<opset="pool_buf3_V_41 "/>
</bind>
</comp>

<comp id="556" class="1005" name="pool_buf3_V_42_reg_556">
<pin_list>
<pin id="557" dir="0" index="0" bw="32" slack="0"/>
<pin id="558" dir="1" index="1" bw="32" slack="0"/>
</pin_list>
<bind>
<opset="pool_buf3_V_42 "/>
</bind>
</comp>

<comp id="561" class="1005" name="pool_buf3_V_43_reg_561">
<pin_list>
<pin id="562" dir="0" index="0" bw="32" slack="0"/>
<pin id="563" dir="1" index="1" bw="32" slack="0"/>
</pin_list>
<bind>
<opset="pool_buf3_V_43 "/>
</bind>
</comp>

<comp id="566" class="1005" name="pool_buf3_V_44_reg_566">
<pin_list>
<pin id="567" dir="0" index="0" bw="32" slack="0"/>
<pin id="568" dir="1" index="1" bw="32" slack="0"/>
</pin_list>
<bind>
<opset="pool_buf3_V_44 "/>
</bind>
</comp>

<comp id="571" class="1005" name="pool_buf3_V_45_reg_571">
<pin_list>
<pin id="572" dir="0" index="0" bw="32" slack="0"/>
<pin id="573" dir="1" index="1" bw="32" slack="0"/>
</pin_list>
<bind>
<opset="pool_buf3_V_45 "/>
</bind>
</comp>

<comp id="576" class="1005" name="pool_buf3_V_46_reg_576">
<pin_list>
<pin id="577" dir="0" index="0" bw="32" slack="0"/>
<pin id="578" dir="1" index="1" bw="32" slack="0"/>
</pin_list>
<bind>
<opset="pool_buf3_V_46 "/>
</bind>
</comp>

<comp id="581" class="1005" name="pool_buf3_V_47_reg_581">
<pin_list>
<pin id="582" dir="0" index="0" bw="32" slack="0"/>
<pin id="583" dir="1" index="1" bw="32" slack="0"/>
</pin_list>
<bind>
<opset="pool_buf3_V_47 "/>
</bind>
</comp>

<comp id="586" class="1005" name="pool_buf3_V_48_reg_586">
<pin_list>
<pin id="587" dir="0" index="0" bw="32" slack="0"/>
<pin id="588" dir="1" index="1" bw="32" slack="0"/>
</pin_list>
<bind>
<opset="pool_buf3_V_48 "/>
</bind>
</comp>

<comp id="591" class="1005" name="pool_buf3_V_49_reg_591">
<pin_list>
<pin id="592" dir="0" index="0" bw="32" slack="0"/>
<pin id="593" dir="1" index="1" bw="32" slack="0"/>
</pin_list>
<bind>
<opset="pool_buf3_V_49 "/>
</bind>
</comp>

<comp id="596" class="1005" name="pool_buf3_V_50_reg_596">
<pin_list>
<pin id="597" dir="0" index="0" bw="32" slack="0"/>
<pin id="598" dir="1" index="1" bw="32" slack="0"/>
</pin_list>
<bind>
<opset="pool_buf3_V_50 "/>
</bind>
</comp>

<comp id="601" class="1005" name="pool_buf3_V_51_reg_601">
<pin_list>
<pin id="602" dir="0" index="0" bw="32" slack="0"/>
<pin id="603" dir="1" index="1" bw="32" slack="0"/>
</pin_list>
<bind>
<opset="pool_buf3_V_51 "/>
</bind>
</comp>

<comp id="606" class="1005" name="pool_buf3_V_52_reg_606">
<pin_list>
<pin id="607" dir="0" index="0" bw="32" slack="0"/>
<pin id="608" dir="1" index="1" bw="32" slack="0"/>
</pin_list>
<bind>
<opset="pool_buf3_V_52 "/>
</bind>
</comp>

<comp id="611" class="1005" name="pool_buf3_V_53_reg_611">
<pin_list>
<pin id="612" dir="0" index="0" bw="32" slack="0"/>
<pin id="613" dir="1" index="1" bw="32" slack="0"/>
</pin_list>
<bind>
<opset="pool_buf3_V_53 "/>
</bind>
</comp>

<comp id="616" class="1005" name="pool_buf3_V_54_reg_616">
<pin_list>
<pin id="617" dir="0" index="0" bw="32" slack="0"/>
<pin id="618" dir="1" index="1" bw="32" slack="0"/>
</pin_list>
<bind>
<opset="pool_buf3_V_54 "/>
</bind>
</comp>

<comp id="621" class="1005" name="pool_buf3_V_55_reg_621">
<pin_list>
<pin id="622" dir="0" index="0" bw="32" slack="0"/>
<pin id="623" dir="1" index="1" bw="32" slack="0"/>
</pin_list>
<bind>
<opset="pool_buf3_V_55 "/>
</bind>
</comp>

<comp id="626" class="1005" name="pool_buf3_V_56_reg_626">
<pin_list>
<pin id="627" dir="0" index="0" bw="32" slack="0"/>
<pin id="628" dir="1" index="1" bw="32" slack="0"/>
</pin_list>
<bind>
<opset="pool_buf3_V_56 "/>
</bind>
</comp>

<comp id="631" class="1005" name="pool_buf3_V_57_reg_631">
<pin_list>
<pin id="632" dir="0" index="0" bw="32" slack="0"/>
<pin id="633" dir="1" index="1" bw="32" slack="0"/>
</pin_list>
<bind>
<opset="pool_buf3_V_57 "/>
</bind>
</comp>

<comp id="636" class="1005" name="pool_buf3_V_58_reg_636">
<pin_list>
<pin id="637" dir="0" index="0" bw="32" slack="0"/>
<pin id="638" dir="1" index="1" bw="32" slack="0"/>
</pin_list>
<bind>
<opset="pool_buf3_V_58 "/>
</bind>
</comp>

<comp id="641" class="1005" name="pool_buf3_V_59_reg_641">
<pin_list>
<pin id="642" dir="0" index="0" bw="32" slack="0"/>
<pin id="643" dir="1" index="1" bw="32" slack="0"/>
</pin_list>
<bind>
<opset="pool_buf3_V_59 "/>
</bind>
</comp>

<comp id="646" class="1005" name="pool_buf3_V_60_reg_646">
<pin_list>
<pin id="647" dir="0" index="0" bw="32" slack="0"/>
<pin id="648" dir="1" index="1" bw="32" slack="0"/>
</pin_list>
<bind>
<opset="pool_buf3_V_60 "/>
</bind>
</comp>

<comp id="651" class="1005" name="pool_buf3_V_61_reg_651">
<pin_list>
<pin id="652" dir="0" index="0" bw="32" slack="0"/>
<pin id="653" dir="1" index="1" bw="32" slack="0"/>
</pin_list>
<bind>
<opset="pool_buf3_V_61 "/>
</bind>
</comp>

<comp id="656" class="1005" name="pool_buf3_V_62_reg_656">
<pin_list>
<pin id="657" dir="0" index="0" bw="32" slack="0"/>
<pin id="658" dir="1" index="1" bw="32" slack="0"/>
</pin_list>
<bind>
<opset="pool_buf3_V_62 "/>
</bind>
</comp>

<comp id="661" class="1005" name="pool_buf3_V_63_reg_661">
<pin_list>
<pin id="662" dir="0" index="0" bw="32" slack="0"/>
<pin id="663" dir="1" index="1" bw="32" slack="0"/>
</pin_list>
<bind>
<opset="pool_buf3_V_63 "/>
</bind>
</comp>

</comp_list>

<net_list>
<net id="21"><net_src comp="4" pin="0"/><net_sink comp="18" pin=0"/></net>

<net id="25"><net_src comp="4" pin="0"/><net_sink comp="22" pin=0"/></net>

<net id="29"><net_src comp="4" pin="0"/><net_sink comp="26" pin=0"/></net>

<net id="33"><net_src comp="4" pin="0"/><net_sink comp="30" pin=0"/></net>

<net id="37"><net_src comp="4" pin="0"/><net_sink comp="34" pin=0"/></net>

<net id="41"><net_src comp="4" pin="0"/><net_sink comp="38" pin=0"/></net>

<net id="45"><net_src comp="4" pin="0"/><net_sink comp="42" pin=0"/></net>

<net id="49"><net_src comp="4" pin="0"/><net_sink comp="46" pin=0"/></net>

<net id="53"><net_src comp="4" pin="0"/><net_sink comp="50" pin=0"/></net>

<net id="57"><net_src comp="4" pin="0"/><net_sink comp="54" pin=0"/></net>

<net id="61"><net_src comp="4" pin="0"/><net_sink comp="58" pin=0"/></net>

<net id="65"><net_src comp="4" pin="0"/><net_sink comp="62" pin=0"/></net>

<net id="69"><net_src comp="4" pin="0"/><net_sink comp="66" pin=0"/></net>

<net id="73"><net_src comp="4" pin="0"/><net_sink comp="70" pin=0"/></net>

<net id="77"><net_src comp="4" pin="0"/><net_sink comp="74" pin=0"/></net>

<net id="81"><net_src comp="4" pin="0"/><net_sink comp="78" pin=0"/></net>

<net id="85"><net_src comp="4" pin="0"/><net_sink comp="82" pin=0"/></net>

<net id="89"><net_src comp="4" pin="0"/><net_sink comp="86" pin=0"/></net>

<net id="93"><net_src comp="4" pin="0"/><net_sink comp="90" pin=0"/></net>

<net id="97"><net_src comp="4" pin="0"/><net_sink comp="94" pin=0"/></net>

<net id="101"><net_src comp="4" pin="0"/><net_sink comp="98" pin=0"/></net>

<net id="105"><net_src comp="4" pin="0"/><net_sink comp="102" pin=0"/></net>

<net id="109"><net_src comp="4" pin="0"/><net_sink comp="106" pin=0"/></net>

<net id="113"><net_src comp="4" pin="0"/><net_sink comp="110" pin=0"/></net>

<net id="117"><net_src comp="4" pin="0"/><net_sink comp="114" pin=0"/></net>

<net id="121"><net_src comp="4" pin="0"/><net_sink comp="118" pin=0"/></net>

<net id="125"><net_src comp="4" pin="0"/><net_sink comp="122" pin=0"/></net>

<net id="129"><net_src comp="4" pin="0"/><net_sink comp="126" pin=0"/></net>

<net id="133"><net_src comp="4" pin="0"/><net_sink comp="130" pin=0"/></net>

<net id="137"><net_src comp="4" pin="0"/><net_sink comp="134" pin=0"/></net>

<net id="141"><net_src comp="4" pin="0"/><net_sink comp="138" pin=0"/></net>

<net id="145"><net_src comp="4" pin="0"/><net_sink comp="142" pin=0"/></net>

<net id="149"><net_src comp="4" pin="0"/><net_sink comp="146" pin=0"/></net>

<net id="153"><net_src comp="4" pin="0"/><net_sink comp="150" pin=0"/></net>

<net id="157"><net_src comp="4" pin="0"/><net_sink comp="154" pin=0"/></net>

<net id="161"><net_src comp="4" pin="0"/><net_sink comp="158" pin=0"/></net>

<net id="165"><net_src comp="4" pin="0"/><net_sink comp="162" pin=0"/></net>

<net id="169"><net_src comp="4" pin="0"/><net_sink comp="166" pin=0"/></net>

<net id="173"><net_src comp="4" pin="0"/><net_sink comp="170" pin=0"/></net>

<net id="177"><net_src comp="4" pin="0"/><net_sink comp="174" pin=0"/></net>

<net id="181"><net_src comp="4" pin="0"/><net_sink comp="178" pin=0"/></net>

<net id="185"><net_src comp="4" pin="0"/><net_sink comp="182" pin=0"/></net>

<net id="189"><net_src comp="4" pin="0"/><net_sink comp="186" pin=0"/></net>

<net id="193"><net_src comp="4" pin="0"/><net_sink comp="190" pin=0"/></net>

<net id="197"><net_src comp="4" pin="0"/><net_sink comp="194" pin=0"/></net>

<net id="201"><net_src comp="4" pin="0"/><net_sink comp="198" pin=0"/></net>

<net id="205"><net_src comp="4" pin="0"/><net_sink comp="202" pin=0"/></net>

<net id="209"><net_src comp="4" pin="0"/><net_sink comp="206" pin=0"/></net>

<net id="213"><net_src comp="4" pin="0"/><net_sink comp="210" pin=0"/></net>

<net id="217"><net_src comp="4" pin="0"/><net_sink comp="214" pin=0"/></net>

<net id="221"><net_src comp="4" pin="0"/><net_sink comp="218" pin=0"/></net>

<net id="225"><net_src comp="4" pin="0"/><net_sink comp="222" pin=0"/></net>

<net id="229"><net_src comp="4" pin="0"/><net_sink comp="226" pin=0"/></net>

<net id="233"><net_src comp="4" pin="0"/><net_sink comp="230" pin=0"/></net>

<net id="237"><net_src comp="4" pin="0"/><net_sink comp="234" pin=0"/></net>

<net id="241"><net_src comp="4" pin="0"/><net_sink comp="238" pin=0"/></net>

<net id="245"><net_src comp="4" pin="0"/><net_sink comp="242" pin=0"/></net>

<net id="249"><net_src comp="4" pin="0"/><net_sink comp="246" pin=0"/></net>

<net id="253"><net_src comp="4" pin="0"/><net_sink comp="250" pin=0"/></net>

<net id="257"><net_src comp="4" pin="0"/><net_sink comp="254" pin=0"/></net>

<net id="261"><net_src comp="4" pin="0"/><net_sink comp="258" pin=0"/></net>

<net id="265"><net_src comp="4" pin="0"/><net_sink comp="262" pin=0"/></net>

<net id="269"><net_src comp="4" pin="0"/><net_sink comp="266" pin=0"/></net>

<net id="273"><net_src comp="4" pin="0"/><net_sink comp="270" pin=0"/></net>

<net id="343"><net_src comp="6" pin="0"/><net_sink comp="274" pin=0"/></net>

<net id="344"><net_src comp="0" pin="0"/><net_sink comp="274" pin=65"/></net>

<net id="345"><net_src comp="2" pin="0"/><net_sink comp="274" pin=66"/></net>

<net id="349"><net_src comp="18" pin="1"/><net_sink comp="346" pin=0"/></net>

<net id="350"><net_src comp="346" pin="1"/><net_sink comp="274" pin=1"/></net>

<net id="354"><net_src comp="22" pin="1"/><net_sink comp="351" pin=0"/></net>

<net id="355"><net_src comp="351" pin="1"/><net_sink comp="274" pin=2"/></net>

<net id="359"><net_src comp="26" pin="1"/><net_sink comp="356" pin=0"/></net>

<net id="360"><net_src comp="356" pin="1"/><net_sink comp="274" pin=3"/></net>

<net id="364"><net_src comp="30" pin="1"/><net_sink comp="361" pin=0"/></net>

<net id="365"><net_src comp="361" pin="1"/><net_sink comp="274" pin=4"/></net>

<net id="369"><net_src comp="34" pin="1"/><net_sink comp="366" pin=0"/></net>

<net id="370"><net_src comp="366" pin="1"/><net_sink comp="274" pin=5"/></net>

<net id="374"><net_src comp="38" pin="1"/><net_sink comp="371" pin=0"/></net>

<net id="375"><net_src comp="371" pin="1"/><net_sink comp="274" pin=6"/></net>

<net id="379"><net_src comp="42" pin="1"/><net_sink comp="376" pin=0"/></net>

<net id="380"><net_src comp="376" pin="1"/><net_sink comp="274" pin=7"/></net>

<net id="384"><net_src comp="46" pin="1"/><net_sink comp="381" pin=0"/></net>

<net id="385"><net_src comp="381" pin="1"/><net_sink comp="274" pin=8"/></net>

<net id="389"><net_src comp="50" pin="1"/><net_sink comp="386" pin=0"/></net>

<net id="390"><net_src comp="386" pin="1"/><net_sink comp="274" pin=9"/></net>

<net id="394"><net_src comp="54" pin="1"/><net_sink comp="391" pin=0"/></net>

<net id="395"><net_src comp="391" pin="1"/><net_sink comp="274" pin=10"/></net>

<net id="399"><net_src comp="58" pin="1"/><net_sink comp="396" pin=0"/></net>

<net id="400"><net_src comp="396" pin="1"/><net_sink comp="274" pin=11"/></net>

<net id="404"><net_src comp="62" pin="1"/><net_sink comp="401" pin=0"/></net>

<net id="405"><net_src comp="401" pin="1"/><net_sink comp="274" pin=12"/></net>

<net id="409"><net_src comp="66" pin="1"/><net_sink comp="406" pin=0"/></net>

<net id="410"><net_src comp="406" pin="1"/><net_sink comp="274" pin=13"/></net>

<net id="414"><net_src comp="70" pin="1"/><net_sink comp="411" pin=0"/></net>

<net id="415"><net_src comp="411" pin="1"/><net_sink comp="274" pin=14"/></net>

<net id="419"><net_src comp="74" pin="1"/><net_sink comp="416" pin=0"/></net>

<net id="420"><net_src comp="416" pin="1"/><net_sink comp="274" pin=15"/></net>

<net id="424"><net_src comp="78" pin="1"/><net_sink comp="421" pin=0"/></net>

<net id="425"><net_src comp="421" pin="1"/><net_sink comp="274" pin=16"/></net>

<net id="429"><net_src comp="82" pin="1"/><net_sink comp="426" pin=0"/></net>

<net id="430"><net_src comp="426" pin="1"/><net_sink comp="274" pin=17"/></net>

<net id="434"><net_src comp="86" pin="1"/><net_sink comp="431" pin=0"/></net>

<net id="435"><net_src comp="431" pin="1"/><net_sink comp="274" pin=18"/></net>

<net id="439"><net_src comp="90" pin="1"/><net_sink comp="436" pin=0"/></net>

<net id="440"><net_src comp="436" pin="1"/><net_sink comp="274" pin=19"/></net>

<net id="444"><net_src comp="94" pin="1"/><net_sink comp="441" pin=0"/></net>

<net id="445"><net_src comp="441" pin="1"/><net_sink comp="274" pin=20"/></net>

<net id="449"><net_src comp="98" pin="1"/><net_sink comp="446" pin=0"/></net>

<net id="450"><net_src comp="446" pin="1"/><net_sink comp="274" pin=21"/></net>

<net id="454"><net_src comp="102" pin="1"/><net_sink comp="451" pin=0"/></net>

<net id="455"><net_src comp="451" pin="1"/><net_sink comp="274" pin=22"/></net>

<net id="459"><net_src comp="106" pin="1"/><net_sink comp="456" pin=0"/></net>

<net id="460"><net_src comp="456" pin="1"/><net_sink comp="274" pin=23"/></net>

<net id="464"><net_src comp="110" pin="1"/><net_sink comp="461" pin=0"/></net>

<net id="465"><net_src comp="461" pin="1"/><net_sink comp="274" pin=24"/></net>

<net id="469"><net_src comp="114" pin="1"/><net_sink comp="466" pin=0"/></net>

<net id="470"><net_src comp="466" pin="1"/><net_sink comp="274" pin=25"/></net>

<net id="474"><net_src comp="118" pin="1"/><net_sink comp="471" pin=0"/></net>

<net id="475"><net_src comp="471" pin="1"/><net_sink comp="274" pin=26"/></net>

<net id="479"><net_src comp="122" pin="1"/><net_sink comp="476" pin=0"/></net>

<net id="480"><net_src comp="476" pin="1"/><net_sink comp="274" pin=27"/></net>

<net id="484"><net_src comp="126" pin="1"/><net_sink comp="481" pin=0"/></net>

<net id="485"><net_src comp="481" pin="1"/><net_sink comp="274" pin=28"/></net>

<net id="489"><net_src comp="130" pin="1"/><net_sink comp="486" pin=0"/></net>

<net id="490"><net_src comp="486" pin="1"/><net_sink comp="274" pin=29"/></net>

<net id="494"><net_src comp="134" pin="1"/><net_sink comp="491" pin=0"/></net>

<net id="495"><net_src comp="491" pin="1"/><net_sink comp="274" pin=30"/></net>

<net id="499"><net_src comp="138" pin="1"/><net_sink comp="496" pin=0"/></net>

<net id="500"><net_src comp="496" pin="1"/><net_sink comp="274" pin=31"/></net>

<net id="504"><net_src comp="142" pin="1"/><net_sink comp="501" pin=0"/></net>

<net id="505"><net_src comp="501" pin="1"/><net_sink comp="274" pin=32"/></net>

<net id="509"><net_src comp="146" pin="1"/><net_sink comp="506" pin=0"/></net>

<net id="510"><net_src comp="506" pin="1"/><net_sink comp="274" pin=33"/></net>

<net id="514"><net_src comp="150" pin="1"/><net_sink comp="511" pin=0"/></net>

<net id="515"><net_src comp="511" pin="1"/><net_sink comp="274" pin=34"/></net>

<net id="519"><net_src comp="154" pin="1"/><net_sink comp="516" pin=0"/></net>

<net id="520"><net_src comp="516" pin="1"/><net_sink comp="274" pin=35"/></net>

<net id="524"><net_src comp="158" pin="1"/><net_sink comp="521" pin=0"/></net>

<net id="525"><net_src comp="521" pin="1"/><net_sink comp="274" pin=36"/></net>

<net id="529"><net_src comp="162" pin="1"/><net_sink comp="526" pin=0"/></net>

<net id="530"><net_src comp="526" pin="1"/><net_sink comp="274" pin=37"/></net>

<net id="534"><net_src comp="166" pin="1"/><net_sink comp="531" pin=0"/></net>

<net id="535"><net_src comp="531" pin="1"/><net_sink comp="274" pin=38"/></net>

<net id="539"><net_src comp="170" pin="1"/><net_sink comp="536" pin=0"/></net>

<net id="540"><net_src comp="536" pin="1"/><net_sink comp="274" pin=39"/></net>

<net id="544"><net_src comp="174" pin="1"/><net_sink comp="541" pin=0"/></net>

<net id="545"><net_src comp="541" pin="1"/><net_sink comp="274" pin=40"/></net>

<net id="549"><net_src comp="178" pin="1"/><net_sink comp="546" pin=0"/></net>

<net id="550"><net_src comp="546" pin="1"/><net_sink comp="274" pin=41"/></net>

<net id="554"><net_src comp="182" pin="1"/><net_sink comp="551" pin=0"/></net>

<net id="555"><net_src comp="551" pin="1"/><net_sink comp="274" pin=42"/></net>

<net id="559"><net_src comp="186" pin="1"/><net_sink comp="556" pin=0"/></net>

<net id="560"><net_src comp="556" pin="1"/><net_sink comp="274" pin=43"/></net>

<net id="564"><net_src comp="190" pin="1"/><net_sink comp="561" pin=0"/></net>

<net id="565"><net_src comp="561" pin="1"/><net_sink comp="274" pin=44"/></net>

<net id="569"><net_src comp="194" pin="1"/><net_sink comp="566" pin=0"/></net>

<net id="570"><net_src comp="566" pin="1"/><net_sink comp="274" pin=45"/></net>

<net id="574"><net_src comp="198" pin="1"/><net_sink comp="571" pin=0"/></net>

<net id="575"><net_src comp="571" pin="1"/><net_sink comp="274" pin=46"/></net>

<net id="579"><net_src comp="202" pin="1"/><net_sink comp="576" pin=0"/></net>

<net id="580"><net_src comp="576" pin="1"/><net_sink comp="274" pin=47"/></net>

<net id="584"><net_src comp="206" pin="1"/><net_sink comp="581" pin=0"/></net>

<net id="585"><net_src comp="581" pin="1"/><net_sink comp="274" pin=48"/></net>

<net id="589"><net_src comp="210" pin="1"/><net_sink comp="586" pin=0"/></net>

<net id="590"><net_src comp="586" pin="1"/><net_sink comp="274" pin=49"/></net>

<net id="594"><net_src comp="214" pin="1"/><net_sink comp="591" pin=0"/></net>

<net id="595"><net_src comp="591" pin="1"/><net_sink comp="274" pin=50"/></net>

<net id="599"><net_src comp="218" pin="1"/><net_sink comp="596" pin=0"/></net>

<net id="600"><net_src comp="596" pin="1"/><net_sink comp="274" pin=51"/></net>

<net id="604"><net_src comp="222" pin="1"/><net_sink comp="601" pin=0"/></net>

<net id="605"><net_src comp="601" pin="1"/><net_sink comp="274" pin=52"/></net>

<net id="609"><net_src comp="226" pin="1"/><net_sink comp="606" pin=0"/></net>

<net id="610"><net_src comp="606" pin="1"/><net_sink comp="274" pin=53"/></net>

<net id="614"><net_src comp="230" pin="1"/><net_sink comp="611" pin=0"/></net>

<net id="615"><net_src comp="611" pin="1"/><net_sink comp="274" pin=54"/></net>

<net id="619"><net_src comp="234" pin="1"/><net_sink comp="616" pin=0"/></net>

<net id="620"><net_src comp="616" pin="1"/><net_sink comp="274" pin=55"/></net>

<net id="624"><net_src comp="238" pin="1"/><net_sink comp="621" pin=0"/></net>

<net id="625"><net_src comp="621" pin="1"/><net_sink comp="274" pin=56"/></net>

<net id="629"><net_src comp="242" pin="1"/><net_sink comp="626" pin=0"/></net>

<net id="630"><net_src comp="626" pin="1"/><net_sink comp="274" pin=57"/></net>

<net id="634"><net_src comp="246" pin="1"/><net_sink comp="631" pin=0"/></net>

<net id="635"><net_src comp="631" pin="1"/><net_sink comp="274" pin=58"/></net>

<net id="639"><net_src comp="250" pin="1"/><net_sink comp="636" pin=0"/></net>

<net id="640"><net_src comp="636" pin="1"/><net_sink comp="274" pin=59"/></net>

<net id="644"><net_src comp="254" pin="1"/><net_sink comp="641" pin=0"/></net>

<net id="645"><net_src comp="641" pin="1"/><net_sink comp="274" pin=60"/></net>

<net id="649"><net_src comp="258" pin="1"/><net_sink comp="646" pin=0"/></net>

<net id="650"><net_src comp="646" pin="1"/><net_sink comp="274" pin=61"/></net>

<net id="654"><net_src comp="262" pin="1"/><net_sink comp="651" pin=0"/></net>

<net id="655"><net_src comp="651" pin="1"/><net_sink comp="274" pin=62"/></net>

<net id="659"><net_src comp="266" pin="1"/><net_sink comp="656" pin=0"/></net>

<net id="660"><net_src comp="656" pin="1"/><net_sink comp="274" pin=63"/></net>

<net id="664"><net_src comp="270" pin="1"/><net_sink comp="661" pin=0"/></net>

<net id="665"><net_src comp="661" pin="1"/><net_sink comp="274" pin=64"/></net>

</net_list>

</model> 
---------------- Datapath Model END ------------------

* FSMD analyzer results:
  - Output states:
	Port: full_out_float16 | {1 2 }
 - Input state : 
	Port: pool3 : conv3_out21 | {1 2 }
  - Chain level:
	State 1
		call_ln195 : 1
	State 2


============================================================
+ Verbose Summary: Datapath Resource usage 
============================================================

* Functional unit list:
|----------|------------------------------------------|---------|---------|---------|
| Operation|              Functional Unit             |  Delay  |    FF   |   LUT   |
|----------|------------------------------------------|---------|---------|---------|
|   call   | grp_sp_pool_ap_fixed_32_6_5_3_0_2_fu_274 |  8.407  |   8529  |   7326  |
|----------|------------------------------------------|---------|---------|---------|
|   Total  |                                          |  8.407  |   8529  |   7326  |
|----------|------------------------------------------|---------|---------|---------|

Memories:
N/A

* Register list:
+----------------------+--------+
|                      |   FF   |
+----------------------+--------+
|pool_buf3_V_10_reg_396|   32   |
|pool_buf3_V_11_reg_401|   32   |
|pool_buf3_V_12_reg_406|   32   |
|pool_buf3_V_13_reg_411|   32   |
|pool_buf3_V_14_reg_416|   32   |
|pool_buf3_V_15_reg_421|   32   |
|pool_buf3_V_16_reg_426|   32   |
|pool_buf3_V_17_reg_431|   32   |
|pool_buf3_V_18_reg_436|   32   |
|pool_buf3_V_19_reg_441|   32   |
| pool_buf3_V_1_reg_351|   32   |
|pool_buf3_V_20_reg_446|   32   |
|pool_buf3_V_21_reg_451|   32   |
|pool_buf3_V_22_reg_456|   32   |
|pool_buf3_V_23_reg_461|   32   |
|pool_buf3_V_24_reg_466|   32   |
|pool_buf3_V_25_reg_471|   32   |
|pool_buf3_V_26_reg_476|   32   |
|pool_buf3_V_27_reg_481|   32   |
|pool_buf3_V_28_reg_486|   32   |
|pool_buf3_V_29_reg_491|   32   |
| pool_buf3_V_2_reg_356|   32   |
|pool_buf3_V_30_reg_496|   32   |
|pool_buf3_V_31_reg_501|   32   |
|pool_buf3_V_32_reg_506|   32   |
|pool_buf3_V_33_reg_511|   32   |
|pool_buf3_V_34_reg_516|   32   |
|pool_buf3_V_35_reg_521|   32   |
|pool_buf3_V_36_reg_526|   32   |
|pool_buf3_V_37_reg_531|   32   |
|pool_buf3_V_38_reg_536|   32   |
|pool_buf3_V_39_reg_541|   32   |
| pool_buf3_V_3_reg_361|   32   |
|pool_buf3_V_40_reg_546|   32   |
|pool_buf3_V_41_reg_551|   32   |
|pool_buf3_V_42_reg_556|   32   |
|pool_buf3_V_43_reg_561|   32   |
|pool_buf3_V_44_reg_566|   32   |
|pool_buf3_V_45_reg_571|   32   |
|pool_buf3_V_46_reg_576|   32   |
|pool_buf3_V_47_reg_581|   32   |
|pool_buf3_V_48_reg_586|   32   |
|pool_buf3_V_49_reg_591|   32   |
| pool_buf3_V_4_reg_366|   32   |
|pool_buf3_V_50_reg_596|   32   |
|pool_buf3_V_51_reg_601|   32   |
|pool_buf3_V_52_reg_606|   32   |
|pool_buf3_V_53_reg_611|   32   |
|pool_buf3_V_54_reg_616|   32   |
|pool_buf3_V_55_reg_621|   32   |
|pool_buf3_V_56_reg_626|   32   |
|pool_buf3_V_57_reg_631|   32   |
|pool_buf3_V_58_reg_636|   32   |
|pool_buf3_V_59_reg_641|   32   |
| pool_buf3_V_5_reg_371|   32   |
|pool_buf3_V_60_reg_646|   32   |
|pool_buf3_V_61_reg_651|   32   |
|pool_buf3_V_62_reg_656|   32   |
|pool_buf3_V_63_reg_661|   32   |
| pool_buf3_V_6_reg_376|   32   |
| pool_buf3_V_7_reg_381|   32   |
| pool_buf3_V_8_reg_386|   32   |
| pool_buf3_V_9_reg_391|   32   |
|  pool_buf3_V_reg_346 |   32   |
+----------------------+--------+
|         Total        |  2048  |
+----------------------+--------+

* Multiplexer (MUX) list: 
|--------|------|------|------|--------|
|  Comp  |  Pin | Size |  BW  | S x BW |
|--------|------|------|------|--------|
|  Total |      |      |      |    0   |
|--------|------|------|------|--------|



* Summary:
+-----------+--------+--------+--------+
|           |  Delay |   FF   |   LUT  |
+-----------+--------+--------+--------+
|  Function |    8   |  8529  |  7326  |
|   Memory  |    -   |    -   |    -   |
|Multiplexer|    -   |    -   |    -   |
|  Register |    -   |  2048  |    -   |
+-----------+--------+--------+--------+
|   Total   |    8   |  10577 |  7326  |
+-----------+--------+--------+--------+
