

================================================================
== Vitis HLS Report for 'pool2'
================================================================
* Date:           Tue Feb 27 17:35:46 2024

* Version:        2022.1 (Build 3526262 on Mon Apr 18 15:47:01 MDT 2022)
* Project:        SoC
* Solution:       solution1 (Vivado IP Flow Target)
* Product family: zynquplus
* Target device:  xczu7ev-ffvc1156-2-e


================================================================
== Performance Estimates
================================================================
+ Timing: 
    * Summary: 
    +--------+----------+----------+------------+
    |  Clock |  Target  | Estimated| Uncertainty|
    +--------+----------+----------+------------+
    |ap_clk  |  10.00 ns|  6.439 ns|     2.70 ns|
    +--------+----------+----------+------------+

+ Latency: 
    * Summary: 
    +---------+---------+-----------+-----------+------+------+---------+
    |  Latency (cycles) |   Latency (absolute)  |   Interval  | Pipeline|
    |   min   |   max   |    min    |    max    |  min |  max |   Type  |
    +---------+---------+-----------+-----------+------+------+---------+
    |     1571|     1571|  15.710 us|  15.710 us|  1571|  1571|       no|
    +---------+---------+-----------+-----------+------+------+---------+

    + Detail: 
        * Instance: 
        N/A

        * Loop: 
        N/A

============================================================
+ Verbose Summary: Synthesis Manager
============================================================
InlineROM: 1
ExposeGlobal: 0
============================================================
+ Verbose Summary: CDFG Model
============================================================
IsTopModel: 0
ResetActiveHigh: 1
IsCombinational: 2
IsDatapathOnly: 0
HasWiredReturn: 1
HasMFsm: 0
HasVarLatency: 1
IsPipeline: 0
IsRtlPipelined: 0
IsInstanceOverlapped: 0
IsDontTouch: 0
HasImplIP: 0
IsGatedGlobalClock: 0


============================================================
+ Verbose Summary: Schedule
============================================================
* Number of FSM states : 2
* Pipeline : 0
* Dataflow Pipeline: 0

* FSM state transitions: 
1 --> 2 
2 --> 

* FSM state operations: 

State 1 <SV = 0> <Delay = 4.15>
ST_1 : Operation 3 [1/1] (0.00ns)   --->   "%pool_buf2_V = alloca i64 1" [encode.cpp:186]   --->   Operation 3 'alloca' 'pool_buf2_V' <Predicate = true> <Delay = 0.00>
ST_1 : Operation 4 [1/1] (0.00ns)   --->   "%pool_buf2_V_1 = alloca i64 1" [encode.cpp:186]   --->   Operation 4 'alloca' 'pool_buf2_V_1' <Predicate = true> <Delay = 0.00>
ST_1 : Operation 5 [1/1] (0.00ns)   --->   "%pool_buf2_V_2 = alloca i64 1" [encode.cpp:186]   --->   Operation 5 'alloca' 'pool_buf2_V_2' <Predicate = true> <Delay = 0.00>
ST_1 : Operation 6 [1/1] (0.00ns)   --->   "%pool_buf2_V_3 = alloca i64 1" [encode.cpp:186]   --->   Operation 6 'alloca' 'pool_buf2_V_3' <Predicate = true> <Delay = 0.00>
ST_1 : Operation 7 [1/1] (0.00ns)   --->   "%pool_buf2_V_4 = alloca i64 1" [encode.cpp:186]   --->   Operation 7 'alloca' 'pool_buf2_V_4' <Predicate = true> <Delay = 0.00>
ST_1 : Operation 8 [1/1] (0.00ns)   --->   "%pool_buf2_V_5 = alloca i64 1" [encode.cpp:186]   --->   Operation 8 'alloca' 'pool_buf2_V_5' <Predicate = true> <Delay = 0.00>
ST_1 : Operation 9 [1/1] (0.00ns)   --->   "%pool_buf2_V_6 = alloca i64 1" [encode.cpp:186]   --->   Operation 9 'alloca' 'pool_buf2_V_6' <Predicate = true> <Delay = 0.00>
ST_1 : Operation 10 [1/1] (0.00ns)   --->   "%pool_buf2_V_7 = alloca i64 1" [encode.cpp:186]   --->   Operation 10 'alloca' 'pool_buf2_V_7' <Predicate = true> <Delay = 0.00>
ST_1 : Operation 11 [1/1] (0.00ns)   --->   "%pool_buf2_V_8 = alloca i64 1" [encode.cpp:186]   --->   Operation 11 'alloca' 'pool_buf2_V_8' <Predicate = true> <Delay = 0.00>
ST_1 : Operation 12 [1/1] (0.00ns)   --->   "%pool_buf2_V_9 = alloca i64 1" [encode.cpp:186]   --->   Operation 12 'alloca' 'pool_buf2_V_9' <Predicate = true> <Delay = 0.00>
ST_1 : Operation 13 [1/1] (0.00ns)   --->   "%pool_buf2_V_10 = alloca i64 1" [encode.cpp:186]   --->   Operation 13 'alloca' 'pool_buf2_V_10' <Predicate = true> <Delay = 0.00>
ST_1 : Operation 14 [1/1] (0.00ns)   --->   "%pool_buf2_V_11 = alloca i64 1" [encode.cpp:186]   --->   Operation 14 'alloca' 'pool_buf2_V_11' <Predicate = true> <Delay = 0.00>
ST_1 : Operation 15 [1/1] (0.00ns)   --->   "%pool_buf2_V_12 = alloca i64 1" [encode.cpp:186]   --->   Operation 15 'alloca' 'pool_buf2_V_12' <Predicate = true> <Delay = 0.00>
ST_1 : Operation 16 [1/1] (0.00ns)   --->   "%pool_buf2_V_13 = alloca i64 1" [encode.cpp:186]   --->   Operation 16 'alloca' 'pool_buf2_V_13' <Predicate = true> <Delay = 0.00>
ST_1 : Operation 17 [1/1] (0.00ns)   --->   "%pool_buf2_V_14 = alloca i64 1" [encode.cpp:186]   --->   Operation 17 'alloca' 'pool_buf2_V_14' <Predicate = true> <Delay = 0.00>
ST_1 : Operation 18 [1/1] (0.00ns)   --->   "%pool_buf2_V_15 = alloca i64 1" [encode.cpp:186]   --->   Operation 18 'alloca' 'pool_buf2_V_15' <Predicate = true> <Delay = 0.00>
ST_1 : Operation 19 [1/1] (0.00ns)   --->   "%pool_buf2_V_16 = alloca i64 1" [encode.cpp:186]   --->   Operation 19 'alloca' 'pool_buf2_V_16' <Predicate = true> <Delay = 0.00>
ST_1 : Operation 20 [1/1] (0.00ns)   --->   "%pool_buf2_V_17 = alloca i64 1" [encode.cpp:186]   --->   Operation 20 'alloca' 'pool_buf2_V_17' <Predicate = true> <Delay = 0.00>
ST_1 : Operation 21 [1/1] (0.00ns)   --->   "%pool_buf2_V_18 = alloca i64 1" [encode.cpp:186]   --->   Operation 21 'alloca' 'pool_buf2_V_18' <Predicate = true> <Delay = 0.00>
ST_1 : Operation 22 [1/1] (0.00ns)   --->   "%pool_buf2_V_19 = alloca i64 1" [encode.cpp:186]   --->   Operation 22 'alloca' 'pool_buf2_V_19' <Predicate = true> <Delay = 0.00>
ST_1 : Operation 23 [1/1] (0.00ns)   --->   "%pool_buf2_V_20 = alloca i64 1" [encode.cpp:186]   --->   Operation 23 'alloca' 'pool_buf2_V_20' <Predicate = true> <Delay = 0.00>
ST_1 : Operation 24 [1/1] (0.00ns)   --->   "%pool_buf2_V_21 = alloca i64 1" [encode.cpp:186]   --->   Operation 24 'alloca' 'pool_buf2_V_21' <Predicate = true> <Delay = 0.00>
ST_1 : Operation 25 [1/1] (0.00ns)   --->   "%pool_buf2_V_22 = alloca i64 1" [encode.cpp:186]   --->   Operation 25 'alloca' 'pool_buf2_V_22' <Predicate = true> <Delay = 0.00>
ST_1 : Operation 26 [1/1] (0.00ns)   --->   "%pool_buf2_V_23 = alloca i64 1" [encode.cpp:186]   --->   Operation 26 'alloca' 'pool_buf2_V_23' <Predicate = true> <Delay = 0.00>
ST_1 : Operation 27 [1/1] (0.00ns)   --->   "%pool_buf2_V_24 = alloca i64 1" [encode.cpp:186]   --->   Operation 27 'alloca' 'pool_buf2_V_24' <Predicate = true> <Delay = 0.00>
ST_1 : Operation 28 [1/1] (0.00ns)   --->   "%pool_buf2_V_25 = alloca i64 1" [encode.cpp:186]   --->   Operation 28 'alloca' 'pool_buf2_V_25' <Predicate = true> <Delay = 0.00>
ST_1 : Operation 29 [1/1] (0.00ns)   --->   "%pool_buf2_V_26 = alloca i64 1" [encode.cpp:186]   --->   Operation 29 'alloca' 'pool_buf2_V_26' <Predicate = true> <Delay = 0.00>
ST_1 : Operation 30 [1/1] (0.00ns)   --->   "%pool_buf2_V_27 = alloca i64 1" [encode.cpp:186]   --->   Operation 30 'alloca' 'pool_buf2_V_27' <Predicate = true> <Delay = 0.00>
ST_1 : Operation 31 [1/1] (0.00ns)   --->   "%pool_buf2_V_28 = alloca i64 1" [encode.cpp:186]   --->   Operation 31 'alloca' 'pool_buf2_V_28' <Predicate = true> <Delay = 0.00>
ST_1 : Operation 32 [1/1] (0.00ns)   --->   "%pool_buf2_V_29 = alloca i64 1" [encode.cpp:186]   --->   Operation 32 'alloca' 'pool_buf2_V_29' <Predicate = true> <Delay = 0.00>
ST_1 : Operation 33 [1/1] (0.00ns)   --->   "%pool_buf2_V_30 = alloca i64 1" [encode.cpp:186]   --->   Operation 33 'alloca' 'pool_buf2_V_30' <Predicate = true> <Delay = 0.00>
ST_1 : Operation 34 [1/1] (0.00ns)   --->   "%pool_buf2_V_31 = alloca i64 1" [encode.cpp:186]   --->   Operation 34 'alloca' 'pool_buf2_V_31' <Predicate = true> <Delay = 0.00>
ST_1 : Operation 35 [1/1] (0.00ns)   --->   "%pool_buf2_V_32 = alloca i64 1" [encode.cpp:186]   --->   Operation 35 'alloca' 'pool_buf2_V_32' <Predicate = true> <Delay = 0.00>
ST_1 : Operation 36 [1/1] (0.00ns)   --->   "%pool_buf2_V_33 = alloca i64 1" [encode.cpp:186]   --->   Operation 36 'alloca' 'pool_buf2_V_33' <Predicate = true> <Delay = 0.00>
ST_1 : Operation 37 [1/1] (0.00ns)   --->   "%pool_buf2_V_34 = alloca i64 1" [encode.cpp:186]   --->   Operation 37 'alloca' 'pool_buf2_V_34' <Predicate = true> <Delay = 0.00>
ST_1 : Operation 38 [1/1] (0.00ns)   --->   "%pool_buf2_V_35 = alloca i64 1" [encode.cpp:186]   --->   Operation 38 'alloca' 'pool_buf2_V_35' <Predicate = true> <Delay = 0.00>
ST_1 : Operation 39 [1/1] (0.00ns)   --->   "%pool_buf2_V_36 = alloca i64 1" [encode.cpp:186]   --->   Operation 39 'alloca' 'pool_buf2_V_36' <Predicate = true> <Delay = 0.00>
ST_1 : Operation 40 [1/1] (0.00ns)   --->   "%pool_buf2_V_37 = alloca i64 1" [encode.cpp:186]   --->   Operation 40 'alloca' 'pool_buf2_V_37' <Predicate = true> <Delay = 0.00>
ST_1 : Operation 41 [1/1] (0.00ns)   --->   "%pool_buf2_V_38 = alloca i64 1" [encode.cpp:186]   --->   Operation 41 'alloca' 'pool_buf2_V_38' <Predicate = true> <Delay = 0.00>
ST_1 : Operation 42 [1/1] (0.00ns)   --->   "%pool_buf2_V_39 = alloca i64 1" [encode.cpp:186]   --->   Operation 42 'alloca' 'pool_buf2_V_39' <Predicate = true> <Delay = 0.00>
ST_1 : Operation 43 [1/1] (0.00ns)   --->   "%pool_buf2_V_40 = alloca i64 1" [encode.cpp:186]   --->   Operation 43 'alloca' 'pool_buf2_V_40' <Predicate = true> <Delay = 0.00>
ST_1 : Operation 44 [1/1] (0.00ns)   --->   "%pool_buf2_V_41 = alloca i64 1" [encode.cpp:186]   --->   Operation 44 'alloca' 'pool_buf2_V_41' <Predicate = true> <Delay = 0.00>
ST_1 : Operation 45 [1/1] (0.00ns)   --->   "%pool_buf2_V_42 = alloca i64 1" [encode.cpp:186]   --->   Operation 45 'alloca' 'pool_buf2_V_42' <Predicate = true> <Delay = 0.00>
ST_1 : Operation 46 [1/1] (0.00ns)   --->   "%pool_buf2_V_43 = alloca i64 1" [encode.cpp:186]   --->   Operation 46 'alloca' 'pool_buf2_V_43' <Predicate = true> <Delay = 0.00>
ST_1 : Operation 47 [1/1] (0.00ns)   --->   "%pool_buf2_V_44 = alloca i64 1" [encode.cpp:186]   --->   Operation 47 'alloca' 'pool_buf2_V_44' <Predicate = true> <Delay = 0.00>
ST_1 : Operation 48 [1/1] (0.00ns)   --->   "%pool_buf2_V_45 = alloca i64 1" [encode.cpp:186]   --->   Operation 48 'alloca' 'pool_buf2_V_45' <Predicate = true> <Delay = 0.00>
ST_1 : Operation 49 [1/1] (0.00ns)   --->   "%pool_buf2_V_46 = alloca i64 1" [encode.cpp:186]   --->   Operation 49 'alloca' 'pool_buf2_V_46' <Predicate = true> <Delay = 0.00>
ST_1 : Operation 50 [1/1] (0.00ns)   --->   "%pool_buf2_V_47 = alloca i64 1" [encode.cpp:186]   --->   Operation 50 'alloca' 'pool_buf2_V_47' <Predicate = true> <Delay = 0.00>
ST_1 : Operation 51 [1/1] (0.00ns)   --->   "%pool_buf2_V_48 = alloca i64 1" [encode.cpp:186]   --->   Operation 51 'alloca' 'pool_buf2_V_48' <Predicate = true> <Delay = 0.00>
ST_1 : Operation 52 [1/1] (0.00ns)   --->   "%pool_buf2_V_49 = alloca i64 1" [encode.cpp:186]   --->   Operation 52 'alloca' 'pool_buf2_V_49' <Predicate = true> <Delay = 0.00>
ST_1 : Operation 53 [1/1] (0.00ns)   --->   "%pool_buf2_V_50 = alloca i64 1" [encode.cpp:186]   --->   Operation 53 'alloca' 'pool_buf2_V_50' <Predicate = true> <Delay = 0.00>
ST_1 : Operation 54 [1/1] (0.00ns)   --->   "%pool_buf2_V_51 = alloca i64 1" [encode.cpp:186]   --->   Operation 54 'alloca' 'pool_buf2_V_51' <Predicate = true> <Delay = 0.00>
ST_1 : Operation 55 [1/1] (0.00ns)   --->   "%pool_buf2_V_52 = alloca i64 1" [encode.cpp:186]   --->   Operation 55 'alloca' 'pool_buf2_V_52' <Predicate = true> <Delay = 0.00>
ST_1 : Operation 56 [1/1] (0.00ns)   --->   "%pool_buf2_V_53 = alloca i64 1" [encode.cpp:186]   --->   Operation 56 'alloca' 'pool_buf2_V_53' <Predicate = true> <Delay = 0.00>
ST_1 : Operation 57 [1/1] (0.00ns)   --->   "%pool_buf2_V_54 = alloca i64 1" [encode.cpp:186]   --->   Operation 57 'alloca' 'pool_buf2_V_54' <Predicate = true> <Delay = 0.00>
ST_1 : Operation 58 [1/1] (0.00ns)   --->   "%pool_buf2_V_55 = alloca i64 1" [encode.cpp:186]   --->   Operation 58 'alloca' 'pool_buf2_V_55' <Predicate = true> <Delay = 0.00>
ST_1 : Operation 59 [1/1] (0.00ns)   --->   "%pool_buf2_V_56 = alloca i64 1" [encode.cpp:186]   --->   Operation 59 'alloca' 'pool_buf2_V_56' <Predicate = true> <Delay = 0.00>
ST_1 : Operation 60 [1/1] (0.00ns)   --->   "%pool_buf2_V_57 = alloca i64 1" [encode.cpp:186]   --->   Operation 60 'alloca' 'pool_buf2_V_57' <Predicate = true> <Delay = 0.00>
ST_1 : Operation 61 [1/1] (0.00ns)   --->   "%pool_buf2_V_58 = alloca i64 1" [encode.cpp:186]   --->   Operation 61 'alloca' 'pool_buf2_V_58' <Predicate = true> <Delay = 0.00>
ST_1 : Operation 62 [1/1] (0.00ns)   --->   "%pool_buf2_V_59 = alloca i64 1" [encode.cpp:186]   --->   Operation 62 'alloca' 'pool_buf2_V_59' <Predicate = true> <Delay = 0.00>
ST_1 : Operation 63 [1/1] (0.00ns)   --->   "%pool_buf2_V_60 = alloca i64 1" [encode.cpp:186]   --->   Operation 63 'alloca' 'pool_buf2_V_60' <Predicate = true> <Delay = 0.00>
ST_1 : Operation 64 [1/1] (0.00ns)   --->   "%pool_buf2_V_61 = alloca i64 1" [encode.cpp:186]   --->   Operation 64 'alloca' 'pool_buf2_V_61' <Predicate = true> <Delay = 0.00>
ST_1 : Operation 65 [1/1] (0.00ns)   --->   "%pool_buf2_V_62 = alloca i64 1" [encode.cpp:186]   --->   Operation 65 'alloca' 'pool_buf2_V_62' <Predicate = true> <Delay = 0.00>
ST_1 : Operation 66 [1/1] (0.00ns)   --->   "%pool_buf2_V_63 = alloca i64 1" [encode.cpp:186]   --->   Operation 66 'alloca' 'pool_buf2_V_63' <Predicate = true> <Delay = 0.00>
ST_1 : Operation 67 [1/1] (0.00ns)   --->   "%pool_buf2_V_64 = alloca i64 1" [encode.cpp:186]   --->   Operation 67 'alloca' 'pool_buf2_V_64' <Predicate = true> <Delay = 0.00>
ST_1 : Operation 68 [1/1] (0.00ns)   --->   "%pool_buf2_V_65 = alloca i64 1" [encode.cpp:186]   --->   Operation 68 'alloca' 'pool_buf2_V_65' <Predicate = true> <Delay = 0.00>
ST_1 : Operation 69 [1/1] (0.00ns)   --->   "%pool_buf2_V_66 = alloca i64 1" [encode.cpp:186]   --->   Operation 69 'alloca' 'pool_buf2_V_66' <Predicate = true> <Delay = 0.00>
ST_1 : Operation 70 [1/1] (0.00ns)   --->   "%pool_buf2_V_67 = alloca i64 1" [encode.cpp:186]   --->   Operation 70 'alloca' 'pool_buf2_V_67' <Predicate = true> <Delay = 0.00>
ST_1 : Operation 71 [1/1] (0.00ns)   --->   "%pool_buf2_V_68 = alloca i64 1" [encode.cpp:186]   --->   Operation 71 'alloca' 'pool_buf2_V_68' <Predicate = true> <Delay = 0.00>
ST_1 : Operation 72 [1/1] (0.00ns)   --->   "%pool_buf2_V_69 = alloca i64 1" [encode.cpp:186]   --->   Operation 72 'alloca' 'pool_buf2_V_69' <Predicate = true> <Delay = 0.00>
ST_1 : Operation 73 [1/1] (0.00ns)   --->   "%pool_buf2_V_70 = alloca i64 1" [encode.cpp:186]   --->   Operation 73 'alloca' 'pool_buf2_V_70' <Predicate = true> <Delay = 0.00>
ST_1 : Operation 74 [1/1] (0.00ns)   --->   "%pool_buf2_V_71 = alloca i64 1" [encode.cpp:186]   --->   Operation 74 'alloca' 'pool_buf2_V_71' <Predicate = true> <Delay = 0.00>
ST_1 : Operation 75 [1/1] (0.00ns)   --->   "%pool_buf2_V_72 = alloca i64 1" [encode.cpp:186]   --->   Operation 75 'alloca' 'pool_buf2_V_72' <Predicate = true> <Delay = 0.00>
ST_1 : Operation 76 [1/1] (0.00ns)   --->   "%pool_buf2_V_73 = alloca i64 1" [encode.cpp:186]   --->   Operation 76 'alloca' 'pool_buf2_V_73' <Predicate = true> <Delay = 0.00>
ST_1 : Operation 77 [1/1] (0.00ns)   --->   "%pool_buf2_V_74 = alloca i64 1" [encode.cpp:186]   --->   Operation 77 'alloca' 'pool_buf2_V_74' <Predicate = true> <Delay = 0.00>
ST_1 : Operation 78 [1/1] (0.00ns)   --->   "%pool_buf2_V_75 = alloca i64 1" [encode.cpp:186]   --->   Operation 78 'alloca' 'pool_buf2_V_75' <Predicate = true> <Delay = 0.00>
ST_1 : Operation 79 [1/1] (0.00ns)   --->   "%pool_buf2_V_76 = alloca i64 1" [encode.cpp:186]   --->   Operation 79 'alloca' 'pool_buf2_V_76' <Predicate = true> <Delay = 0.00>
ST_1 : Operation 80 [1/1] (0.00ns)   --->   "%pool_buf2_V_77 = alloca i64 1" [encode.cpp:186]   --->   Operation 80 'alloca' 'pool_buf2_V_77' <Predicate = true> <Delay = 0.00>
ST_1 : Operation 81 [1/1] (0.00ns)   --->   "%pool_buf2_V_78 = alloca i64 1" [encode.cpp:186]   --->   Operation 81 'alloca' 'pool_buf2_V_78' <Predicate = true> <Delay = 0.00>
ST_1 : Operation 82 [1/1] (0.00ns)   --->   "%pool_buf2_V_79 = alloca i64 1" [encode.cpp:186]   --->   Operation 82 'alloca' 'pool_buf2_V_79' <Predicate = true> <Delay = 0.00>
ST_1 : Operation 83 [1/1] (0.00ns)   --->   "%pool_buf2_V_80 = alloca i64 1" [encode.cpp:186]   --->   Operation 83 'alloca' 'pool_buf2_V_80' <Predicate = true> <Delay = 0.00>
ST_1 : Operation 84 [1/1] (0.00ns)   --->   "%pool_buf2_V_81 = alloca i64 1" [encode.cpp:186]   --->   Operation 84 'alloca' 'pool_buf2_V_81' <Predicate = true> <Delay = 0.00>
ST_1 : Operation 85 [1/1] (0.00ns)   --->   "%pool_buf2_V_82 = alloca i64 1" [encode.cpp:186]   --->   Operation 85 'alloca' 'pool_buf2_V_82' <Predicate = true> <Delay = 0.00>
ST_1 : Operation 86 [1/1] (0.00ns)   --->   "%pool_buf2_V_83 = alloca i64 1" [encode.cpp:186]   --->   Operation 86 'alloca' 'pool_buf2_V_83' <Predicate = true> <Delay = 0.00>
ST_1 : Operation 87 [1/1] (0.00ns)   --->   "%pool_buf2_V_84 = alloca i64 1" [encode.cpp:186]   --->   Operation 87 'alloca' 'pool_buf2_V_84' <Predicate = true> <Delay = 0.00>
ST_1 : Operation 88 [1/1] (0.00ns)   --->   "%pool_buf2_V_85 = alloca i64 1" [encode.cpp:186]   --->   Operation 88 'alloca' 'pool_buf2_V_85' <Predicate = true> <Delay = 0.00>
ST_1 : Operation 89 [1/1] (0.00ns)   --->   "%pool_buf2_V_86 = alloca i64 1" [encode.cpp:186]   --->   Operation 89 'alloca' 'pool_buf2_V_86' <Predicate = true> <Delay = 0.00>
ST_1 : Operation 90 [1/1] (0.00ns)   --->   "%pool_buf2_V_87 = alloca i64 1" [encode.cpp:186]   --->   Operation 90 'alloca' 'pool_buf2_V_87' <Predicate = true> <Delay = 0.00>
ST_1 : Operation 91 [1/1] (0.00ns)   --->   "%pool_buf2_V_88 = alloca i64 1" [encode.cpp:186]   --->   Operation 91 'alloca' 'pool_buf2_V_88' <Predicate = true> <Delay = 0.00>
ST_1 : Operation 92 [1/1] (0.00ns)   --->   "%pool_buf2_V_89 = alloca i64 1" [encode.cpp:186]   --->   Operation 92 'alloca' 'pool_buf2_V_89' <Predicate = true> <Delay = 0.00>
ST_1 : Operation 93 [1/1] (0.00ns)   --->   "%pool_buf2_V_90 = alloca i64 1" [encode.cpp:186]   --->   Operation 93 'alloca' 'pool_buf2_V_90' <Predicate = true> <Delay = 0.00>
ST_1 : Operation 94 [1/1] (0.00ns)   --->   "%pool_buf2_V_91 = alloca i64 1" [encode.cpp:186]   --->   Operation 94 'alloca' 'pool_buf2_V_91' <Predicate = true> <Delay = 0.00>
ST_1 : Operation 95 [1/1] (0.00ns)   --->   "%pool_buf2_V_92 = alloca i64 1" [encode.cpp:186]   --->   Operation 95 'alloca' 'pool_buf2_V_92' <Predicate = true> <Delay = 0.00>
ST_1 : Operation 96 [1/1] (0.00ns)   --->   "%pool_buf2_V_93 = alloca i64 1" [encode.cpp:186]   --->   Operation 96 'alloca' 'pool_buf2_V_93' <Predicate = true> <Delay = 0.00>
ST_1 : Operation 97 [1/1] (0.00ns)   --->   "%pool_buf2_V_94 = alloca i64 1" [encode.cpp:186]   --->   Operation 97 'alloca' 'pool_buf2_V_94' <Predicate = true> <Delay = 0.00>
ST_1 : Operation 98 [1/1] (0.00ns)   --->   "%pool_buf2_V_95 = alloca i64 1" [encode.cpp:186]   --->   Operation 98 'alloca' 'pool_buf2_V_95' <Predicate = true> <Delay = 0.00>
ST_1 : Operation 99 [1/1] (0.00ns)   --->   "%pool_buf2_V_96 = alloca i64 1" [encode.cpp:186]   --->   Operation 99 'alloca' 'pool_buf2_V_96' <Predicate = true> <Delay = 0.00>
ST_1 : Operation 100 [1/1] (0.00ns)   --->   "%pool_buf2_V_97 = alloca i64 1" [encode.cpp:186]   --->   Operation 100 'alloca' 'pool_buf2_V_97' <Predicate = true> <Delay = 0.00>
ST_1 : Operation 101 [1/1] (0.00ns)   --->   "%pool_buf2_V_98 = alloca i64 1" [encode.cpp:186]   --->   Operation 101 'alloca' 'pool_buf2_V_98' <Predicate = true> <Delay = 0.00>
ST_1 : Operation 102 [1/1] (0.00ns)   --->   "%pool_buf2_V_99 = alloca i64 1" [encode.cpp:186]   --->   Operation 102 'alloca' 'pool_buf2_V_99' <Predicate = true> <Delay = 0.00>
ST_1 : Operation 103 [1/1] (0.00ns)   --->   "%pool_buf2_V_100 = alloca i64 1" [encode.cpp:186]   --->   Operation 103 'alloca' 'pool_buf2_V_100' <Predicate = true> <Delay = 0.00>
ST_1 : Operation 104 [1/1] (0.00ns)   --->   "%pool_buf2_V_101 = alloca i64 1" [encode.cpp:186]   --->   Operation 104 'alloca' 'pool_buf2_V_101' <Predicate = true> <Delay = 0.00>
ST_1 : Operation 105 [1/1] (0.00ns)   --->   "%pool_buf2_V_102 = alloca i64 1" [encode.cpp:186]   --->   Operation 105 'alloca' 'pool_buf2_V_102' <Predicate = true> <Delay = 0.00>
ST_1 : Operation 106 [1/1] (0.00ns)   --->   "%pool_buf2_V_103 = alloca i64 1" [encode.cpp:186]   --->   Operation 106 'alloca' 'pool_buf2_V_103' <Predicate = true> <Delay = 0.00>
ST_1 : Operation 107 [1/1] (0.00ns)   --->   "%pool_buf2_V_104 = alloca i64 1" [encode.cpp:186]   --->   Operation 107 'alloca' 'pool_buf2_V_104' <Predicate = true> <Delay = 0.00>
ST_1 : Operation 108 [1/1] (0.00ns)   --->   "%pool_buf2_V_105 = alloca i64 1" [encode.cpp:186]   --->   Operation 108 'alloca' 'pool_buf2_V_105' <Predicate = true> <Delay = 0.00>
ST_1 : Operation 109 [1/1] (0.00ns)   --->   "%pool_buf2_V_106 = alloca i64 1" [encode.cpp:186]   --->   Operation 109 'alloca' 'pool_buf2_V_106' <Predicate = true> <Delay = 0.00>
ST_1 : Operation 110 [1/1] (0.00ns)   --->   "%pool_buf2_V_107 = alloca i64 1" [encode.cpp:186]   --->   Operation 110 'alloca' 'pool_buf2_V_107' <Predicate = true> <Delay = 0.00>
ST_1 : Operation 111 [1/1] (0.00ns)   --->   "%pool_buf2_V_108 = alloca i64 1" [encode.cpp:186]   --->   Operation 111 'alloca' 'pool_buf2_V_108' <Predicate = true> <Delay = 0.00>
ST_1 : Operation 112 [1/1] (0.00ns)   --->   "%pool_buf2_V_109 = alloca i64 1" [encode.cpp:186]   --->   Operation 112 'alloca' 'pool_buf2_V_109' <Predicate = true> <Delay = 0.00>
ST_1 : Operation 113 [1/1] (0.00ns)   --->   "%pool_buf2_V_110 = alloca i64 1" [encode.cpp:186]   --->   Operation 113 'alloca' 'pool_buf2_V_110' <Predicate = true> <Delay = 0.00>
ST_1 : Operation 114 [1/1] (0.00ns)   --->   "%pool_buf2_V_111 = alloca i64 1" [encode.cpp:186]   --->   Operation 114 'alloca' 'pool_buf2_V_111' <Predicate = true> <Delay = 0.00>
ST_1 : Operation 115 [2/2] (4.15ns)   --->   "%call_ln189 = call void @sp_pool<ap_fixed<32, 6, 5, 3, 0> >.1, i32 %pool_buf2_V, i32 %pool_buf2_V_1, i32 %pool_buf2_V_2, i32 %pool_buf2_V_3, i32 %pool_buf2_V_4, i32 %pool_buf2_V_5, i32 %pool_buf2_V_6, i32 %pool_buf2_V_7, i32 %pool_buf2_V_8, i32 %pool_buf2_V_9, i32 %pool_buf2_V_10, i32 %pool_buf2_V_11, i32 %pool_buf2_V_12, i32 %pool_buf2_V_13, i32 %pool_buf2_V_14, i32 %pool_buf2_V_15, i32 %pool_buf2_V_16, i32 %pool_buf2_V_17, i32 %pool_buf2_V_18, i32 %pool_buf2_V_19, i32 %pool_buf2_V_20, i32 %pool_buf2_V_21, i32 %pool_buf2_V_22, i32 %pool_buf2_V_23, i32 %pool_buf2_V_24, i32 %pool_buf2_V_25, i32 %pool_buf2_V_26, i32 %pool_buf2_V_27, i32 %pool_buf2_V_28, i32 %pool_buf2_V_29, i32 %pool_buf2_V_30, i32 %pool_buf2_V_31, i32 %pool_buf2_V_32, i32 %pool_buf2_V_33, i32 %pool_buf2_V_34, i32 %pool_buf2_V_35, i32 %pool_buf2_V_36, i32 %pool_buf2_V_37, i32 %pool_buf2_V_38, i32 %pool_buf2_V_39, i32 %pool_buf2_V_40, i32 %pool_buf2_V_41, i32 %pool_buf2_V_42, i32 %pool_buf2_V_43, i32 %pool_buf2_V_44, i32 %pool_buf2_V_45, i32 %pool_buf2_V_46, i32 %pool_buf2_V_47, i32 %pool_buf2_V_48, i32 %pool_buf2_V_49, i32 %pool_buf2_V_50, i32 %pool_buf2_V_51, i32 %pool_buf2_V_52, i32 %pool_buf2_V_53, i32 %pool_buf2_V_54, i32 %pool_buf2_V_55, i32 %pool_buf2_V_56, i32 %pool_buf2_V_57, i32 %pool_buf2_V_58, i32 %pool_buf2_V_59, i32 %pool_buf2_V_60, i32 %pool_buf2_V_61, i32 %pool_buf2_V_62, i32 %pool_buf2_V_63, i32 %pool_buf2_V_64, i32 %pool_buf2_V_65, i32 %pool_buf2_V_66, i32 %pool_buf2_V_67, i32 %pool_buf2_V_68, i32 %pool_buf2_V_69, i32 %pool_buf2_V_70, i32 %pool_buf2_V_71, i32 %pool_buf2_V_72, i32 %pool_buf2_V_73, i32 %pool_buf2_V_74, i32 %pool_buf2_V_75, i32 %pool_buf2_V_76, i32 %pool_buf2_V_77, i32 %pool_buf2_V_78, i32 %pool_buf2_V_79, i32 %pool_buf2_V_80, i32 %pool_buf2_V_81, i32 %pool_buf2_V_82, i32 %pool_buf2_V_83, i32 %pool_buf2_V_84, i32 %pool_buf2_V_85, i32 %pool_buf2_V_86, i32 %pool_buf2_V_87, i32 %pool_buf2_V_88, i32 %pool_buf2_V_89, i32 %pool_buf2_V_90, i32 %pool_buf2_V_91, i32 %pool_buf2_V_92, i32 %pool_buf2_V_93, i32 %pool_buf2_V_94, i32 %pool_buf2_V_95, i32 %pool_buf2_V_96, i32 %pool_buf2_V_97, i32 %pool_buf2_V_98, i32 %pool_buf2_V_99, i32 %pool_buf2_V_100, i32 %pool_buf2_V_101, i32 %pool_buf2_V_102, i32 %pool_buf2_V_103, i32 %pool_buf2_V_104, i32 %pool_buf2_V_105, i32 %pool_buf2_V_106, i32 %pool_buf2_V_107, i32 %pool_buf2_V_108, i32 %pool_buf2_V_109, i32 %pool_buf2_V_110, i32 %pool_buf2_V_111, i32 %conv2_out19, i32 %pool2_out20" [encode.cpp:189]   --->   Operation 115 'call' 'call_ln189' <Predicate = true> <Delay = 4.15> <CoreType = "Generic">   --->   Core 0 '' <Latency = 0> <II = 1> <Delay = 1.00> <Generic> <Opcode : >

State 2 <SV = 1> <Delay = 1.83>
ST_2 : Operation 116 [1/1] (0.00ns)   --->   "%specinterface_ln0 = specinterface void @_ssdm_op_SpecInterface, i32 %pool2_out20, void @empty_6, i32 0, i32 0, void @empty_1, i32 0, i32 0, void @empty_1, void @empty_1, void @empty_1, i32 0, i32 0, i32 0, i32 0, void @empty_1, void @empty_1, i32 4294967295, i32 0"   --->   Operation 116 'specinterface' 'specinterface_ln0' <Predicate = true> <Delay = 0.00>
ST_2 : Operation 117 [1/1] (0.00ns)   --->   "%specinterface_ln0 = specinterface void @_ssdm_op_SpecInterface, i32 %conv2_out19, void @empty_6, i32 0, i32 0, void @empty_1, i32 0, i32 0, void @empty_1, void @empty_1, void @empty_1, i32 0, i32 0, i32 0, i32 0, void @empty_1, void @empty_1, i32 4294967295, i32 0"   --->   Operation 117 'specinterface' 'specinterface_ln0' <Predicate = true> <Delay = 0.00>
ST_2 : Operation 118 [1/2] (1.83ns)   --->   "%call_ln189 = call void @sp_pool<ap_fixed<32, 6, 5, 3, 0> >.1, i32 %pool_buf2_V, i32 %pool_buf2_V_1, i32 %pool_buf2_V_2, i32 %pool_buf2_V_3, i32 %pool_buf2_V_4, i32 %pool_buf2_V_5, i32 %pool_buf2_V_6, i32 %pool_buf2_V_7, i32 %pool_buf2_V_8, i32 %pool_buf2_V_9, i32 %pool_buf2_V_10, i32 %pool_buf2_V_11, i32 %pool_buf2_V_12, i32 %pool_buf2_V_13, i32 %pool_buf2_V_14, i32 %pool_buf2_V_15, i32 %pool_buf2_V_16, i32 %pool_buf2_V_17, i32 %pool_buf2_V_18, i32 %pool_buf2_V_19, i32 %pool_buf2_V_20, i32 %pool_buf2_V_21, i32 %pool_buf2_V_22, i32 %pool_buf2_V_23, i32 %pool_buf2_V_24, i32 %pool_buf2_V_25, i32 %pool_buf2_V_26, i32 %pool_buf2_V_27, i32 %pool_buf2_V_28, i32 %pool_buf2_V_29, i32 %pool_buf2_V_30, i32 %pool_buf2_V_31, i32 %pool_buf2_V_32, i32 %pool_buf2_V_33, i32 %pool_buf2_V_34, i32 %pool_buf2_V_35, i32 %pool_buf2_V_36, i32 %pool_buf2_V_37, i32 %pool_buf2_V_38, i32 %pool_buf2_V_39, i32 %pool_buf2_V_40, i32 %pool_buf2_V_41, i32 %pool_buf2_V_42, i32 %pool_buf2_V_43, i32 %pool_buf2_V_44, i32 %pool_buf2_V_45, i32 %pool_buf2_V_46, i32 %pool_buf2_V_47, i32 %pool_buf2_V_48, i32 %pool_buf2_V_49, i32 %pool_buf2_V_50, i32 %pool_buf2_V_51, i32 %pool_buf2_V_52, i32 %pool_buf2_V_53, i32 %pool_buf2_V_54, i32 %pool_buf2_V_55, i32 %pool_buf2_V_56, i32 %pool_buf2_V_57, i32 %pool_buf2_V_58, i32 %pool_buf2_V_59, i32 %pool_buf2_V_60, i32 %pool_buf2_V_61, i32 %pool_buf2_V_62, i32 %pool_buf2_V_63, i32 %pool_buf2_V_64, i32 %pool_buf2_V_65, i32 %pool_buf2_V_66, i32 %pool_buf2_V_67, i32 %pool_buf2_V_68, i32 %pool_buf2_V_69, i32 %pool_buf2_V_70, i32 %pool_buf2_V_71, i32 %pool_buf2_V_72, i32 %pool_buf2_V_73, i32 %pool_buf2_V_74, i32 %pool_buf2_V_75, i32 %pool_buf2_V_76, i32 %pool_buf2_V_77, i32 %pool_buf2_V_78, i32 %pool_buf2_V_79, i32 %pool_buf2_V_80, i32 %pool_buf2_V_81, i32 %pool_buf2_V_82, i32 %pool_buf2_V_83, i32 %pool_buf2_V_84, i32 %pool_buf2_V_85, i32 %pool_buf2_V_86, i32 %pool_buf2_V_87, i32 %pool_buf2_V_88, i32 %pool_buf2_V_89, i32 %pool_buf2_V_90, i32 %pool_buf2_V_91, i32 %pool_buf2_V_92, i32 %pool_buf2_V_93, i32 %pool_buf2_V_94, i32 %pool_buf2_V_95, i32 %pool_buf2_V_96, i32 %pool_buf2_V_97, i32 %pool_buf2_V_98, i32 %pool_buf2_V_99, i32 %pool_buf2_V_100, i32 %pool_buf2_V_101, i32 %pool_buf2_V_102, i32 %pool_buf2_V_103, i32 %pool_buf2_V_104, i32 %pool_buf2_V_105, i32 %pool_buf2_V_106, i32 %pool_buf2_V_107, i32 %pool_buf2_V_108, i32 %pool_buf2_V_109, i32 %pool_buf2_V_110, i32 %pool_buf2_V_111, i32 %conv2_out19, i32 %pool2_out20" [encode.cpp:189]   --->   Operation 118 'call' 'call_ln189' <Predicate = true> <Delay = 1.83> <CoreType = "Generic">   --->   Core 0 '' <Latency = 0> <II = 1> <Delay = 1.00> <Generic> <Opcode : >
ST_2 : Operation 119 [1/1] (0.00ns)   --->   "%ret_ln190 = ret" [encode.cpp:190]   --->   Operation 119 'ret' 'ret_ln190' <Predicate = true> <Delay = 0.00>


============================================================
+ Verbose Summary: Timing violations
============================================================
Target clock period: 10ns, clock uncertainty: 2.7ns.

 <State 1>: 4.16ns
The critical path consists of the following:
	'alloca' operation ('pool_buf2.V', encode.cpp:186) [5]  (0 ns)
	'call' operation ('call_ln189', encode.cpp:189) to 'sp_pool<ap_fixed<32, 6, 5, 3, 0> >.1' [117]  (4.16 ns)

 <State 2>: 1.84ns
The critical path consists of the following:
	'call' operation ('call_ln189', encode.cpp:189) to 'sp_pool<ap_fixed<32, 6, 5, 3, 0> >.1' [117]  (1.84 ns)


============================================================
+ Verbose Summary: Binding
============================================================
N/A
* FSMD analyzer results:
  - Output states:
 - Input state : 
  - Chain level:
	State 1
	State 2


============================================================
+ Verbose Summary: Datapath Resource usage 
============================================================
N/A
