

================================================================
== Vitis HLS Report for 'pool2'
================================================================
* Date:           Wed Jan 31 13:10:51 2024

* Version:        2023.1 (Build 3854077 on May  4 2023)
* Project:        LSI_encoder
* Solution:       solution1 (Vivado IP Flow Target)
* Product family: zynq
* Target device:  xc7z010i-clg225-1L


================================================================
== Performance Estimates
================================================================
+ Timing: 
    * Summary: 
    +--------+----------+----------+------------+
    |  Clock |  Target  | Estimated| Uncertainty|
    +--------+----------+----------+------------+
    |ap_clk  |  10.00 ns|  7.276 ns|     2.70 ns|
    +--------+----------+----------+------------+

+ Latency: 
    * Summary: 
    +---------+---------+-----------+-----------+------+------+---------+
    |  Latency (cycles) |   Latency (absolute)  |   Interval  | Pipeline|
    |   min   |   max   |    min    |    max    |  min |  max |   Type  |
    +---------+---------+-----------+-----------+------+------+---------+
    |     1572|     1572|  15.720 us|  15.720 us|  1572|  1572|       no|
    +---------+---------+-----------+-----------+------+------+---------+

    + Detail: 
        * Instance: 
        N/A

        * Loop: 
        +------------------+---------+---------+----------+-----------+-----------+------+----------+
        |                  |  Latency (cycles) | Iteration|  Initiation Interval  | Trip |          |
        |     Loop Name    |   min   |   max   |  Latency |  achieved |   target  | Count| Pipelined|
        +------------------+---------+---------+----------+-----------+-----------+------+----------+
        |- PHeight_PWidth  |     1570|     1570|        11|          8|          1|   196|       yes|
        +------------------+---------+---------+----------+-----------+-----------+------+----------+



================================================================
== Utilization Estimates
================================================================
* Summary: 
+-----------------+---------+----+-------+-------+-----+
|       Name      | BRAM_18K| DSP|   FF  |  LUT  | URAM|
+-----------------+---------+----+-------+-------+-----+
|DSP              |        -|   -|      -|      -|    -|
|Expression       |        -|   -|      0|   3209|    -|
|FIFO             |        -|   -|      -|      -|    -|
|Instance         |        -|   -|      0|    520|    -|
|Memory           |        -|   -|      -|      -|    -|
|Multiplexer      |        -|   -|      -|    213|    -|
|Register         |        -|   -|   6535|      -|    -|
+-----------------+---------+----+-------+-------+-----+
|Total            |        0|   0|   6535|   3942|    0|
+-----------------+---------+----+-------+-------+-----+
|Available        |      120|  80|  35200|  17600|    0|
+-----------------+---------+----+-------+-------+-----+
|Utilization (%)  |        0|   0|     18|     22|    0|
+-----------------+---------+----+-------+-------+-----+

+ Detail: 
    * Instance: 
    +----------------------+-----------------+---------+----+---+----+-----+
    |       Instance       |      Module     | BRAM_18K| DSP| FF| LUT| URAM|
    +----------------------+-----------------+---------+----+---+----+-----+
    |mux_14_4_40_1_1_U272  |mux_14_4_40_1_1  |        0|   0|  0|  65|    0|
    |mux_14_4_40_1_1_U273  |mux_14_4_40_1_1  |        0|   0|  0|  65|    0|
    |mux_14_4_40_1_1_U274  |mux_14_4_40_1_1  |        0|   0|  0|  65|    0|
    |mux_14_4_40_1_1_U275  |mux_14_4_40_1_1  |        0|   0|  0|  65|    0|
    |mux_14_4_40_1_1_U276  |mux_14_4_40_1_1  |        0|   0|  0|  65|    0|
    |mux_14_4_40_1_1_U277  |mux_14_4_40_1_1  |        0|   0|  0|  65|    0|
    |mux_14_4_40_1_1_U278  |mux_14_4_40_1_1  |        0|   0|  0|  65|    0|
    |mux_14_4_40_1_1_U279  |mux_14_4_40_1_1  |        0|   0|  0|  65|    0|
    +----------------------+-----------------+---------+----+---+----+-----+
    |Total                 |                 |        0|   0|  0| 520|    0|
    +----------------------+-----------------+---------+----+---+----+-----+

    * DSP: 
    N/A

    * Memory: 
    N/A

    * FIFO: 
    N/A

    * Expression: 
    +-----------------------------------+----------+----+---+----+------------+------------+
    |           Variable Name           | Operation| DSP| FF| LUT| Bitwidth P0| Bitwidth P1|
    +-----------------------------------+----------+----+---+----+------------+------------+
    |add_ln79_2_fu_673_p2               |         +|   0|  0|  13|           4|           1|
    |add_ln79_fu_644_p2                 |         +|   0|  0|  15|           8|           1|
    |add_ln80_fu_1136_p2                |         +|   0|  0|  13|           4|           1|
    |ap_block_pp0_stage4_01001          |       and|   0|  0|   2|           1|           1|
    |ap_block_pp0_stage5_01001          |       and|   0|  0|   2|           1|           1|
    |ap_block_pp0_stage6_01001          |       and|   0|  0|   2|           1|           1|
    |ap_block_pp0_stage7_01001          |       and|   0|  0|   2|           1|           1|
    |ap_block_state10_pp0_stage1_iter1  |       and|   0|  0|   2|           1|           1|
    |ap_block_state11_pp0_stage2_iter1  |       and|   0|  0|   2|           1|           1|
    |ap_block_state2_pp0_stage1_iter0   |       and|   0|  0|   2|           1|           1|
    |ap_condition_2364                  |       and|   0|  0|   2|           1|           1|
    |ap_condition_281                   |       and|   0|  0|   2|           1|           1|
    |ap_predicate_op422_write_state4    |       and|   0|  0|   2|           1|           1|
    |ap_predicate_op758_write_state9    |       and|   0|  0|   2|           1|           1|
    |ap_predicate_op786_write_state10   |       and|   0|  0|   2|           1|           1|
    |empty_33_fu_719_p2                 |       and|   0|  0|   2|           1|           1|
    |cmp15_i115_fu_697_p2               |      icmp|   0|  0|  13|           4|           1|
    |cmp15_i_mid1_fu_691_p2             |      icmp|   0|  0|  13|           4|           1|
    |icmp_ln105_24_fu_1011_p2           |      icmp|   0|  0|  47|          40|          40|
    |icmp_ln105_25_fu_1347_p2           |      icmp|   0|  0|  47|          40|          40|
    |icmp_ln105_26_fu_1037_p2           |      icmp|   0|  0|  47|          40|          40|
    |icmp_ln105_27_fu_1372_p2           |      icmp|   0|  0|  47|          40|          40|
    |icmp_ln105_28_fu_1395_p2           |      icmp|   0|  0|  47|          40|          40|
    |icmp_ln105_29_fu_1421_p2           |      icmp|   0|  0|  47|          40|          40|
    |icmp_ln105_30_fu_1747_p2           |      icmp|   0|  0|  47|          40|          40|
    |icmp_ln105_31_fu_1770_p2           |      icmp|   0|  0|  47|          40|          40|
    |icmp_ln105_32_fu_1796_p2           |      icmp|   0|  0|  47|          40|          40|
    |icmp_ln105_33_fu_2105_p2           |      icmp|   0|  0|  47|          40|          40|
    |icmp_ln105_34_fu_2128_p2           |      icmp|   0|  0|  47|          40|          40|
    |icmp_ln105_35_fu_2154_p2           |      icmp|   0|  0|  47|          40|          40|
    |icmp_ln105_36_fu_2463_p2           |      icmp|   0|  0|  47|          40|          40|
    |icmp_ln105_37_fu_2486_p2           |      icmp|   0|  0|  47|          40|          40|
    |icmp_ln105_38_fu_2512_p2           |      icmp|   0|  0|  47|          40|          40|
    |icmp_ln105_39_fu_2821_p2           |      icmp|   0|  0|  47|          40|          40|
    |icmp_ln105_40_fu_2844_p2           |      icmp|   0|  0|  47|          40|          40|
    |icmp_ln105_41_fu_2870_p2           |      icmp|   0|  0|  47|          40|          40|
    |icmp_ln105_42_fu_3179_p2           |      icmp|   0|  0|  47|          40|          40|
    |icmp_ln105_43_fu_3202_p2           |      icmp|   0|  0|  47|          40|          40|
    |icmp_ln105_44_fu_3228_p2           |      icmp|   0|  0|  47|          40|          40|
    |icmp_ln105_45_fu_3378_p2           |      icmp|   0|  0|  47|          40|          40|
    |icmp_ln105_46_fu_3401_p2           |      icmp|   0|  0|  47|          40|          40|
    |icmp_ln105_fu_990_p2               |      icmp|   0|  0|  47|          40|          40|
    |icmp_ln110_10_fu_2446_p2           |      icmp|   0|  0|  46|          39|          33|
    |icmp_ln110_11_fu_2804_p2           |      icmp|   0|  0|  46|          39|          33|
    |icmp_ln110_12_fu_3162_p2           |      icmp|   0|  0|  46|          39|          33|
    |icmp_ln110_13_fu_3361_p2           |      icmp|   0|  0|  46|          39|          33|
    |icmp_ln110_14_fu_3501_p2           |      icmp|   0|  0|  46|          39|          33|
    |icmp_ln110_8_fu_1730_p2            |      icmp|   0|  0|  46|          39|          33|
    |icmp_ln110_9_fu_2088_p2            |      icmp|   0|  0|  46|          39|          33|
    |icmp_ln110_fu_1698_p2              |      icmp|   0|  0|  46|          39|          33|
    |icmp_ln79_fu_638_p2                |      icmp|   0|  0|  15|           8|           7|
    |icmp_ln80_fu_659_p2                |      icmp|   0|  0|  13|           4|           3|
    |ap_block_pp0_stage0_01001          |        or|   0|  0|   2|           1|           1|
    |ap_block_pp0_stage1_01001          |        or|   0|  0|   2|           1|           1|
    |ap_block_pp0_stage2_01001          |        or|   0|  0|   2|           1|           1|
    |ap_block_pp0_stage3_01001          |        or|   0|  0|   2|           1|           1|
    |ap_block_state4_pp0_stage3_iter0   |        or|   0|  0|   2|           1|           1|
    |ap_block_state5_pp0_stage4_iter0   |        or|   0|  0|   2|           1|           1|
    |ap_block_state6_pp0_stage5_iter0   |        or|   0|  0|   2|           1|           1|
    |ap_block_state7_pp0_stage6_iter0   |        or|   0|  0|   2|           1|           1|
    |ap_block_state8_pp0_stage7_iter0   |        or|   0|  0|   2|           1|           1|
    |ap_block_state9_pp0_stage0_iter1   |        or|   0|  0|   2|           1|           1|
    |select_ln79_4_fu_679_p3            |    select|   0|  0|   4|           1|           4|
    |select_ln79_5_fu_703_p3            |    select|   0|  0|   2|           1|           1|
    |select_ln79_fu_665_p3              |    select|   0|  0|   4|           1|           1|
    |temp_400_fu_1001_p3                |    select|   0|  0|  39|           1|          39|
    |temp_401_fu_1336_p3                |    select|   0|  0|  39|           1|          39|
    |temp_403_fu_1358_p3                |    select|   0|  0|  39|           1|          39|
    |temp_404_fu_1703_p3                |    select|   0|  0|  33|           1|           1|
    |temp_405_fu_1025_p3                |    select|   0|  0|  39|           1|           1|
    |temp_407_fu_1049_p3                |    select|   0|  0|  39|           1|          39|
    |temp_408_fu_1384_p3                |    select|   0|  0|  39|           1|          39|
    |temp_410_fu_1720_p3                |    select|   0|  0|  39|           1|          39|
    |temp_411_fu_1736_p3                |    select|   0|  0|  33|           1|           1|
    |temp_412_fu_1409_p3                |    select|   0|  0|  39|           1|           1|
    |temp_414_fu_1433_p3                |    select|   0|  0|  39|           1|          39|
    |temp_415_fu_1759_p3                |    select|   0|  0|  39|           1|          39|
    |temp_417_fu_2078_p3                |    select|   0|  0|  39|           1|          39|
    |temp_418_fu_2094_p3                |    select|   0|  0|  33|           1|           1|
    |temp_419_fu_1784_p3                |    select|   0|  0|  39|           1|           1|
    |temp_421_fu_1808_p3                |    select|   0|  0|  39|           1|          39|
    |temp_422_fu_2117_p3                |    select|   0|  0|  39|           1|          39|
    |temp_424_fu_2436_p3                |    select|   0|  0|  39|           1|          39|
    |temp_425_fu_2452_p3                |    select|   0|  0|  33|           1|           1|
    |temp_426_fu_2142_p3                |    select|   0|  0|  39|           1|           1|
    |temp_428_fu_2166_p3                |    select|   0|  0|  39|           1|          39|
    |temp_429_fu_2475_p3                |    select|   0|  0|  39|           1|          39|
    |temp_431_fu_2794_p3                |    select|   0|  0|  39|           1|          39|
    |temp_432_fu_2810_p3                |    select|   0|  0|  33|           1|           1|
    |temp_433_fu_2500_p3                |    select|   0|  0|  39|           1|           1|
    |temp_435_fu_2524_p3                |    select|   0|  0|  39|           1|          39|
    |temp_436_fu_2833_p3                |    select|   0|  0|  39|           1|          39|
    |temp_438_fu_3152_p3                |    select|   0|  0|  39|           1|          39|
    |temp_439_fu_3168_p3                |    select|   0|  0|  33|           1|           1|
    |temp_440_fu_2858_p3                |    select|   0|  0|  39|           1|           1|
    |temp_442_fu_2882_p3                |    select|   0|  0|  39|           1|          39|
    |temp_443_fu_3191_p3                |    select|   0|  0|  39|           1|          39|
    |temp_445_fu_3351_p3                |    select|   0|  0|  39|           1|          39|
    |temp_446_fu_3367_p3                |    select|   0|  0|  33|           1|           1|
    |temp_447_fu_3216_p3                |    select|   0|  0|  39|           1|           1|
    |temp_449_fu_3240_p3                |    select|   0|  0|  39|           1|          39|
    |temp_450_fu_3390_p3                |    select|   0|  0|  39|           1|          39|
    |temp_452_fu_3491_p3                |    select|   0|  0|  39|           1|          39|
    |temp_453_fu_3507_p3                |    select|   0|  0|  33|           1|           1|
    |temp_fu_816_p3                     |    select|   0|  0|  39|           1|           1|
    |ap_enable_pp0                      |       xor|   0|  0|   2|           1|           2|
    |xor_ln105_24_fu_1331_p2            |       xor|   0|  0|   2|           1|           2|
    |xor_ln105_25_fu_1352_p2            |       xor|   0|  0|   2|           1|           2|
    |xor_ln105_26_fu_1043_p2            |       xor|   0|  0|   2|           1|           2|
    |xor_ln105_27_fu_1378_p2            |       xor|   0|  0|   2|           1|           2|
    |xor_ln105_28_fu_1715_p2            |       xor|   0|  0|   2|           1|           2|
    |xor_ln105_29_fu_1427_p2            |       xor|   0|  0|   2|           1|           2|
    |xor_ln105_30_fu_1753_p2            |       xor|   0|  0|   2|           1|           2|
    |xor_ln105_31_fu_2073_p2            |       xor|   0|  0|   2|           1|           2|
    |xor_ln105_32_fu_1802_p2            |       xor|   0|  0|   2|           1|           2|
    |xor_ln105_33_fu_2111_p2            |       xor|   0|  0|   2|           1|           2|
    |xor_ln105_34_fu_2431_p2            |       xor|   0|  0|   2|           1|           2|
    |xor_ln105_35_fu_2160_p2            |       xor|   0|  0|   2|           1|           2|
    |xor_ln105_36_fu_2469_p2            |       xor|   0|  0|   2|           1|           2|
    |xor_ln105_37_fu_2789_p2            |       xor|   0|  0|   2|           1|           2|
    |xor_ln105_38_fu_2518_p2            |       xor|   0|  0|   2|           1|           2|
    |xor_ln105_39_fu_2827_p2            |       xor|   0|  0|   2|           1|           2|
    |xor_ln105_40_fu_3147_p2            |       xor|   0|  0|   2|           1|           2|
    |xor_ln105_41_fu_2876_p2            |       xor|   0|  0|   2|           1|           2|
    |xor_ln105_42_fu_3185_p2            |       xor|   0|  0|   2|           1|           2|
    |xor_ln105_43_fu_3346_p2            |       xor|   0|  0|   2|           1|           2|
    |xor_ln105_44_fu_3234_p2            |       xor|   0|  0|   2|           1|           2|
    |xor_ln105_45_fu_3384_p2            |       xor|   0|  0|   2|           1|           2|
    |xor_ln105_46_fu_3486_p2            |       xor|   0|  0|   2|           1|           2|
    |xor_ln105_fu_995_p2                |       xor|   0|  0|   2|           1|           2|
    +-----------------------------------+----------+----+---+----+------------+------------+
    |Total                              |          |   0|  0|3209|        1399|        2270|
    +-----------------------------------+----------+----+---+----+------------+------------+

    * Multiplexer: 
    +--------------------------------------+----+-----------+-----+-----------+
    |                 Name                 | LUT| Input Size| Bits| Total Bits|
    +--------------------------------------+----+-----------+-----+-----------+
    |ap_NS_fsm                             |  48|          9|    1|          9|
    |ap_done_int                           |   9|          2|    1|          2|
    |ap_enable_reg_pp0_iter0               |   9|          2|    1|          2|
    |ap_enable_reg_pp0_iter0_reg           |   9|          2|    1|          2|
    |ap_enable_reg_pp0_iter1               |   9|          2|    1|          2|
    |ap_sig_allocacmp_indvar_flatten_load  |   9|          2|    8|         16|
    |ap_sig_allocacmp_pool_col_load        |   9|          2|    4|          8|
    |ap_sig_allocacmp_pool_row_load        |   9|          2|    4|          8|
    |conv2_out_blk_n                       |   9|          2|    1|          2|
    |indvar_flatten_fu_88                  |   9|          2|    8|         16|
    |pool2_out_blk_n                       |   9|          2|    1|          2|
    |pool2_out_din                         |  48|          9|   40|        360|
    |pool_col_fu_80                        |   9|          2|    4|          8|
    |pool_row_fu_84                        |   9|          2|    4|          8|
    |real_start                            |   9|          2|    1|          2|
    +--------------------------------------+----+-----------+-----+-----------+
    |Total                                 | 213|         44|   80|        447|
    +--------------------------------------+----+-----------+-----+-----------+

    * Register: 
    +--------------------------------------+----+----+-----+-----------+
    |                 Name                 | FF | LUT| Bits| Const Bits|
    +--------------------------------------+----+----+-----+-----------+
    |add_ln79_reg_4425                     |   8|   0|    8|          0|
    |ap_CS_fsm                             |   8|   0|    8|          0|
    |ap_done_reg                           |   1|   0|    1|          0|
    |ap_enable_reg_pp0_iter0_reg           |   1|   0|    1|          0|
    |ap_enable_reg_pp0_iter1               |   1|   0|    1|          0|
    |empty_33_reg_4451                     |   1|   0|    1|          0|
    |empty_33_reg_4451_pp0_iter1_reg       |   1|   0|    1|          0|
    |icmp_ln105_24_reg_4488                |   1|   0|    1|          0|
    |icmp_ln105_28_reg_4519                |   1|   0|    1|          0|
    |icmp_ln105_31_reg_4545                |   1|   0|    1|          0|
    |icmp_ln105_34_reg_4571                |   1|   0|    1|          0|
    |icmp_ln105_37_reg_4597                |   1|   0|    1|          0|
    |icmp_ln105_40_reg_4623                |   1|   0|    1|          0|
    |icmp_ln105_43_reg_4649                |   1|   0|    1|          0|
    |icmp_ln105_46_reg_4675                |   1|   0|    1|          0|
    |icmp_ln79_reg_4421                    |   1|   0|    1|          0|
    |indvar_flatten_fu_88                  |   8|   0|    8|          0|
    |pool_col_fu_80                        |   4|   0|    4|          0|
    |pool_row_fu_84                        |   4|   0|    4|          0|
    |pool_win2_10_fu_524                   |  40|   0|   40|          0|
    |pool_win2_11_fu_528                   |  40|   0|   40|          0|
    |pool_win2_12_fu_532                   |  40|   0|   40|          0|
    |pool_win2_13_fu_536                   |  40|   0|   40|          0|
    |pool_win2_14_fu_540                   |  40|   0|   40|          0|
    |pool_win2_15_fu_544                   |  40|   0|   40|          0|
    |pool_win2_1_fu_488                    |  40|   0|   40|          0|
    |pool_win2_2_fu_492                    |  40|   0|   40|          0|
    |pool_win2_32_reg_4455                 |  40|   0|   40|          0|
    |pool_win2_33_reg_4472                 |  40|   0|   40|          0|
    |pool_win2_3_fu_496                    |  40|   0|   40|          0|
    |pool_win2_4_fu_500                    |  40|   0|   40|          0|
    |pool_win2_5_fu_504                    |  40|   0|   40|          0|
    |pool_win2_6_fu_508                    |  40|   0|   40|          0|
    |pool_win2_7_fu_512                    |  40|   0|   40|          0|
    |pool_win2_8_fu_516                    |  40|   0|   40|          0|
    |pool_win2_9_fu_520                    |  40|   0|   40|          0|
    |pool_win2_fu_484                      |  40|   0|   40|          0|
    |select_ln79_4_reg_4442                |   4|   0|    4|          0|
    |select_ln79_5_reg_4447                |   1|   0|    1|          0|
    |select_ln79_5_reg_4447_pp0_iter1_reg  |   1|   0|    1|          0|
    |select_ln79_reg_4430                  |   4|   0|    4|          0|
    |start_once_reg                        |   1|   0|    1|          0|
    |temp_287_fu_92                        |  40|   0|   40|          0|
    |temp_288_fu_96                        |  40|   0|   40|          0|
    |temp_289_fu_100                       |  40|   0|   40|          0|
    |temp_290_fu_104                       |  40|   0|   40|          0|
    |temp_291_fu_108                       |  40|   0|   40|          0|
    |temp_292_fu_112                       |  40|   0|   40|          0|
    |temp_293_fu_116                       |  40|   0|   40|          0|
    |temp_294_fu_120                       |  40|   0|   40|          0|
    |temp_295_fu_124                       |  40|   0|   40|          0|
    |temp_296_fu_128                       |  40|   0|   40|          0|
    |temp_297_fu_132                       |  40|   0|   40|          0|
    |temp_298_fu_136                       |  40|   0|   40|          0|
    |temp_299_fu_140                       |  40|   0|   40|          0|
    |temp_300_fu_144                       |  40|   0|   40|          0|
    |temp_301_fu_148                       |  40|   0|   40|          0|
    |temp_302_fu_152                       |  40|   0|   40|          0|
    |temp_303_fu_156                       |  40|   0|   40|          0|
    |temp_304_fu_160                       |  40|   0|   40|          0|
    |temp_305_fu_164                       |  40|   0|   40|          0|
    |temp_306_fu_168                       |  40|   0|   40|          0|
    |temp_307_fu_172                       |  40|   0|   40|          0|
    |temp_308_fu_176                       |  40|   0|   40|          0|
    |temp_309_fu_180                       |  40|   0|   40|          0|
    |temp_310_fu_184                       |  40|   0|   40|          0|
    |temp_311_fu_188                       |  40|   0|   40|          0|
    |temp_312_fu_192                       |  40|   0|   40|          0|
    |temp_313_fu_196                       |  40|   0|   40|          0|
    |temp_314_fu_200                       |  40|   0|   40|          0|
    |temp_315_fu_204                       |  40|   0|   40|          0|
    |temp_316_fu_208                       |  40|   0|   40|          0|
    |temp_317_fu_212                       |  40|   0|   40|          0|
    |temp_318_fu_216                       |  40|   0|   40|          0|
    |temp_319_fu_220                       |  40|   0|   40|          0|
    |temp_320_fu_224                       |  40|   0|   40|          0|
    |temp_321_fu_228                       |  40|   0|   40|          0|
    |temp_322_fu_232                       |  40|   0|   40|          0|
    |temp_323_fu_236                       |  40|   0|   40|          0|
    |temp_324_fu_240                       |  40|   0|   40|          0|
    |temp_325_fu_244                       |  40|   0|   40|          0|
    |temp_326_fu_248                       |  40|   0|   40|          0|
    |temp_327_fu_252                       |  40|   0|   40|          0|
    |temp_328_fu_256                       |  40|   0|   40|          0|
    |temp_329_fu_260                       |  40|   0|   40|          0|
    |temp_330_fu_264                       |  40|   0|   40|          0|
    |temp_331_fu_268                       |  40|   0|   40|          0|
    |temp_332_fu_272                       |  40|   0|   40|          0|
    |temp_333_fu_276                       |  40|   0|   40|          0|
    |temp_334_fu_280                       |  40|   0|   40|          0|
    |temp_335_fu_284                       |  40|   0|   40|          0|
    |temp_336_fu_288                       |  40|   0|   40|          0|
    |temp_337_fu_292                       |  40|   0|   40|          0|
    |temp_338_fu_296                       |  40|   0|   40|          0|
    |temp_339_fu_300                       |  40|   0|   40|          0|
    |temp_340_fu_304                       |  40|   0|   40|          0|
    |temp_341_fu_308                       |  40|   0|   40|          0|
    |temp_342_fu_312                       |  40|   0|   40|          0|
    |temp_343_fu_316                       |  40|   0|   40|          0|
    |temp_344_fu_320                       |  40|   0|   40|          0|
    |temp_345_fu_324                       |  40|   0|   40|          0|
    |temp_346_fu_328                       |  40|   0|   40|          0|
    |temp_347_fu_332                       |  40|   0|   40|          0|
    |temp_348_fu_336                       |  40|   0|   40|          0|
    |temp_349_fu_340                       |  40|   0|   40|          0|
    |temp_350_fu_344                       |  40|   0|   40|          0|
    |temp_351_fu_348                       |  40|   0|   40|          0|
    |temp_352_fu_352                       |  40|   0|   40|          0|
    |temp_353_fu_356                       |  40|   0|   40|          0|
    |temp_354_fu_360                       |  40|   0|   40|          0|
    |temp_355_fu_364                       |  40|   0|   40|          0|
    |temp_356_fu_368                       |  40|   0|   40|          0|
    |temp_357_fu_372                       |  40|   0|   40|          0|
    |temp_358_fu_376                       |  40|   0|   40|          0|
    |temp_359_fu_380                       |  40|   0|   40|          0|
    |temp_360_fu_384                       |  40|   0|   40|          0|
    |temp_361_fu_388                       |  40|   0|   40|          0|
    |temp_362_fu_392                       |  40|   0|   40|          0|
    |temp_363_fu_396                       |  40|   0|   40|          0|
    |temp_364_fu_400                       |  40|   0|   40|          0|
    |temp_365_fu_404                       |  40|   0|   40|          0|
    |temp_366_fu_408                       |  40|   0|   40|          0|
    |temp_367_fu_412                       |  40|   0|   40|          0|
    |temp_368_fu_416                       |  40|   0|   40|          0|
    |temp_369_fu_420                       |  40|   0|   40|          0|
    |temp_370_fu_424                       |  40|   0|   40|          0|
    |temp_371_fu_428                       |  40|   0|   40|          0|
    |temp_372_fu_432                       |  40|   0|   40|          0|
    |temp_373_fu_436                       |  40|   0|   40|          0|
    |temp_374_fu_440                       |  40|   0|   40|          0|
    |temp_375_fu_444                       |  40|   0|   40|          0|
    |temp_376_fu_448                       |  40|   0|   40|          0|
    |temp_377_fu_452                       |  40|   0|   40|          0|
    |temp_378_fu_456                       |  40|   0|   40|          0|
    |temp_379_fu_460                       |  40|   0|   40|          0|
    |temp_380_fu_464                       |  40|   0|   40|          0|
    |temp_381_fu_468                       |  40|   0|   40|          0|
    |temp_382_fu_472                       |  40|   0|   40|          0|
    |temp_383_fu_476                       |  40|   0|   40|          0|
    |temp_384_fu_480                       |  40|   0|   40|          0|
    |temp_385_fu_548                       |  40|   0|   40|          0|
    |temp_386_fu_552                       |  40|   0|   40|          0|
    |temp_387_fu_556                       |  40|   0|   40|          0|
    |temp_388_fu_560                       |  40|   0|   40|          0|
    |temp_389_fu_564                       |  40|   0|   40|          0|
    |temp_390_fu_568                       |  40|   0|   40|          0|
    |temp_391_fu_572                       |  40|   0|   40|          0|
    |temp_392_fu_576                       |  40|   0|   40|          0|
    |temp_393_fu_580                       |  40|   0|   40|          0|
    |temp_394_fu_584                       |  40|   0|   40|          0|
    |temp_395_fu_588                       |  40|   0|   40|          0|
    |temp_396_fu_592                       |  40|   0|   40|          0|
    |temp_397_fu_596                       |  40|   0|   40|          0|
    |temp_398_fu_600                       |  40|   0|   40|          0|
    |temp_400_reg_4483                     |  39|   0|   39|          0|
    |temp_403_reg_4504                     |  39|   0|   39|          0|
    |temp_407_reg_4493                     |  39|   0|   39|          0|
    |temp_408_reg_4514                     |  39|   0|   39|          0|
    |temp_411_reg_4535                     |  33|   0|   33|          0|
    |temp_414_reg_4524                     |  39|   0|   39|          0|
    |temp_415_reg_4540                     |  39|   0|   39|          0|
    |temp_418_reg_4561                     |  33|   0|   33|          0|
    |temp_421_reg_4550                     |  39|   0|   39|          0|
    |temp_422_reg_4566                     |  39|   0|   39|          0|
    |temp_425_reg_4587                     |  33|   0|   33|          0|
    |temp_428_reg_4576                     |  39|   0|   39|          0|
    |temp_429_reg_4592                     |  39|   0|   39|          0|
    |temp_432_reg_4613                     |  33|   0|   33|          0|
    |temp_435_reg_4602                     |  39|   0|   39|          0|
    |temp_436_reg_4618                     |  39|   0|   39|          0|
    |temp_439_reg_4639                     |  33|   0|   33|          0|
    |temp_442_reg_4628                     |  39|   0|   39|          0|
    |temp_443_reg_4644                     |  39|   0|   39|          0|
    |temp_446_reg_4665                     |  33|   0|   33|          0|
    |temp_449_reg_4654                     |  39|   0|   39|          0|
    |temp_450_reg_4670                     |  39|   0|   39|          0|
    |temp_453_reg_4680                     |  33|   0|   33|          0|
    |temp_reg_4466                         |  39|   0|   39|          0|
    |trunc_ln152_reg_4461                  |  39|   0|   39|          0|
    |trunc_ln83_reg_4509                   |  33|   0|   33|          0|
    |trunc_ln88_1_reg_4499                 |  39|   0|   39|          0|
    |trunc_ln88_2_reg_4530                 |  39|   0|   39|          0|
    |trunc_ln88_3_reg_4556                 |  39|   0|   39|          0|
    |trunc_ln88_4_reg_4582                 |  39|   0|   39|          0|
    |trunc_ln88_5_reg_4608                 |  39|   0|   39|          0|
    |trunc_ln88_6_reg_4634                 |  39|   0|   39|          0|
    |trunc_ln88_reg_4478                   |  39|   0|   39|          0|
    |trunc_ln90_reg_4660                   |  39|   0|   39|          0|
    +--------------------------------------+----+----+-----+-----------+
    |Total                                 |6535|   0| 6535|          0|
    +--------------------------------------+----+----+-----+-----------+



================================================================
== Interface
================================================================
* Summary: 
+--------------------------+-----+-----+------------+--------------+--------------+
|         RTL Ports        | Dir | Bits|  Protocol  | Source Object|    C Type    |
+--------------------------+-----+-----+------------+--------------+--------------+
|ap_clk                    |   in|    1|  ap_ctrl_hs|         pool2|  return value|
|ap_rst                    |   in|    1|  ap_ctrl_hs|         pool2|  return value|
|ap_start                  |   in|    1|  ap_ctrl_hs|         pool2|  return value|
|start_full_n              |   in|    1|  ap_ctrl_hs|         pool2|  return value|
|ap_done                   |  out|    1|  ap_ctrl_hs|         pool2|  return value|
|ap_continue               |   in|    1|  ap_ctrl_hs|         pool2|  return value|
|ap_idle                   |  out|    1|  ap_ctrl_hs|         pool2|  return value|
|ap_ready                  |  out|    1|  ap_ctrl_hs|         pool2|  return value|
|start_out                 |  out|    1|  ap_ctrl_hs|         pool2|  return value|
|start_write               |  out|    1|  ap_ctrl_hs|         pool2|  return value|
|conv2_out_dout            |   in|   40|     ap_fifo|     conv2_out|       pointer|
|conv2_out_num_data_valid  |   in|    2|     ap_fifo|     conv2_out|       pointer|
|conv2_out_fifo_cap        |   in|    2|     ap_fifo|     conv2_out|       pointer|
|conv2_out_empty_n         |   in|    1|     ap_fifo|     conv2_out|       pointer|
|conv2_out_read            |  out|    1|     ap_fifo|     conv2_out|       pointer|
|pool2_out_din             |  out|   40|     ap_fifo|     pool2_out|       pointer|
|pool2_out_num_data_valid  |   in|    2|     ap_fifo|     pool2_out|       pointer|
|pool2_out_fifo_cap        |   in|    2|     ap_fifo|     pool2_out|       pointer|
|pool2_out_full_n          |   in|    1|     ap_fifo|     pool2_out|       pointer|
|pool2_out_write           |  out|    1|     ap_fifo|     pool2_out|       pointer|
+--------------------------+-----+-----+------------+--------------+--------------+

