

================================================================
== Vitis HLS Report for 'pool1'
================================================================
* Date:           Tue Feb 27 17:36:56 2024

* Version:        2022.1 (Build 3526262 on Mon Apr 18 15:47:01 MDT 2022)
* Project:        SoC
* Solution:       solution1 (Vivado IP Flow Target)
* Product family: zynquplus
* Target device:  xczu7ev-ffvc1156-2-e


================================================================
== Performance Estimates
================================================================
+ Timing: 
    * Summary: 
    +--------+----------+----------+------------+
    |  Clock |  Target  | Estimated| Uncertainty|
    +--------+----------+----------+------------+
    |ap_clk  |  10.00 ns|  6.439 ns|     2.70 ns|
    +--------+----------+----------+------------+

+ Latency: 
    * Summary: 
    +---------+---------+----------+----------+-------+-------+---------+
    |  Latency (cycles) |  Latency (absolute) |    Interval   | Pipeline|
    |   min   |   max   |    min   |    max   |  min  |  max  |   Type  |
    +---------+---------+----------+----------+-------+-------+---------+
    |    12547|    12547|  0.125 ms|  0.125 ms|  12547|  12547|       no|
    +---------+---------+----------+----------+-------+-------+---------+

    + Detail: 
        * Instance: 
        +-------------------------------------------+-------------------------------+---------+---------+----------+----------+-------+-------+---------+
        |                                           |                               |  Latency (cycles) |  Latency (absolute) |    Interval   | Pipeline|
        |                  Instance                 |             Module            |   min   |   max   |    min   |    max   |  min  |  max  |   Type  |
        +-------------------------------------------+-------------------------------+---------+---------+----------+----------+-------+-------+---------+
        |grp_sp_pool_ap_fixed_32_6_5_3_0_s_fu_1810  |sp_pool_ap_fixed_32_6_5_3_0_s  |    12546|    12546|  0.125 ms|  0.125 ms|  12546|  12546|       no|
        +-------------------------------------------+-------------------------------+---------+---------+----------+----------+-------+-------+---------+

        * Loop: 
        N/A



================================================================
== Utilization Estimates
================================================================
* Summary: 
+-----------------+---------+------+--------+--------+-----+
|       Name      | BRAM_18K|  DSP |   FF   |   LUT  | URAM|
+-----------------+---------+------+--------+--------+-----+
|DSP              |        -|     -|       -|       -|    -|
|Expression       |        -|     -|       0|       2|    -|
|FIFO             |        -|     -|       -|       -|    -|
|Instance         |        -|     -|    1597|   28530|    -|
|Memory           |        -|     -|       -|       -|    -|
|Multiplexer      |        -|     -|       -|      50|    -|
|Register         |        -|     -|   14341|       -|    -|
+-----------------+---------+------+--------+--------+-----+
|Total            |        0|     0|   15938|   28582|    0|
+-----------------+---------+------+--------+--------+-----+
|Available        |      624|  1728|  460800|  230400|   96|
+-----------------+---------+------+--------+--------+-----+
|Utilization (%)  |        0|     0|       3|      12|    0|
+-----------------+---------+------+--------+--------+-----+

+ Detail: 
    * Instance: 
    +-------------------------------------------+-------------------------------+---------+----+------+-------+-----+
    |                  Instance                 |             Module            | BRAM_18K| DSP|  FF  |  LUT  | URAM|
    +-------------------------------------------+-------------------------------+---------+----+------+-------+-----+
    |grp_sp_pool_ap_fixed_32_6_5_3_0_s_fu_1810  |sp_pool_ap_fixed_32_6_5_3_0_s  |        0|   0|  1597|  28530|    0|
    +-------------------------------------------+-------------------------------+---------+----+------+-------+-----+
    |Total                                      |                               |        0|   0|  1597|  28530|    0|
    +-------------------------------------------+-------------------------------+---------+----+------+-------+-----+

    * DSP: 
    N/A

    * Memory: 
    N/A

    * FIFO: 
    N/A

    * Expression: 
    +-----------------+----------+----+---+----+------------+------------+
    |  Variable Name  | Operation| DSP| FF| LUT| Bitwidth P0| Bitwidth P1|
    +-----------------+----------+----+---+----+------------+------------+
    |ap_block_state1  |        or|   0|  0|   2|           1|           1|
    +-----------------+----------+----+---+----+------------+------------+
    |Total            |          |   0|  0|   2|           1|           1|
    +-----------------+----------+----+---+----+------------+------------+

    * Multiplexer: 
    +-------------------+----+-----------+-----+-----------+
    |        Name       | LUT| Input Size| Bits| Total Bits|
    +-------------------+----+-----------+-----+-----------+
    |ap_NS_fsm          |  14|          3|    1|          3|
    |ap_done            |   9|          2|    1|          2|
    |conv1_out17_read   |   9|          2|    1|          2|
    |pool1_out18_write  |   9|          2|    1|          2|
    |real_start         |   9|          2|    1|          2|
    +-------------------+----+-----------+-----+-----------+
    |Total              |  50|         11|    5|         11|
    +-------------------+----+-----------+-----+-----------+

    * Register: 
    +--------------------------------------------------------+-----+----+-----+-----------+
    |                          Name                          |  FF | LUT| Bits| Const Bits|
    +--------------------------------------------------------+-----+----+-----+-----------+
    |ap_CS_fsm                                               |    2|   0|    2|          0|
    |ap_done_reg                                             |    1|   0|    1|          0|
    |grp_sp_pool_ap_fixed_32_6_5_3_0_s_fu_1810_ap_start_reg  |    1|   0|    1|          0|
    |pool_buf1_V_100_fu_418                                  |   32|   0|   32|          0|
    |pool_buf1_V_101_fu_422                                  |   32|   0|   32|          0|
    |pool_buf1_V_102_fu_426                                  |   32|   0|   32|          0|
    |pool_buf1_V_103_fu_430                                  |   32|   0|   32|          0|
    |pool_buf1_V_104_fu_434                                  |   32|   0|   32|          0|
    |pool_buf1_V_105_fu_438                                  |   32|   0|   32|          0|
    |pool_buf1_V_106_fu_442                                  |   32|   0|   32|          0|
    |pool_buf1_V_107_fu_446                                  |   32|   0|   32|          0|
    |pool_buf1_V_108_fu_450                                  |   32|   0|   32|          0|
    |pool_buf1_V_109_fu_454                                  |   32|   0|   32|          0|
    |pool_buf1_V_10_fu_58                                    |   32|   0|   32|          0|
    |pool_buf1_V_110_fu_458                                  |   32|   0|   32|          0|
    |pool_buf1_V_111_fu_462                                  |   32|   0|   32|          0|
    |pool_buf1_V_112_fu_466                                  |   32|   0|   32|          0|
    |pool_buf1_V_113_fu_470                                  |   32|   0|   32|          0|
    |pool_buf1_V_114_fu_474                                  |   32|   0|   32|          0|
    |pool_buf1_V_115_fu_478                                  |   32|   0|   32|          0|
    |pool_buf1_V_116_fu_482                                  |   32|   0|   32|          0|
    |pool_buf1_V_117_fu_486                                  |   32|   0|   32|          0|
    |pool_buf1_V_118_fu_490                                  |   32|   0|   32|          0|
    |pool_buf1_V_119_fu_494                                  |   32|   0|   32|          0|
    |pool_buf1_V_11_fu_62                                    |   32|   0|   32|          0|
    |pool_buf1_V_120_fu_498                                  |   32|   0|   32|          0|
    |pool_buf1_V_121_fu_502                                  |   32|   0|   32|          0|
    |pool_buf1_V_122_fu_506                                  |   32|   0|   32|          0|
    |pool_buf1_V_123_fu_510                                  |   32|   0|   32|          0|
    |pool_buf1_V_124_fu_514                                  |   32|   0|   32|          0|
    |pool_buf1_V_125_fu_518                                  |   32|   0|   32|          0|
    |pool_buf1_V_126_fu_522                                  |   32|   0|   32|          0|
    |pool_buf1_V_127_fu_526                                  |   32|   0|   32|          0|
    |pool_buf1_V_128_fu_530                                  |   32|   0|   32|          0|
    |pool_buf1_V_129_fu_534                                  |   32|   0|   32|          0|
    |pool_buf1_V_12_fu_66                                    |   32|   0|   32|          0|
    |pool_buf1_V_130_fu_538                                  |   32|   0|   32|          0|
    |pool_buf1_V_131_fu_542                                  |   32|   0|   32|          0|
    |pool_buf1_V_132_fu_546                                  |   32|   0|   32|          0|
    |pool_buf1_V_133_fu_550                                  |   32|   0|   32|          0|
    |pool_buf1_V_134_fu_554                                  |   32|   0|   32|          0|
    |pool_buf1_V_135_fu_558                                  |   32|   0|   32|          0|
    |pool_buf1_V_136_fu_562                                  |   32|   0|   32|          0|
    |pool_buf1_V_137_fu_566                                  |   32|   0|   32|          0|
    |pool_buf1_V_138_fu_570                                  |   32|   0|   32|          0|
    |pool_buf1_V_139_fu_574                                  |   32|   0|   32|          0|
    |pool_buf1_V_13_fu_70                                    |   32|   0|   32|          0|
    |pool_buf1_V_140_fu_578                                  |   32|   0|   32|          0|
    |pool_buf1_V_141_fu_582                                  |   32|   0|   32|          0|
    |pool_buf1_V_142_fu_586                                  |   32|   0|   32|          0|
    |pool_buf1_V_143_fu_590                                  |   32|   0|   32|          0|
    |pool_buf1_V_144_fu_594                                  |   32|   0|   32|          0|
    |pool_buf1_V_145_fu_598                                  |   32|   0|   32|          0|
    |pool_buf1_V_146_fu_602                                  |   32|   0|   32|          0|
    |pool_buf1_V_147_fu_606                                  |   32|   0|   32|          0|
    |pool_buf1_V_148_fu_610                                  |   32|   0|   32|          0|
    |pool_buf1_V_149_fu_614                                  |   32|   0|   32|          0|
    |pool_buf1_V_14_fu_74                                    |   32|   0|   32|          0|
    |pool_buf1_V_150_fu_618                                  |   32|   0|   32|          0|
    |pool_buf1_V_151_fu_622                                  |   32|   0|   32|          0|
    |pool_buf1_V_152_fu_626                                  |   32|   0|   32|          0|
    |pool_buf1_V_153_fu_630                                  |   32|   0|   32|          0|
    |pool_buf1_V_154_fu_634                                  |   32|   0|   32|          0|
    |pool_buf1_V_155_fu_638                                  |   32|   0|   32|          0|
    |pool_buf1_V_156_fu_642                                  |   32|   0|   32|          0|
    |pool_buf1_V_157_fu_646                                  |   32|   0|   32|          0|
    |pool_buf1_V_158_fu_650                                  |   32|   0|   32|          0|
    |pool_buf1_V_159_fu_654                                  |   32|   0|   32|          0|
    |pool_buf1_V_15_fu_78                                    |   32|   0|   32|          0|
    |pool_buf1_V_160_fu_658                                  |   32|   0|   32|          0|
    |pool_buf1_V_161_fu_662                                  |   32|   0|   32|          0|
    |pool_buf1_V_162_fu_666                                  |   32|   0|   32|          0|
    |pool_buf1_V_163_fu_670                                  |   32|   0|   32|          0|
    |pool_buf1_V_164_fu_674                                  |   32|   0|   32|          0|
    |pool_buf1_V_165_fu_678                                  |   32|   0|   32|          0|
    |pool_buf1_V_166_fu_682                                  |   32|   0|   32|          0|
    |pool_buf1_V_167_fu_686                                  |   32|   0|   32|          0|
    |pool_buf1_V_168_fu_690                                  |   32|   0|   32|          0|
    |pool_buf1_V_169_fu_694                                  |   32|   0|   32|          0|
    |pool_buf1_V_16_fu_82                                    |   32|   0|   32|          0|
    |pool_buf1_V_170_fu_698                                  |   32|   0|   32|          0|
    |pool_buf1_V_171_fu_702                                  |   32|   0|   32|          0|
    |pool_buf1_V_172_fu_706                                  |   32|   0|   32|          0|
    |pool_buf1_V_173_fu_710                                  |   32|   0|   32|          0|
    |pool_buf1_V_174_fu_714                                  |   32|   0|   32|          0|
    |pool_buf1_V_175_fu_718                                  |   32|   0|   32|          0|
    |pool_buf1_V_176_fu_722                                  |   32|   0|   32|          0|
    |pool_buf1_V_177_fu_726                                  |   32|   0|   32|          0|
    |pool_buf1_V_178_fu_730                                  |   32|   0|   32|          0|
    |pool_buf1_V_179_fu_734                                  |   32|   0|   32|          0|
    |pool_buf1_V_17_fu_86                                    |   32|   0|   32|          0|
    |pool_buf1_V_180_fu_738                                  |   32|   0|   32|          0|
    |pool_buf1_V_181_fu_742                                  |   32|   0|   32|          0|
    |pool_buf1_V_182_fu_746                                  |   32|   0|   32|          0|
    |pool_buf1_V_183_fu_750                                  |   32|   0|   32|          0|
    |pool_buf1_V_184_fu_754                                  |   32|   0|   32|          0|
    |pool_buf1_V_185_fu_758                                  |   32|   0|   32|          0|
    |pool_buf1_V_186_fu_762                                  |   32|   0|   32|          0|
    |pool_buf1_V_187_fu_766                                  |   32|   0|   32|          0|
    |pool_buf1_V_188_fu_770                                  |   32|   0|   32|          0|
    |pool_buf1_V_189_fu_774                                  |   32|   0|   32|          0|
    |pool_buf1_V_18_fu_90                                    |   32|   0|   32|          0|
    |pool_buf1_V_190_fu_778                                  |   32|   0|   32|          0|
    |pool_buf1_V_191_fu_782                                  |   32|   0|   32|          0|
    |pool_buf1_V_192_fu_786                                  |   32|   0|   32|          0|
    |pool_buf1_V_193_fu_790                                  |   32|   0|   32|          0|
    |pool_buf1_V_194_fu_794                                  |   32|   0|   32|          0|
    |pool_buf1_V_195_fu_798                                  |   32|   0|   32|          0|
    |pool_buf1_V_196_fu_802                                  |   32|   0|   32|          0|
    |pool_buf1_V_197_fu_806                                  |   32|   0|   32|          0|
    |pool_buf1_V_198_fu_810                                  |   32|   0|   32|          0|
    |pool_buf1_V_199_fu_814                                  |   32|   0|   32|          0|
    |pool_buf1_V_19_fu_94                                    |   32|   0|   32|          0|
    |pool_buf1_V_1_fu_22                                     |   32|   0|   32|          0|
    |pool_buf1_V_200_fu_818                                  |   32|   0|   32|          0|
    |pool_buf1_V_201_fu_822                                  |   32|   0|   32|          0|
    |pool_buf1_V_202_fu_826                                  |   32|   0|   32|          0|
    |pool_buf1_V_203_fu_830                                  |   32|   0|   32|          0|
    |pool_buf1_V_204_fu_834                                  |   32|   0|   32|          0|
    |pool_buf1_V_205_fu_838                                  |   32|   0|   32|          0|
    |pool_buf1_V_206_fu_842                                  |   32|   0|   32|          0|
    |pool_buf1_V_207_fu_846                                  |   32|   0|   32|          0|
    |pool_buf1_V_208_fu_850                                  |   32|   0|   32|          0|
    |pool_buf1_V_209_fu_854                                  |   32|   0|   32|          0|
    |pool_buf1_V_20_fu_98                                    |   32|   0|   32|          0|
    |pool_buf1_V_210_fu_858                                  |   32|   0|   32|          0|
    |pool_buf1_V_211_fu_862                                  |   32|   0|   32|          0|
    |pool_buf1_V_212_fu_866                                  |   32|   0|   32|          0|
    |pool_buf1_V_213_fu_870                                  |   32|   0|   32|          0|
    |pool_buf1_V_214_fu_874                                  |   32|   0|   32|          0|
    |pool_buf1_V_215_fu_878                                  |   32|   0|   32|          0|
    |pool_buf1_V_216_fu_882                                  |   32|   0|   32|          0|
    |pool_buf1_V_217_fu_886                                  |   32|   0|   32|          0|
    |pool_buf1_V_218_fu_890                                  |   32|   0|   32|          0|
    |pool_buf1_V_219_fu_894                                  |   32|   0|   32|          0|
    |pool_buf1_V_21_fu_102                                   |   32|   0|   32|          0|
    |pool_buf1_V_220_fu_898                                  |   32|   0|   32|          0|
    |pool_buf1_V_221_fu_902                                  |   32|   0|   32|          0|
    |pool_buf1_V_222_fu_906                                  |   32|   0|   32|          0|
    |pool_buf1_V_223_fu_910                                  |   32|   0|   32|          0|
    |pool_buf1_V_224_fu_914                                  |   32|   0|   32|          0|
    |pool_buf1_V_225_fu_918                                  |   32|   0|   32|          0|
    |pool_buf1_V_226_fu_922                                  |   32|   0|   32|          0|
    |pool_buf1_V_227_fu_926                                  |   32|   0|   32|          0|
    |pool_buf1_V_228_fu_930                                  |   32|   0|   32|          0|
    |pool_buf1_V_229_fu_934                                  |   32|   0|   32|          0|
    |pool_buf1_V_22_fu_106                                   |   32|   0|   32|          0|
    |pool_buf1_V_230_fu_938                                  |   32|   0|   32|          0|
    |pool_buf1_V_231_fu_942                                  |   32|   0|   32|          0|
    |pool_buf1_V_232_fu_946                                  |   32|   0|   32|          0|
    |pool_buf1_V_233_fu_950                                  |   32|   0|   32|          0|
    |pool_buf1_V_234_fu_954                                  |   32|   0|   32|          0|
    |pool_buf1_V_235_fu_958                                  |   32|   0|   32|          0|
    |pool_buf1_V_236_fu_962                                  |   32|   0|   32|          0|
    |pool_buf1_V_237_fu_966                                  |   32|   0|   32|          0|
    |pool_buf1_V_238_fu_970                                  |   32|   0|   32|          0|
    |pool_buf1_V_239_fu_974                                  |   32|   0|   32|          0|
    |pool_buf1_V_23_fu_110                                   |   32|   0|   32|          0|
    |pool_buf1_V_240_fu_978                                  |   32|   0|   32|          0|
    |pool_buf1_V_241_fu_982                                  |   32|   0|   32|          0|
    |pool_buf1_V_242_fu_986                                  |   32|   0|   32|          0|
    |pool_buf1_V_243_fu_990                                  |   32|   0|   32|          0|
    |pool_buf1_V_244_fu_994                                  |   32|   0|   32|          0|
    |pool_buf1_V_245_fu_998                                  |   32|   0|   32|          0|
    |pool_buf1_V_246_fu_1002                                 |   32|   0|   32|          0|
    |pool_buf1_V_247_fu_1006                                 |   32|   0|   32|          0|
    |pool_buf1_V_248_fu_1010                                 |   32|   0|   32|          0|
    |pool_buf1_V_249_fu_1014                                 |   32|   0|   32|          0|
    |pool_buf1_V_24_fu_114                                   |   32|   0|   32|          0|
    |pool_buf1_V_250_fu_1018                                 |   32|   0|   32|          0|
    |pool_buf1_V_251_fu_1022                                 |   32|   0|   32|          0|
    |pool_buf1_V_252_fu_1026                                 |   32|   0|   32|          0|
    |pool_buf1_V_253_fu_1030                                 |   32|   0|   32|          0|
    |pool_buf1_V_254_fu_1034                                 |   32|   0|   32|          0|
    |pool_buf1_V_255_fu_1038                                 |   32|   0|   32|          0|
    |pool_buf1_V_256_fu_1042                                 |   32|   0|   32|          0|
    |pool_buf1_V_257_fu_1046                                 |   32|   0|   32|          0|
    |pool_buf1_V_258_fu_1050                                 |   32|   0|   32|          0|
    |pool_buf1_V_259_fu_1054                                 |   32|   0|   32|          0|
    |pool_buf1_V_25_fu_118                                   |   32|   0|   32|          0|
    |pool_buf1_V_260_fu_1058                                 |   32|   0|   32|          0|
    |pool_buf1_V_261_fu_1062                                 |   32|   0|   32|          0|
    |pool_buf1_V_262_fu_1066                                 |   32|   0|   32|          0|
    |pool_buf1_V_263_fu_1070                                 |   32|   0|   32|          0|
    |pool_buf1_V_264_fu_1074                                 |   32|   0|   32|          0|
    |pool_buf1_V_265_fu_1078                                 |   32|   0|   32|          0|
    |pool_buf1_V_266_fu_1082                                 |   32|   0|   32|          0|
    |pool_buf1_V_267_fu_1086                                 |   32|   0|   32|          0|
    |pool_buf1_V_268_fu_1090                                 |   32|   0|   32|          0|
    |pool_buf1_V_269_fu_1094                                 |   32|   0|   32|          0|
    |pool_buf1_V_26_fu_122                                   |   32|   0|   32|          0|
    |pool_buf1_V_270_fu_1098                                 |   32|   0|   32|          0|
    |pool_buf1_V_271_fu_1102                                 |   32|   0|   32|          0|
    |pool_buf1_V_272_fu_1106                                 |   32|   0|   32|          0|
    |pool_buf1_V_273_fu_1110                                 |   32|   0|   32|          0|
    |pool_buf1_V_274_fu_1114                                 |   32|   0|   32|          0|
    |pool_buf1_V_275_fu_1118                                 |   32|   0|   32|          0|
    |pool_buf1_V_276_fu_1122                                 |   32|   0|   32|          0|
    |pool_buf1_V_277_fu_1126                                 |   32|   0|   32|          0|
    |pool_buf1_V_278_fu_1130                                 |   32|   0|   32|          0|
    |pool_buf1_V_279_fu_1134                                 |   32|   0|   32|          0|
    |pool_buf1_V_27_fu_126                                   |   32|   0|   32|          0|
    |pool_buf1_V_280_fu_1138                                 |   32|   0|   32|          0|
    |pool_buf1_V_281_fu_1142                                 |   32|   0|   32|          0|
    |pool_buf1_V_282_fu_1146                                 |   32|   0|   32|          0|
    |pool_buf1_V_283_fu_1150                                 |   32|   0|   32|          0|
    |pool_buf1_V_284_fu_1154                                 |   32|   0|   32|          0|
    |pool_buf1_V_285_fu_1158                                 |   32|   0|   32|          0|
    |pool_buf1_V_286_fu_1162                                 |   32|   0|   32|          0|
    |pool_buf1_V_287_fu_1166                                 |   32|   0|   32|          0|
    |pool_buf1_V_288_fu_1170                                 |   32|   0|   32|          0|
    |pool_buf1_V_289_fu_1174                                 |   32|   0|   32|          0|
    |pool_buf1_V_28_fu_130                                   |   32|   0|   32|          0|
    |pool_buf1_V_290_fu_1178                                 |   32|   0|   32|          0|
    |pool_buf1_V_291_fu_1182                                 |   32|   0|   32|          0|
    |pool_buf1_V_292_fu_1186                                 |   32|   0|   32|          0|
    |pool_buf1_V_293_fu_1190                                 |   32|   0|   32|          0|
    |pool_buf1_V_294_fu_1194                                 |   32|   0|   32|          0|
    |pool_buf1_V_295_fu_1198                                 |   32|   0|   32|          0|
    |pool_buf1_V_296_fu_1202                                 |   32|   0|   32|          0|
    |pool_buf1_V_297_fu_1206                                 |   32|   0|   32|          0|
    |pool_buf1_V_298_fu_1210                                 |   32|   0|   32|          0|
    |pool_buf1_V_299_fu_1214                                 |   32|   0|   32|          0|
    |pool_buf1_V_29_fu_134                                   |   32|   0|   32|          0|
    |pool_buf1_V_2_fu_26                                     |   32|   0|   32|          0|
    |pool_buf1_V_300_fu_1218                                 |   32|   0|   32|          0|
    |pool_buf1_V_301_fu_1222                                 |   32|   0|   32|          0|
    |pool_buf1_V_302_fu_1226                                 |   32|   0|   32|          0|
    |pool_buf1_V_303_fu_1230                                 |   32|   0|   32|          0|
    |pool_buf1_V_304_fu_1234                                 |   32|   0|   32|          0|
    |pool_buf1_V_305_fu_1238                                 |   32|   0|   32|          0|
    |pool_buf1_V_306_fu_1242                                 |   32|   0|   32|          0|
    |pool_buf1_V_307_fu_1246                                 |   32|   0|   32|          0|
    |pool_buf1_V_308_fu_1250                                 |   32|   0|   32|          0|
    |pool_buf1_V_309_fu_1254                                 |   32|   0|   32|          0|
    |pool_buf1_V_30_fu_138                                   |   32|   0|   32|          0|
    |pool_buf1_V_310_fu_1258                                 |   32|   0|   32|          0|
    |pool_buf1_V_311_fu_1262                                 |   32|   0|   32|          0|
    |pool_buf1_V_312_fu_1266                                 |   32|   0|   32|          0|
    |pool_buf1_V_313_fu_1270                                 |   32|   0|   32|          0|
    |pool_buf1_V_314_fu_1274                                 |   32|   0|   32|          0|
    |pool_buf1_V_315_fu_1278                                 |   32|   0|   32|          0|
    |pool_buf1_V_316_fu_1282                                 |   32|   0|   32|          0|
    |pool_buf1_V_317_fu_1286                                 |   32|   0|   32|          0|
    |pool_buf1_V_318_fu_1290                                 |   32|   0|   32|          0|
    |pool_buf1_V_319_fu_1294                                 |   32|   0|   32|          0|
    |pool_buf1_V_31_fu_142                                   |   32|   0|   32|          0|
    |pool_buf1_V_320_fu_1298                                 |   32|   0|   32|          0|
    |pool_buf1_V_321_fu_1302                                 |   32|   0|   32|          0|
    |pool_buf1_V_322_fu_1306                                 |   32|   0|   32|          0|
    |pool_buf1_V_323_fu_1310                                 |   32|   0|   32|          0|
    |pool_buf1_V_324_fu_1314                                 |   32|   0|   32|          0|
    |pool_buf1_V_325_fu_1318                                 |   32|   0|   32|          0|
    |pool_buf1_V_326_fu_1322                                 |   32|   0|   32|          0|
    |pool_buf1_V_327_fu_1326                                 |   32|   0|   32|          0|
    |pool_buf1_V_328_fu_1330                                 |   32|   0|   32|          0|
    |pool_buf1_V_329_fu_1334                                 |   32|   0|   32|          0|
    |pool_buf1_V_32_fu_146                                   |   32|   0|   32|          0|
    |pool_buf1_V_330_fu_1338                                 |   32|   0|   32|          0|
    |pool_buf1_V_331_fu_1342                                 |   32|   0|   32|          0|
    |pool_buf1_V_332_fu_1346                                 |   32|   0|   32|          0|
    |pool_buf1_V_333_fu_1350                                 |   32|   0|   32|          0|
    |pool_buf1_V_334_fu_1354                                 |   32|   0|   32|          0|
    |pool_buf1_V_335_fu_1358                                 |   32|   0|   32|          0|
    |pool_buf1_V_336_fu_1362                                 |   32|   0|   32|          0|
    |pool_buf1_V_337_fu_1366                                 |   32|   0|   32|          0|
    |pool_buf1_V_338_fu_1370                                 |   32|   0|   32|          0|
    |pool_buf1_V_339_fu_1374                                 |   32|   0|   32|          0|
    |pool_buf1_V_33_fu_150                                   |   32|   0|   32|          0|
    |pool_buf1_V_340_fu_1378                                 |   32|   0|   32|          0|
    |pool_buf1_V_341_fu_1382                                 |   32|   0|   32|          0|
    |pool_buf1_V_342_fu_1386                                 |   32|   0|   32|          0|
    |pool_buf1_V_343_fu_1390                                 |   32|   0|   32|          0|
    |pool_buf1_V_344_fu_1394                                 |   32|   0|   32|          0|
    |pool_buf1_V_345_fu_1398                                 |   32|   0|   32|          0|
    |pool_buf1_V_346_fu_1402                                 |   32|   0|   32|          0|
    |pool_buf1_V_347_fu_1406                                 |   32|   0|   32|          0|
    |pool_buf1_V_348_fu_1410                                 |   32|   0|   32|          0|
    |pool_buf1_V_349_fu_1414                                 |   32|   0|   32|          0|
    |pool_buf1_V_34_fu_154                                   |   32|   0|   32|          0|
    |pool_buf1_V_350_fu_1418                                 |   32|   0|   32|          0|
    |pool_buf1_V_351_fu_1422                                 |   32|   0|   32|          0|
    |pool_buf1_V_352_fu_1426                                 |   32|   0|   32|          0|
    |pool_buf1_V_353_fu_1430                                 |   32|   0|   32|          0|
    |pool_buf1_V_354_fu_1434                                 |   32|   0|   32|          0|
    |pool_buf1_V_355_fu_1438                                 |   32|   0|   32|          0|
    |pool_buf1_V_356_fu_1442                                 |   32|   0|   32|          0|
    |pool_buf1_V_357_fu_1446                                 |   32|   0|   32|          0|
    |pool_buf1_V_358_fu_1450                                 |   32|   0|   32|          0|
    |pool_buf1_V_359_fu_1454                                 |   32|   0|   32|          0|
    |pool_buf1_V_35_fu_158                                   |   32|   0|   32|          0|
    |pool_buf1_V_360_fu_1458                                 |   32|   0|   32|          0|
    |pool_buf1_V_361_fu_1462                                 |   32|   0|   32|          0|
    |pool_buf1_V_362_fu_1466                                 |   32|   0|   32|          0|
    |pool_buf1_V_363_fu_1470                                 |   32|   0|   32|          0|
    |pool_buf1_V_364_fu_1474                                 |   32|   0|   32|          0|
    |pool_buf1_V_365_fu_1478                                 |   32|   0|   32|          0|
    |pool_buf1_V_366_fu_1482                                 |   32|   0|   32|          0|
    |pool_buf1_V_367_fu_1486                                 |   32|   0|   32|          0|
    |pool_buf1_V_368_fu_1490                                 |   32|   0|   32|          0|
    |pool_buf1_V_369_fu_1494                                 |   32|   0|   32|          0|
    |pool_buf1_V_36_fu_162                                   |   32|   0|   32|          0|
    |pool_buf1_V_370_fu_1498                                 |   32|   0|   32|          0|
    |pool_buf1_V_371_fu_1502                                 |   32|   0|   32|          0|
    |pool_buf1_V_372_fu_1506                                 |   32|   0|   32|          0|
    |pool_buf1_V_373_fu_1510                                 |   32|   0|   32|          0|
    |pool_buf1_V_374_fu_1514                                 |   32|   0|   32|          0|
    |pool_buf1_V_375_fu_1518                                 |   32|   0|   32|          0|
    |pool_buf1_V_376_fu_1522                                 |   32|   0|   32|          0|
    |pool_buf1_V_377_fu_1526                                 |   32|   0|   32|          0|
    |pool_buf1_V_378_fu_1530                                 |   32|   0|   32|          0|
    |pool_buf1_V_379_fu_1534                                 |   32|   0|   32|          0|
    |pool_buf1_V_37_fu_166                                   |   32|   0|   32|          0|
    |pool_buf1_V_380_fu_1538                                 |   32|   0|   32|          0|
    |pool_buf1_V_381_fu_1542                                 |   32|   0|   32|          0|
    |pool_buf1_V_382_fu_1546                                 |   32|   0|   32|          0|
    |pool_buf1_V_383_fu_1550                                 |   32|   0|   32|          0|
    |pool_buf1_V_384_fu_1554                                 |   32|   0|   32|          0|
    |pool_buf1_V_385_fu_1558                                 |   32|   0|   32|          0|
    |pool_buf1_V_386_fu_1562                                 |   32|   0|   32|          0|
    |pool_buf1_V_387_fu_1566                                 |   32|   0|   32|          0|
    |pool_buf1_V_388_fu_1570                                 |   32|   0|   32|          0|
    |pool_buf1_V_389_fu_1574                                 |   32|   0|   32|          0|
    |pool_buf1_V_38_fu_170                                   |   32|   0|   32|          0|
    |pool_buf1_V_390_fu_1578                                 |   32|   0|   32|          0|
    |pool_buf1_V_391_fu_1582                                 |   32|   0|   32|          0|
    |pool_buf1_V_392_fu_1586                                 |   32|   0|   32|          0|
    |pool_buf1_V_393_fu_1590                                 |   32|   0|   32|          0|
    |pool_buf1_V_394_fu_1594                                 |   32|   0|   32|          0|
    |pool_buf1_V_395_fu_1598                                 |   32|   0|   32|          0|
    |pool_buf1_V_396_fu_1602                                 |   32|   0|   32|          0|
    |pool_buf1_V_397_fu_1606                                 |   32|   0|   32|          0|
    |pool_buf1_V_398_fu_1610                                 |   32|   0|   32|          0|
    |pool_buf1_V_399_fu_1614                                 |   32|   0|   32|          0|
    |pool_buf1_V_39_fu_174                                   |   32|   0|   32|          0|
    |pool_buf1_V_3_fu_30                                     |   32|   0|   32|          0|
    |pool_buf1_V_400_fu_1618                                 |   32|   0|   32|          0|
    |pool_buf1_V_401_fu_1622                                 |   32|   0|   32|          0|
    |pool_buf1_V_402_fu_1626                                 |   32|   0|   32|          0|
    |pool_buf1_V_403_fu_1630                                 |   32|   0|   32|          0|
    |pool_buf1_V_404_fu_1634                                 |   32|   0|   32|          0|
    |pool_buf1_V_405_fu_1638                                 |   32|   0|   32|          0|
    |pool_buf1_V_406_fu_1642                                 |   32|   0|   32|          0|
    |pool_buf1_V_407_fu_1646                                 |   32|   0|   32|          0|
    |pool_buf1_V_408_fu_1650                                 |   32|   0|   32|          0|
    |pool_buf1_V_409_fu_1654                                 |   32|   0|   32|          0|
    |pool_buf1_V_40_fu_178                                   |   32|   0|   32|          0|
    |pool_buf1_V_410_fu_1658                                 |   32|   0|   32|          0|
    |pool_buf1_V_411_fu_1662                                 |   32|   0|   32|          0|
    |pool_buf1_V_412_fu_1666                                 |   32|   0|   32|          0|
    |pool_buf1_V_413_fu_1670                                 |   32|   0|   32|          0|
    |pool_buf1_V_414_fu_1674                                 |   32|   0|   32|          0|
    |pool_buf1_V_415_fu_1678                                 |   32|   0|   32|          0|
    |pool_buf1_V_416_fu_1682                                 |   32|   0|   32|          0|
    |pool_buf1_V_417_fu_1686                                 |   32|   0|   32|          0|
    |pool_buf1_V_418_fu_1690                                 |   32|   0|   32|          0|
    |pool_buf1_V_419_fu_1694                                 |   32|   0|   32|          0|
    |pool_buf1_V_41_fu_182                                   |   32|   0|   32|          0|
    |pool_buf1_V_420_fu_1698                                 |   32|   0|   32|          0|
    |pool_buf1_V_421_fu_1702                                 |   32|   0|   32|          0|
    |pool_buf1_V_422_fu_1706                                 |   32|   0|   32|          0|
    |pool_buf1_V_423_fu_1710                                 |   32|   0|   32|          0|
    |pool_buf1_V_424_fu_1714                                 |   32|   0|   32|          0|
    |pool_buf1_V_425_fu_1718                                 |   32|   0|   32|          0|
    |pool_buf1_V_426_fu_1722                                 |   32|   0|   32|          0|
    |pool_buf1_V_427_fu_1726                                 |   32|   0|   32|          0|
    |pool_buf1_V_428_fu_1730                                 |   32|   0|   32|          0|
    |pool_buf1_V_429_fu_1734                                 |   32|   0|   32|          0|
    |pool_buf1_V_42_fu_186                                   |   32|   0|   32|          0|
    |pool_buf1_V_430_fu_1738                                 |   32|   0|   32|          0|
    |pool_buf1_V_431_fu_1742                                 |   32|   0|   32|          0|
    |pool_buf1_V_432_fu_1746                                 |   32|   0|   32|          0|
    |pool_buf1_V_433_fu_1750                                 |   32|   0|   32|          0|
    |pool_buf1_V_434_fu_1754                                 |   32|   0|   32|          0|
    |pool_buf1_V_435_fu_1758                                 |   32|   0|   32|          0|
    |pool_buf1_V_436_fu_1762                                 |   32|   0|   32|          0|
    |pool_buf1_V_437_fu_1766                                 |   32|   0|   32|          0|
    |pool_buf1_V_438_fu_1770                                 |   32|   0|   32|          0|
    |pool_buf1_V_439_fu_1774                                 |   32|   0|   32|          0|
    |pool_buf1_V_43_fu_190                                   |   32|   0|   32|          0|
    |pool_buf1_V_440_fu_1778                                 |   32|   0|   32|          0|
    |pool_buf1_V_441_fu_1782                                 |   32|   0|   32|          0|
    |pool_buf1_V_442_fu_1786                                 |   32|   0|   32|          0|
    |pool_buf1_V_443_fu_1790                                 |   32|   0|   32|          0|
    |pool_buf1_V_444_fu_1794                                 |   32|   0|   32|          0|
    |pool_buf1_V_445_fu_1798                                 |   32|   0|   32|          0|
    |pool_buf1_V_446_fu_1802                                 |   32|   0|   32|          0|
    |pool_buf1_V_447_fu_1806                                 |   32|   0|   32|          0|
    |pool_buf1_V_44_fu_194                                   |   32|   0|   32|          0|
    |pool_buf1_V_45_fu_198                                   |   32|   0|   32|          0|
    |pool_buf1_V_46_fu_202                                   |   32|   0|   32|          0|
    |pool_buf1_V_47_fu_206                                   |   32|   0|   32|          0|
    |pool_buf1_V_48_fu_210                                   |   32|   0|   32|          0|
    |pool_buf1_V_49_fu_214                                   |   32|   0|   32|          0|
    |pool_buf1_V_4_fu_34                                     |   32|   0|   32|          0|
    |pool_buf1_V_50_fu_218                                   |   32|   0|   32|          0|
    |pool_buf1_V_51_fu_222                                   |   32|   0|   32|          0|
    |pool_buf1_V_52_fu_226                                   |   32|   0|   32|          0|
    |pool_buf1_V_53_fu_230                                   |   32|   0|   32|          0|
    |pool_buf1_V_54_fu_234                                   |   32|   0|   32|          0|
    |pool_buf1_V_55_fu_238                                   |   32|   0|   32|          0|
    |pool_buf1_V_56_fu_242                                   |   32|   0|   32|          0|
    |pool_buf1_V_57_fu_246                                   |   32|   0|   32|          0|
    |pool_buf1_V_58_fu_250                                   |   32|   0|   32|          0|
    |pool_buf1_V_59_fu_254                                   |   32|   0|   32|          0|
    |pool_buf1_V_5_fu_38                                     |   32|   0|   32|          0|
    |pool_buf1_V_60_fu_258                                   |   32|   0|   32|          0|
    |pool_buf1_V_61_fu_262                                   |   32|   0|   32|          0|
    |pool_buf1_V_62_fu_266                                   |   32|   0|   32|          0|
    |pool_buf1_V_63_fu_270                                   |   32|   0|   32|          0|
    |pool_buf1_V_64_fu_274                                   |   32|   0|   32|          0|
    |pool_buf1_V_65_fu_278                                   |   32|   0|   32|          0|
    |pool_buf1_V_66_fu_282                                   |   32|   0|   32|          0|
    |pool_buf1_V_67_fu_286                                   |   32|   0|   32|          0|
    |pool_buf1_V_68_fu_290                                   |   32|   0|   32|          0|
    |pool_buf1_V_69_fu_294                                   |   32|   0|   32|          0|
    |pool_buf1_V_6_fu_42                                     |   32|   0|   32|          0|
    |pool_buf1_V_70_fu_298                                   |   32|   0|   32|          0|
    |pool_buf1_V_71_fu_302                                   |   32|   0|   32|          0|
    |pool_buf1_V_72_fu_306                                   |   32|   0|   32|          0|
    |pool_buf1_V_73_fu_310                                   |   32|   0|   32|          0|
    |pool_buf1_V_74_fu_314                                   |   32|   0|   32|          0|
    |pool_buf1_V_75_fu_318                                   |   32|   0|   32|          0|
    |pool_buf1_V_76_fu_322                                   |   32|   0|   32|          0|
    |pool_buf1_V_77_fu_326                                   |   32|   0|   32|          0|
    |pool_buf1_V_78_fu_330                                   |   32|   0|   32|          0|
    |pool_buf1_V_79_fu_334                                   |   32|   0|   32|          0|
    |pool_buf1_V_7_fu_46                                     |   32|   0|   32|          0|
    |pool_buf1_V_80_fu_338                                   |   32|   0|   32|          0|
    |pool_buf1_V_81_fu_342                                   |   32|   0|   32|          0|
    |pool_buf1_V_82_fu_346                                   |   32|   0|   32|          0|
    |pool_buf1_V_83_fu_350                                   |   32|   0|   32|          0|
    |pool_buf1_V_84_fu_354                                   |   32|   0|   32|          0|
    |pool_buf1_V_85_fu_358                                   |   32|   0|   32|          0|
    |pool_buf1_V_86_fu_362                                   |   32|   0|   32|          0|
    |pool_buf1_V_87_fu_366                                   |   32|   0|   32|          0|
    |pool_buf1_V_88_fu_370                                   |   32|   0|   32|          0|
    |pool_buf1_V_89_fu_374                                   |   32|   0|   32|          0|
    |pool_buf1_V_8_fu_50                                     |   32|   0|   32|          0|
    |pool_buf1_V_90_fu_378                                   |   32|   0|   32|          0|
    |pool_buf1_V_91_fu_382                                   |   32|   0|   32|          0|
    |pool_buf1_V_92_fu_386                                   |   32|   0|   32|          0|
    |pool_buf1_V_93_fu_390                                   |   32|   0|   32|          0|
    |pool_buf1_V_94_fu_394                                   |   32|   0|   32|          0|
    |pool_buf1_V_95_fu_398                                   |   32|   0|   32|          0|
    |pool_buf1_V_96_fu_402                                   |   32|   0|   32|          0|
    |pool_buf1_V_97_fu_406                                   |   32|   0|   32|          0|
    |pool_buf1_V_98_fu_410                                   |   32|   0|   32|          0|
    |pool_buf1_V_99_fu_414                                   |   32|   0|   32|          0|
    |pool_buf1_V_9_fu_54                                     |   32|   0|   32|          0|
    |pool_buf1_V_fu_18                                       |   32|   0|   32|          0|
    |start_once_reg                                          |    1|   0|    1|          0|
    +--------------------------------------------------------+-----+----+-----+-----------+
    |Total                                                   |14341|   0|14341|          0|
    +--------------------------------------------------------+-----+----+-----+-----------+



================================================================
== Interface
================================================================
* Summary: 
+----------------------------+-----+-----+------------+--------------+--------------+
|          RTL Ports         | Dir | Bits|  Protocol  | Source Object|    C Type    |
+----------------------------+-----+-----+------------+--------------+--------------+
|ap_clk                      |   in|    1|  ap_ctrl_hs|         pool1|  return value|
|ap_rst                      |   in|    1|  ap_ctrl_hs|         pool1|  return value|
|ap_start                    |   in|    1|  ap_ctrl_hs|         pool1|  return value|
|start_full_n                |   in|    1|  ap_ctrl_hs|         pool1|  return value|
|ap_done                     |  out|    1|  ap_ctrl_hs|         pool1|  return value|
|ap_continue                 |   in|    1|  ap_ctrl_hs|         pool1|  return value|
|ap_idle                     |  out|    1|  ap_ctrl_hs|         pool1|  return value|
|ap_ready                    |  out|    1|  ap_ctrl_hs|         pool1|  return value|
|start_out                   |  out|    1|  ap_ctrl_hs|         pool1|  return value|
|start_write                 |  out|    1|  ap_ctrl_hs|         pool1|  return value|
|conv1_out17_dout            |   in|   32|     ap_fifo|   conv1_out17|       pointer|
|conv1_out17_num_data_valid  |   in|    2|     ap_fifo|   conv1_out17|       pointer|
|conv1_out17_fifo_cap        |   in|    2|     ap_fifo|   conv1_out17|       pointer|
|conv1_out17_empty_n         |   in|    1|     ap_fifo|   conv1_out17|       pointer|
|conv1_out17_read            |  out|    1|     ap_fifo|   conv1_out17|       pointer|
|pool1_out18_din             |  out|   32|     ap_fifo|   pool1_out18|       pointer|
|pool1_out18_num_data_valid  |   in|    2|     ap_fifo|   pool1_out18|       pointer|
|pool1_out18_fifo_cap        |   in|    2|     ap_fifo|   pool1_out18|       pointer|
|pool1_out18_full_n          |   in|    1|     ap_fifo|   pool1_out18|       pointer|
|pool1_out18_write           |  out|    1|     ap_fifo|   pool1_out18|       pointer|
+----------------------------+-----+-----+------------+--------------+--------------+

