

================================================================
== Vitis HLS Report for 'sp_pool_ap_fixed_32_6_5_3_0_1'
================================================================
* Date:           Tue Feb 27 17:37:29 2024

* Version:        2022.1 (Build 3526262 on Mon Apr 18 15:47:01 MDT 2022)
* Project:        SoC
* Solution:       solution1 (Vivado IP Flow Target)
* Product family: zynquplus
* Target device:  xczu7ev-ffvc1156-2-e


================================================================
== Performance Estimates
================================================================
+ Timing: 
    * Summary: 
    +--------+----------+----------+------------+
    |  Clock |  Target  | Estimated| Uncertainty|
    +--------+----------+----------+------------+
    |ap_clk  |  10.00 ns|  6.439 ns|     2.70 ns|
    +--------+----------+----------+------------+

+ Latency: 
    * Summary: 
    +---------+---------+-----------+-----------+------+------+---------+
    |  Latency (cycles) |   Latency (absolute)  |   Interval  | Pipeline|
    |   min   |   max   |    min    |    max    |  min |  max |   Type  |
    +---------+---------+-----------+-----------+------+------+---------+
    |     1570|     1570|  15.700 us|  15.700 us|  1570|  1570|       no|
    +---------+---------+-----------+-----------+------+------+---------+

    + Detail: 
        * Instance: 
        N/A

        * Loop: 
        +------------------+---------+---------+----------+-----------+-----------+------+----------+
        |                  |  Latency (cycles) | Iteration|  Initiation Interval  | Trip |          |
        |     Loop Name    |   min   |   max   |  Latency |  achieved |   target  | Count| Pipelined|
        +------------------+---------+---------+----------+-----------+-----------+------+----------+
        |- PHeight_PWidth  |     1568|     1568|         9|          8|          1|   196|       yes|
        +------------------+---------+---------+----------+-----------+-----------+------+----------+



================================================================
== Utilization Estimates
================================================================
* Summary: 
+-----------------+---------+------+--------+--------+-----+
|       Name      | BRAM_18K|  DSP |   FF   |   LUT  | URAM|
+-----------------+---------+------+--------+--------+-----+
|DSP              |        -|     -|       -|       -|    -|
|Expression       |        -|     -|       0|    2124|    -|
|FIFO             |        -|     -|       -|       -|    -|
|Instance         |        -|     -|       0|    2479|    -|
|Memory           |        -|     -|       -|       -|    -|
|Multiplexer      |        -|     -|       -|    1214|    -|
|Register         |        -|     -|     814|       -|    -|
+-----------------+---------+------+--------+--------+-----+
|Total            |        0|     0|     814|    5817|    0|
+-----------------+---------+------+--------+--------+-----+
|Available        |      624|  1728|  460800|  230400|   96|
+-----------------+---------+------+--------+--------+-----+
|Utilization (%)  |        0|     0|      ~0|       2|    0|
+-----------------+---------+------+--------+--------+-----+

+ Detail: 
    * Instance: 
    +-------------------------+-------------------+---------+----+---+-----+-----+
    |         Instance        |       Module      | BRAM_18K| DSP| FF| LUT | URAM|
    +-------------------------+-------------------+---------+----+---+-----+-----+
    |mux_1127_32_1_1_x_U1868  |mux_1127_32_1_1_x  |        0|   0|  0|  566|    0|
    |mux_144_32_1_1_U1861     |mux_144_32_1_1     |        0|   0|  0|   65|    0|
    |mux_285_32_1_1_U1862     |mux_285_32_1_1     |        0|   0|  0|  140|    0|
    |mux_426_32_1_1_U1863     |mux_426_32_1_1     |        0|   0|  0|  189|    0|
    |mux_566_32_1_1_U1864     |mux_566_32_1_1     |        0|   0|  0|  246|    0|
    |mux_707_32_1_1_U1865     |mux_707_32_1_1     |        0|   0|  0|  342|    0|
    |mux_847_32_1_1_U1866     |mux_847_32_1_1     |        0|   0|  0|  441|    0|
    |mux_987_32_1_1_U1867     |mux_987_32_1_1     |        0|   0|  0|  490|    0|
    +-------------------------+-------------------+---------+----+---+-----+-----+
    |Total                    |                   |        0|   0|  0| 2479|    0|
    +-------------------------+-------------------+---------+----+---+-----+-----+

    * DSP: 
    N/A

    * Memory: 
    N/A

    * FIFO: 
    N/A

    * Expression: 
    +----------------------------------+----------+----+---+----+------------+------------+
    |           Variable Name          | Operation| DSP| FF| LUT| Bitwidth P0| Bitwidth P1|
    +----------------------------------+----------+----+---+----+------------+------------+
    |add_ln114_2_fu_2047_p2            |         +|   0|  0|  12|           4|           1|
    |add_ln114_fu_2021_p2              |         +|   0|  0|  15|           8|           1|
    |add_ln115_fu_2428_p2              |         +|   0|  0|  12|           4|           1|
    |add_ln151_6_fu_3968_p2            |         +|   0|  0|  13|           6|           6|
    |temp_V_476_fu_2289_p29            |         +|   0|  0|  12|           5|           4|
    |temp_V_483_fu_2519_p43            |         +|   0|  0|  13|           6|           5|
    |temp_V_490_fu_2755_p57            |         +|   0|  0|  13|           6|           6|
    |temp_V_497_fu_3023_p71            |         +|   0|  0|  14|           7|           6|
    |temp_V_504_fu_3315_p85            |         +|   0|  0|  14|           7|           7|
    |temp_V_511_fu_3635_p99            |         +|   0|  0|  14|           7|           7|
    |ap_block_pp0_stage0_01001         |       and|   0|  0|   2|           1|           1|
    |ap_block_pp0_stage1_01001         |       and|   0|  0|   2|           1|           1|
    |ap_block_pp0_stage2_01001         |       and|   0|  0|   2|           1|           1|
    |ap_block_pp0_stage3_01001         |       and|   0|  0|   2|           1|           1|
    |ap_block_pp0_stage4_01001         |       and|   0|  0|   2|           1|           1|
    |ap_block_pp0_stage5_01001         |       and|   0|  0|   2|           1|           1|
    |ap_block_pp0_stage6_01001         |       and|   0|  0|   2|           1|           1|
    |ap_block_pp0_stage7_01001         |       and|   0|  0|   2|           1|           1|
    |ap_predicate_op224_write_state2   |       and|   0|  0|   2|           1|           1|
    |ap_predicate_op663_write_state9   |       and|   0|  0|   2|           1|           1|
    |empty_53_fu_2089_p2               |       and|   0|  0|   2|           1|           1|
    |cmp153_fu_2071_p2                 |      icmp|   0|  0|   9|           4|           1|
    |cmp15_mid1_fu_2065_p2             |      icmp|   0|  0|   9|           4|           1|
    |icmp_ln114_fu_2015_p2             |      icmp|   0|  0|  11|           8|           7|
    |icmp_ln115_fu_2033_p2             |      icmp|   0|  0|   9|           4|           3|
    |icmp_ln1697_10_fu_2983_p2         |      icmp|   0|  0|  19|          31|          29|
    |icmp_ln1697_11_fu_3276_p2         |      icmp|   0|  0|  19|          31|          29|
    |icmp_ln1697_12_fu_3596_p2         |      icmp|   0|  0|  19|          31|          29|
    |icmp_ln1697_13_fu_3944_p2         |      icmp|   0|  0|  19|          31|          29|
    |icmp_ln1697_14_fu_4324_p2         |      icmp|   0|  0|  19|          31|          29|
    |icmp_ln1697_8_fu_2479_p2          |      icmp|   0|  0|  19|          31|          29|
    |icmp_ln1697_9_fu_2716_p2          |      icmp|   0|  0|  19|          31|          29|
    |icmp_ln1697_fu_2249_p2            |      icmp|   0|  0|  19|          31|          29|
    |icmp_ln1698_24_fu_2191_p2         |      icmp|   0|  0|  20|          32|          32|
    |icmp_ln1698_25_fu_2226_p2         |      icmp|   0|  0|  20|          32|          32|
    |icmp_ln1698_26_fu_2379_p2         |      icmp|   0|  0|  20|          32|          32|
    |icmp_ln1698_27_fu_2403_p2         |      icmp|   0|  0|  20|          32|          32|
    |icmp_ln1698_28_fu_2456_p2         |      icmp|   0|  0|  20|          32|          32|
    |icmp_ln1698_29_fu_2637_p2         |      icmp|   0|  0|  20|          32|          32|
    |icmp_ln1698_30_fu_2661_p2         |      icmp|   0|  0|  20|          32|          32|
    |icmp_ln1698_31_fu_2693_p2         |      icmp|   0|  0|  20|          32|          32|
    |icmp_ln1698_32_fu_2901_p2         |      icmp|   0|  0|  20|          32|          32|
    |icmp_ln1698_33_fu_2925_p2         |      icmp|   0|  0|  20|          32|          32|
    |icmp_ln1698_34_fu_2960_p2         |      icmp|   0|  0|  20|          32|          32|
    |icmp_ln1698_35_fu_3197_p2         |      icmp|   0|  0|  20|          32|          32|
    |icmp_ln1698_36_fu_3221_p2         |      icmp|   0|  0|  20|          32|          32|
    |icmp_ln1698_37_fu_3253_p2         |      icmp|   0|  0|  20|          32|          32|
    |icmp_ln1698_38_fu_3517_p2         |      icmp|   0|  0|  20|          32|          32|
    |icmp_ln1698_39_fu_3541_p2         |      icmp|   0|  0|  20|          32|          32|
    |icmp_ln1698_40_fu_3573_p2         |      icmp|   0|  0|  20|          32|          32|
    |icmp_ln1698_41_fu_3865_p2         |      icmp|   0|  0|  20|          32|          32|
    |icmp_ln1698_42_fu_3889_p2         |      icmp|   0|  0|  20|          32|          32|
    |icmp_ln1698_43_fu_3921_p2         |      icmp|   0|  0|  20|          32|          32|
    |icmp_ln1698_44_fu_4245_p2         |      icmp|   0|  0|  20|          32|          32|
    |icmp_ln1698_45_fu_4269_p2         |      icmp|   0|  0|  20|          32|          32|
    |icmp_ln1698_46_fu_4301_p2         |      icmp|   0|  0|  20|          32|          32|
    |icmp_ln1698_fu_2167_p2            |      icmp|   0|  0|  20|          32|          32|
    |ap_block_state2_pp0_stage1_iter0  |        or|   0|  0|   2|           1|           1|
    |ap_block_state3_pp0_stage2_iter0  |        or|   0|  0|   2|           1|           1|
    |ap_block_state4_pp0_stage3_iter0  |        or|   0|  0|   2|           1|           1|
    |ap_block_state5_pp0_stage4_iter0  |        or|   0|  0|   2|           1|           1|
    |ap_block_state6_pp0_stage5_iter0  |        or|   0|  0|   2|           1|           1|
    |ap_block_state7_pp0_stage6_iter0  |        or|   0|  0|   2|           1|           1|
    |ap_block_state8_pp0_stage7_iter0  |        or|   0|  0|   2|           1|           1|
    |ap_block_state9_pp0_stage0_iter1  |        or|   0|  0|   2|           1|           1|
    |select_ln114_4_fu_2053_p3         |    select|   0|  0|   4|           1|           4|
    |select_ln114_5_fu_2077_p3         |    select|   0|  0|   2|           1|           1|
    |select_ln114_fu_2039_p3           |    select|   0|  0|   4|           1|           1|
    |temp_V_470_fu_2179_p3             |    select|   0|  0|  31|           1|          31|
    |temp_V_471_fu_2203_p3             |    select|   0|  0|  31|           1|          31|
    |temp_V_473_fu_2238_p3             |    select|   0|  0|  31|           1|          31|
    |temp_V_474_fu_2255_p3             |    select|   0|  0|  29|           1|           1|
    |temp_V_475_fu_2367_p3             |    select|   0|  0|  31|           1|           1|
    |temp_V_477_fu_2391_p3             |    select|   0|  0|  31|           1|          31|
    |temp_V_478_fu_2415_p3             |    select|   0|  0|  31|           1|          31|
    |temp_V_480_fu_2468_p3             |    select|   0|  0|  31|           1|          31|
    |temp_V_481_fu_2485_p3             |    select|   0|  0|  29|           1|           1|
    |temp_V_482_fu_2625_p3             |    select|   0|  0|  31|           1|           1|
    |temp_V_484_fu_2649_p3             |    select|   0|  0|  31|           1|          31|
    |temp_V_485_fu_2673_p3             |    select|   0|  0|  31|           1|          31|
    |temp_V_487_fu_2705_p3             |    select|   0|  0|  31|           1|          31|
    |temp_V_488_fu_2722_p3             |    select|   0|  0|  29|           1|           1|
    |temp_V_489_fu_2889_p3             |    select|   0|  0|  31|           1|           1|
    |temp_V_491_fu_2913_p3             |    select|   0|  0|  31|           1|          31|
    |temp_V_492_fu_2937_p3             |    select|   0|  0|  31|           1|          31|
    |temp_V_494_fu_2972_p3             |    select|   0|  0|  31|           1|          31|
    |temp_V_495_fu_2989_p3             |    select|   0|  0|  29|           1|           1|
    |temp_V_496_fu_3185_p3             |    select|   0|  0|  31|           1|           1|
    |temp_V_498_fu_3209_p3             |    select|   0|  0|  31|           1|          31|
    |temp_V_499_fu_3233_p3             |    select|   0|  0|  31|           1|          31|
    |temp_V_501_fu_3265_p3             |    select|   0|  0|  31|           1|          31|
    |temp_V_502_fu_3282_p3             |    select|   0|  0|  29|           1|           1|
    |temp_V_503_fu_3505_p3             |    select|   0|  0|  31|           1|           1|
    |temp_V_505_fu_3529_p3             |    select|   0|  0|  31|           1|          31|
    |temp_V_506_fu_3553_p3             |    select|   0|  0|  31|           1|          31|
    |temp_V_508_fu_3585_p3             |    select|   0|  0|  31|           1|          31|
    |temp_V_509_fu_3602_p3             |    select|   0|  0|  29|           1|           1|
    |temp_V_510_fu_3853_p3             |    select|   0|  0|  31|           1|           1|
    |temp_V_512_fu_3877_p3             |    select|   0|  0|  31|           1|          31|
    |temp_V_513_fu_3901_p3             |    select|   0|  0|  31|           1|          31|
    |temp_V_515_fu_3933_p3             |    select|   0|  0|  31|           1|          31|
    |temp_V_516_fu_3950_p3             |    select|   0|  0|  29|           1|           1|
    |temp_V_517_fu_4233_p3             |    select|   0|  0|  31|           1|           1|
    |temp_V_519_fu_4257_p3             |    select|   0|  0|  31|           1|          31|
    |temp_V_520_fu_4281_p3             |    select|   0|  0|  31|           1|          31|
    |temp_V_522_fu_4313_p3             |    select|   0|  0|  31|           1|          31|
    |temp_V_523_fu_4330_p3             |    select|   0|  0|  29|           1|           1|
    |temp_V_fu_2155_p3                 |    select|   0|  0|  31|           1|           1|
    |ap_enable_pp0                     |       xor|   0|  0|   2|           1|           2|
    |xor_ln1698_24_fu_2197_p2          |       xor|   0|  0|   2|           1|           2|
    |xor_ln1698_25_fu_2232_p2          |       xor|   0|  0|   2|           1|           2|
    |xor_ln1698_26_fu_2385_p2          |       xor|   0|  0|   2|           1|           2|
    |xor_ln1698_27_fu_2409_p2          |       xor|   0|  0|   2|           1|           2|
    |xor_ln1698_28_fu_2462_p2          |       xor|   0|  0|   2|           1|           2|
    |xor_ln1698_29_fu_2643_p2          |       xor|   0|  0|   2|           1|           2|
    |xor_ln1698_30_fu_2667_p2          |       xor|   0|  0|   2|           1|           2|
    |xor_ln1698_31_fu_2699_p2          |       xor|   0|  0|   2|           1|           2|
    |xor_ln1698_32_fu_2907_p2          |       xor|   0|  0|   2|           1|           2|
    |xor_ln1698_33_fu_2931_p2          |       xor|   0|  0|   2|           1|           2|
    |xor_ln1698_34_fu_2966_p2          |       xor|   0|  0|   2|           1|           2|
    |xor_ln1698_35_fu_3203_p2          |       xor|   0|  0|   2|           1|           2|
    |xor_ln1698_36_fu_3227_p2          |       xor|   0|  0|   2|           1|           2|
    |xor_ln1698_37_fu_3259_p2          |       xor|   0|  0|   2|           1|           2|
    |xor_ln1698_38_fu_3523_p2          |       xor|   0|  0|   2|           1|           2|
    |xor_ln1698_39_fu_3547_p2          |       xor|   0|  0|   2|           1|           2|
    |xor_ln1698_40_fu_3579_p2          |       xor|   0|  0|   2|           1|           2|
    |xor_ln1698_41_fu_3871_p2          |       xor|   0|  0|   2|           1|           2|
    |xor_ln1698_42_fu_3895_p2          |       xor|   0|  0|   2|           1|           2|
    |xor_ln1698_43_fu_3927_p2          |       xor|   0|  0|   2|           1|           2|
    |xor_ln1698_44_fu_4251_p2          |       xor|   0|  0|   2|           1|           2|
    |xor_ln1698_45_fu_4275_p2          |       xor|   0|  0|   2|           1|           2|
    |xor_ln1698_46_fu_4307_p2          |       xor|   0|  0|   2|           1|           2|
    |xor_ln1698_fu_2173_p2             |       xor|   0|  0|   2|           1|           2|
    +----------------------------------+----------+----+---+----+------------+------------+
    |Total                             |          |   0|  0|2124|        1183|        1891|
    +----------------------------------+----------+----+---+----+------------+------------+

    * Multiplexer: 
    +--------------------------------------+----+-----------+-----+-----------+
    |                 Name                 | LUT| Input Size| Bits| Total Bits|
    +--------------------------------------+----+-----------+-----+-----------+
    |ap_NS_fsm                             |  49|          9|    1|          9|
    |ap_done_int                           |   9|          2|    1|          2|
    |ap_enable_reg_pp0_iter0               |   9|          2|    1|          2|
    |ap_enable_reg_pp0_iter0_reg           |   9|          2|    1|          2|
    |ap_enable_reg_pp0_iter1               |   9|          2|    1|          2|
    |ap_sig_allocacmp_indvar_flatten_load  |   9|          2|    8|         16|
    |ap_sig_allocacmp_pool_col_load        |   9|          2|    4|          8|
    |ap_sig_allocacmp_pool_row_load        |   9|          2|    4|          8|
    |conv2_out19_blk_n                     |   9|          2|    1|          2|
    |indvar_flatten_fu_348                 |   9|          2|    8|         16|
    |pool2_out20_blk_n                     |   9|          2|    1|          2|
    |pool2_out20_din                       |  49|          9|   32|        288|
    |pool_buf_0_o                          |   9|          2|   32|         64|
    |pool_buf_100_o                        |   9|          2|   32|         64|
    |pool_buf_101_o                        |   9|          2|   32|         64|
    |pool_buf_102_o                        |   9|          2|   32|         64|
    |pool_buf_103_o                        |   9|          2|   32|         64|
    |pool_buf_104_o                        |   9|          2|   32|         64|
    |pool_buf_105_o                        |   9|          2|   32|         64|
    |pool_buf_106_o                        |   9|          2|   32|         64|
    |pool_buf_107_o                        |   9|          2|   32|         64|
    |pool_buf_108_o                        |   9|          2|   32|         64|
    |pool_buf_109_o                        |   9|          2|   32|         64|
    |pool_buf_10_o                         |   9|          2|   32|         64|
    |pool_buf_110_o                        |   9|          2|   32|         64|
    |pool_buf_111_o                        |   9|          2|   32|         64|
    |pool_buf_11_o                         |   9|          2|   32|         64|
    |pool_buf_12_o                         |   9|          2|   32|         64|
    |pool_buf_13_o                         |   9|          2|   32|         64|
    |pool_buf_14_o                         |   9|          2|   32|         64|
    |pool_buf_15_o                         |   9|          2|   32|         64|
    |pool_buf_16_o                         |   9|          2|   32|         64|
    |pool_buf_17_o                         |   9|          2|   32|         64|
    |pool_buf_18_o                         |   9|          2|   32|         64|
    |pool_buf_19_o                         |   9|          2|   32|         64|
    |pool_buf_1_o                          |   9|          2|   32|         64|
    |pool_buf_20_o                         |   9|          2|   32|         64|
    |pool_buf_21_o                         |   9|          2|   32|         64|
    |pool_buf_22_o                         |   9|          2|   32|         64|
    |pool_buf_23_o                         |   9|          2|   32|         64|
    |pool_buf_24_o                         |   9|          2|   32|         64|
    |pool_buf_25_o                         |   9|          2|   32|         64|
    |pool_buf_26_o                         |   9|          2|   32|         64|
    |pool_buf_27_o                         |   9|          2|   32|         64|
    |pool_buf_28_o                         |   9|          2|   32|         64|
    |pool_buf_29_o                         |   9|          2|   32|         64|
    |pool_buf_2_o                          |   9|          2|   32|         64|
    |pool_buf_30_o                         |   9|          2|   32|         64|
    |pool_buf_31_o                         |   9|          2|   32|         64|
    |pool_buf_32_o                         |   9|          2|   32|         64|
    |pool_buf_33_o                         |   9|          2|   32|         64|
    |pool_buf_34_o                         |   9|          2|   32|         64|
    |pool_buf_35_o                         |   9|          2|   32|         64|
    |pool_buf_36_o                         |   9|          2|   32|         64|
    |pool_buf_37_o                         |   9|          2|   32|         64|
    |pool_buf_38_o                         |   9|          2|   32|         64|
    |pool_buf_39_o                         |   9|          2|   32|         64|
    |pool_buf_3_o                          |   9|          2|   32|         64|
    |pool_buf_40_o                         |   9|          2|   32|         64|
    |pool_buf_41_o                         |   9|          2|   32|         64|
    |pool_buf_42_o                         |   9|          2|   32|         64|
    |pool_buf_43_o                         |   9|          2|   32|         64|
    |pool_buf_44_o                         |   9|          2|   32|         64|
    |pool_buf_45_o                         |   9|          2|   32|         64|
    |pool_buf_46_o                         |   9|          2|   32|         64|
    |pool_buf_47_o                         |   9|          2|   32|         64|
    |pool_buf_48_o                         |   9|          2|   32|         64|
    |pool_buf_49_o                         |   9|          2|   32|         64|
    |pool_buf_4_o                          |   9|          2|   32|         64|
    |pool_buf_50_o                         |   9|          2|   32|         64|
    |pool_buf_51_o                         |   9|          2|   32|         64|
    |pool_buf_52_o                         |   9|          2|   32|         64|
    |pool_buf_53_o                         |   9|          2|   32|         64|
    |pool_buf_54_o                         |   9|          2|   32|         64|
    |pool_buf_55_o                         |   9|          2|   32|         64|
    |pool_buf_56_o                         |   9|          2|   32|         64|
    |pool_buf_57_o                         |   9|          2|   32|         64|
    |pool_buf_58_o                         |   9|          2|   32|         64|
    |pool_buf_59_o                         |   9|          2|   32|         64|
    |pool_buf_5_o                          |   9|          2|   32|         64|
    |pool_buf_60_o                         |   9|          2|   32|         64|
    |pool_buf_61_o                         |   9|          2|   32|         64|
    |pool_buf_62_o                         |   9|          2|   32|         64|
    |pool_buf_63_o                         |   9|          2|   32|         64|
    |pool_buf_64_o                         |   9|          2|   32|         64|
    |pool_buf_65_o                         |   9|          2|   32|         64|
    |pool_buf_66_o                         |   9|          2|   32|         64|
    |pool_buf_67_o                         |   9|          2|   32|         64|
    |pool_buf_68_o                         |   9|          2|   32|         64|
    |pool_buf_69_o                         |   9|          2|   32|         64|
    |pool_buf_6_o                          |   9|          2|   32|         64|
    |pool_buf_70_o                         |   9|          2|   32|         64|
    |pool_buf_71_o                         |   9|          2|   32|         64|
    |pool_buf_72_o                         |   9|          2|   32|         64|
    |pool_buf_73_o                         |   9|          2|   32|         64|
    |pool_buf_74_o                         |   9|          2|   32|         64|
    |pool_buf_75_o                         |   9|          2|   32|         64|
    |pool_buf_76_o                         |   9|          2|   32|         64|
    |pool_buf_77_o                         |   9|          2|   32|         64|
    |pool_buf_78_o                         |   9|          2|   32|         64|
    |pool_buf_79_o                         |   9|          2|   32|         64|
    |pool_buf_7_o                          |   9|          2|   32|         64|
    |pool_buf_80_o                         |   9|          2|   32|         64|
    |pool_buf_81_o                         |   9|          2|   32|         64|
    |pool_buf_82_o                         |   9|          2|   32|         64|
    |pool_buf_83_o                         |   9|          2|   32|         64|
    |pool_buf_84_o                         |   9|          2|   32|         64|
    |pool_buf_85_o                         |   9|          2|   32|         64|
    |pool_buf_86_o                         |   9|          2|   32|         64|
    |pool_buf_87_o                         |   9|          2|   32|         64|
    |pool_buf_88_o                         |   9|          2|   32|         64|
    |pool_buf_89_o                         |   9|          2|   32|         64|
    |pool_buf_8_o                          |   9|          2|   32|         64|
    |pool_buf_90_o                         |   9|          2|   32|         64|
    |pool_buf_91_o                         |   9|          2|   32|         64|
    |pool_buf_92_o                         |   9|          2|   32|         64|
    |pool_buf_93_o                         |   9|          2|   32|         64|
    |pool_buf_94_o                         |   9|          2|   32|         64|
    |pool_buf_95_o                         |   9|          2|   32|         64|
    |pool_buf_96_o                         |   9|          2|   32|         64|
    |pool_buf_97_o                         |   9|          2|   32|         64|
    |pool_buf_98_o                         |   9|          2|   32|         64|
    |pool_buf_99_o                         |   9|          2|   32|         64|
    |pool_buf_9_o                          |   9|          2|   32|         64|
    |pool_col_fu_340                       |   9|          2|    4|          8|
    |pool_row_fu_344                       |   9|          2|    4|          8|
    +--------------------------------------+----+-----------+-----+-----------+
    |Total                                 |1214|        266| 3655|       7541|
    +--------------------------------------+----+-----------+-----+-----------+

    * Register: 
    +-----------------------------+----+----+-----+-----------+
    |             Name            | FF | LUT| Bits| Const Bits|
    +-----------------------------+----+----+-----+-----------+
    |add_ln114_reg_4469           |   8|   0|    8|          0|
    |ap_CS_fsm                    |   8|   0|    8|          0|
    |ap_done_reg                  |   1|   0|    1|          0|
    |ap_enable_reg_pp0_iter0_reg  |   1|   0|    1|          0|
    |ap_enable_reg_pp0_iter1      |   1|   0|    1|          0|
    |empty_53_reg_4491            |   1|   0|    1|          0|
    |icmp_ln114_reg_4465          |   1|   0|    1|          0|
    |indvar_flatten_fu_348        |   8|   0|    8|          0|
    |pool_col_fu_340              |   4|   0|    4|          0|
    |pool_row_fu_344              |   4|   0|    4|          0|
    |select_ln114_4_reg_4482      |   4|   0|    4|          0|
    |select_ln114_5_reg_4487      |   1|   0|    1|          0|
    |select_ln114_reg_4474        |   4|   0|    4|          0|
    |temp_V_453_fu_352            |  32|   0|   32|          0|
    |temp_V_454_fu_356            |  32|   0|   32|          0|
    |temp_V_455_fu_360            |  32|   0|   32|          0|
    |temp_V_456_fu_364            |  32|   0|   32|          0|
    |temp_V_457_fu_368            |  32|   0|   32|          0|
    |temp_V_458_fu_372            |  32|   0|   32|          0|
    |temp_V_459_fu_376            |  32|   0|   32|          0|
    |temp_V_460_fu_380            |  32|   0|   32|          0|
    |temp_V_461_fu_384            |  32|   0|   32|          0|
    |temp_V_462_fu_388            |  32|   0|   32|          0|
    |temp_V_463_fu_392            |  32|   0|   32|          0|
    |temp_V_464_fu_396            |  32|   0|   32|          0|
    |temp_V_465_fu_400            |  32|   0|   32|          0|
    |temp_V_466_fu_404            |  32|   0|   32|          0|
    |temp_V_467_fu_408            |  32|   0|   32|          0|
    |temp_V_468_fu_412            |  32|   0|   32|          0|
    |temp_V_471_reg_4495          |  31|   0|   31|          0|
    |temp_V_478_reg_4501          |  31|   0|   31|          0|
    |temp_V_485_reg_4513          |  31|   0|   31|          0|
    |temp_V_492_reg_4519          |  31|   0|   31|          0|
    |temp_V_499_reg_4531          |  31|   0|   31|          0|
    |temp_V_506_reg_4537          |  31|   0|   31|          0|
    |temp_V_513_reg_4543          |  31|   0|   31|          0|
    |temp_V_520_reg_4549          |  31|   0|   31|          0|
    |zext_ln115_1_reg_4507        |   4|   0|    6|          2|
    |zext_ln115_reg_4525          |   4|   0|    7|          3|
    +-----------------------------+----+----+-----+-----------+
    |Total                        | 814|   0|  819|          5|
    +-----------------------------+----+----+-----+-----------+



================================================================
== Interface
================================================================
* Summary: 
+----------------------------+-----+-----+------------+--------------------------------------+--------------+
|          RTL Ports         | Dir | Bits|  Protocol  |             Source Object            |    C Type    |
+----------------------------+-----+-----+------------+--------------------------------------+--------------+
|ap_clk                      |   in|    1|  ap_ctrl_hs|  sp_pool<ap_fixed<32, 6, 5, 3, 0> >.1|  return value|
|ap_rst                      |   in|    1|  ap_ctrl_hs|  sp_pool<ap_fixed<32, 6, 5, 3, 0> >.1|  return value|
|ap_start                    |   in|    1|  ap_ctrl_hs|  sp_pool<ap_fixed<32, 6, 5, 3, 0> >.1|  return value|
|ap_done                     |  out|    1|  ap_ctrl_hs|  sp_pool<ap_fixed<32, 6, 5, 3, 0> >.1|  return value|
|ap_idle                     |  out|    1|  ap_ctrl_hs|  sp_pool<ap_fixed<32, 6, 5, 3, 0> >.1|  return value|
|ap_ready                    |  out|    1|  ap_ctrl_hs|  sp_pool<ap_fixed<32, 6, 5, 3, 0> >.1|  return value|
|conv2_out19_dout            |   in|   32|     ap_fifo|                           conv2_out19|       pointer|
|conv2_out19_num_data_valid  |   in|    2|     ap_fifo|                           conv2_out19|       pointer|
|conv2_out19_fifo_cap        |   in|    2|     ap_fifo|                           conv2_out19|       pointer|
|conv2_out19_empty_n         |   in|    1|     ap_fifo|                           conv2_out19|       pointer|
|conv2_out19_read            |  out|    1|     ap_fifo|                           conv2_out19|       pointer|
|pool2_out20_din             |  out|   32|     ap_fifo|                           pool2_out20|       pointer|
|pool2_out20_num_data_valid  |   in|    2|     ap_fifo|                           pool2_out20|       pointer|
|pool2_out20_fifo_cap        |   in|    2|     ap_fifo|                           pool2_out20|       pointer|
|pool2_out20_full_n          |   in|    1|     ap_fifo|                           pool2_out20|       pointer|
|pool2_out20_write           |  out|    1|     ap_fifo|                           pool2_out20|       pointer|
|pool_buf_0_i                |   in|   32|     ap_ovld|                            pool_buf_0|       pointer|
|pool_buf_0_o                |  out|   32|     ap_ovld|                            pool_buf_0|       pointer|
|pool_buf_0_o_ap_vld         |  out|    1|     ap_ovld|                            pool_buf_0|       pointer|
|pool_buf_1_i                |   in|   32|     ap_ovld|                            pool_buf_1|       pointer|
|pool_buf_1_o                |  out|   32|     ap_ovld|                            pool_buf_1|       pointer|
|pool_buf_1_o_ap_vld         |  out|    1|     ap_ovld|                            pool_buf_1|       pointer|
|pool_buf_2_i                |   in|   32|     ap_ovld|                            pool_buf_2|       pointer|
|pool_buf_2_o                |  out|   32|     ap_ovld|                            pool_buf_2|       pointer|
|pool_buf_2_o_ap_vld         |  out|    1|     ap_ovld|                            pool_buf_2|       pointer|
|pool_buf_3_i                |   in|   32|     ap_ovld|                            pool_buf_3|       pointer|
|pool_buf_3_o                |  out|   32|     ap_ovld|                            pool_buf_3|       pointer|
|pool_buf_3_o_ap_vld         |  out|    1|     ap_ovld|                            pool_buf_3|       pointer|
|pool_buf_4_i                |   in|   32|     ap_ovld|                            pool_buf_4|       pointer|
|pool_buf_4_o                |  out|   32|     ap_ovld|                            pool_buf_4|       pointer|
|pool_buf_4_o_ap_vld         |  out|    1|     ap_ovld|                            pool_buf_4|       pointer|
|pool_buf_5_i                |   in|   32|     ap_ovld|                            pool_buf_5|       pointer|
|pool_buf_5_o                |  out|   32|     ap_ovld|                            pool_buf_5|       pointer|
|pool_buf_5_o_ap_vld         |  out|    1|     ap_ovld|                            pool_buf_5|       pointer|
|pool_buf_6_i                |   in|   32|     ap_ovld|                            pool_buf_6|       pointer|
|pool_buf_6_o                |  out|   32|     ap_ovld|                            pool_buf_6|       pointer|
|pool_buf_6_o_ap_vld         |  out|    1|     ap_ovld|                            pool_buf_6|       pointer|
|pool_buf_7_i                |   in|   32|     ap_ovld|                            pool_buf_7|       pointer|
|pool_buf_7_o                |  out|   32|     ap_ovld|                            pool_buf_7|       pointer|
|pool_buf_7_o_ap_vld         |  out|    1|     ap_ovld|                            pool_buf_7|       pointer|
|pool_buf_8_i                |   in|   32|     ap_ovld|                            pool_buf_8|       pointer|
|pool_buf_8_o                |  out|   32|     ap_ovld|                            pool_buf_8|       pointer|
|pool_buf_8_o_ap_vld         |  out|    1|     ap_ovld|                            pool_buf_8|       pointer|
|pool_buf_9_i                |   in|   32|     ap_ovld|                            pool_buf_9|       pointer|
|pool_buf_9_o                |  out|   32|     ap_ovld|                            pool_buf_9|       pointer|
|pool_buf_9_o_ap_vld         |  out|    1|     ap_ovld|                            pool_buf_9|       pointer|
|pool_buf_10_i               |   in|   32|     ap_ovld|                           pool_buf_10|       pointer|
|pool_buf_10_o               |  out|   32|     ap_ovld|                           pool_buf_10|       pointer|
|pool_buf_10_o_ap_vld        |  out|    1|     ap_ovld|                           pool_buf_10|       pointer|
|pool_buf_11_i               |   in|   32|     ap_ovld|                           pool_buf_11|       pointer|
|pool_buf_11_o               |  out|   32|     ap_ovld|                           pool_buf_11|       pointer|
|pool_buf_11_o_ap_vld        |  out|    1|     ap_ovld|                           pool_buf_11|       pointer|
|pool_buf_12_i               |   in|   32|     ap_ovld|                           pool_buf_12|       pointer|
|pool_buf_12_o               |  out|   32|     ap_ovld|                           pool_buf_12|       pointer|
|pool_buf_12_o_ap_vld        |  out|    1|     ap_ovld|                           pool_buf_12|       pointer|
|pool_buf_13_i               |   in|   32|     ap_ovld|                           pool_buf_13|       pointer|
|pool_buf_13_o               |  out|   32|     ap_ovld|                           pool_buf_13|       pointer|
|pool_buf_13_o_ap_vld        |  out|    1|     ap_ovld|                           pool_buf_13|       pointer|
|pool_buf_14_i               |   in|   32|     ap_ovld|                           pool_buf_14|       pointer|
|pool_buf_14_o               |  out|   32|     ap_ovld|                           pool_buf_14|       pointer|
|pool_buf_14_o_ap_vld        |  out|    1|     ap_ovld|                           pool_buf_14|       pointer|
|pool_buf_15_i               |   in|   32|     ap_ovld|                           pool_buf_15|       pointer|
|pool_buf_15_o               |  out|   32|     ap_ovld|                           pool_buf_15|       pointer|
|pool_buf_15_o_ap_vld        |  out|    1|     ap_ovld|                           pool_buf_15|       pointer|
|pool_buf_16_i               |   in|   32|     ap_ovld|                           pool_buf_16|       pointer|
|pool_buf_16_o               |  out|   32|     ap_ovld|                           pool_buf_16|       pointer|
|pool_buf_16_o_ap_vld        |  out|    1|     ap_ovld|                           pool_buf_16|       pointer|
|pool_buf_17_i               |   in|   32|     ap_ovld|                           pool_buf_17|       pointer|
|pool_buf_17_o               |  out|   32|     ap_ovld|                           pool_buf_17|       pointer|
|pool_buf_17_o_ap_vld        |  out|    1|     ap_ovld|                           pool_buf_17|       pointer|
|pool_buf_18_i               |   in|   32|     ap_ovld|                           pool_buf_18|       pointer|
|pool_buf_18_o               |  out|   32|     ap_ovld|                           pool_buf_18|       pointer|
|pool_buf_18_o_ap_vld        |  out|    1|     ap_ovld|                           pool_buf_18|       pointer|
|pool_buf_19_i               |   in|   32|     ap_ovld|                           pool_buf_19|       pointer|
|pool_buf_19_o               |  out|   32|     ap_ovld|                           pool_buf_19|       pointer|
|pool_buf_19_o_ap_vld        |  out|    1|     ap_ovld|                           pool_buf_19|       pointer|
|pool_buf_20_i               |   in|   32|     ap_ovld|                           pool_buf_20|       pointer|
|pool_buf_20_o               |  out|   32|     ap_ovld|                           pool_buf_20|       pointer|
|pool_buf_20_o_ap_vld        |  out|    1|     ap_ovld|                           pool_buf_20|       pointer|
|pool_buf_21_i               |   in|   32|     ap_ovld|                           pool_buf_21|       pointer|
|pool_buf_21_o               |  out|   32|     ap_ovld|                           pool_buf_21|       pointer|
|pool_buf_21_o_ap_vld        |  out|    1|     ap_ovld|                           pool_buf_21|       pointer|
|pool_buf_22_i               |   in|   32|     ap_ovld|                           pool_buf_22|       pointer|
|pool_buf_22_o               |  out|   32|     ap_ovld|                           pool_buf_22|       pointer|
|pool_buf_22_o_ap_vld        |  out|    1|     ap_ovld|                           pool_buf_22|       pointer|
|pool_buf_23_i               |   in|   32|     ap_ovld|                           pool_buf_23|       pointer|
|pool_buf_23_o               |  out|   32|     ap_ovld|                           pool_buf_23|       pointer|
|pool_buf_23_o_ap_vld        |  out|    1|     ap_ovld|                           pool_buf_23|       pointer|
|pool_buf_24_i               |   in|   32|     ap_ovld|                           pool_buf_24|       pointer|
|pool_buf_24_o               |  out|   32|     ap_ovld|                           pool_buf_24|       pointer|
|pool_buf_24_o_ap_vld        |  out|    1|     ap_ovld|                           pool_buf_24|       pointer|
|pool_buf_25_i               |   in|   32|     ap_ovld|                           pool_buf_25|       pointer|
|pool_buf_25_o               |  out|   32|     ap_ovld|                           pool_buf_25|       pointer|
|pool_buf_25_o_ap_vld        |  out|    1|     ap_ovld|                           pool_buf_25|       pointer|
|pool_buf_26_i               |   in|   32|     ap_ovld|                           pool_buf_26|       pointer|
|pool_buf_26_o               |  out|   32|     ap_ovld|                           pool_buf_26|       pointer|
|pool_buf_26_o_ap_vld        |  out|    1|     ap_ovld|                           pool_buf_26|       pointer|
|pool_buf_27_i               |   in|   32|     ap_ovld|                           pool_buf_27|       pointer|
|pool_buf_27_o               |  out|   32|     ap_ovld|                           pool_buf_27|       pointer|
|pool_buf_27_o_ap_vld        |  out|    1|     ap_ovld|                           pool_buf_27|       pointer|
|pool_buf_28_i               |   in|   32|     ap_ovld|                           pool_buf_28|       pointer|
|pool_buf_28_o               |  out|   32|     ap_ovld|                           pool_buf_28|       pointer|
|pool_buf_28_o_ap_vld        |  out|    1|     ap_ovld|                           pool_buf_28|       pointer|
|pool_buf_29_i               |   in|   32|     ap_ovld|                           pool_buf_29|       pointer|
|pool_buf_29_o               |  out|   32|     ap_ovld|                           pool_buf_29|       pointer|
|pool_buf_29_o_ap_vld        |  out|    1|     ap_ovld|                           pool_buf_29|       pointer|
|pool_buf_30_i               |   in|   32|     ap_ovld|                           pool_buf_30|       pointer|
|pool_buf_30_o               |  out|   32|     ap_ovld|                           pool_buf_30|       pointer|
|pool_buf_30_o_ap_vld        |  out|    1|     ap_ovld|                           pool_buf_30|       pointer|
|pool_buf_31_i               |   in|   32|     ap_ovld|                           pool_buf_31|       pointer|
|pool_buf_31_o               |  out|   32|     ap_ovld|                           pool_buf_31|       pointer|
|pool_buf_31_o_ap_vld        |  out|    1|     ap_ovld|                           pool_buf_31|       pointer|
|pool_buf_32_i               |   in|   32|     ap_ovld|                           pool_buf_32|       pointer|
|pool_buf_32_o               |  out|   32|     ap_ovld|                           pool_buf_32|       pointer|
|pool_buf_32_o_ap_vld        |  out|    1|     ap_ovld|                           pool_buf_32|       pointer|
|pool_buf_33_i               |   in|   32|     ap_ovld|                           pool_buf_33|       pointer|
|pool_buf_33_o               |  out|   32|     ap_ovld|                           pool_buf_33|       pointer|
|pool_buf_33_o_ap_vld        |  out|    1|     ap_ovld|                           pool_buf_33|       pointer|
|pool_buf_34_i               |   in|   32|     ap_ovld|                           pool_buf_34|       pointer|
|pool_buf_34_o               |  out|   32|     ap_ovld|                           pool_buf_34|       pointer|
|pool_buf_34_o_ap_vld        |  out|    1|     ap_ovld|                           pool_buf_34|       pointer|
|pool_buf_35_i               |   in|   32|     ap_ovld|                           pool_buf_35|       pointer|
|pool_buf_35_o               |  out|   32|     ap_ovld|                           pool_buf_35|       pointer|
|pool_buf_35_o_ap_vld        |  out|    1|     ap_ovld|                           pool_buf_35|       pointer|
|pool_buf_36_i               |   in|   32|     ap_ovld|                           pool_buf_36|       pointer|
|pool_buf_36_o               |  out|   32|     ap_ovld|                           pool_buf_36|       pointer|
|pool_buf_36_o_ap_vld        |  out|    1|     ap_ovld|                           pool_buf_36|       pointer|
|pool_buf_37_i               |   in|   32|     ap_ovld|                           pool_buf_37|       pointer|
|pool_buf_37_o               |  out|   32|     ap_ovld|                           pool_buf_37|       pointer|
|pool_buf_37_o_ap_vld        |  out|    1|     ap_ovld|                           pool_buf_37|       pointer|
|pool_buf_38_i               |   in|   32|     ap_ovld|                           pool_buf_38|       pointer|
|pool_buf_38_o               |  out|   32|     ap_ovld|                           pool_buf_38|       pointer|
|pool_buf_38_o_ap_vld        |  out|    1|     ap_ovld|                           pool_buf_38|       pointer|
|pool_buf_39_i               |   in|   32|     ap_ovld|                           pool_buf_39|       pointer|
|pool_buf_39_o               |  out|   32|     ap_ovld|                           pool_buf_39|       pointer|
|pool_buf_39_o_ap_vld        |  out|    1|     ap_ovld|                           pool_buf_39|       pointer|
|pool_buf_40_i               |   in|   32|     ap_ovld|                           pool_buf_40|       pointer|
|pool_buf_40_o               |  out|   32|     ap_ovld|                           pool_buf_40|       pointer|
|pool_buf_40_o_ap_vld        |  out|    1|     ap_ovld|                           pool_buf_40|       pointer|
|pool_buf_41_i               |   in|   32|     ap_ovld|                           pool_buf_41|       pointer|
|pool_buf_41_o               |  out|   32|     ap_ovld|                           pool_buf_41|       pointer|
|pool_buf_41_o_ap_vld        |  out|    1|     ap_ovld|                           pool_buf_41|       pointer|
|pool_buf_42_i               |   in|   32|     ap_ovld|                           pool_buf_42|       pointer|
|pool_buf_42_o               |  out|   32|     ap_ovld|                           pool_buf_42|       pointer|
|pool_buf_42_o_ap_vld        |  out|    1|     ap_ovld|                           pool_buf_42|       pointer|
|pool_buf_43_i               |   in|   32|     ap_ovld|                           pool_buf_43|       pointer|
|pool_buf_43_o               |  out|   32|     ap_ovld|                           pool_buf_43|       pointer|
|pool_buf_43_o_ap_vld        |  out|    1|     ap_ovld|                           pool_buf_43|       pointer|
|pool_buf_44_i               |   in|   32|     ap_ovld|                           pool_buf_44|       pointer|
|pool_buf_44_o               |  out|   32|     ap_ovld|                           pool_buf_44|       pointer|
|pool_buf_44_o_ap_vld        |  out|    1|     ap_ovld|                           pool_buf_44|       pointer|
|pool_buf_45_i               |   in|   32|     ap_ovld|                           pool_buf_45|       pointer|
|pool_buf_45_o               |  out|   32|     ap_ovld|                           pool_buf_45|       pointer|
|pool_buf_45_o_ap_vld        |  out|    1|     ap_ovld|                           pool_buf_45|       pointer|
|pool_buf_46_i               |   in|   32|     ap_ovld|                           pool_buf_46|       pointer|
|pool_buf_46_o               |  out|   32|     ap_ovld|                           pool_buf_46|       pointer|
|pool_buf_46_o_ap_vld        |  out|    1|     ap_ovld|                           pool_buf_46|       pointer|
|pool_buf_47_i               |   in|   32|     ap_ovld|                           pool_buf_47|       pointer|
|pool_buf_47_o               |  out|   32|     ap_ovld|                           pool_buf_47|       pointer|
|pool_buf_47_o_ap_vld        |  out|    1|     ap_ovld|                           pool_buf_47|       pointer|
|pool_buf_48_i               |   in|   32|     ap_ovld|                           pool_buf_48|       pointer|
|pool_buf_48_o               |  out|   32|     ap_ovld|                           pool_buf_48|       pointer|
|pool_buf_48_o_ap_vld        |  out|    1|     ap_ovld|                           pool_buf_48|       pointer|
|pool_buf_49_i               |   in|   32|     ap_ovld|                           pool_buf_49|       pointer|
|pool_buf_49_o               |  out|   32|     ap_ovld|                           pool_buf_49|       pointer|
|pool_buf_49_o_ap_vld        |  out|    1|     ap_ovld|                           pool_buf_49|       pointer|
|pool_buf_50_i               |   in|   32|     ap_ovld|                           pool_buf_50|       pointer|
|pool_buf_50_o               |  out|   32|     ap_ovld|                           pool_buf_50|       pointer|
|pool_buf_50_o_ap_vld        |  out|    1|     ap_ovld|                           pool_buf_50|       pointer|
|pool_buf_51_i               |   in|   32|     ap_ovld|                           pool_buf_51|       pointer|
|pool_buf_51_o               |  out|   32|     ap_ovld|                           pool_buf_51|       pointer|
|pool_buf_51_o_ap_vld        |  out|    1|     ap_ovld|                           pool_buf_51|       pointer|
|pool_buf_52_i               |   in|   32|     ap_ovld|                           pool_buf_52|       pointer|
|pool_buf_52_o               |  out|   32|     ap_ovld|                           pool_buf_52|       pointer|
|pool_buf_52_o_ap_vld        |  out|    1|     ap_ovld|                           pool_buf_52|       pointer|
|pool_buf_53_i               |   in|   32|     ap_ovld|                           pool_buf_53|       pointer|
|pool_buf_53_o               |  out|   32|     ap_ovld|                           pool_buf_53|       pointer|
|pool_buf_53_o_ap_vld        |  out|    1|     ap_ovld|                           pool_buf_53|       pointer|
|pool_buf_54_i               |   in|   32|     ap_ovld|                           pool_buf_54|       pointer|
|pool_buf_54_o               |  out|   32|     ap_ovld|                           pool_buf_54|       pointer|
|pool_buf_54_o_ap_vld        |  out|    1|     ap_ovld|                           pool_buf_54|       pointer|
|pool_buf_55_i               |   in|   32|     ap_ovld|                           pool_buf_55|       pointer|
|pool_buf_55_o               |  out|   32|     ap_ovld|                           pool_buf_55|       pointer|
|pool_buf_55_o_ap_vld        |  out|    1|     ap_ovld|                           pool_buf_55|       pointer|
|pool_buf_56_i               |   in|   32|     ap_ovld|                           pool_buf_56|       pointer|
|pool_buf_56_o               |  out|   32|     ap_ovld|                           pool_buf_56|       pointer|
|pool_buf_56_o_ap_vld        |  out|    1|     ap_ovld|                           pool_buf_56|       pointer|
|pool_buf_57_i               |   in|   32|     ap_ovld|                           pool_buf_57|       pointer|
|pool_buf_57_o               |  out|   32|     ap_ovld|                           pool_buf_57|       pointer|
|pool_buf_57_o_ap_vld        |  out|    1|     ap_ovld|                           pool_buf_57|       pointer|
|pool_buf_58_i               |   in|   32|     ap_ovld|                           pool_buf_58|       pointer|
|pool_buf_58_o               |  out|   32|     ap_ovld|                           pool_buf_58|       pointer|
|pool_buf_58_o_ap_vld        |  out|    1|     ap_ovld|                           pool_buf_58|       pointer|
|pool_buf_59_i               |   in|   32|     ap_ovld|                           pool_buf_59|       pointer|
|pool_buf_59_o               |  out|   32|     ap_ovld|                           pool_buf_59|       pointer|
|pool_buf_59_o_ap_vld        |  out|    1|     ap_ovld|                           pool_buf_59|       pointer|
|pool_buf_60_i               |   in|   32|     ap_ovld|                           pool_buf_60|       pointer|
|pool_buf_60_o               |  out|   32|     ap_ovld|                           pool_buf_60|       pointer|
|pool_buf_60_o_ap_vld        |  out|    1|     ap_ovld|                           pool_buf_60|       pointer|
|pool_buf_61_i               |   in|   32|     ap_ovld|                           pool_buf_61|       pointer|
|pool_buf_61_o               |  out|   32|     ap_ovld|                           pool_buf_61|       pointer|
|pool_buf_61_o_ap_vld        |  out|    1|     ap_ovld|                           pool_buf_61|       pointer|
|pool_buf_62_i               |   in|   32|     ap_ovld|                           pool_buf_62|       pointer|
|pool_buf_62_o               |  out|   32|     ap_ovld|                           pool_buf_62|       pointer|
|pool_buf_62_o_ap_vld        |  out|    1|     ap_ovld|                           pool_buf_62|       pointer|
|pool_buf_63_i               |   in|   32|     ap_ovld|                           pool_buf_63|       pointer|
|pool_buf_63_o               |  out|   32|     ap_ovld|                           pool_buf_63|       pointer|
|pool_buf_63_o_ap_vld        |  out|    1|     ap_ovld|                           pool_buf_63|       pointer|
|pool_buf_64_i               |   in|   32|     ap_ovld|                           pool_buf_64|       pointer|
|pool_buf_64_o               |  out|   32|     ap_ovld|                           pool_buf_64|       pointer|
|pool_buf_64_o_ap_vld        |  out|    1|     ap_ovld|                           pool_buf_64|       pointer|
|pool_buf_65_i               |   in|   32|     ap_ovld|                           pool_buf_65|       pointer|
|pool_buf_65_o               |  out|   32|     ap_ovld|                           pool_buf_65|       pointer|
|pool_buf_65_o_ap_vld        |  out|    1|     ap_ovld|                           pool_buf_65|       pointer|
|pool_buf_66_i               |   in|   32|     ap_ovld|                           pool_buf_66|       pointer|
|pool_buf_66_o               |  out|   32|     ap_ovld|                           pool_buf_66|       pointer|
|pool_buf_66_o_ap_vld        |  out|    1|     ap_ovld|                           pool_buf_66|       pointer|
|pool_buf_67_i               |   in|   32|     ap_ovld|                           pool_buf_67|       pointer|
|pool_buf_67_o               |  out|   32|     ap_ovld|                           pool_buf_67|       pointer|
|pool_buf_67_o_ap_vld        |  out|    1|     ap_ovld|                           pool_buf_67|       pointer|
|pool_buf_68_i               |   in|   32|     ap_ovld|                           pool_buf_68|       pointer|
|pool_buf_68_o               |  out|   32|     ap_ovld|                           pool_buf_68|       pointer|
|pool_buf_68_o_ap_vld        |  out|    1|     ap_ovld|                           pool_buf_68|       pointer|
|pool_buf_69_i               |   in|   32|     ap_ovld|                           pool_buf_69|       pointer|
|pool_buf_69_o               |  out|   32|     ap_ovld|                           pool_buf_69|       pointer|
|pool_buf_69_o_ap_vld        |  out|    1|     ap_ovld|                           pool_buf_69|       pointer|
|pool_buf_70_i               |   in|   32|     ap_ovld|                           pool_buf_70|       pointer|
|pool_buf_70_o               |  out|   32|     ap_ovld|                           pool_buf_70|       pointer|
|pool_buf_70_o_ap_vld        |  out|    1|     ap_ovld|                           pool_buf_70|       pointer|
|pool_buf_71_i               |   in|   32|     ap_ovld|                           pool_buf_71|       pointer|
|pool_buf_71_o               |  out|   32|     ap_ovld|                           pool_buf_71|       pointer|
|pool_buf_71_o_ap_vld        |  out|    1|     ap_ovld|                           pool_buf_71|       pointer|
|pool_buf_72_i               |   in|   32|     ap_ovld|                           pool_buf_72|       pointer|
|pool_buf_72_o               |  out|   32|     ap_ovld|                           pool_buf_72|       pointer|
|pool_buf_72_o_ap_vld        |  out|    1|     ap_ovld|                           pool_buf_72|       pointer|
|pool_buf_73_i               |   in|   32|     ap_ovld|                           pool_buf_73|       pointer|
|pool_buf_73_o               |  out|   32|     ap_ovld|                           pool_buf_73|       pointer|
|pool_buf_73_o_ap_vld        |  out|    1|     ap_ovld|                           pool_buf_73|       pointer|
|pool_buf_74_i               |   in|   32|     ap_ovld|                           pool_buf_74|       pointer|
|pool_buf_74_o               |  out|   32|     ap_ovld|                           pool_buf_74|       pointer|
|pool_buf_74_o_ap_vld        |  out|    1|     ap_ovld|                           pool_buf_74|       pointer|
|pool_buf_75_i               |   in|   32|     ap_ovld|                           pool_buf_75|       pointer|
|pool_buf_75_o               |  out|   32|     ap_ovld|                           pool_buf_75|       pointer|
|pool_buf_75_o_ap_vld        |  out|    1|     ap_ovld|                           pool_buf_75|       pointer|
|pool_buf_76_i               |   in|   32|     ap_ovld|                           pool_buf_76|       pointer|
|pool_buf_76_o               |  out|   32|     ap_ovld|                           pool_buf_76|       pointer|
|pool_buf_76_o_ap_vld        |  out|    1|     ap_ovld|                           pool_buf_76|       pointer|
|pool_buf_77_i               |   in|   32|     ap_ovld|                           pool_buf_77|       pointer|
|pool_buf_77_o               |  out|   32|     ap_ovld|                           pool_buf_77|       pointer|
|pool_buf_77_o_ap_vld        |  out|    1|     ap_ovld|                           pool_buf_77|       pointer|
|pool_buf_78_i               |   in|   32|     ap_ovld|                           pool_buf_78|       pointer|
|pool_buf_78_o               |  out|   32|     ap_ovld|                           pool_buf_78|       pointer|
|pool_buf_78_o_ap_vld        |  out|    1|     ap_ovld|                           pool_buf_78|       pointer|
|pool_buf_79_i               |   in|   32|     ap_ovld|                           pool_buf_79|       pointer|
|pool_buf_79_o               |  out|   32|     ap_ovld|                           pool_buf_79|       pointer|
|pool_buf_79_o_ap_vld        |  out|    1|     ap_ovld|                           pool_buf_79|       pointer|
|pool_buf_80_i               |   in|   32|     ap_ovld|                           pool_buf_80|       pointer|
|pool_buf_80_o               |  out|   32|     ap_ovld|                           pool_buf_80|       pointer|
|pool_buf_80_o_ap_vld        |  out|    1|     ap_ovld|                           pool_buf_80|       pointer|
|pool_buf_81_i               |   in|   32|     ap_ovld|                           pool_buf_81|       pointer|
|pool_buf_81_o               |  out|   32|     ap_ovld|                           pool_buf_81|       pointer|
|pool_buf_81_o_ap_vld        |  out|    1|     ap_ovld|                           pool_buf_81|       pointer|
|pool_buf_82_i               |   in|   32|     ap_ovld|                           pool_buf_82|       pointer|
|pool_buf_82_o               |  out|   32|     ap_ovld|                           pool_buf_82|       pointer|
|pool_buf_82_o_ap_vld        |  out|    1|     ap_ovld|                           pool_buf_82|       pointer|
|pool_buf_83_i               |   in|   32|     ap_ovld|                           pool_buf_83|       pointer|
|pool_buf_83_o               |  out|   32|     ap_ovld|                           pool_buf_83|       pointer|
|pool_buf_83_o_ap_vld        |  out|    1|     ap_ovld|                           pool_buf_83|       pointer|
|pool_buf_84_i               |   in|   32|     ap_ovld|                           pool_buf_84|       pointer|
|pool_buf_84_o               |  out|   32|     ap_ovld|                           pool_buf_84|       pointer|
|pool_buf_84_o_ap_vld        |  out|    1|     ap_ovld|                           pool_buf_84|       pointer|
|pool_buf_85_i               |   in|   32|     ap_ovld|                           pool_buf_85|       pointer|
|pool_buf_85_o               |  out|   32|     ap_ovld|                           pool_buf_85|       pointer|
|pool_buf_85_o_ap_vld        |  out|    1|     ap_ovld|                           pool_buf_85|       pointer|
|pool_buf_86_i               |   in|   32|     ap_ovld|                           pool_buf_86|       pointer|
|pool_buf_86_o               |  out|   32|     ap_ovld|                           pool_buf_86|       pointer|
|pool_buf_86_o_ap_vld        |  out|    1|     ap_ovld|                           pool_buf_86|       pointer|
|pool_buf_87_i               |   in|   32|     ap_ovld|                           pool_buf_87|       pointer|
|pool_buf_87_o               |  out|   32|     ap_ovld|                           pool_buf_87|       pointer|
|pool_buf_87_o_ap_vld        |  out|    1|     ap_ovld|                           pool_buf_87|       pointer|
|pool_buf_88_i               |   in|   32|     ap_ovld|                           pool_buf_88|       pointer|
|pool_buf_88_o               |  out|   32|     ap_ovld|                           pool_buf_88|       pointer|
|pool_buf_88_o_ap_vld        |  out|    1|     ap_ovld|                           pool_buf_88|       pointer|
|pool_buf_89_i               |   in|   32|     ap_ovld|                           pool_buf_89|       pointer|
|pool_buf_89_o               |  out|   32|     ap_ovld|                           pool_buf_89|       pointer|
|pool_buf_89_o_ap_vld        |  out|    1|     ap_ovld|                           pool_buf_89|       pointer|
|pool_buf_90_i               |   in|   32|     ap_ovld|                           pool_buf_90|       pointer|
|pool_buf_90_o               |  out|   32|     ap_ovld|                           pool_buf_90|       pointer|
|pool_buf_90_o_ap_vld        |  out|    1|     ap_ovld|                           pool_buf_90|       pointer|
|pool_buf_91_i               |   in|   32|     ap_ovld|                           pool_buf_91|       pointer|
|pool_buf_91_o               |  out|   32|     ap_ovld|                           pool_buf_91|       pointer|
|pool_buf_91_o_ap_vld        |  out|    1|     ap_ovld|                           pool_buf_91|       pointer|
|pool_buf_92_i               |   in|   32|     ap_ovld|                           pool_buf_92|       pointer|
|pool_buf_92_o               |  out|   32|     ap_ovld|                           pool_buf_92|       pointer|
|pool_buf_92_o_ap_vld        |  out|    1|     ap_ovld|                           pool_buf_92|       pointer|
|pool_buf_93_i               |   in|   32|     ap_ovld|                           pool_buf_93|       pointer|
|pool_buf_93_o               |  out|   32|     ap_ovld|                           pool_buf_93|       pointer|
|pool_buf_93_o_ap_vld        |  out|    1|     ap_ovld|                           pool_buf_93|       pointer|
|pool_buf_94_i               |   in|   32|     ap_ovld|                           pool_buf_94|       pointer|
|pool_buf_94_o               |  out|   32|     ap_ovld|                           pool_buf_94|       pointer|
|pool_buf_94_o_ap_vld        |  out|    1|     ap_ovld|                           pool_buf_94|       pointer|
|pool_buf_95_i               |   in|   32|     ap_ovld|                           pool_buf_95|       pointer|
|pool_buf_95_o               |  out|   32|     ap_ovld|                           pool_buf_95|       pointer|
|pool_buf_95_o_ap_vld        |  out|    1|     ap_ovld|                           pool_buf_95|       pointer|
|pool_buf_96_i               |   in|   32|     ap_ovld|                           pool_buf_96|       pointer|
|pool_buf_96_o               |  out|   32|     ap_ovld|                           pool_buf_96|       pointer|
|pool_buf_96_o_ap_vld        |  out|    1|     ap_ovld|                           pool_buf_96|       pointer|
|pool_buf_97_i               |   in|   32|     ap_ovld|                           pool_buf_97|       pointer|
|pool_buf_97_o               |  out|   32|     ap_ovld|                           pool_buf_97|       pointer|
|pool_buf_97_o_ap_vld        |  out|    1|     ap_ovld|                           pool_buf_97|       pointer|
|pool_buf_98_i               |   in|   32|     ap_ovld|                           pool_buf_98|       pointer|
|pool_buf_98_o               |  out|   32|     ap_ovld|                           pool_buf_98|       pointer|
|pool_buf_98_o_ap_vld        |  out|    1|     ap_ovld|                           pool_buf_98|       pointer|
|pool_buf_99_i               |   in|   32|     ap_ovld|                           pool_buf_99|       pointer|
|pool_buf_99_o               |  out|   32|     ap_ovld|                           pool_buf_99|       pointer|
|pool_buf_99_o_ap_vld        |  out|    1|     ap_ovld|                           pool_buf_99|       pointer|
|pool_buf_100_i              |   in|   32|     ap_ovld|                          pool_buf_100|       pointer|
|pool_buf_100_o              |  out|   32|     ap_ovld|                          pool_buf_100|       pointer|
|pool_buf_100_o_ap_vld       |  out|    1|     ap_ovld|                          pool_buf_100|       pointer|
|pool_buf_101_i              |   in|   32|     ap_ovld|                          pool_buf_101|       pointer|
|pool_buf_101_o              |  out|   32|     ap_ovld|                          pool_buf_101|       pointer|
|pool_buf_101_o_ap_vld       |  out|    1|     ap_ovld|                          pool_buf_101|       pointer|
|pool_buf_102_i              |   in|   32|     ap_ovld|                          pool_buf_102|       pointer|
|pool_buf_102_o              |  out|   32|     ap_ovld|                          pool_buf_102|       pointer|
|pool_buf_102_o_ap_vld       |  out|    1|     ap_ovld|                          pool_buf_102|       pointer|
|pool_buf_103_i              |   in|   32|     ap_ovld|                          pool_buf_103|       pointer|
|pool_buf_103_o              |  out|   32|     ap_ovld|                          pool_buf_103|       pointer|
|pool_buf_103_o_ap_vld       |  out|    1|     ap_ovld|                          pool_buf_103|       pointer|
|pool_buf_104_i              |   in|   32|     ap_ovld|                          pool_buf_104|       pointer|
|pool_buf_104_o              |  out|   32|     ap_ovld|                          pool_buf_104|       pointer|
|pool_buf_104_o_ap_vld       |  out|    1|     ap_ovld|                          pool_buf_104|       pointer|
|pool_buf_105_i              |   in|   32|     ap_ovld|                          pool_buf_105|       pointer|
|pool_buf_105_o              |  out|   32|     ap_ovld|                          pool_buf_105|       pointer|
|pool_buf_105_o_ap_vld       |  out|    1|     ap_ovld|                          pool_buf_105|       pointer|
|pool_buf_106_i              |   in|   32|     ap_ovld|                          pool_buf_106|       pointer|
|pool_buf_106_o              |  out|   32|     ap_ovld|                          pool_buf_106|       pointer|
|pool_buf_106_o_ap_vld       |  out|    1|     ap_ovld|                          pool_buf_106|       pointer|
|pool_buf_107_i              |   in|   32|     ap_ovld|                          pool_buf_107|       pointer|
|pool_buf_107_o              |  out|   32|     ap_ovld|                          pool_buf_107|       pointer|
|pool_buf_107_o_ap_vld       |  out|    1|     ap_ovld|                          pool_buf_107|       pointer|
|pool_buf_108_i              |   in|   32|     ap_ovld|                          pool_buf_108|       pointer|
|pool_buf_108_o              |  out|   32|     ap_ovld|                          pool_buf_108|       pointer|
|pool_buf_108_o_ap_vld       |  out|    1|     ap_ovld|                          pool_buf_108|       pointer|
|pool_buf_109_i              |   in|   32|     ap_ovld|                          pool_buf_109|       pointer|
|pool_buf_109_o              |  out|   32|     ap_ovld|                          pool_buf_109|       pointer|
|pool_buf_109_o_ap_vld       |  out|    1|     ap_ovld|                          pool_buf_109|       pointer|
|pool_buf_110_i              |   in|   32|     ap_ovld|                          pool_buf_110|       pointer|
|pool_buf_110_o              |  out|   32|     ap_ovld|                          pool_buf_110|       pointer|
|pool_buf_110_o_ap_vld       |  out|    1|     ap_ovld|                          pool_buf_110|       pointer|
|pool_buf_111_i              |   in|   32|     ap_ovld|                          pool_buf_111|       pointer|
|pool_buf_111_o              |  out|   32|     ap_ovld|                          pool_buf_111|       pointer|
|pool_buf_111_o_ap_vld       |  out|    1|     ap_ovld|                          pool_buf_111|       pointer|
+----------------------------+-----+-----+------------+--------------------------------------+--------------+

