

================================================================
== Vitis HLS Report for 'conv1'
================================================================
* Date:           Tue Feb 27 17:36:47 2024

* Version:        2022.1 (Build 3526262 on Mon Apr 18 15:47:01 MDT 2022)
* Project:        SoC
* Solution:       solution1 (Vivado IP Flow Target)
* Product family: zynquplus
* Target device:  xczu7ev-ffvc1156-2-e


================================================================
== Performance Estimates
================================================================
+ Timing: 
    * Summary: 
    +--------+----------+----------+------------+
    |  Clock |  Target  | Estimated| Uncertainty|
    +--------+----------+----------+------------+
    |ap_clk  |  10.00 ns|  6.778 ns|     2.70 ns|
    +--------+----------+----------+------------+

+ Latency: 
    * Summary: 
    +---------+---------+----------+----------+-------+-------+---------+
    |  Latency (cycles) |  Latency (absolute) |    Interval   | Pipeline|
    |   min   |   max   |    min   |    max   |  min  |  max  |   Type  |
    +---------+---------+----------+----------+-------+-------+---------+
    |    14403|    14403|  0.144 ms|  0.144 ms|  14403|  14403|       no|
    +---------+---------+----------+----------+-------+-------+---------+

    + Detail: 
        * Instance: 
        N/A

        * Loop: 
        +------------------+---------+---------+----------+-----------+-----------+------+----------+
        |                  |  Latency (cycles) | Iteration|  Initiation Interval  | Trip |          |
        |     Loop Name    |   min   |   max   |  Latency |  achieved |   target  | Count| Pipelined|
        +------------------+---------+---------+----------+-----------+-----------+------+----------+
        |- CHeight_CWidth  |    14401|    14401|        18|         16|          1|   900|       yes|
        +------------------+---------+---------+----------+-----------+-----------+------+----------+



================================================================
== Utilization Estimates
================================================================
* Summary: 
+-----------------+---------+------+--------+--------+-----+
|       Name      | BRAM_18K|  DSP |   FF   |   LUT  | URAM|
+-----------------+---------+------+--------+--------+-----+
|DSP              |        -|     -|       -|       -|    -|
|Expression       |        -|     -|       0|   10688|    -|
|FIFO             |        -|     -|       -|       -|    -|
|Instance         |        -|   290|       0|    3170|    -|
|Memory           |        -|     -|       -|       -|    -|
|Multiplexer      |        -|     -|       -|     297|    -|
|Register         |        -|     -|    9639|       -|    -|
+-----------------+---------+------+--------+--------+-----+
|Total            |        0|   290|    9639|   14155|    0|
+-----------------+---------+------+--------+--------+-----+
|Available        |      624|  1728|  460800|  230400|   96|
+-----------------+---------+------+--------+--------+-----+
|Utilization (%)  |        0|    16|       2|       6|    0|
+-----------------+---------+------+--------+--------+-----+

+ Detail: 
    * Instance: 
    +--------------------------+---------------------+---------+----+---+-----+-----+
    |         Instance         |        Module       | BRAM_18K| DSP| FF| LUT | URAM|
    +--------------------------+---------------------+---------+----+---+-----+-----+
    |mul_32s_16s_48_1_1_U119   |mul_32s_16s_48_1_1   |        0|   2|  0|   20|    0|
    |mul_32s_17ns_49_1_1_U150  |mul_32s_17ns_49_1_1  |        0|   2|  0|   20|    0|
    |mul_32s_19ns_51_1_1_U22   |mul_32s_19ns_51_1_1  |        0|   2|  0|   20|    0|
    |mul_32s_19s_51_1_1_U60    |mul_32s_19s_51_1_1   |        0|   2|  0|   20|    0|
    |mul_32s_19s_51_1_1_U63    |mul_32s_19s_51_1_1   |        0|   2|  0|   20|    0|
    |mul_32s_19s_51_1_1_U92    |mul_32s_19s_51_1_1   |        0|   2|  0|   20|    0|
    |mul_32s_20ns_51_1_1_U68   |mul_32s_20ns_51_1_1  |        0|   2|  0|   20|    0|
    |mul_32s_20ns_51_1_1_U88   |mul_32s_20ns_51_1_1  |        0|   2|  0|   20|    0|
    |mul_32s_20s_51_1_1_U82    |mul_32s_20s_51_1_1   |        0|   2|  0|   20|    0|
    |mul_32s_20s_51_1_1_U116   |mul_32s_20s_51_1_1   |        0|   2|  0|   20|    0|
    |mul_32s_20s_51_1_1_U120   |mul_32s_20s_51_1_1   |        0|   2|  0|   20|    0|
    |mul_32s_20s_51_1_1_U126   |mul_32s_20s_51_1_1   |        0|   2|  0|   20|    0|
    |mul_32s_21ns_52_1_1_U48   |mul_32s_21ns_52_1_1  |        0|   2|  0|   20|    0|
    |mul_32s_21ns_52_1_1_U87   |mul_32s_21ns_52_1_1  |        0|   2|  0|   20|    0|
    |mul_32s_21s_52_1_1_U57    |mul_32s_21s_52_1_1   |        0|   2|  0|   20|    0|
    |mul_32s_21s_52_1_1_U67    |mul_32s_21s_52_1_1   |        0|   2|  0|   20|    0|
    |mul_32s_21s_52_1_1_U95    |mul_32s_21s_52_1_1   |        0|   2|  0|   20|    0|
    |mul_32s_21s_52_1_1_U98    |mul_32s_21s_52_1_1   |        0|   2|  0|   20|    0|
    |mul_32s_21s_52_1_1_U122   |mul_32s_21s_52_1_1   |        0|   2|  0|   20|    0|
    |mul_32s_21s_52_1_1_U123   |mul_32s_21s_52_1_1   |        0|   2|  0|   20|    0|
    |mul_32s_22ns_53_1_1_U36   |mul_32s_22ns_53_1_1  |        0|   2|  0|   20|    0|
    |mul_32s_22ns_53_1_1_U90   |mul_32s_22ns_53_1_1  |        0|   2|  0|   20|    0|
    |mul_32s_22ns_53_1_1_U99   |mul_32s_22ns_53_1_1  |        0|   2|  0|   20|    0|
    |mul_32s_22ns_53_1_1_U124  |mul_32s_22ns_53_1_1  |        0|   2|  0|   20|    0|
    |mul_32s_22ns_53_1_1_U147  |mul_32s_22ns_53_1_1  |        0|   2|  0|   20|    0|
    |mul_32s_22s_53_1_1_U24    |mul_32s_22s_53_1_1   |        0|   2|  0|   20|    0|
    |mul_32s_22s_53_1_1_U53    |mul_32s_22s_53_1_1   |        0|   2|  0|   20|    0|
    |mul_32s_22s_53_1_1_U83    |mul_32s_22s_53_1_1   |        0|   2|  0|   20|    0|
    |mul_32s_22s_53_1_1_U85    |mul_32s_22s_53_1_1   |        0|   2|  0|   20|    0|
    |mul_32s_22s_53_1_1_U148   |mul_32s_22s_53_1_1   |        0|   2|  0|   20|    0|
    |mul_32s_23ns_54_1_1_U51   |mul_32s_23ns_54_1_1  |        0|   2|  0|   20|    0|
    |mul_32s_23ns_54_1_1_U64   |mul_32s_23ns_54_1_1  |        0|   2|  0|   20|    0|
    |mul_32s_23ns_54_1_1_U66   |mul_32s_23ns_54_1_1  |        0|   2|  0|   20|    0|
    |mul_32s_23ns_54_1_1_U84   |mul_32s_23ns_54_1_1  |        0|   2|  0|   20|    0|
    |mul_32s_23ns_54_1_1_U101  |mul_32s_23ns_54_1_1  |        0|   2|  0|   20|    0|
    |mul_32s_23ns_54_1_1_U104  |mul_32s_23ns_54_1_1  |        0|   2|  0|   20|    0|
    |mul_32s_23ns_54_1_1_U112  |mul_32s_23ns_54_1_1  |        0|   2|  0|   20|    0|
    |mul_32s_23ns_54_1_1_U113  |mul_32s_23ns_54_1_1  |        0|   2|  0|   20|    0|
    |mul_32s_23ns_54_1_1_U118  |mul_32s_23ns_54_1_1  |        0|   2|  0|   20|    0|
    |mul_32s_23ns_54_1_1_U132  |mul_32s_23ns_54_1_1  |        0|   2|  0|   20|    0|
    |mul_32s_23s_54_1_1_U28    |mul_32s_23s_54_1_1   |        0|   2|  0|   20|    0|
    |mul_32s_23s_54_1_1_U50    |mul_32s_23s_54_1_1   |        0|   2|  0|   20|    0|
    |mul_32s_23s_54_1_1_U94    |mul_32s_23s_54_1_1   |        0|   2|  0|   20|    0|
    |mul_32s_23s_54_1_1_U115   |mul_32s_23s_54_1_1   |        0|   2|  0|   20|    0|
    |mul_32s_23s_54_1_1_U128   |mul_32s_23s_54_1_1   |        0|   2|  0|   20|    0|
    |mul_32s_24ns_55_1_1_U20   |mul_32s_24ns_55_1_1  |        0|   2|  0|   20|    0|
    |mul_32s_24ns_55_1_1_U26   |mul_32s_24ns_55_1_1  |        0|   2|  0|   20|    0|
    |mul_32s_24ns_55_1_1_U41   |mul_32s_24ns_55_1_1  |        0|   2|  0|   20|    0|
    |mul_32s_24ns_55_1_1_U54   |mul_32s_24ns_55_1_1  |        0|   2|  0|   20|    0|
    |mul_32s_24ns_55_1_1_U69   |mul_32s_24ns_55_1_1  |        0|   2|  0|   20|    0|
    |mul_32s_24ns_55_1_1_U76   |mul_32s_24ns_55_1_1  |        0|   2|  0|   20|    0|
    |mul_32s_24ns_55_1_1_U79   |mul_32s_24ns_55_1_1  |        0|   2|  0|   20|    0|
    |mul_32s_24ns_55_1_1_U93   |mul_32s_24ns_55_1_1  |        0|   2|  0|   20|    0|
    |mul_32s_24ns_55_1_1_U97   |mul_32s_24ns_55_1_1  |        0|   2|  0|   20|    0|
    |mul_32s_24ns_55_1_1_U100  |mul_32s_24ns_55_1_1  |        0|   2|  0|   20|    0|
    |mul_32s_24ns_55_1_1_U103  |mul_32s_24ns_55_1_1  |        0|   2|  0|   20|    0|
    |mul_32s_24ns_55_1_1_U130  |mul_32s_24ns_55_1_1  |        0|   2|  0|   20|    0|
    |mul_32s_24ns_55_1_1_U143  |mul_32s_24ns_55_1_1  |        0|   2|  0|   20|    0|
    |mul_32s_24ns_55_1_1_U153  |mul_32s_24ns_55_1_1  |        0|   2|  0|   20|    0|
    |mul_32s_24ns_55_1_1_U156  |mul_32s_24ns_55_1_1  |        0|   2|  0|   20|    0|
    |mul_32s_24ns_55_1_1_U157  |mul_32s_24ns_55_1_1  |        0|   2|  0|   20|    0|
    |mul_32s_24s_55_1_1_U31    |mul_32s_24s_55_1_1   |        0|   2|  0|   20|    0|
    |mul_32s_24s_55_1_1_U39    |mul_32s_24s_55_1_1   |        0|   2|  0|   20|    0|
    |mul_32s_24s_55_1_1_U40    |mul_32s_24s_55_1_1   |        0|   2|  0|   20|    0|
    |mul_32s_24s_55_1_1_U49    |mul_32s_24s_55_1_1   |        0|   2|  0|   20|    0|
    |mul_32s_24s_55_1_1_U58    |mul_32s_24s_55_1_1   |        0|   2|  0|   20|    0|
    |mul_32s_24s_55_1_1_U59    |mul_32s_24s_55_1_1   |        0|   2|  0|   20|    0|
    |mul_32s_24s_55_1_1_U61    |mul_32s_24s_55_1_1   |        0|   2|  0|   20|    0|
    |mul_32s_24s_55_1_1_U65    |mul_32s_24s_55_1_1   |        0|   2|  0|   20|    0|
    |mul_32s_24s_55_1_1_U73    |mul_32s_24s_55_1_1   |        0|   2|  0|   20|    0|
    |mul_32s_24s_55_1_1_U80    |mul_32s_24s_55_1_1   |        0|   2|  0|   20|    0|
    |mul_32s_24s_55_1_1_U91    |mul_32s_24s_55_1_1   |        0|   2|  0|   20|    0|
    |mul_32s_24s_55_1_1_U102   |mul_32s_24s_55_1_1   |        0|   2|  0|   20|    0|
    |mul_32s_24s_55_1_1_U108   |mul_32s_24s_55_1_1   |        0|   2|  0|   20|    0|
    |mul_32s_24s_55_1_1_U109   |mul_32s_24s_55_1_1   |        0|   2|  0|   20|    0|
    |mul_32s_24s_55_1_1_U151   |mul_32s_24s_55_1_1   |        0|   2|  0|   20|    0|
    |mul_32s_24s_55_1_1_U160   |mul_32s_24s_55_1_1   |        0|   2|  0|   20|    0|
    |mul_32s_25ns_56_1_1_U23   |mul_32s_25ns_56_1_1  |        0|   2|  0|   20|    0|
    |mul_32s_25ns_56_1_1_U25   |mul_32s_25ns_56_1_1  |        0|   2|  0|   20|    0|
    |mul_32s_25ns_56_1_1_U27   |mul_32s_25ns_56_1_1  |        0|   2|  0|   20|    0|
    |mul_32s_25ns_56_1_1_U33   |mul_32s_25ns_56_1_1  |        0|   2|  0|   20|    0|
    |mul_32s_25ns_56_1_1_U35   |mul_32s_25ns_56_1_1  |        0|   2|  0|   20|    0|
    |mul_32s_25ns_56_1_1_U37   |mul_32s_25ns_56_1_1  |        0|   2|  0|   20|    0|
    |mul_32s_25ns_56_1_1_U38   |mul_32s_25ns_56_1_1  |        0|   2|  0|   20|    0|
    |mul_32s_25ns_56_1_1_U46   |mul_32s_25ns_56_1_1  |        0|   2|  0|   20|    0|
    |mul_32s_25ns_56_1_1_U47   |mul_32s_25ns_56_1_1  |        0|   2|  0|   20|    0|
    |mul_32s_25ns_56_1_1_U52   |mul_32s_25ns_56_1_1  |        0|   2|  0|   20|    0|
    |mul_32s_25ns_56_1_1_U71   |mul_32s_25ns_56_1_1  |        0|   2|  0|   20|    0|
    |mul_32s_25ns_56_1_1_U72   |mul_32s_25ns_56_1_1  |        0|   2|  0|   20|    0|
    |mul_32s_25ns_56_1_1_U74   |mul_32s_25ns_56_1_1  |        0|   2|  0|   20|    0|
    |mul_32s_25ns_56_1_1_U77   |mul_32s_25ns_56_1_1  |        0|   2|  0|   20|    0|
    |mul_32s_25ns_56_1_1_U78   |mul_32s_25ns_56_1_1  |        0|   2|  0|   20|    0|
    |mul_32s_25ns_56_1_1_U81   |mul_32s_25ns_56_1_1  |        0|   2|  0|   20|    0|
    |mul_32s_25ns_56_1_1_U106  |mul_32s_25ns_56_1_1  |        0|   2|  0|   20|    0|
    |mul_32s_25ns_56_1_1_U149  |mul_32s_25ns_56_1_1  |        0|   2|  0|   20|    0|
    |mul_32s_25s_56_1_1_U18    |mul_32s_25s_56_1_1   |        0|   2|  0|   20|    0|
    |mul_32s_25s_56_1_1_U19    |mul_32s_25s_56_1_1   |        0|   2|  0|   20|    0|
    |mul_32s_25s_56_1_1_U21    |mul_32s_25s_56_1_1   |        0|   2|  0|   20|    0|
    |mul_32s_25s_56_1_1_U32    |mul_32s_25s_56_1_1   |        0|   2|  0|   20|    0|
    |mul_32s_25s_56_1_1_U43    |mul_32s_25s_56_1_1   |        0|   2|  0|   20|    0|
    |mul_32s_25s_56_1_1_U55    |mul_32s_25s_56_1_1   |        0|   2|  0|   20|    0|
    |mul_32s_25s_56_1_1_U56    |mul_32s_25s_56_1_1   |        0|   2|  0|   20|    0|
    |mul_32s_25s_56_1_1_U62    |mul_32s_25s_56_1_1   |        0|   2|  0|   20|    0|
    |mul_32s_25s_56_1_1_U111   |mul_32s_25s_56_1_1   |        0|   2|  0|   20|    0|
    |mul_32s_25s_56_1_1_U114   |mul_32s_25s_56_1_1   |        0|   2|  0|   20|    0|
    |mul_32s_25s_56_1_1_U135   |mul_32s_25s_56_1_1   |        0|   2|  0|   20|    0|
    |mul_32s_25s_56_1_1_U136   |mul_32s_25s_56_1_1   |        0|   2|  0|   20|    0|
    |mul_32s_25s_56_1_1_U155   |mul_32s_25s_56_1_1   |        0|   2|  0|   20|    0|
    |mul_32s_25s_56_1_1_U158   |mul_32s_25s_56_1_1   |        0|   2|  0|   20|    0|
    |mul_32s_26ns_57_1_1_U30   |mul_32s_26ns_57_1_1  |        0|   2|  0|   20|    0|
    |mul_32s_26ns_57_1_1_U34   |mul_32s_26ns_57_1_1  |        0|   2|  0|   20|    0|
    |mul_32s_26ns_57_1_1_U44   |mul_32s_26ns_57_1_1  |        0|   2|  0|   20|    0|
    |mul_32s_26ns_57_1_1_U45   |mul_32s_26ns_57_1_1  |        0|   2|  0|   20|    0|
    |mul_32s_26ns_57_1_1_U70   |mul_32s_26ns_57_1_1  |        0|   2|  0|   20|    0|
    |mul_32s_26ns_57_1_1_U75   |mul_32s_26ns_57_1_1  |        0|   2|  0|   20|    0|
    |mul_32s_26ns_57_1_1_U86   |mul_32s_26ns_57_1_1  |        0|   2|  0|   20|    0|
    |mul_32s_26ns_57_1_1_U96   |mul_32s_26ns_57_1_1  |        0|   2|  0|   20|    0|
    |mul_32s_26ns_57_1_1_U105  |mul_32s_26ns_57_1_1  |        0|   2|  0|   20|    0|
    |mul_32s_26ns_57_1_1_U117  |mul_32s_26ns_57_1_1  |        0|   2|  0|   20|    0|
    |mul_32s_26ns_57_1_1_U133  |mul_32s_26ns_57_1_1  |        0|   2|  0|   20|    0|
    |mul_32s_26ns_57_1_1_U137  |mul_32s_26ns_57_1_1  |        0|   2|  0|   20|    0|
    |mul_32s_26ns_57_1_1_U139  |mul_32s_26ns_57_1_1  |        0|   2|  0|   20|    0|
    |mul_32s_26ns_57_1_1_U140  |mul_32s_26ns_57_1_1  |        0|   2|  0|   20|    0|
    |mul_32s_26ns_57_1_1_U145  |mul_32s_26ns_57_1_1  |        0|   2|  0|   20|    0|
    |mul_32s_26ns_57_1_1_U146  |mul_32s_26ns_57_1_1  |        0|   2|  0|   20|    0|
    |mul_32s_26s_57_1_1_U29    |mul_32s_26s_57_1_1   |        0|   2|  0|   20|    0|
    |mul_32s_26s_57_1_1_U42    |mul_32s_26s_57_1_1   |        0|   2|  0|   20|    0|
    |mul_32s_26s_57_1_1_U110   |mul_32s_26s_57_1_1   |        0|   2|  0|   20|    0|
    |mul_32s_26s_57_1_1_U127   |mul_32s_26s_57_1_1   |        0|   2|  0|   20|    0|
    |mul_32s_26s_57_1_1_U129   |mul_32s_26s_57_1_1   |        0|   2|  0|   20|    0|
    |mul_32s_26s_57_1_1_U131   |mul_32s_26s_57_1_1   |        0|   2|  0|   20|    0|
    |mul_32s_26s_57_1_1_U142   |mul_32s_26s_57_1_1   |        0|   2|  0|   20|    0|
    |mul_32s_26s_57_1_1_U144   |mul_32s_26s_57_1_1   |        0|   2|  0|   20|    0|
    |mul_32s_26s_57_1_1_U152   |mul_32s_26s_57_1_1   |        0|   2|  0|   20|    0|
    |mul_32s_26s_57_1_1_U154   |mul_32s_26s_57_1_1   |        0|   2|  0|   20|    0|
    |mul_32s_26s_57_1_1_U161   |mul_32s_26s_57_1_1   |        0|   2|  0|   20|    0|
    |mul_32s_27ns_58_1_1_U121  |mul_32s_27ns_58_1_1  |        0|   2|  0|   20|    0|
    |mul_32s_27ns_58_1_1_U159  |mul_32s_27ns_58_1_1  |        0|   2|  0|   20|    0|
    |mul_32s_27s_58_1_1_U89    |mul_32s_27s_58_1_1   |        0|   2|  0|   20|    0|
    |mul_32s_27s_58_1_1_U134   |mul_32s_27s_58_1_1   |        0|   2|  0|   20|    0|
    |mul_32s_27s_58_1_1_U138   |mul_32s_27s_58_1_1   |        0|   2|  0|   20|    0|
    |mul_32s_27s_58_1_1_U141   |mul_32s_27s_58_1_1   |        0|   2|  0|   20|    0|
    |mul_32s_28s_58_1_1_U125   |mul_32s_28s_58_1_1   |        0|   3|  0|   20|    0|
    |mul_32s_29s_58_1_1_U107   |mul_32s_29s_58_1_1   |        0|   3|  0|   20|    0|
    |mux_305_32_1_1_U16        |mux_305_32_1_1       |        0|   0|  0|  145|    0|
    |mux_305_32_1_1_U17        |mux_305_32_1_1       |        0|   0|  0|  145|    0|
    +--------------------------+---------------------+---------+----+---+-----+-----+
    |Total                     |                     |        0| 290|  0| 3170|    0|
    +--------------------------+---------------------+---------+----+---+-----+-----+

    * DSP: 
    N/A

    * Memory: 
    N/A

    * FIFO: 
    N/A

    * Expression: 
    +------------------------------------+----------+----+---+-----+------------+------------+
    |            Variable Name           | Operation| DSP| FF| LUT | Bitwidth P0| Bitwidth P1|
    +------------------------------------+----------+----+---+-----+------------+------------+
    |add_ln49_3_fu_834_p2                |         +|   0|  0|   12|           5|           1|
    |add_ln49_fu_808_p2                  |         +|   0|  0|   17|          10|           1|
    |add_ln50_fu_1524_p2                 |         +|   0|  0|   12|           5|           1|
    |add_ln85_10_fu_5745_p2              |         +|   0|  0|   39|          32|          17|
    |add_ln85_11_fu_6061_p2              |         +|   0|  0|   39|          32|          20|
    |add_ln85_12_fu_6377_p2              |         +|   0|  0|   39|          32|          17|
    |add_ln85_13_fu_6679_p2              |         +|   0|  0|   39|          32|          20|
    |add_ln85_14_fu_6844_p2              |         +|   0|  0|   39|          32|          15|
    |add_ln85_15_fu_6879_p2              |         +|   0|  0|   39|          32|          18|
    |add_ln85_1_fu_2827_p2               |         +|   0|  0|   39|          32|          17|
    |add_ln85_2_fu_3152_p2               |         +|   0|  0|   39|          32|          25|
    |add_ln85_3_fu_3489_p2               |         +|   0|  0|   39|          32|          16|
    |add_ln85_4_fu_3809_p2               |         +|   0|  0|   39|          32|          21|
    |add_ln85_5_fu_4153_p2               |         +|   0|  0|   39|          32|          24|
    |add_ln85_6_fu_4477_p2               |         +|   0|  0|   39|          32|          15|
    |add_ln85_7_fu_4793_p2               |         +|   0|  0|   39|          32|          24|
    |add_ln85_8_fu_5109_p2               |         +|   0|  0|   39|          32|          22|
    |add_ln85_9_fu_5437_p2               |         +|   0|  0|   39|          32|          16|
    |add_ln85_fu_2494_p2                 |         +|   0|  0|   39|          32|          12|
    |ret_V_1711_fu_1396_p2               |         +|   0|  0|   65|          58|          58|
    |ret_V_1712_fu_1589_p2               |         +|   0|  0|   65|          58|          58|
    |ret_V_1713_fu_1619_p2               |         +|   0|  0|   65|          58|          58|
    |ret_V_1714_fu_1646_p2               |         +|   0|  0|   65|          58|          58|
    |ret_V_1715_fu_1676_p2               |         +|   0|  0|   65|          58|          58|
    |ret_V_1716_fu_1706_p2               |         +|   0|  0|   65|          58|          58|
    |ret_V_1717_fu_1744_p2               |         +|   0|  0|   65|          58|          58|
    |ret_V_1718_fu_1781_p2               |         +|   0|  0|   63|          56|          56|
    |ret_V_1719_fu_1819_p2               |         +|   0|  0|   65|          58|          58|
    |ret_V_1720_fu_1853_p2               |         +|   0|  0|   65|          58|          58|
    |ret_V_1721_fu_2217_p2               |         +|   0|  0|   65|          58|          58|
    |ret_V_1722_fu_2244_p2               |         +|   0|  0|   65|          58|          58|
    |ret_V_1723_fu_2271_p2               |         +|   0|  0|   65|          58|          58|
    |ret_V_1724_fu_2298_p2               |         +|   0|  0|   65|          58|          58|
    |ret_V_1725_fu_2332_p2               |         +|   0|  0|   65|          58|          58|
    |ret_V_1726_fu_2368_p2               |         +|   0|  0|   64|          57|          57|
    |ret_V_1727_fu_2406_p2               |         +|   0|  0|   65|          58|          58|
    |ret_V_1728_fu_2440_p2               |         +|   0|  0|   65|          58|          58|
    |ret_V_1729_fu_2555_p2               |         +|   0|  0|   65|          58|          58|
    |ret_V_1730_fu_2582_p2               |         +|   0|  0|   65|          58|          58|
    |ret_V_1731_fu_2609_p2               |         +|   0|  0|   65|          58|          58|
    |ret_V_1732_fu_2636_p2               |         +|   0|  0|   65|          58|          58|
    |ret_V_1733_fu_2670_p2               |         +|   0|  0|   65|          58|          58|
    |ret_V_1734_fu_2706_p2               |         +|   0|  0|   65|          58|          58|
    |ret_V_1735_fu_2739_p2               |         +|   0|  0|   65|          58|          58|
    |ret_V_1736_fu_2773_p2               |         +|   0|  0|   65|          58|          58|
    |ret_V_1737_fu_2882_p2               |         +|   0|  0|   65|          58|          58|
    |ret_V_1738_fu_2909_p2               |         +|   0|  0|   65|          58|          58|
    |ret_V_1739_fu_2936_p2               |         +|   0|  0|   65|          58|          58|
    |ret_V_1740_fu_2963_p2               |         +|   0|  0|   65|          58|          58|
    |ret_V_1741_fu_2997_p2               |         +|   0|  0|   65|          58|          58|
    |ret_V_1742_fu_3029_p2               |         +|   0|  0|   63|          56|          56|
    |ret_V_1743_fu_3066_p2               |         +|   0|  0|   65|          58|          58|
    |ret_V_1744_fu_3099_p2               |         +|   0|  0|   65|          58|          58|
    |ret_V_1745_fu_3213_p2               |         +|   0|  0|   65|          58|          58|
    |ret_V_1746_fu_3240_p2               |         +|   0|  0|   65|          58|          58|
    |ret_V_1747_fu_3267_p2               |         +|   0|  0|   65|          58|          58|
    |ret_V_1748_fu_3294_p2               |         +|   0|  0|   65|          58|          58|
    |ret_V_1749_fu_3328_p2               |         +|   0|  0|   65|          58|          58|
    |ret_V_1750_fu_3364_p2               |         +|   0|  0|   64|          57|          57|
    |ret_V_1751_fu_3401_p2               |         +|   0|  0|   65|          58|          58|
    |ret_V_1752_fu_3435_p2               |         +|   0|  0|   65|          58|          58|
    |ret_V_1753_fu_3537_p2               |         +|   0|  0|   65|          58|          58|
    |ret_V_1754_fu_3564_p2               |         +|   0|  0|   65|          58|          58|
    |ret_V_1755_fu_3591_p2               |         +|   0|  0|   65|          58|          58|
    |ret_V_1756_fu_3618_p2               |         +|   0|  0|   65|          58|          58|
    |ret_V_1757_fu_3651_p2               |         +|   0|  0|   65|          58|          58|
    |ret_V_1758_fu_3688_p2               |         +|   0|  0|   64|          57|          57|
    |ret_V_1759_fu_3725_p2               |         +|   0|  0|   65|          58|          58|
    |ret_V_1760_fu_3758_p2               |         +|   0|  0|   65|          58|          58|
    |ret_V_1761_fu_3875_p2               |         +|   0|  0|   65|          58|          58|
    |ret_V_1762_fu_3902_p2               |         +|   0|  0|   65|          58|          58|
    |ret_V_1763_fu_3929_p2               |         +|   0|  0|   65|          58|          58|
    |ret_V_1764_fu_3956_p2               |         +|   0|  0|   65|          58|          58|
    |ret_V_1765_fu_3989_p2               |         +|   0|  0|   65|          58|          58|
    |ret_V_1766_fu_4026_p2               |         +|   0|  0|   63|          56|          56|
    |ret_V_1767_fu_4064_p2               |         +|   0|  0|   65|          58|          58|
    |ret_V_1768_fu_4097_p2               |         +|   0|  0|   65|          58|          58|
    |ret_V_1769_fu_4210_p2               |         +|   0|  0|   65|          58|          58|
    |ret_V_1770_fu_4237_p2               |         +|   0|  0|   65|          58|          58|
    |ret_V_1771_fu_4264_p2               |         +|   0|  0|   65|          58|          58|
    |ret_V_1772_fu_4291_p2               |         +|   0|  0|   65|          58|          58|
    |ret_V_1773_fu_4324_p2               |         +|   0|  0|   65|          58|          58|
    |ret_V_1774_fu_4356_p2               |         +|   0|  0|   65|          58|          58|
    |ret_V_1775_fu_4390_p2               |         +|   0|  0|   65|          58|          58|
    |ret_V_1776_fu_4423_p2               |         +|   0|  0|   65|          58|          58|
    |ret_V_1777_fu_4525_p2               |         +|   0|  0|   65|          58|          58|
    |ret_V_1778_fu_4552_p2               |         +|   0|  0|   65|          58|          58|
    |ret_V_1779_fu_4579_p2               |         +|   0|  0|   65|          58|          58|
    |ret_V_1780_fu_4606_p2               |         +|   0|  0|   65|          58|          58|
    |ret_V_1781_fu_4639_p2               |         +|   0|  0|   65|          58|          58|
    |ret_V_1782_fu_4671_p2               |         +|   0|  0|   62|          55|          55|
    |ret_V_1783_fu_4709_p2               |         +|   0|  0|   65|          58|          58|
    |ret_V_1784_fu_4742_p2               |         +|   0|  0|   65|          58|          58|
    |ret_V_1785_fu_4844_p2               |         +|   0|  0|   65|          58|          58|
    |ret_V_1786_fu_4871_p2               |         +|   0|  0|   65|          58|          58|
    |ret_V_1787_fu_4898_p2               |         +|   0|  0|   65|          58|          58|
    |ret_V_1788_fu_4925_p2               |         +|   0|  0|   65|          58|          58|
    |ret_V_1789_fu_4958_p2               |         +|   0|  0|   65|          58|          58|
    |ret_V_1790_fu_4990_p2               |         +|   0|  0|   65|          58|          58|
    |ret_V_1791_fu_5023_p2               |         +|   0|  0|   65|          58|          58|
    |ret_V_1792_fu_5056_p2               |         +|   0|  0|   65|          58|          58|
    |ret_V_1793_fu_5166_p2               |         +|   0|  0|   65|          58|          58|
    |ret_V_1794_fu_5193_p2               |         +|   0|  0|   65|          58|          58|
    |ret_V_1795_fu_5220_p2               |         +|   0|  0|   65|          58|          58|
    |ret_V_1796_fu_5247_p2               |         +|   0|  0|   65|          58|          58|
    |ret_V_1797_fu_5280_p2               |         +|   0|  0|   65|          58|          58|
    |ret_V_1798_fu_5312_p2               |         +|   0|  0|   61|          54|          54|
    |ret_V_1799_fu_5350_p2               |         +|   0|  0|   65|          58|          58|
    |ret_V_1800_fu_5384_p2               |         +|   0|  0|   65|          58|          58|
    |ret_V_1801_fu_5482_p2               |         +|   0|  0|   65|          58|          58|
    |ret_V_1802_fu_5508_p2               |         +|   0|  0|   65|          58|          58|
    |ret_V_1803_fu_5535_p2               |         +|   0|  0|   65|          58|          58|
    |ret_V_1804_fu_5562_p2               |         +|   0|  0|   65|          58|          58|
    |ret_V_1805_fu_5595_p2               |         +|   0|  0|   65|          58|          58|
    |ret_V_1806_fu_5628_p2               |         +|   0|  0|   65|          58|          58|
    |ret_V_1807_fu_5661_p2               |         +|   0|  0|   65|          58|          58|
    |ret_V_1808_fu_5694_p2               |         +|   0|  0|   65|          58|          58|
    |ret_V_1809_fu_5799_p2               |         +|   0|  0|   65|          58|          58|
    |ret_V_1810_fu_5826_p2               |         +|   0|  0|   65|          58|          58|
    |ret_V_1811_fu_5853_p2               |         +|   0|  0|   65|          58|          58|
    |ret_V_1812_fu_5880_p2               |         +|   0|  0|   65|          58|          58|
    |ret_V_1813_fu_5913_p2               |         +|   0|  0|   65|          58|          58|
    |ret_V_1814_fu_5945_p2               |         +|   0|  0|   65|          58|          58|
    |ret_V_1815_fu_5978_p2               |         +|   0|  0|   65|          58|          58|
    |ret_V_1816_fu_6008_p2               |         +|   0|  0|   65|          58|          58|
    |ret_V_1817_fu_6112_p2               |         +|   0|  0|   65|          58|          58|
    |ret_V_1818_fu_6139_p2               |         +|   0|  0|   65|          58|          58|
    |ret_V_1819_fu_6163_p2               |         +|   0|  0|   65|          58|          58|
    |ret_V_1820_fu_6189_p2               |         +|   0|  0|   65|          58|          58|
    |ret_V_1821_fu_6222_p2               |         +|   0|  0|   65|          58|          58|
    |ret_V_1822_fu_6254_p2               |         +|   0|  0|   64|          57|          57|
    |ret_V_1823_fu_6291_p2               |         +|   0|  0|   65|          58|          58|
    |ret_V_1824_fu_6325_p2               |         +|   0|  0|   65|          58|          58|
    |ret_V_1825_fu_6422_p2               |         +|   0|  0|   65|          58|          58|
    |ret_V_1826_fu_6449_p2               |         +|   0|  0|   65|          58|          58|
    |ret_V_1827_fu_6476_p2               |         +|   0|  0|   65|          58|          58|
    |ret_V_1828_fu_6503_p2               |         +|   0|  0|   65|          58|          58|
    |ret_V_1829_fu_6536_p2               |         +|   0|  0|   65|          58|          58|
    |ret_V_1830_fu_6572_p2               |         +|   0|  0|   65|          58|          58|
    |ret_V_1831_fu_6605_p2               |         +|   0|  0|   65|          58|          58|
    |ret_V_1832_fu_6638_p2               |         +|   0|  0|   65|          58|          58|
    |ret_V_1833_fu_6724_p2               |         +|   0|  0|   65|          58|          58|
    |ret_V_1834_fu_6751_p2               |         +|   0|  0|   65|          58|          58|
    |ret_V_1835_fu_6775_p2               |         +|   0|  0|   65|          58|          58|
    |ret_V_1836_fu_6801_p2               |         +|   0|  0|   65|          58|          58|
    |ret_V_1837_fu_6828_p2               |         +|   0|  0|   65|          58|          58|
    |ret_V_fu_1354_p2                    |         +|   0|  0|   64|          57|          57|
    |ap_block_pp0_stage10_01001          |       and|   0|  0|    2|           1|           1|
    |ap_block_pp0_stage11_01001          |       and|   0|  0|    2|           1|           1|
    |ap_block_pp0_stage12_01001          |       and|   0|  0|    2|           1|           1|
    |ap_block_pp0_stage13_01001          |       and|   0|  0|    2|           1|           1|
    |ap_block_pp0_stage14_01001          |       and|   0|  0|    2|           1|           1|
    |ap_block_pp0_stage15_01001          |       and|   0|  0|    2|           1|           1|
    |ap_block_pp0_stage3_01001           |       and|   0|  0|    2|           1|           1|
    |ap_block_pp0_stage4_01001           |       and|   0|  0|    2|           1|           1|
    |ap_block_pp0_stage5_01001           |       and|   0|  0|    2|           1|           1|
    |ap_block_pp0_stage6_01001           |       and|   0|  0|    2|           1|           1|
    |ap_block_pp0_stage7_01001           |       and|   0|  0|    2|           1|           1|
    |ap_block_pp0_stage8_01001           |       and|   0|  0|    2|           1|           1|
    |ap_block_pp0_stage9_01001           |       and|   0|  0|    2|           1|           1|
    |ap_block_state10_pp0_stage9_iter0   |       and|   0|  0|    2|           1|           1|
    |ap_block_state11_pp0_stage10_iter0  |       and|   0|  0|    2|           1|           1|
    |ap_block_state12_pp0_stage11_iter0  |       and|   0|  0|    2|           1|           1|
    |ap_block_state13_pp0_stage12_iter0  |       and|   0|  0|    2|           1|           1|
    |ap_block_state14_pp0_stage13_iter0  |       and|   0|  0|    2|           1|           1|
    |ap_block_state15_pp0_stage14_iter0  |       and|   0|  0|    2|           1|           1|
    |ap_block_state16_pp0_stage15_iter0  |       and|   0|  0|    2|           1|           1|
    |ap_block_state17_pp0_stage0_iter1   |       and|   0|  0|    2|           1|           1|
    |ap_block_state18_pp0_stage1_iter1   |       and|   0|  0|    2|           1|           1|
    |ap_block_state2_pp0_stage1_iter0    |       and|   0|  0|    2|           1|           1|
    |ap_block_state3_pp0_stage2_iter0    |       and|   0|  0|    2|           1|           1|
    |ap_block_state4_pp0_stage3_iter0    |       and|   0|  0|    2|           1|           1|
    |ap_block_state5_pp0_stage4_iter0    |       and|   0|  0|    2|           1|           1|
    |ap_block_state6_pp0_stage5_iter0    |       and|   0|  0|    2|           1|           1|
    |ap_block_state7_pp0_stage6_iter0    |       and|   0|  0|    2|           1|           1|
    |ap_block_state8_pp0_stage7_iter0    |       and|   0|  0|    2|           1|           1|
    |ap_block_state9_pp0_stage8_iter0    |       and|   0|  0|    2|           1|           1|
    |ap_condition_814                    |       and|   0|  0|    2|           1|           1|
    |ap_condition_818                    |       and|   0|  0|    2|           1|           1|
    |ap_predicate_op1034_write_state14   |       and|   0|  0|    2|           1|           1|
    |ap_predicate_op243_read_state2      |       and|   0|  0|    2|           1|           1|
    |sel_tmp_fu_1518_p2                  |       and|   0|  0|    2|           1|           1|
    |cmp16_i8_fu_846_p2                  |      icmp|   0|  0|    9|           5|           1|
    |cmp16_i_mid1_fu_840_p2              |      icmp|   0|  0|    9|           5|           1|
    |cmp17_i_fu_928_p2                   |      icmp|   0|  0|    9|           5|           1|
    |cmp19_i6_fu_906_p2                  |      icmp|   0|  0|    9|           5|           3|
    |cmp19_i_mid1_fu_900_p2              |      icmp|   0|  0|    9|           5|           3|
    |cmp22_i_fu_934_p2                   |      icmp|   0|  0|    9|           5|           3|
    |icmp57_fu_886_p2                    |      icmp|   0|  0|    9|           4|           1|
    |icmp60_fu_950_p2                    |      icmp|   0|  0|    9|           4|           1|
    |icmp_fu_870_p2                      |      icmp|   0|  0|    9|           4|           1|
    |icmp_ln1695_15_fu_2843_p2           |      icmp|   0|  0|   20|          32|           1|
    |icmp_ln1695_16_fu_3168_p2           |      icmp|   0|  0|   20|          32|           1|
    |icmp_ln1695_17_fu_3505_p2           |      icmp|   0|  0|   20|          32|           1|
    |icmp_ln1695_18_fu_3825_p2           |      icmp|   0|  0|   20|          32|           1|
    |icmp_ln1695_19_fu_4169_p2           |      icmp|   0|  0|   20|          32|           1|
    |icmp_ln1695_20_fu_4493_p2           |      icmp|   0|  0|   20|          32|           1|
    |icmp_ln1695_21_fu_4809_p2           |      icmp|   0|  0|   20|          32|           1|
    |icmp_ln1695_22_fu_5125_p2           |      icmp|   0|  0|   20|          32|           1|
    |icmp_ln1695_23_fu_5453_p2           |      icmp|   0|  0|   20|          32|           1|
    |icmp_ln1695_24_fu_5761_p2           |      icmp|   0|  0|   20|          32|           1|
    |icmp_ln1695_25_fu_6077_p2           |      icmp|   0|  0|   20|          32|           1|
    |icmp_ln1695_26_fu_6393_p2           |      icmp|   0|  0|   20|          32|           1|
    |icmp_ln1695_27_fu_6695_p2           |      icmp|   0|  0|   20|          32|           1|
    |icmp_ln1695_28_fu_6860_p2           |      icmp|   0|  0|   20|          32|           1|
    |icmp_ln1695_29_fu_6895_p2           |      icmp|   0|  0|   20|          32|           1|
    |icmp_ln1695_fu_2510_p2              |      icmp|   0|  0|   20|          32|           1|
    |icmp_ln49_fu_802_p2                 |      icmp|   0|  0|   11|          10|           8|
    |icmp_ln50_fu_820_p2                 |      icmp|   0|  0|    9|           5|           3|
    |ap_block_pp0_stage0_01001           |        or|   0|  0|    2|           1|           1|
    |ap_block_pp0_stage1_01001           |        or|   0|  0|    2|           1|           1|
    |ap_block_pp0_stage2_01001           |        or|   0|  0|    2|           1|           1|
    |or_ln58_4_fu_956_p2                 |        or|   0|  0|    2|           1|           1|
    |or_ln58_5_fu_968_p2                 |        or|   0|  0|    2|           1|           1|
    |or_ln58_fu_962_p2                   |        or|   0|  0|    2|           1|           1|
    |phi_ln859_10_fu_4158_p3             |    select|   0|  0|   32|           1|          32|
    |phi_ln859_11_fu_3814_p3             |    select|   0|  0|   32|           1|          32|
    |phi_ln859_12_fu_3494_p3             |    select|   0|  0|   32|           1|          32|
    |phi_ln859_13_fu_3157_p3             |    select|   0|  0|   32|           1|          32|
    |phi_ln859_14_fu_2832_p3             |    select|   0|  0|   32|           1|          32|
    |phi_ln859_15_fu_2499_p3             |    select|   0|  0|   32|           1|          32|
    |phi_ln859_1_fu_6849_p3              |    select|   0|  0|   32|           1|          32|
    |phi_ln859_2_fu_6684_p3              |    select|   0|  0|   32|           1|          32|
    |phi_ln859_3_fu_6382_p3              |    select|   0|  0|   32|           1|          32|
    |phi_ln859_4_fu_6066_p3              |    select|   0|  0|   32|           1|          32|
    |phi_ln859_5_fu_5750_p3              |    select|   0|  0|   32|           1|          32|
    |phi_ln859_6_fu_5442_p3              |    select|   0|  0|   32|           1|          32|
    |phi_ln859_7_fu_5114_p3              |    select|   0|  0|   32|           1|          32|
    |phi_ln859_8_fu_4798_p3              |    select|   0|  0|   32|           1|          32|
    |phi_ln859_9_fu_4482_p3              |    select|   0|  0|   32|           1|          32|
    |phi_ln859_fu_6884_p3                |    select|   0|  0|   32|           1|          32|
    |r_V_2344_fu_1907_p3                 |    select|   0|  0|   32|           1|          32|
    |r_V_2345_fu_1478_p3                 |    select|   0|  0|   32|           1|          32|
    |r_V_2346_fu_1486_p3                 |    select|   0|  0|   32|           1|          32|
    |r_V_2347_fu_1494_p3                 |    select|   0|  0|   32|           1|          32|
    |r_V_2348_fu_1502_p3                 |    select|   0|  0|   32|           1|          32|
    |r_V_2349_fu_1510_p3                 |    select|   0|  0|   32|           1|          32|
    |select_ln49_10_fu_912_p3            |    select|   0|  0|    2|           1|           1|
    |select_ln49_11_fu_920_p3            |    select|   0|  0|    5|           1|           5|
    |select_ln49_8_fu_852_p3             |    select|   0|  0|    2|           1|           1|
    |select_ln49_9_fu_892_p3             |    select|   0|  0|    2|           1|           1|
    |select_ln49_fu_826_p3               |    select|   0|  0|    5|           1|           1|
    |select_ln8_15_fu_2849_p3            |    select|   0|  0|   31|           1|          31|
    |select_ln8_16_fu_3174_p3            |    select|   0|  0|   31|           1|          31|
    |select_ln8_17_fu_3511_p3            |    select|   0|  0|   31|           1|          31|
    |select_ln8_18_fu_3831_p3            |    select|   0|  0|   31|           1|          31|
    |select_ln8_19_fu_4175_p3            |    select|   0|  0|   31|           1|          31|
    |select_ln8_20_fu_4499_p3            |    select|   0|  0|   31|           1|          31|
    |select_ln8_21_fu_4815_p3            |    select|   0|  0|   31|           1|          31|
    |select_ln8_22_fu_5131_p3            |    select|   0|  0|   31|           1|          31|
    |select_ln8_23_fu_5459_p3            |    select|   0|  0|   31|           1|          31|
    |select_ln8_24_fu_5767_p3            |    select|   0|  0|   31|           1|          31|
    |select_ln8_25_fu_6083_p3            |    select|   0|  0|   31|           1|          31|
    |select_ln8_26_fu_6399_p3            |    select|   0|  0|   31|           1|          31|
    |select_ln8_27_fu_6701_p3            |    select|   0|  0|   31|           1|          31|
    |select_ln8_28_fu_6866_p3            |    select|   0|  0|   31|           1|          31|
    |select_ln8_29_fu_6901_p3            |    select|   0|  0|   31|           1|          31|
    |select_ln8_fu_2516_p3               |    select|   0|  0|   31|           1|          31|
    |ap_enable_pp0                       |       xor|   0|  0|    2|           1|           2|
    +------------------------------------+----------+----+---+-----+------------+------------+
    |Total                               |          |   0|  0|10688|        8592|        9002|
    +------------------------------------+----------+----+---+-----+------------+------------+

    * Multiplexer: 
    +--------------------------------------+----+-----------+-----+-----------+
    |                 Name                 | LUT| Input Size| Bits| Total Bits|
    +--------------------------------------+----+-----------+-----+-----------+
    |ap_NS_fsm                             |  81|         17|    1|         17|
    |ap_done_int                           |   9|          2|    1|          2|
    |ap_enable_reg_pp0_iter0               |   9|          2|    1|          2|
    |ap_enable_reg_pp0_iter0_reg           |   9|          2|    1|          2|
    |ap_enable_reg_pp0_iter1               |   9|          2|    1|          2|
    |ap_phi_mux_in_val_phi_fu_775_p4       |   9|          2|   32|         64|
    |ap_sig_allocacmp_indvar_flatten_load  |   9|          2|   10|         20|
    |ap_sig_allocacmp_pool_col_load        |   9|          2|    5|         10|
    |ap_sig_allocacmp_pool_row_load        |   9|          2|    5|         10|
    |conv1_out17_blk_n                     |   9|          2|    1|          2|
    |conv1_out17_din                       |  81|         17|   32|        544|
    |full_in_float15_blk_n                 |   9|          2|    1|          2|
    |in_val_reg_771                        |   9|          2|   32|         64|
    |indvar_flatten_fu_514                 |   9|          2|   10|         20|
    |pool_col_fu_506                       |   9|          2|    5|         10|
    |pool_row_fu_510                       |   9|          2|    5|         10|
    |real_start                            |   9|          2|    1|          2|
    +--------------------------------------+----+-----------+-----+-----------+
    |Total                                 | 297|         64|  144|        783|
    +--------------------------------------+----+-----------+-----+-----------+

    * Register: 
    +--------------------------------+----+----+-----+-----------+
    |              Name              | FF | LUT| Bits| Const Bits|
    +--------------------------------+----+----+-----+-----------+
    |ap_CS_fsm                       |  16|   0|   16|          0|
    |ap_done_reg                     |   1|   0|    1|          0|
    |ap_enable_reg_pp0_iter0_reg     |   1|   0|    1|          0|
    |ap_enable_reg_pp0_iter1         |   1|   0|    1|          0|
    |icmp_ln49_reg_7331              |   1|   0|    1|          0|
    |in_val_reg_771                  |  32|   0|   32|          0|
    |indvar_flatten_fu_514           |  10|   0|   10|          0|
    |lhs_1910_reg_7533               |  29|   0|   29|          0|
    |lhs_1919_reg_7638               |  30|   0|   30|          0|
    |lhs_1928_reg_7710               |  31|   0|   31|          0|
    |lhs_1937_reg_7768               |  27|   0|   27|          0|
    |lhs_1946_reg_7817               |  30|   0|   30|          0|
    |lhs_1955_reg_7862               |  30|   0|   30|          0|
    |lhs_1964_reg_7904               |  29|   0|   29|          0|
    |lhs_1981_reg_8007               |  26|   0|   26|          0|
    |lhs_1998_reg_8082               |  25|   0|   25|          0|
    |lhs_2023_reg_8198               |  29|   0|   29|          0|
    |lhs_2032_reg_8233               |  31|   0|   31|          0|
    |or_ln58_5_reg_7344              |   1|   0|    1|          0|
    |pool_col_fu_506                 |   5|   0|    5|          0|
    |pool_row_fu_510                 |   5|   0|    5|          0|
    |r_V_1944_fu_486                 |  32|   0|   32|          0|
    |r_V_1944_load_reg_7357          |  32|   0|   32|          0|
    |r_V_1948_fu_490                 |  32|   0|   32|          0|
    |r_V_1948_load_reg_7365          |  32|   0|   32|          0|
    |r_V_1950_fu_494                 |  32|   0|   32|          0|
    |r_V_1950_load_reg_7376          |  32|   0|   32|          0|
    |r_V_1954_fu_498                 |  32|   0|   32|          0|
    |r_V_1954_load_reg_7386          |  32|   0|   32|          0|
    |r_V_1956_fu_502                 |  32|   0|   32|          0|
    |r_V_1956_load_reg_7398          |  32|   0|   32|          0|
    |r_V_28_reg_7447                 |  32|   0|   32|          0|
    |r_V_3888_fu_518                 |  32|   0|   32|          0|
    |r_V_3889_fu_522                 |  32|   0|   32|          0|
    |r_V_3890_fu_526                 |  32|   0|   32|          0|
    |r_V_3891_fu_530                 |  32|   0|   32|          0|
    |r_V_3892_fu_534                 |  32|   0|   32|          0|
    |r_V_3893_fu_538                 |  32|   0|   32|          0|
    |r_V_3894_fu_542                 |  32|   0|   32|          0|
    |r_V_3895_fu_546                 |  32|   0|   32|          0|
    |r_V_3896_fu_550                 |  32|   0|   32|          0|
    |r_V_3897_fu_554                 |  32|   0|   32|          0|
    |r_V_3898_fu_558                 |  32|   0|   32|          0|
    |r_V_3899_fu_562                 |  32|   0|   32|          0|
    |r_V_3900_fu_566                 |  32|   0|   32|          0|
    |r_V_3901_fu_570                 |  32|   0|   32|          0|
    |r_V_3902_fu_574                 |  32|   0|   32|          0|
    |r_V_3903_fu_578                 |  32|   0|   32|          0|
    |r_V_3904_fu_582                 |  32|   0|   32|          0|
    |r_V_3905_fu_586                 |  32|   0|   32|          0|
    |r_V_3906_fu_590                 |  32|   0|   32|          0|
    |r_V_3907_fu_594                 |  32|   0|   32|          0|
    |r_V_3908_fu_598                 |  32|   0|   32|          0|
    |r_V_3909_fu_602                 |  32|   0|   32|          0|
    |r_V_3910_fu_606                 |  32|   0|   32|          0|
    |r_V_3911_fu_610                 |  32|   0|   32|          0|
    |r_V_3912_fu_614                 |  32|   0|   32|          0|
    |r_V_3913_fu_618                 |  32|   0|   32|          0|
    |r_V_3914_fu_622                 |  32|   0|   32|          0|
    |r_V_3915_fu_626                 |  32|   0|   32|          0|
    |r_V_3916_fu_630                 |  32|   0|   32|          0|
    |r_V_3917_fu_634                 |  32|   0|   32|          0|
    |r_V_3918_fu_638                 |  32|   0|   32|          0|
    |r_V_3919_fu_642                 |  32|   0|   32|          0|
    |r_V_3920_fu_646                 |  32|   0|   32|          0|
    |r_V_3921_fu_650                 |  32|   0|   32|          0|
    |r_V_3922_fu_654                 |  32|   0|   32|          0|
    |r_V_3923_fu_658                 |  32|   0|   32|          0|
    |r_V_3924_fu_662                 |  32|   0|   32|          0|
    |r_V_3925_fu_666                 |  32|   0|   32|          0|
    |r_V_3926_fu_670                 |  32|   0|   32|          0|
    |r_V_3927_fu_674                 |  32|   0|   32|          0|
    |r_V_3928_fu_678                 |  32|   0|   32|          0|
    |r_V_3929_fu_682                 |  32|   0|   32|          0|
    |r_V_3930_fu_686                 |  32|   0|   32|          0|
    |r_V_3931_fu_690                 |  32|   0|   32|          0|
    |r_V_3932_fu_694                 |  32|   0|   32|          0|
    |r_V_3933_fu_698                 |  32|   0|   32|          0|
    |r_V_3934_fu_702                 |  32|   0|   32|          0|
    |r_V_3935_fu_706                 |  32|   0|   32|          0|
    |r_V_3936_fu_710                 |  32|   0|   32|          0|
    |r_V_3937_fu_714                 |  32|   0|   32|          0|
    |r_V_3938_fu_718                 |  32|   0|   32|          0|
    |r_V_3939_fu_722                 |  32|   0|   32|          0|
    |r_V_3940_fu_726                 |  32|   0|   32|          0|
    |r_V_3941_fu_730                 |  32|   0|   32|          0|
    |r_V_3942_fu_734                 |  32|   0|   32|          0|
    |r_V_3943_fu_738                 |  32|   0|   32|          0|
    |r_V_3944_fu_742                 |  32|   0|   32|          0|
    |r_V_3945_fu_746                 |  32|   0|   32|          0|
    |r_V_3946_fu_750                 |  32|   0|   32|          0|
    |r_V_3947_fu_754                 |  32|   0|   32|          0|
    |r_V_3951_reg_7493               |  56|   0|   56|          0|
    |r_V_3952_reg_7498               |  51|   0|   51|          0|
    |r_V_3953_reg_7408               |  32|   0|   32|          0|
    |r_V_3954_reg_7511               |  56|   0|   56|          0|
    |r_V_3955_reg_7516               |  53|   0|   53|          0|
    |r_V_3956_reg_7528               |  56|   0|   56|          0|
    |r_V_3963_reg_7618               |  55|   0|   55|          0|
    |r_V_3964_reg_7623               |  56|   0|   56|          0|
    |r_V_3965_reg_7628               |  56|   0|   56|          0|
    |r_V_3966_reg_7633               |  57|   0|   57|          0|
    |r_V_3972_reg_7690               |  55|   0|   55|          0|
    |r_V_3973_reg_7695               |  55|   0|   55|          0|
    |r_V_3974_reg_7700               |  57|   0|   57|          0|
    |r_V_3975_reg_7705               |  56|   0|   56|          0|
    |r_V_3981_reg_7748               |  55|   0|   55|          0|
    |r_V_3982_reg_7753               |  54|   0|   54|          0|
    |r_V_3983_reg_7758               |  54|   0|   54|          0|
    |r_V_3984_reg_7763               |  56|   0|   56|          0|
    |r_V_3990_reg_7797               |  55|   0|   55|          0|
    |r_V_3991_reg_7802               |  55|   0|   55|          0|
    |r_V_3992_reg_7807               |  51|   0|   51|          0|
    |r_V_3993_reg_7812               |  55|   0|   55|          0|
    |r_V_3999_reg_7842               |  52|   0|   52|          0|
    |r_V_4000_reg_7847               |  51|   0|   51|          0|
    |r_V_4001_reg_7852               |  55|   0|   55|          0|
    |r_V_4002_reg_7857               |  57|   0|   57|          0|
    |r_V_4008_reg_7884               |  55|   0|   55|          0|
    |r_V_4009_reg_7889               |  56|   0|   56|          0|
    |r_V_4010_reg_7894               |  56|   0|   56|          0|
    |r_V_4011_reg_7899               |  55|   0|   55|          0|
    |r_V_4017_reg_7942               |  53|   0|   53|          0|
    |r_V_4018_reg_7947               |  57|   0|   57|          0|
    |r_V_4019_reg_7952               |  52|   0|   52|          0|
    |r_V_4020_reg_7957               |  51|   0|   51|          0|
    |r_V_4026_reg_7987               |  54|   0|   54|          0|
    |r_V_4027_reg_7992               |  52|   0|   52|          0|
    |r_V_4028_reg_7997               |  57|   0|   57|          0|
    |r_V_4029_reg_8002               |  55|   0|   55|          0|
    |r_V_4035_reg_8027               |  55|   0|   55|          0|
    |r_V_4036_reg_8032               |  54|   0|   54|          0|
    |r_V_4037_reg_8037               |  57|   0|   57|          0|
    |r_V_4038_reg_8042               |  56|   0|   56|          0|
    |r_V_4044_reg_8062               |  54|   0|   54|          0|
    |r_V_4045_reg_8067               |  54|   0|   54|          0|
    |r_V_4046_reg_8072               |  56|   0|   56|          0|
    |r_V_4047_reg_8077               |  54|   0|   54|          0|
    |r_V_4053_reg_8097               |  58|   0|   58|          0|
    |r_V_4054_reg_8102               |  52|   0|   52|          0|
    |r_V_4055_reg_8107               |  52|   0|   52|          0|
    |r_V_4056_reg_8112               |  53|   0|   53|          0|
    |r_V_4062_reg_8138               |  55|   0|   55|          0|
    |r_V_4063_reg_8143               |  57|   0|   57|          0|
    |r_V_4064_reg_8148               |  54|   0|   54|          0|
    |r_V_4065_reg_8153               |  57|   0|   57|          0|
    |r_V_4071_reg_8178               |  57|   0|   57|          0|
    |r_V_4072_reg_8183               |  57|   0|   57|          0|
    |r_V_4073_reg_8188               |  58|   0|   58|          0|
    |r_V_4074_reg_8193               |  57|   0|   57|          0|
    |r_V_4080_reg_8213               |  53|   0|   53|          0|
    |r_V_4081_reg_8218               |  56|   0|   56|          0|
    |r_V_4082_reg_8223               |  49|   0|   49|          0|
    |r_V_4083_reg_8228               |  55|   0|   55|          0|
    |r_V_4089_reg_8248               |  55|   0|   55|          0|
    |r_V_4090_reg_8253               |  56|   0|   56|          0|
    |r_V_4091_reg_8258               |  58|   0|   58|          0|
    |r_V_4092_reg_8263               |  55|   0|   55|          0|
    |r_V_4093_reg_8268               |  57|   0|   57|          0|
    |r_V_fu_482                      |  32|   0|   32|          0|
    |r_V_load_reg_7348               |  32|   0|   32|          0|
    |sel_tmp_reg_7538                |   1|   0|    1|          0|
    |sel_tmp_reg_7538_pp0_iter1_reg  |   1|   0|    1|          0|
    |select_ln49_9_reg_7339          |   1|   0|    1|          0|
    |select_ln49_reg_7335            |   5|   0|    5|          0|
    |sext_ln1316_918_reg_7909        |  58|   0|   58|          0|
    |sext_ln1316_920_reg_7643        |  57|   0|   57|          0|
    |sext_ln1316_921_reg_7457        |  55|   0|   55|          0|
    |sext_ln1316_922_reg_7463        |  56|   0|   56|          0|
    |sext_ln1316_923_reg_8122        |  57|   0|   57|          0|
    |sext_ln1316_925_reg_7867        |  55|   0|   55|          0|
    |sext_ln1316_926_reg_7558        |  54|   0|   54|          0|
    |sext_ln1316_927_reg_7470        |  56|   0|   56|          0|
    |sext_ln1316_929_reg_8012        |  54|   0|   54|          0|
    |sext_ln1316_932_reg_7648        |  56|   0|   56|          0|
    |sext_ln1316_933_reg_7564        |  57|   0|   57|          0|
    |sext_ln1316_934_reg_7478        |  55|   0|   55|          0|
    |sext_ln1316_938_reg_7822        |  54|   0|   54|          0|
    |sext_ln1316_939_reg_7715        |  52|   0|   52|          0|
    |sext_ln1316_940_reg_7656        |  55|   0|   55|          0|
    |sext_ln1316_941_reg_7571        |  57|   0|   57|          0|
    |sext_ln1316_942_reg_7488        |  56|   0|   56|          0|
    |sext_ln1316_945_reg_7967        |  54|   0|   54|          0|
    |sext_ln1316_946_reg_7916        |  53|   0|   53|          0|
    |sext_ln1316_948_reg_7577        |  55|   0|   55|          0|
    |sext_ln1316_950_reg_7972        |  52|   0|   52|          0|
    |sext_ln1316_951_reg_7921        |  57|   0|   57|          0|
    |sext_ln1316_953_reg_7720        |  54|   0|   54|          0|
    |sext_ln1316_954_reg_7663        |  55|   0|   55|          0|
    |sext_ln1316_955_reg_7503        |  56|   0|   56|          0|
    |sext_ln1316_957_reg_8163        |  58|   0|   58|          0|
    |sext_ln1316_958_reg_7927        |  52|   0|   52|          0|
    |sext_ln1316_961_reg_7726        |  54|   0|   54|          0|
    |sext_ln1316_962_reg_7668        |  57|   0|   57|          0|
    |sext_ln1316_963_reg_7588        |  56|   0|   56|          0|
    |sext_ln1316_968_reg_7773        |  55|   0|   55|          0|
    |sext_ln1316_969_reg_7594        |  57|   0|   57|          0|
    |sext_ln1316_970_reg_7521        |  56|   0|   56|          0|
    |sext_ln1316_971_reg_7827        |  51|   0|   51|          0|
    |sext_ln1316_972_reg_7781        |  55|   0|   55|          0|
    |sext_ln1316_973_reg_7731        |  57|   0|   57|          0|
    |sext_ln1316_974_reg_7674        |  53|   0|   53|          0|
    |sext_ln1316_975_reg_7601        |  56|   0|   56|          0|
    |start_once_reg                  |   1|   0|    1|          0|
    |tmp_1531_reg_7613               |  32|   0|   32|          0|
    |tmp_1538_reg_7685               |  32|   0|   32|          0|
    |tmp_1546_reg_7743               |  32|   0|   32|          0|
    |tmp_1553_reg_7792               |  32|   0|   32|          0|
    |tmp_1560_reg_7837               |  32|   0|   32|          0|
    |tmp_1567_reg_7879               |  32|   0|   32|          0|
    |tmp_1574_reg_7937               |  32|   0|   32|          0|
    |tmp_1579_reg_7962               |  32|   0|   32|          0|
    |tmp_1582_reg_7982               |  32|   0|   32|          0|
    |tmp_1589_reg_8022               |  32|   0|   32|          0|
    |tmp_1594_reg_8047               |  32|   0|   32|          0|
    |tmp_1597_reg_8057               |  32|   0|   32|          0|
    |tmp_1604_reg_8092               |  32|   0|   32|          0|
    |tmp_1609_reg_8117               |  32|   0|   32|          0|
    |tmp_1612_reg_8133               |  32|   0|   32|          0|
    |tmp_1617_reg_8158               |  32|   0|   32|          0|
    |tmp_1620_reg_8173               |  32|   0|   32|          0|
    |tmp_1628_reg_8208               |  32|   0|   32|          0|
    |tmp_1637_reg_8243               |  32|   0|   32|          0|
    |tmp_s_reg_7483                  |  32|   0|   32|          0|
    |trunc_ln864_189_reg_7738        |  32|   0|   32|          0|
    |trunc_ln864_190_reg_7787        |  32|   0|   32|          0|
    |trunc_ln864_191_reg_7832        |  32|   0|   32|          0|
    |trunc_ln864_192_reg_7874        |  32|   0|   32|          0|
    |trunc_ln864_193_reg_7932        |  32|   0|   32|          0|
    |trunc_ln864_194_reg_7977        |  32|   0|   32|          0|
    |trunc_ln864_195_reg_8017        |  32|   0|   32|          0|
    |trunc_ln864_196_reg_8052        |  32|   0|   32|          0|
    |trunc_ln864_197_reg_8087        |  32|   0|   32|          0|
    |trunc_ln864_198_reg_8128        |  32|   0|   32|          0|
    |trunc_ln864_199_reg_8168        |  32|   0|   32|          0|
    |trunc_ln864_200_reg_8203        |  32|   0|   32|          0|
    |trunc_ln864_201_reg_8238        |  32|   0|   32|          0|
    |trunc_ln864_202_reg_8273        |  32|   0|   32|          0|
    |trunc_ln864_s_reg_7680          |  32|   0|   32|          0|
    |trunc_ln_reg_7608               |  32|   0|   32|          0|
    +--------------------------------+----+----+-----+-----------+
    |Total                           |9639|   0| 9639|          0|
    +--------------------------------+----+----+-----+-----------+



================================================================
== Interface
================================================================
* Summary: 
+--------------------------------+-----+-----+------------+-----------------+--------------+
|            RTL Ports           | Dir | Bits|  Protocol  |  Source Object  |    C Type    |
+--------------------------------+-----+-----+------------+-----------------+--------------+
|ap_clk                          |   in|    1|  ap_ctrl_hs|            conv1|  return value|
|ap_rst                          |   in|    1|  ap_ctrl_hs|            conv1|  return value|
|ap_start                        |   in|    1|  ap_ctrl_hs|            conv1|  return value|
|start_full_n                    |   in|    1|  ap_ctrl_hs|            conv1|  return value|
|ap_done                         |  out|    1|  ap_ctrl_hs|            conv1|  return value|
|ap_continue                     |   in|    1|  ap_ctrl_hs|            conv1|  return value|
|ap_idle                         |  out|    1|  ap_ctrl_hs|            conv1|  return value|
|ap_ready                        |  out|    1|  ap_ctrl_hs|            conv1|  return value|
|start_out                       |  out|    1|  ap_ctrl_hs|            conv1|  return value|
|start_write                     |  out|    1|  ap_ctrl_hs|            conv1|  return value|
|full_in_float15_dout            |   in|   32|     ap_fifo|  full_in_float15|       pointer|
|full_in_float15_num_data_valid  |   in|    2|     ap_fifo|  full_in_float15|       pointer|
|full_in_float15_fifo_cap        |   in|    2|     ap_fifo|  full_in_float15|       pointer|
|full_in_float15_empty_n         |   in|    1|     ap_fifo|  full_in_float15|       pointer|
|full_in_float15_read            |  out|    1|     ap_fifo|  full_in_float15|       pointer|
|conv1_out17_din                 |  out|   32|     ap_fifo|      conv1_out17|       pointer|
|conv1_out17_num_data_valid      |   in|    2|     ap_fifo|      conv1_out17|       pointer|
|conv1_out17_fifo_cap            |   in|    2|     ap_fifo|      conv1_out17|       pointer|
|conv1_out17_full_n              |   in|    1|     ap_fifo|      conv1_out17|       pointer|
|conv1_out17_write               |  out|    1|     ap_fifo|      conv1_out17|       pointer|
+--------------------------------+-----+-----+------------+-----------------+--------------+

