C:\Users\ADMIN\GithubClonedRepo\encode1\LSI_encoder\solution1\.autopilot\db\encode.pp.0.cpp:1699:7: warning: Added loop label VITIS_LOOP_1213_1:   [xilinx-label-all-loops]
      for (i = 0; i < __N - 1; ++i) {
      ^~~
      VITIS_LOOP_1213_1: 
C:\Users\ADMIN\GithubClonedRepo\encode1\LSI_encoder\solution1\.autopilot\db\encode.pp.0.cpp:1699:7: note: FIX-IT applied suggested code changes
C:\Users\ADMIN\GithubClonedRepo\encode1\LSI_encoder\solution1\.autopilot\db\encode.pp.0.cpp:2673:5: warning: Added loop label VITIS_LOOP_676_1:   [xilinx-label-all-loops]
    for (unsigned i = low; i != high; ++i) {
    ^~~
    VITIS_LOOP_676_1: 
C:\Users\ADMIN\GithubClonedRepo\encode1\LSI_encoder\solution1\.autopilot\db\encode.pp.0.cpp:2673:5: note: FIX-IT applied suggested code changes
C:\Users\ADMIN\GithubClonedRepo\encode1\LSI_encoder\solution1\.autopilot\db\encode.pp.0.cpp:2687:5: warning: Added loop label VITIS_LOOP_690_1:   [xilinx-label-all-loops]
    for (unsigned i = low; i != high; ++i) {
    ^~~
    VITIS_LOOP_690_1: 
C:\Users\ADMIN\GithubClonedRepo\encode1\LSI_encoder\solution1\.autopilot\db\encode.pp.0.cpp:2687:5: note: FIX-IT applied suggested code changes
C:\Users\ADMIN\GithubClonedRepo\encode1\LSI_encoder\solution1\.autopilot\db\encode.pp.0.cpp:2701:5: warning: Added loop label VITIS_LOOP_704_1:   [xilinx-label-all-loops]
    for (unsigned i = low; i != high; ++i) {
    ^~~
    VITIS_LOOP_704_1: 
C:\Users\ADMIN\GithubClonedRepo\encode1\LSI_encoder\solution1\.autopilot\db\encode.pp.0.cpp:2701:5: note: FIX-IT applied suggested code changes
C:\Users\ADMIN\GithubClonedRepo\encode1\LSI_encoder\solution1\.autopilot\db\encode.pp.0.cpp:4300:7: warning: Added loop label VITIS_LOOP_1247_1:   [xilinx-label-all-loops]
      for (i = 0; i < __N - 1; ++i) {
      ^~~
      VITIS_LOOP_1247_1: 
C:\Users\ADMIN\GithubClonedRepo\encode1\LSI_encoder\solution1\.autopilot\db\encode.pp.0.cpp:4300:7: note: FIX-IT applied suggested code changes
C:\Users\ADMIN\GithubClonedRepo\encode1\LSI_encoder\solution1\.autopilot\db\encode.pp.0.cpp:36850:72: error: Invalid Directive: for current device, ROM_1P + LUTRAM is invalid combination for BIND_STORAGE's option 'type + impl' [clang-diagnostic-error]
#pragma HLS BIND_STORAGE variable=fourth_order_double::sin_cos_K0 type=ROM_1P impl=LUTRAM
                                                                       ^
C:\Users\ADMIN\GithubClonedRepo\encode1\LSI_encoder\solution1\.autopilot\db\encode.pp.0.cpp:36851:72: error: Invalid Directive: for current device, ROM_1P + LUTRAM is invalid combination for BIND_STORAGE's option 'type + impl' [clang-diagnostic-error]
#pragma HLS BIND_STORAGE variable=fourth_order_double::sin_cos_K1 type=ROM_1P impl=LUTRAM
                                                                       ^
C:\Users\ADMIN\GithubClonedRepo\encode1\LSI_encoder\solution1\.autopilot\db\encode.pp.0.cpp:36852:72: error: Invalid Directive: for current device, ROM_1P + LUTRAM is invalid combination for BIND_STORAGE's option 'type + impl' [clang-diagnostic-error]
#pragma HLS BIND_STORAGE variable=fourth_order_double::sin_cos_K2 type=ROM_1P impl=LUTRAM
                                                                       ^
C:\Users\ADMIN\GithubClonedRepo\encode1\LSI_encoder\solution1\.autopilot\db\encode.pp.0.cpp:36853:72: error: Invalid Directive: for current device, ROM_1P + LUTRAM is invalid combination for BIND_STORAGE's option 'type + impl' [clang-diagnostic-error]
#pragma HLS BIND_STORAGE variable=fourth_order_double::sin_cos_K3 type=ROM_1P impl=LUTRAM
                                                                       ^
C:\Users\ADMIN\GithubClonedRepo\encode1\LSI_encoder\solution1\.autopilot\db\encode.pp.0.cpp:36854:72: error: Invalid Directive: for current device, ROM_1P + LUTRAM is invalid combination for BIND_STORAGE's option 'type + impl' [clang-diagnostic-error]
#pragma HLS BIND_STORAGE variable=fourth_order_double::sin_cos_K4 type=ROM_1P impl=LUTRAM
                                                                       ^
C:\Users\ADMIN\GithubClonedRepo\encode1\LSI_encoder\solution1\.autopilot\db\encode.pp.0.cpp:36884:68: error: Invalid Directive: for current device, ROM_1P + LUTRAM is invalid combination for BIND_STORAGE's option 'type + impl' [clang-diagnostic-error]
#pragma HLS BIND_STORAGE variable=fourth_order_double::cos_K0 type=ROM_1P impl=LUTRAM
                                                                   ^
C:\Users\ADMIN\GithubClonedRepo\encode1\LSI_encoder\solution1\.autopilot\db\encode.pp.0.cpp:36885:68: error: Invalid Directive: for current device, ROM_1P + LUTRAM is invalid combination for BIND_STORAGE's option 'type + impl' [clang-diagnostic-error]
#pragma HLS BIND_STORAGE variable=fourth_order_double::cos_K1 type=ROM_1P impl=LUTRAM
                                                                   ^
C:\Users\ADMIN\GithubClonedRepo\encode1\LSI_encoder\solution1\.autopilot\db\encode.pp.0.cpp:36886:68: error: Invalid Directive: for current device, ROM_1P + LUTRAM is invalid combination for BIND_STORAGE's option 'type + impl' [clang-diagnostic-error]
#pragma HLS BIND_STORAGE variable=fourth_order_double::cos_K2 type=ROM_1P impl=LUTRAM
                                                                   ^
C:\Users\ADMIN\GithubClonedRepo\encode1\LSI_encoder\solution1\.autopilot\db\encode.pp.0.cpp:36887:68: error: Invalid Directive: for current device, ROM_1P + LUTRAM is invalid combination for BIND_STORAGE's option 'type + impl' [clang-diagnostic-error]
#pragma HLS BIND_STORAGE variable=fourth_order_double::cos_K3 type=ROM_1P impl=LUTRAM
                                                                   ^
C:\Users\ADMIN\GithubClonedRepo\encode1\LSI_encoder\solution1\.autopilot\db\encode.pp.0.cpp:36888:68: error: Invalid Directive: for current device, ROM_1P + LUTRAM is invalid combination for BIND_STORAGE's option 'type + impl' [clang-diagnostic-error]
#pragma HLS BIND_STORAGE variable=fourth_order_double::cos_K4 type=ROM_1P impl=LUTRAM
                                                                   ^
C:\Users\ADMIN\GithubClonedRepo\encode1\LSI_encoder\solution1\.autopilot\db\encode.pp.0.cpp:36889:68: error: Invalid Directive: for current device, ROM_1P + LUTRAM is invalid combination for BIND_STORAGE's option 'type + impl' [clang-diagnostic-error]
#pragma HLS BIND_STORAGE variable=fourth_order_double::sin_K0 type=ROM_1P impl=LUTRAM
                                                                   ^
C:\Users\ADMIN\GithubClonedRepo\encode1\LSI_encoder\solution1\.autopilot\db\encode.pp.0.cpp:36890:68: error: Invalid Directive: for current device, ROM_1P + LUTRAM is invalid combination for BIND_STORAGE's option 'type + impl' [clang-diagnostic-error]
#pragma HLS BIND_STORAGE variable=fourth_order_double::sin_K1 type=ROM_1P impl=LUTRAM
                                                                   ^
C:\Users\ADMIN\GithubClonedRepo\encode1\LSI_encoder\solution1\.autopilot\db\encode.pp.0.cpp:36891:68: error: Invalid Directive: for current device, ROM_1P + LUTRAM is invalid combination for BIND_STORAGE's option 'type + impl' [clang-diagnostic-error]
#pragma HLS BIND_STORAGE variable=fourth_order_double::sin_K2 type=ROM_1P impl=LUTRAM
                                                                   ^
C:\Users\ADMIN\GithubClonedRepo\encode1\LSI_encoder\solution1\.autopilot\db\encode.pp.0.cpp:36892:68: error: Invalid Directive: for current device, ROM_1P + LUTRAM is invalid combination for BIND_STORAGE's option 'type + impl' [clang-diagnostic-error]
#pragma HLS BIND_STORAGE variable=fourth_order_double::sin_K3 type=ROM_1P impl=LUTRAM
                                                                   ^
C:\Users\ADMIN\GithubClonedRepo\encode1\LSI_encoder\solution1\.autopilot\db\encode.pp.0.cpp:36893:68: error: Invalid Directive: for current device, ROM_1P + LUTRAM is invalid combination for BIND_STORAGE's option 'type + impl' [clang-diagnostic-error]
#pragma HLS BIND_STORAGE variable=fourth_order_double::sin_K4 type=ROM_1P impl=LUTRAM
                                                                   ^
C:\Users\ADMIN\GithubClonedRepo\encode1\LSI_encoder\solution1\.autopilot\db\encode.pp.0.cpp:36943:71: error: Invalid Directive: for current device, ROM_1P + LUTRAM is invalid combination for BIND_STORAGE's option 'type + impl' [clang-diagnostic-error]
#pragma HLS BIND_STORAGE variable=second_order_float::sin_cos_K0 type=ROM_1P impl=LUTRAM
                                                                      ^
C:\Users\ADMIN\GithubClonedRepo\encode1\LSI_encoder\solution1\.autopilot\db\encode.pp.0.cpp:36944:71: error: Invalid Directive: for current device, ROM_1P + LUTRAM is invalid combination for BIND_STORAGE's option 'type + impl' [clang-diagnostic-error]
#pragma HLS BIND_STORAGE variable=second_order_float::sin_cos_K1 type=ROM_1P impl=LUTRAM
                                                                      ^
C:\Users\ADMIN\GithubClonedRepo\encode1\LSI_encoder\solution1\.autopilot\db\encode.pp.0.cpp:36945:71: error: Invalid Directive: for current device, ROM_1P + LUTRAM is invalid combination for BIND_STORAGE's option 'type + impl' [clang-diagnostic-error]
#pragma HLS BIND_STORAGE variable=second_order_float::sin_cos_K2 type=ROM_1P impl=LUTRAM
                                                                      ^
C:\Users\ADMIN\GithubClonedRepo\encode1\LSI_encoder\solution1\.autopilot\db\encode.pp.0.cpp:36972:67: error: Invalid Directive: for current device, ROM_1P + LUTRAM is invalid combination for BIND_STORAGE's option 'type + impl' [clang-diagnostic-error]
#pragma HLS BIND_STORAGE variable=second_order_float::cos_K0 type=ROM_1P impl=LUTRAM
                                                                  ^
C:\Users\ADMIN\GithubClonedRepo\encode1\LSI_encoder\solution1\.autopilot\db\encode.pp.0.cpp:36973:67: error: Invalid Directive: for current device, ROM_1P + LUTRAM is invalid combination for BIND_STORAGE's option 'type + impl' [clang-diagnostic-error]
#pragma HLS BIND_STORAGE variable=second_order_float::cos_K1 type=ROM_1P impl=LUTRAM
                                                                  ^
C:\Users\ADMIN\GithubClonedRepo\encode1\LSI_encoder\solution1\.autopilot\db\encode.pp.0.cpp:36974:67: error: Invalid Directive: for current device, ROM_1P + LUTRAM is invalid combination for BIND_STORAGE's option 'type + impl' [clang-diagnostic-error]
#pragma HLS BIND_STORAGE variable=second_order_float::cos_K2 type=ROM_1P impl=LUTRAM
                                                                  ^
C:\Users\ADMIN\GithubClonedRepo\encode1\LSI_encoder\solution1\.autopilot\db\encode.pp.0.cpp:36975:67: error: Invalid Directive: for current device, ROM_1P + LUTRAM is invalid combination for BIND_STORAGE's option 'type + impl' [clang-diagnostic-error]
#pragma HLS BIND_STORAGE variable=second_order_float::sin_K0 type=ROM_1P impl=LUTRAM
                                                                  ^
C:\Users\ADMIN\GithubClonedRepo\encode1\LSI_encoder\solution1\.autopilot\db\encode.pp.0.cpp:36976:67: error: Invalid Directive: for current device, ROM_1P + LUTRAM is invalid combination for BIND_STORAGE's option 'type + impl' [clang-diagnostic-error]
#pragma HLS BIND_STORAGE variable=second_order_float::sin_K1 type=ROM_1P impl=LUTRAM
                                                                  ^
C:\Users\ADMIN\GithubClonedRepo\encode1\LSI_encoder\solution1\.autopilot\db\encode.pp.0.cpp:36977:67: error: Invalid Directive: for current device, ROM_1P + LUTRAM is invalid combination for BIND_STORAGE's option 'type + impl' [clang-diagnostic-error]
#pragma HLS BIND_STORAGE variable=second_order_float::sin_K2 type=ROM_1P impl=LUTRAM
                                                                  ^
C:\Users\ADMIN\GithubClonedRepo\encode1\LSI_encoder\solution1\.autopilot\db\encode.pp.0.cpp:37013:73: error: Invalid Directive: for current device, ROM_1P + LUTRAM is invalid combination for BIND_STORAGE's option 'type + impl' [clang-diagnostic-error]
#pragma HLS BIND_STORAGE variable=first_order_fixed_16::sin_cos_K0 type=ROM_1P impl=LUTRAM
                                                                        ^
C:\Users\ADMIN\GithubClonedRepo\encode1\LSI_encoder\solution1\.autopilot\db\encode.pp.0.cpp:37014:73: error: Invalid Directive: for current device, ROM_1P + LUTRAM is invalid combination for BIND_STORAGE's option 'type + impl' [clang-diagnostic-error]
#pragma HLS BIND_STORAGE variable=first_order_fixed_16::sin_cos_K1 type=ROM_1P impl=LUTRAM
                                                                        ^
C:\Users\ADMIN\GithubClonedRepo\encode1\LSI_encoder\solution1\.autopilot\db\encode.pp.0.cpp:37288:5: warning: Added loop label VITIS_LOOP_87_1:   [xilinx-label-all-loops]
    for (int n=0; n<Nmax; n++){
    ^~~
    VITIS_LOOP_87_1: 
C:\Users\ADMIN\GithubClonedRepo\encode1\LSI_encoder\solution1\.autopilot\db\encode.pp.0.cpp:37288:5: note: FIX-IT applied suggested code changes
C:\Users\ADMIN\GithubClonedRepo\encode1\LSI_encoder\solution1\.autopilot\db\encode.pp.0.cpp:37334:5: warning: Added loop label VITIS_LOOP_143_1:   [xilinx-label-all-loops]
    for (int n=0; n<Nmax; n++){
    ^~~
    VITIS_LOOP_143_1: 
C:\Users\ADMIN\GithubClonedRepo\encode1\LSI_encoder\solution1\.autopilot\db\encode.pp.0.cpp:37334:5: note: FIX-IT applied suggested code changes
C:\Users\ADMIN\GithubClonedRepo\encode1\LSI_encoder\solution1\.autopilot\db\encode.pp.0.cpp:37497:9: warning: Added loop label VITIS_LOOP_315_1:   [xilinx-label-all-loops]
        for(int i=0;i<W-1;i++){
        ^~~
        VITIS_LOOP_315_1: 
C:\Users\ADMIN\GithubClonedRepo\encode1\LSI_encoder\solution1\.autopilot\db\encode.pp.0.cpp:37497:9: note: FIX-IT applied suggested code changes
C:\Users\ADMIN\GithubClonedRepo\encode1\LSI_encoder\solution1\.autopilot\db\encode.pp.0.cpp:37649:9: warning: Added loop label VITIS_LOOP_475_1:   [xilinx-label-all-loops]
        for(int i=0;i<W-1;i++){
        ^~~
        VITIS_LOOP_475_1: 
C:\Users\ADMIN\GithubClonedRepo\encode1\LSI_encoder\solution1\.autopilot\db\encode.pp.0.cpp:37649:9: note: FIX-IT applied suggested code changes
C:\Users\ADMIN\GithubClonedRepo\encode1\LSI_encoder\solution1\.autopilot\db\encode.pp.0.cpp:37829:5: warning: Added loop label VITIS_LOOP_655_1:   [xilinx-label-all-loops]
    for(int i=0;i<W+1;i++){
    ^~~
    VITIS_LOOP_655_1: 
C:\Users\ADMIN\GithubClonedRepo\encode1\LSI_encoder\solution1\.autopilot\db\encode.pp.0.cpp:37829:5: note: FIX-IT applied suggested code changes
C:\Users\ADMIN\GithubClonedRepo\encode1\LSI_encoder\solution1\.autopilot\db\encode.pp.0.cpp:37833:5: warning: Added loop label VITIS_LOOP_659_2:   [xilinx-label-all-loops]
    for(int i=0;i<W+1;i++){
    ^~~
    VITIS_LOOP_659_2: 
C:\Users\ADMIN\GithubClonedRepo\encode1\LSI_encoder\solution1\.autopilot\db\encode.pp.0.cpp:37833:5: note: FIX-IT applied suggested code changes
C:\Users\ADMIN\GithubClonedRepo\encode1\LSI_encoder\solution1\.autopilot\db\encode.pp.0.cpp:37943:5: warning: Added loop label VITIS_LOOP_769_1:   [xilinx-label-all-loops]
    for (int n=0; n<Nmax; n++){
    ^~~
    VITIS_LOOP_769_1: 
C:\Users\ADMIN\GithubClonedRepo\encode1\LSI_encoder\solution1\.autopilot\db\encode.pp.0.cpp:37943:5: note: FIX-IT applied suggested code changes
C:\Users\ADMIN\GithubClonedRepo\encode1\LSI_encoder\solution1\.autopilot\db\encode.pp.0.cpp:38033:7: warning: Added loop label VITIS_LOOP_866_1:   [xilinx-label-all-loops]
      for(int i=0;i<W-1;i++){
      ^~~
      VITIS_LOOP_866_1: 
C:\Users\ADMIN\GithubClonedRepo\encode1\LSI_encoder\solution1\.autopilot\db\encode.pp.0.cpp:38033:7: note: FIX-IT applied suggested code changes
C:\Users\ADMIN\GithubClonedRepo\encode1\LSI_encoder\solution1\.autopilot\db\encode.pp.0.cpp:38052:7: warning: Added loop label VITIS_LOOP_885_2:   [xilinx-label-all-loops]
      for(int i=0;i<W-1;i++){
      ^~~
      VITIS_LOOP_885_2: 
C:\Users\ADMIN\GithubClonedRepo\encode1\LSI_encoder\solution1\.autopilot\db\encode.pp.0.cpp:38052:7: note: FIX-IT applied suggested code changes
C:\Users\ADMIN\GithubClonedRepo\encode1\LSI_encoder\solution1\.autopilot\db\encode.pp.0.cpp:38342:5: warning: Added loop label VITIS_LOOP_1199_1:   [xilinx-label-all-loops]
    for(int i=0; i<Nmax; i++) {
    ^~~
    VITIS_LOOP_1199_1: 
C:\Users\ADMIN\GithubClonedRepo\encode1\LSI_encoder\solution1\.autopilot\db\encode.pp.0.cpp:38342:5: note: FIX-IT applied suggested code changes
C:\Users\ADMIN\GithubClonedRepo\encode1\LSI_encoder\solution1\.autopilot\db\encode.pp.0.cpp:38425:5: warning: Added loop label VITIS_LOOP_1282_1:   [xilinx-label-all-loops]
    for(int i=0; i<Nmax; i++) {
    ^~~
    VITIS_LOOP_1282_1: 
C:\Users\ADMIN\GithubClonedRepo\encode1\LSI_encoder\solution1\.autopilot\db\encode.pp.0.cpp:38425:5: note: FIX-IT applied suggested code changes
C:\Users\ADMIN\GithubClonedRepo\encode1\LSI_encoder\solution1\.autopilot\db\encode.pp.0.cpp:38831:13: warning: Added loop label VITIS_LOOP_94_1:   [xilinx-label-all-loops]
            for (int j = 3; j >= I_+1; j--) {
            ^~~
            VITIS_LOOP_94_1: 
C:\Users\ADMIN\GithubClonedRepo\encode1\LSI_encoder\solution1\.autopilot\db\encode.pp.0.cpp:38831:13: note: FIX-IT applied suggested code changes
C:\Users\ADMIN\GithubClonedRepo\encode1\LSI_encoder\solution1\.autopilot\db\encode.pp.0.cpp:38837:17: warning: Added loop label VITIS_LOOP_100_2:   [xilinx-label-all-loops]
                for (int j = 3; j >= I_+1; j--){
                ^~~
                VITIS_LOOP_100_2: 
C:\Users\ADMIN\GithubClonedRepo\encode1\LSI_encoder\solution1\.autopilot\db\encode.pp.0.cpp:38837:17: note: FIX-IT applied suggested code changes
C:\Users\ADMIN\GithubClonedRepo\encode1\LSI_encoder\solution1\.autopilot\db\encode.pp.0.cpp:38841:17: warning: Added loop label VITIS_LOOP_104_3:   [xilinx-label-all-loops]
                for (int j = I_; j >= 0; j--){
                ^~~
                VITIS_LOOP_104_3: 
C:\Users\ADMIN\GithubClonedRepo\encode1\LSI_encoder\solution1\.autopilot\db\encode.pp.0.cpp:38841:17: note: FIX-IT applied suggested code changes
C:\Users\ADMIN\GithubClonedRepo\encode1\LSI_encoder\solution1\.autopilot\db\encode.pp.0.cpp:38889:13: warning: Added loop label VITIS_LOOP_171_4:   [xilinx-label-all-loops]
            for (int j = 9; j >= I_+4; j--) {
            ^~~
            VITIS_LOOP_171_4: 
C:\Users\ADMIN\GithubClonedRepo\encode1\LSI_encoder\solution1\.autopilot\db\encode.pp.0.cpp:38889:13: note: FIX-IT applied suggested code changes
C:\Users\ADMIN\GithubClonedRepo\encode1\LSI_encoder\solution1\.autopilot\db\encode.pp.0.cpp:38895:17: warning: Added loop label VITIS_LOOP_177_5:   [xilinx-label-all-loops]
                for (int j = 9; j >= I_+4; j--){
                ^~~
                VITIS_LOOP_177_5: 
C:\Users\ADMIN\GithubClonedRepo\encode1\LSI_encoder\solution1\.autopilot\db\encode.pp.0.cpp:38895:17: note: FIX-IT applied suggested code changes
C:\Users\ADMIN\GithubClonedRepo\encode1\LSI_encoder\solution1\.autopilot\db\encode.pp.0.cpp:38899:17: warning: Added loop label VITIS_LOOP_181_6:   [xilinx-label-all-loops]
                for (int j = I_+3; j >= 0; j--){
                ^~~
                VITIS_LOOP_181_6: 
C:\Users\ADMIN\GithubClonedRepo\encode1\LSI_encoder\solution1\.autopilot\db\encode.pp.0.cpp:38899:17: note: FIX-IT applied suggested code changes
C:\Users\ADMIN\GithubClonedRepo\encode1\LSI_encoder\solution1\.autopilot\db\encode.pp.0.cpp:38914:9: warning: Added loop label VITIS_LOOP_196_7:   [xilinx-label-all-loops]
        for (int j = 14; j < 22; j++){
        ^~~
        VITIS_LOOP_196_7: 
C:\Users\ADMIN\GithubClonedRepo\encode1\LSI_encoder\solution1\.autopilot\db\encode.pp.0.cpp:38914:9: note: FIX-IT applied suggested code changes
C:\Users\ADMIN\GithubClonedRepo\encode1\LSI_encoder\solution1\.autopilot\db\encode.pp.0.cpp:38922:17: warning: Added loop label VITIS_LOOP_204_8:   [xilinx-label-all-loops]
                for (int j = 0; j < 22; j++){
                ^~~
                VITIS_LOOP_204_8: 
C:\Users\ADMIN\GithubClonedRepo\encode1\LSI_encoder\solution1\.autopilot\db\encode.pp.0.cpp:38922:17: note: FIX-IT applied suggested code changes
C:\Users\ADMIN\GithubClonedRepo\encode1\LSI_encoder\solution1\.autopilot\db\encode.pp.0.cpp:38987:13: warning: Added loop label VITIS_LOOP_269_9:   [xilinx-label-all-loops]
            for (int j = 21; j >= I_+10; j--) {
            ^~~
            VITIS_LOOP_269_9: 
C:\Users\ADMIN\GithubClonedRepo\encode1\LSI_encoder\solution1\.autopilot\db\encode.pp.0.cpp:38987:13: note: FIX-IT applied suggested code changes
C:\Users\ADMIN\GithubClonedRepo\encode1\LSI_encoder\solution1\.autopilot\db\encode.pp.0.cpp:38993:17: warning: Added loop label VITIS_LOOP_275_10:   [xilinx-label-all-loops]
                for (int j = 21; j >= I_+10; j--) {
                ^~~
                VITIS_LOOP_275_10: 
C:\Users\ADMIN\GithubClonedRepo\encode1\LSI_encoder\solution1\.autopilot\db\encode.pp.0.cpp:38993:17: note: FIX-IT applied suggested code changes
C:\Users\ADMIN\GithubClonedRepo\encode1\LSI_encoder\solution1\.autopilot\db\encode.pp.0.cpp:38997:17: warning: Added loop label VITIS_LOOP_279_11:   [xilinx-label-all-loops]
                for (int j = I_+9; j >= 0; j--) {
                ^~~
                VITIS_LOOP_279_11: 
C:\Users\ADMIN\GithubClonedRepo\encode1\LSI_encoder\solution1\.autopilot\db\encode.pp.0.cpp:38997:17: note: FIX-IT applied suggested code changes
C:\Users\ADMIN\GithubClonedRepo\encode1\LSI_encoder\solution1\.autopilot\db\encode.pp.0.cpp:39012:9: warning: Added loop label VITIS_LOOP_294_12:   [xilinx-label-all-loops]
        for (int j = 27; j < 46; j++){
        ^~~
        VITIS_LOOP_294_12: 
C:\Users\ADMIN\GithubClonedRepo\encode1\LSI_encoder\solution1\.autopilot\db\encode.pp.0.cpp:39012:9: note: FIX-IT applied suggested code changes
C:\Users\ADMIN\GithubClonedRepo\encode1\LSI_encoder\solution1\.autopilot\db\encode.pp.0.cpp:39020:17: warning: Added loop label VITIS_LOOP_302_13:   [xilinx-label-all-loops]
                for (int j = 0; j < 46; j++) {
                ^~~
                VITIS_LOOP_302_13: 
C:\Users\ADMIN\GithubClonedRepo\encode1\LSI_encoder\solution1\.autopilot\db\encode.pp.0.cpp:39020:17: note: FIX-IT applied suggested code changes
C:\Users\ADMIN\GithubClonedRepo\encode1\LSI_encoder\solution1\.autopilot\db\encode.pp.0.cpp:39249:13: warning: Added loop label VITIS_LOOP_531_14:   [xilinx-label-all-loops]
            for (int j = 45; j >= I_+22; j--) {
            ^~~
            VITIS_LOOP_531_14: 
C:\Users\ADMIN\GithubClonedRepo\encode1\LSI_encoder\solution1\.autopilot\db\encode.pp.0.cpp:39249:13: note: FIX-IT applied suggested code changes
C:\Users\ADMIN\GithubClonedRepo\encode1\LSI_encoder\solution1\.autopilot\db\encode.pp.0.cpp:39255:17: warning: Added loop label VITIS_LOOP_537_15:   [xilinx-label-all-loops]
                for (int j = 45; j >= I_+22; j--){
                ^~~
                VITIS_LOOP_537_15: 
C:\Users\ADMIN\GithubClonedRepo\encode1\LSI_encoder\solution1\.autopilot\db\encode.pp.0.cpp:39255:17: note: FIX-IT applied suggested code changes
C:\Users\ADMIN\GithubClonedRepo\encode1\LSI_encoder\solution1\.autopilot\db\encode.pp.0.cpp:39259:17: warning: Added loop label VITIS_LOOP_541_16:   [xilinx-label-all-loops]
                for (int j = I_+21; j >= 0; j--) {
                ^~~
                VITIS_LOOP_541_16: 
C:\Users\ADMIN\GithubClonedRepo\encode1\LSI_encoder\solution1\.autopilot\db\encode.pp.0.cpp:39259:17: note: FIX-IT applied suggested code changes
C:\Users\ADMIN\GithubClonedRepo\encode1\LSI_encoder\solution1\.autopilot\db\encode.pp.0.cpp:39269:9: warning: Added loop label VITIS_LOOP_551_17:   [xilinx-label-all-loops]
        for (int j = 32-F_; j < 32+I_; j++){
        ^~~
        VITIS_LOOP_551_17: 
C:\Users\ADMIN\GithubClonedRepo\encode1\LSI_encoder\solution1\.autopilot\db\encode.pp.0.cpp:39269:9: note: FIX-IT applied suggested code changes
C:\Users\ADMIN\GithubClonedRepo\encode1\LSI_encoder\solution1\.autopilot\db\encode.pp.0.cpp:39273:9: warning: Added loop label VITIS_LOOP_555_18:   [xilinx-label-all-loops]
        for (int j = 32+I_; j <= 64; j++){
        ^~~
        VITIS_LOOP_555_18: 
C:\Users\ADMIN\GithubClonedRepo\encode1\LSI_encoder\solution1\.autopilot\db\encode.pp.0.cpp:39273:9: note: FIX-IT applied suggested code changes
C:\Users\ADMIN\GithubClonedRepo\encode1\LSI_encoder\solution1\.autopilot\db\encode.pp.0.cpp:39283:9: warning: Added loop label VITIS_LOOP_565_19:   [xilinx-label-all-loops]
        for (int j = 37; j < 64; j++) {
        ^~~
        VITIS_LOOP_565_19: 
C:\Users\ADMIN\GithubClonedRepo\encode1\LSI_encoder\solution1\.autopilot\db\encode.pp.0.cpp:39283:9: note: FIX-IT applied suggested code changes
C:\Users\ADMIN\GithubClonedRepo\encode1\LSI_encoder\solution1\.autopilot\db\encode.pp.0.cpp:39291:17: warning: Added loop label VITIS_LOOP_573_20:   [xilinx-label-all-loops]
                for (int j = 0; j < 64; j++){
                ^~~
                VITIS_LOOP_573_20: 
C:\Users\ADMIN\GithubClonedRepo\encode1\LSI_encoder\solution1\.autopilot\db\encode.pp.0.cpp:39291:17: note: FIX-IT applied suggested code changes
C:\Users\ADMIN\GithubClonedRepo\encode1\LSI_encoder\solution1\.autopilot\db\encode.pp.0.cpp:39652:13: warning: Added loop label VITIS_LOOP_934_21:   [xilinx-label-all-loops]
            for (int j = 63; j >= I_+31; j--) {
            ^~~
            VITIS_LOOP_934_21: 
C:\Users\ADMIN\GithubClonedRepo\encode1\LSI_encoder\solution1\.autopilot\db\encode.pp.0.cpp:39652:13: note: FIX-IT applied suggested code changes
C:\Users\ADMIN\GithubClonedRepo\encode1\LSI_encoder\solution1\.autopilot\db\encode.pp.0.cpp:39658:17: warning: Added loop label VITIS_LOOP_940_22:   [xilinx-label-all-loops]
                for (int j = 63; j >= I_+31; j--) {
                ^~~
                VITIS_LOOP_940_22: 
C:\Users\ADMIN\GithubClonedRepo\encode1\LSI_encoder\solution1\.autopilot\db\encode.pp.0.cpp:39658:17: note: FIX-IT applied suggested code changes
C:\Users\ADMIN\GithubClonedRepo\encode1\LSI_encoder\solution1\.autopilot\db\encode.pp.0.cpp:39662:17: warning: Added loop label VITIS_LOOP_944_23:   [xilinx-label-all-loops]
                for (int j = I_+30; j >= 0; j--) {
                ^~~
                VITIS_LOOP_944_23: 
C:\Users\ADMIN\GithubClonedRepo\encode1\LSI_encoder\solution1\.autopilot\db\encode.pp.0.cpp:39662:17: note: FIX-IT applied suggested code changes
C:\Users\ADMIN\GithubClonedRepo\encode1\LSI_encoder\solution1\.autopilot\db\encode.pp.0.cpp:39778:13: warning: Added loop label VITIS_LOOP_1060_1:   [xilinx-label-all-loops]
            for (int j = 4; j >= I_+1; j--) {
            ^~~
            VITIS_LOOP_1060_1: 
C:\Users\ADMIN\GithubClonedRepo\encode1\LSI_encoder\solution1\.autopilot\db\encode.pp.0.cpp:39778:13: note: FIX-IT applied suggested code changes
C:\Users\ADMIN\GithubClonedRepo\encode1\LSI_encoder\solution1\.autopilot\db\encode.pp.0.cpp:39784:17: warning: Added loop label VITIS_LOOP_1066_2:   [xilinx-label-all-loops]
                for (int j = 4; j >= I_+1; j--) {
                ^~~
                VITIS_LOOP_1066_2: 
C:\Users\ADMIN\GithubClonedRepo\encode1\LSI_encoder\solution1\.autopilot\db\encode.pp.0.cpp:39784:17: note: FIX-IT applied suggested code changes
C:\Users\ADMIN\GithubClonedRepo\encode1\LSI_encoder\solution1\.autopilot\db\encode.pp.0.cpp:39788:17: warning: Added loop label VITIS_LOOP_1070_3:   [xilinx-label-all-loops]
                for (int j = I_; j >= 0; j--) {
                ^~~
                VITIS_LOOP_1070_3: 
C:\Users\ADMIN\GithubClonedRepo\encode1\LSI_encoder\solution1\.autopilot\db\encode.pp.0.cpp:39788:17: note: FIX-IT applied suggested code changes
C:\Users\ADMIN\GithubClonedRepo\encode1\LSI_encoder\solution1\.autopilot\db\encode.pp.0.cpp:39875:13: warning: Added loop label VITIS_LOOP_1157_4:   [xilinx-label-all-loops]
            for (int j = 10; j >= I_+4; j--) {
            ^~~
            VITIS_LOOP_1157_4: 
C:\Users\ADMIN\GithubClonedRepo\encode1\LSI_encoder\solution1\.autopilot\db\encode.pp.0.cpp:39875:13: note: FIX-IT applied suggested code changes
C:\Users\ADMIN\GithubClonedRepo\encode1\LSI_encoder\solution1\.autopilot\db\encode.pp.0.cpp:39881:17: warning: Added loop label VITIS_LOOP_1163_5:   [xilinx-label-all-loops]
                for (int j = 10; j >= I_+4; j--) {
                ^~~
                VITIS_LOOP_1163_5: 
C:\Users\ADMIN\GithubClonedRepo\encode1\LSI_encoder\solution1\.autopilot\db\encode.pp.0.cpp:39881:17: note: FIX-IT applied suggested code changes
C:\Users\ADMIN\GithubClonedRepo\encode1\LSI_encoder\solution1\.autopilot\db\encode.pp.0.cpp:39885:17: warning: Added loop label VITIS_LOOP_1167_6:   [xilinx-label-all-loops]
                for (int j = I_+3; j >= 0; j--) {
                ^~~
                VITIS_LOOP_1167_6: 
C:\Users\ADMIN\GithubClonedRepo\encode1\LSI_encoder\solution1\.autopilot\db\encode.pp.0.cpp:39885:17: note: FIX-IT applied suggested code changes
C:\Users\ADMIN\GithubClonedRepo\encode1\LSI_encoder\solution1\.autopilot\db\encode.pp.0.cpp:39904:9: warning: Added loop label VITIS_LOOP_1186_7:   [xilinx-label-all-loops]
        for (int j = wf+3; j < w-1; j++) {
        ^~~
        VITIS_LOOP_1186_7: 
C:\Users\ADMIN\GithubClonedRepo\encode1\LSI_encoder\solution1\.autopilot\db\encode.pp.0.cpp:39904:9: note: FIX-IT applied suggested code changes
C:\Users\ADMIN\GithubClonedRepo\encode1\LSI_encoder\solution1\.autopilot\db\encode.pp.0.cpp:39911:17: warning: Added loop label VITIS_LOOP_1193_8:   [xilinx-label-all-loops]
                for (int j = 0; j < 22; j++) {
                ^~~
                VITIS_LOOP_1193_8: 
C:\Users\ADMIN\GithubClonedRepo\encode1\LSI_encoder\solution1\.autopilot\db\encode.pp.0.cpp:39911:17: note: FIX-IT applied suggested code changes
C:\Users\ADMIN\GithubClonedRepo\encode1\LSI_encoder\solution1\.autopilot\db\encode.pp.0.cpp:40027:13: warning: Added loop label VITIS_LOOP_1309_9:   [xilinx-label-all-loops]
            for (int j = 22; j >= I_+10; j--) {
            ^~~
            VITIS_LOOP_1309_9: 
C:\Users\ADMIN\GithubClonedRepo\encode1\LSI_encoder\solution1\.autopilot\db\encode.pp.0.cpp:40027:13: note: FIX-IT applied suggested code changes
C:\Users\ADMIN\GithubClonedRepo\encode1\LSI_encoder\solution1\.autopilot\db\encode.pp.0.cpp:40033:17: warning: Added loop label VITIS_LOOP_1315_10:   [xilinx-label-all-loops]
                for (int j = 22; j >= I_+10; j--){
                ^~~
                VITIS_LOOP_1315_10: 
C:\Users\ADMIN\GithubClonedRepo\encode1\LSI_encoder\solution1\.autopilot\db\encode.pp.0.cpp:40033:17: note: FIX-IT applied suggested code changes
C:\Users\ADMIN\GithubClonedRepo\encode1\LSI_encoder\solution1\.autopilot\db\encode.pp.0.cpp:40037:17: warning: Added loop label VITIS_LOOP_1319_11:   [xilinx-label-all-loops]
                for (int j = I_+9; j >= 0; j--) {
                ^~~
                VITIS_LOOP_1319_11: 
C:\Users\ADMIN\GithubClonedRepo\encode1\LSI_encoder\solution1\.autopilot\db\encode.pp.0.cpp:40037:17: note: FIX-IT applied suggested code changes
C:\Users\ADMIN\GithubClonedRepo\encode1\LSI_encoder\solution1\.autopilot\db\encode.pp.0.cpp:40057:9: warning: Added loop label VITIS_LOOP_1339_12:   [xilinx-label-all-loops]
        for (int j = wf+4; j < w-1; j++){
        ^~~
        VITIS_LOOP_1339_12: 
C:\Users\ADMIN\GithubClonedRepo\encode1\LSI_encoder\solution1\.autopilot\db\encode.pp.0.cpp:40057:9: note: FIX-IT applied suggested code changes
C:\Users\ADMIN\GithubClonedRepo\encode1\LSI_encoder\solution1\.autopilot\db\encode.pp.0.cpp:40064:17: warning: Added loop label VITIS_LOOP_1346_13:   [xilinx-label-all-loops]
                for (int j = 0; j < 46; j++) {
                ^~~
                VITIS_LOOP_1346_13: 
C:\Users\ADMIN\GithubClonedRepo\encode1\LSI_encoder\solution1\.autopilot\db\encode.pp.0.cpp:40064:17: note: FIX-IT applied suggested code changes
C:\Users\ADMIN\GithubClonedRepo\encode1\LSI_encoder\solution1\.autopilot\db\encode.pp.0.cpp:40326:13: warning: Added loop label VITIS_LOOP_1608_14:   [xilinx-label-all-loops]
            for (int j = 46; j >= I_+22; j--) {
            ^~~
            VITIS_LOOP_1608_14: 
C:\Users\ADMIN\GithubClonedRepo\encode1\LSI_encoder\solution1\.autopilot\db\encode.pp.0.cpp:40326:13: note: FIX-IT applied suggested code changes
C:\Users\ADMIN\GithubClonedRepo\encode1\LSI_encoder\solution1\.autopilot\db\encode.pp.0.cpp:40332:17: warning: Added loop label VITIS_LOOP_1614_15:   [xilinx-label-all-loops]
                for (int j = 46; j >= I_+22; j--) {
                ^~~
                VITIS_LOOP_1614_15: 
C:\Users\ADMIN\GithubClonedRepo\encode1\LSI_encoder\solution1\.autopilot\db\encode.pp.0.cpp:40332:17: note: FIX-IT applied suggested code changes
C:\Users\ADMIN\GithubClonedRepo\encode1\LSI_encoder\solution1\.autopilot\db\encode.pp.0.cpp:40336:17: warning: Added loop label VITIS_LOOP_1618_16:   [xilinx-label-all-loops]
                for (int j = I_+21; j >= 0; j--) {
                ^~~
                VITIS_LOOP_1618_16: 
C:\Users\ADMIN\GithubClonedRepo\encode1\LSI_encoder\solution1\.autopilot\db\encode.pp.0.cpp:40336:17: note: FIX-IT applied suggested code changes
C:\Users\ADMIN\GithubClonedRepo\encode1\LSI_encoder\solution1\.autopilot\db\encode.pp.0.cpp:40360:9: warning: Added loop label VITIS_LOOP_1642_17:   [xilinx-label-all-loops]
        for (int j = wf+5; j < w-1; j++){
        ^~~
        VITIS_LOOP_1642_17: 
C:\Users\ADMIN\GithubClonedRepo\encode1\LSI_encoder\solution1\.autopilot\db\encode.pp.0.cpp:40360:9: note: FIX-IT applied suggested code changes
C:\Users\ADMIN\GithubClonedRepo\encode1\LSI_encoder\solution1\.autopilot\db\encode.pp.0.cpp:40367:17: warning: Added loop label VITIS_LOOP_1649_18:   [xilinx-label-all-loops]
                for (int j = 0; j < 64; j++) {
                ^~~
                VITIS_LOOP_1649_18: 
C:\Users\ADMIN\GithubClonedRepo\encode1\LSI_encoder\solution1\.autopilot\db\encode.pp.0.cpp:40367:17: note: FIX-IT applied suggested code changes
C:\Users\ADMIN\GithubClonedRepo\encode1\LSI_encoder\solution1\.autopilot\db\encode.pp.0.cpp:40797:13: warning: Added loop label VITIS_LOOP_2079_19:   [xilinx-label-all-loops]
            for (int j = 64; j >= I_+31; j--) {
            ^~~
            VITIS_LOOP_2079_19: 
C:\Users\ADMIN\GithubClonedRepo\encode1\LSI_encoder\solution1\.autopilot\db\encode.pp.0.cpp:40797:13: note: FIX-IT applied suggested code changes
C:\Users\ADMIN\GithubClonedRepo\encode1\LSI_encoder\solution1\.autopilot\db\encode.pp.0.cpp:40803:17: warning: Added loop label VITIS_LOOP_2085_20:   [xilinx-label-all-loops]
                for (int j = 64; j >= I_+31; j--) {
                ^~~
                VITIS_LOOP_2085_20: 
C:\Users\ADMIN\GithubClonedRepo\encode1\LSI_encoder\solution1\.autopilot\db\encode.pp.0.cpp:40803:17: note: FIX-IT applied suggested code changes
C:\Users\ADMIN\GithubClonedRepo\encode1\LSI_encoder\solution1\.autopilot\db\encode.pp.0.cpp:40807:17: warning: Added loop label VITIS_LOOP_2089_21:   [xilinx-label-all-loops]
                for (int j = I_+30; j >= 0; j--) {
                ^~~
                VITIS_LOOP_2089_21: 
C:\Users\ADMIN\GithubClonedRepo\encode1\LSI_encoder\solution1\.autopilot\db\encode.pp.0.cpp:40807:17: note: FIX-IT applied suggested code changes
C:\Users\ADMIN\GithubClonedRepo\encode1\LSI_encoder\solution1\.autopilot\db\encode.pp.0.cpp:40937:13: warning: Added loop label VITIS_LOOP_2219_1:   [xilinx-label-all-loops]
            for(int j=3; j>=I+1; j--) {
            ^~~
            VITIS_LOOP_2219_1: 
C:\Users\ADMIN\GithubClonedRepo\encode1\LSI_encoder\solution1\.autopilot\db\encode.pp.0.cpp:40937:13: note: FIX-IT applied suggested code changes
C:\Users\ADMIN\GithubClonedRepo\encode1\LSI_encoder\solution1\.autopilot\db\encode.pp.0.cpp:40944:17: warning: Added loop label VITIS_LOOP_2226_2:   [xilinx-label-all-loops]
                for(int j=3; j>=I+1; j--) {
                ^~~
                VITIS_LOOP_2226_2: 
C:\Users\ADMIN\GithubClonedRepo\encode1\LSI_encoder\solution1\.autopilot\db\encode.pp.0.cpp:40944:17: note: FIX-IT applied suggested code changes
C:\Users\ADMIN\GithubClonedRepo\encode1\LSI_encoder\solution1\.autopilot\db\encode.pp.0.cpp:40948:17: warning: Added loop label VITIS_LOOP_2230_3:   [xilinx-label-all-loops]
                for(int j=I; j>=0; j--) {
                ^~~
                VITIS_LOOP_2230_3: 
C:\Users\ADMIN\GithubClonedRepo\encode1\LSI_encoder\solution1\.autopilot\db\encode.pp.0.cpp:40948:17: note: FIX-IT applied suggested code changes
C:\Users\ADMIN\GithubClonedRepo\encode1\LSI_encoder\solution1\.autopilot\db\encode.pp.0.cpp:40995:13: warning: Added loop label VITIS_LOOP_2277_4:   [xilinx-label-all-loops]
            for(int j=7; j>=3+I; j--) {
            ^~~
            VITIS_LOOP_2277_4: 
C:\Users\ADMIN\GithubClonedRepo\encode1\LSI_encoder\solution1\.autopilot\db\encode.pp.0.cpp:40995:13: note: FIX-IT applied suggested code changes
C:\Users\ADMIN\GithubClonedRepo\encode1\LSI_encoder\solution1\.autopilot\db\encode.pp.0.cpp:41002:17: warning: Added loop label VITIS_LOOP_2284_5:   [xilinx-label-all-loops]
                for(int j=7; j>=3+I; j--) {
                ^~~
                VITIS_LOOP_2284_5: 
C:\Users\ADMIN\GithubClonedRepo\encode1\LSI_encoder\solution1\.autopilot\db\encode.pp.0.cpp:41002:17: note: FIX-IT applied suggested code changes
C:\Users\ADMIN\GithubClonedRepo\encode1\LSI_encoder\solution1\.autopilot\db\encode.pp.0.cpp:41006:17: warning: Added loop label VITIS_LOOP_2288_6:   [xilinx-label-all-loops]
                for(int j=I+2; j>=0; j--) {
                ^~~
                VITIS_LOOP_2288_6: 
C:\Users\ADMIN\GithubClonedRepo\encode1\LSI_encoder\solution1\.autopilot\db\encode.pp.0.cpp:41006:17: note: FIX-IT applied suggested code changes
C:\Users\ADMIN\GithubClonedRepo\encode1\LSI_encoder\solution1\.autopilot\db\encode.pp.0.cpp:41024:9: warning: Added loop label VITIS_LOOP_2306_7:   [xilinx-label-all-loops]
        for(int j=11; j<16; j++) {
        ^~~
        VITIS_LOOP_2306_7: 
C:\Users\ADMIN\GithubClonedRepo\encode1\LSI_encoder\solution1\.autopilot\db\encode.pp.0.cpp:41024:9: note: FIX-IT applied suggested code changes
C:\Users\ADMIN\GithubClonedRepo\encode1\LSI_encoder\solution1\.autopilot\db\encode.pp.0.cpp:41079:13: warning: Added loop label VITIS_LOOP_2361_8:   [xilinx-label-all-loops]
            for(int j=15; j>=7+I; j--) {
            ^~~
            VITIS_LOOP_2361_8: 
C:\Users\ADMIN\GithubClonedRepo\encode1\LSI_encoder\solution1\.autopilot\db\encode.pp.0.cpp:41079:13: note: FIX-IT applied suggested code changes
C:\Users\ADMIN\GithubClonedRepo\encode1\LSI_encoder\solution1\.autopilot\db\encode.pp.0.cpp:41086:17: warning: Added loop label VITIS_LOOP_2368_9:   [xilinx-label-all-loops]
                for(int j=15; j>=7+I; j--) {
                ^~~
                VITIS_LOOP_2368_9: 
C:\Users\ADMIN\GithubClonedRepo\encode1\LSI_encoder\solution1\.autopilot\db\encode.pp.0.cpp:41086:17: note: FIX-IT applied suggested code changes
C:\Users\ADMIN\GithubClonedRepo\encode1\LSI_encoder\solution1\.autopilot\db\encode.pp.0.cpp:41090:17: warning: Added loop label VITIS_LOOP_2372_10:   [xilinx-label-all-loops]
                for(int j=6+I; j>=0; j--) {
                ^~~
                VITIS_LOOP_2372_10: 
C:\Users\ADMIN\GithubClonedRepo\encode1\LSI_encoder\solution1\.autopilot\db\encode.pp.0.cpp:41090:17: note: FIX-IT applied suggested code changes
C:\Users\ADMIN\GithubClonedRepo\encode1\LSI_encoder\solution1\.autopilot\db\encode.pp.0.cpp:41108:9: warning: Added loop label VITIS_LOOP_2390_11:   [xilinx-label-all-loops]
        for(int j=20; j<32; j++) {
        ^~~
        VITIS_LOOP_2390_11: 
C:\Users\ADMIN\GithubClonedRepo\encode1\LSI_encoder\solution1\.autopilot\db\encode.pp.0.cpp:41108:9: note: FIX-IT applied suggested code changes
C:\Users\ADMIN\GithubClonedRepo\encode1\LSI_encoder\solution1\.autopilot\db\encode.pp.0.cpp:41197:13: warning: Added loop label VITIS_LOOP_2479_12:   [xilinx-label-all-loops]
            for(int j=31; j>=I+15; j--) {
            ^~~
            VITIS_LOOP_2479_12: 
C:\Users\ADMIN\GithubClonedRepo\encode1\LSI_encoder\solution1\.autopilot\db\encode.pp.0.cpp:41197:13: note: FIX-IT applied suggested code changes
C:\Users\ADMIN\GithubClonedRepo\encode1\LSI_encoder\solution1\.autopilot\db\encode.pp.0.cpp:41204:17: warning: Added loop label VITIS_LOOP_2486_13:   [xilinx-label-all-loops]
                for(int j=31; j>=I+15; j--) {
                ^~~
                VITIS_LOOP_2486_13: 
C:\Users\ADMIN\GithubClonedRepo\encode1\LSI_encoder\solution1\.autopilot\db\encode.pp.0.cpp:41204:17: note: FIX-IT applied suggested code changes
C:\Users\ADMIN\GithubClonedRepo\encode1\LSI_encoder\solution1\.autopilot\db\encode.pp.0.cpp:41208:17: warning: Added loop label VITIS_LOOP_2490_14:   [xilinx-label-all-loops]
                for(int j=I+14; j>=0; j--) {
                ^~~
                VITIS_LOOP_2490_14: 
C:\Users\ADMIN\GithubClonedRepo\encode1\LSI_encoder\solution1\.autopilot\db\encode.pp.0.cpp:41208:17: note: FIX-IT applied suggested code changes
C:\Users\ADMIN\GithubClonedRepo\encode1\LSI_encoder\solution1\.autopilot\db\encode.pp.0.cpp:41218:9: warning: Added loop label VITIS_LOOP_2500_15:   [xilinx-label-all-loops]
        for(int j=32-F; j<32+I; j++) {
        ^~~
        VITIS_LOOP_2500_15: 
C:\Users\ADMIN\GithubClonedRepo\encode1\LSI_encoder\solution1\.autopilot\db\encode.pp.0.cpp:41218:9: note: FIX-IT applied suggested code changes
C:\Users\ADMIN\GithubClonedRepo\encode1\LSI_encoder\solution1\.autopilot\db\encode.pp.0.cpp:41222:9: warning: Added loop label VITIS_LOOP_2504_16:   [xilinx-label-all-loops]
        for(int j=32+I; j<=64; j++) {
        ^~~
        VITIS_LOOP_2504_16: 
C:\Users\ADMIN\GithubClonedRepo\encode1\LSI_encoder\solution1\.autopilot\db\encode.pp.0.cpp:41222:9: note: FIX-IT applied suggested code changes
C:\Users\ADMIN\GithubClonedRepo\encode1\LSI_encoder\solution1\.autopilot\db\encode.pp.0.cpp:41233:9: warning: Added loop label VITIS_LOOP_2515_17:   [xilinx-label-all-loops]
        for(int j=37; j<64; j++) {
        ^~~
        VITIS_LOOP_2515_17: 
C:\Users\ADMIN\GithubClonedRepo\encode1\LSI_encoder\solution1\.autopilot\db\encode.pp.0.cpp:41233:9: note: FIX-IT applied suggested code changes
C:\Users\ADMIN\GithubClonedRepo\encode1\LSI_encoder\solution1\.autopilot\db\encode.pp.0.cpp:41241:17: warning: Added loop label VITIS_LOOP_2523_18:   [xilinx-label-all-loops]
                for(int j=0; j<64; j++) {
                ^~~
                VITIS_LOOP_2523_18: 
C:\Users\ADMIN\GithubClonedRepo\encode1\LSI_encoder\solution1\.autopilot\db\encode.pp.0.cpp:41241:17: note: FIX-IT applied suggested code changes
C:\Users\ADMIN\GithubClonedRepo\encode1\LSI_encoder\solution1\.autopilot\db\encode.pp.0.cpp:41566:13: warning: Added loop label VITIS_LOOP_2848_19:   [xilinx-label-all-loops]
            for(int j=63; j>=I+31; j--) {
            ^~~
            VITIS_LOOP_2848_19: 
C:\Users\ADMIN\GithubClonedRepo\encode1\LSI_encoder\solution1\.autopilot\db\encode.pp.0.cpp:41566:13: note: FIX-IT applied suggested code changes
C:\Users\ADMIN\GithubClonedRepo\encode1\LSI_encoder\solution1\.autopilot\db\encode.pp.0.cpp:41573:17: warning: Added loop label VITIS_LOOP_2855_20:   [xilinx-label-all-loops]
                for(int j=63; j>=I+31; j--) {
                ^~~
                VITIS_LOOP_2855_20: 
C:\Users\ADMIN\GithubClonedRepo\encode1\LSI_encoder\solution1\.autopilot\db\encode.pp.0.cpp:41573:17: note: FIX-IT applied suggested code changes
C:\Users\ADMIN\GithubClonedRepo\encode1\LSI_encoder\solution1\.autopilot\db\encode.pp.0.cpp:41577:17: warning: Added loop label VITIS_LOOP_2859_21:   [xilinx-label-all-loops]
                for(int j=I+30; j>=0; j--) {
                ^~~
                VITIS_LOOP_2859_21: 
C:\Users\ADMIN\GithubClonedRepo\encode1\LSI_encoder\solution1\.autopilot\db\encode.pp.0.cpp:41577:17: note: FIX-IT applied suggested code changes
C:\Users\ADMIN\GithubClonedRepo\encode1\LSI_encoder\solution1\.autopilot\db\encode.pp.0.cpp:41665:4: warning: Added loop label VITIS_LOOP_2947_1:   [xilinx-label-all-loops]
   for(int j = 5; j>=I_+2; j--) {
   ^~~
   VITIS_LOOP_2947_1: 
C:\Users\ADMIN\GithubClonedRepo\encode1\LSI_encoder\solution1\.autopilot\db\encode.pp.0.cpp:41665:4: note: FIX-IT applied suggested code changes
C:\Users\ADMIN\GithubClonedRepo\encode1\LSI_encoder\solution1\.autopilot\db\encode.pp.0.cpp:41672:5: warning: Added loop label VITIS_LOOP_2954_2:   [xilinx-label-all-loops]
    for(int j = 5; j>=I_+2; j--) {
    ^~~
    VITIS_LOOP_2954_2: 
C:\Users\ADMIN\GithubClonedRepo\encode1\LSI_encoder\solution1\.autopilot\db\encode.pp.0.cpp:41672:5: note: FIX-IT applied suggested code changes
C:\Users\ADMIN\GithubClonedRepo\encode1\LSI_encoder\solution1\.autopilot\db\encode.pp.0.cpp:41676:5: warning: Added loop label VITIS_LOOP_2958_3:   [xilinx-label-all-loops]
    for(int j = I_+1; j>=0; j--) {
    ^~~
    VITIS_LOOP_2958_3: 
C:\Users\ADMIN\GithubClonedRepo\encode1\LSI_encoder\solution1\.autopilot\db\encode.pp.0.cpp:41676:5: note: FIX-IT applied suggested code changes
C:\Users\ADMIN\GithubClonedRepo\encode1\LSI_encoder\solution1\.autopilot\db\encode.pp.0.cpp:41691:3: warning: Added loop label VITIS_LOOP_2973_4:   [xilinx-label-all-loops]
  for(int j = 11; j >=7; j--) {
  ^~~
  VITIS_LOOP_2973_4: 
C:\Users\ADMIN\GithubClonedRepo\encode1\LSI_encoder\solution1\.autopilot\db\encode.pp.0.cpp:41691:3: note: FIX-IT applied suggested code changes
C:\Users\ADMIN\GithubClonedRepo\encode1\LSI_encoder\solution1\.autopilot\db\encode.pp.0.cpp:41723:4: warning: Added loop label VITIS_LOOP_3005_5:   [xilinx-label-all-loops]
   for(int j = 11; j >= I_+5; j--) {
   ^~~
   VITIS_LOOP_3005_5: 
C:\Users\ADMIN\GithubClonedRepo\encode1\LSI_encoder\solution1\.autopilot\db\encode.pp.0.cpp:41723:4: note: FIX-IT applied suggested code changes
C:\Users\ADMIN\GithubClonedRepo\encode1\LSI_encoder\solution1\.autopilot\db\encode.pp.0.cpp:41730:5: warning: Added loop label VITIS_LOOP_3012_6:   [xilinx-label-all-loops]
    for(int j = 11; j>= I_+5; j--) {
    ^~~
    VITIS_LOOP_3012_6: 
C:\Users\ADMIN\GithubClonedRepo\encode1\LSI_encoder\solution1\.autopilot\db\encode.pp.0.cpp:41730:5: note: FIX-IT applied suggested code changes
C:\Users\ADMIN\GithubClonedRepo\encode1\LSI_encoder\solution1\.autopilot\db\encode.pp.0.cpp:41734:5: warning: Added loop label VITIS_LOOP_3016_7:   [xilinx-label-all-loops]
    for(int j = I_+4; j>=0; j--) {
    ^~~
    VITIS_LOOP_3016_7: 
C:\Users\ADMIN\GithubClonedRepo\encode1\LSI_encoder\solution1\.autopilot\db\encode.pp.0.cpp:41734:5: note: FIX-IT applied suggested code changes
C:\Users\ADMIN\GithubClonedRepo\encode1\LSI_encoder\solution1\.autopilot\db\encode.pp.0.cpp:41749:3: warning: Added loop label VITIS_LOOP_3031_8:   [xilinx-label-all-loops]
  for(int j = 25; j>=15; j--) {
  ^~~
  VITIS_LOOP_3031_8: 
C:\Users\ADMIN\GithubClonedRepo\encode1\LSI_encoder\solution1\.autopilot\db\encode.pp.0.cpp:41749:3: note: FIX-IT applied suggested code changes
C:\Users\ADMIN\GithubClonedRepo\encode1\LSI_encoder\solution1\.autopilot\db\encode.pp.0.cpp:41799:4: warning: Added loop label VITIS_LOOP_3081_9:   [xilinx-label-all-loops]
   for(int j = 25; j>= I_+12; j--) {
   ^~~
   VITIS_LOOP_3081_9: 
C:\Users\ADMIN\GithubClonedRepo\encode1\LSI_encoder\solution1\.autopilot\db\encode.pp.0.cpp:41799:4: note: FIX-IT applied suggested code changes
C:\Users\ADMIN\GithubClonedRepo\encode1\LSI_encoder\solution1\.autopilot\db\encode.pp.0.cpp:41806:5: warning: Added loop label VITIS_LOOP_3088_10:   [xilinx-label-all-loops]
    for(int j = 25; j>=I_+12; j--) {
    ^~~
    VITIS_LOOP_3088_10: 
C:\Users\ADMIN\GithubClonedRepo\encode1\LSI_encoder\solution1\.autopilot\db\encode.pp.0.cpp:41806:5: note: FIX-IT applied suggested code changes
C:\Users\ADMIN\GithubClonedRepo\encode1\LSI_encoder\solution1\.autopilot\db\encode.pp.0.cpp:41810:5: warning: Added loop label VITIS_LOOP_3092_11:   [xilinx-label-all-loops]
    for(int j = I_+11; j>=0; j--) {
    ^~~
    VITIS_LOOP_3092_11: 
C:\Users\ADMIN\GithubClonedRepo\encode1\LSI_encoder\solution1\.autopilot\db\encode.pp.0.cpp:41810:5: note: FIX-IT applied suggested code changes
C:\Users\ADMIN\GithubClonedRepo\encode1\LSI_encoder\solution1\.autopilot\db\encode.pp.0.cpp:41825:3: warning: Added loop label VITIS_LOOP_3107_12:   [xilinx-label-all-loops]
  for(int j = 51; j >= 29; j--) {
  ^~~
  VITIS_LOOP_3107_12: 
C:\Users\ADMIN\GithubClonedRepo\encode1\LSI_encoder\solution1\.autopilot\db\encode.pp.0.cpp:41825:3: note: FIX-IT applied suggested code changes
C:\Users\ADMIN\GithubClonedRepo\encode1\LSI_encoder\solution1\.autopilot\db\encode.pp.0.cpp:41962:4: warning: Added loop label VITIS_LOOP_3244_13:   [xilinx-label-all-loops]
   for(int j = 51; j >= 25 + I_; j--) {
   ^~~
   VITIS_LOOP_3244_13: 
C:\Users\ADMIN\GithubClonedRepo\encode1\LSI_encoder\solution1\.autopilot\db\encode.pp.0.cpp:41962:4: note: FIX-IT applied suggested code changes
C:\Users\ADMIN\GithubClonedRepo\encode1\LSI_encoder\solution1\.autopilot\db\encode.pp.0.cpp:41969:5: warning: Added loop label VITIS_LOOP_3251_14:   [xilinx-label-all-loops]
    for(int j = 51; j>=25 + I_; j--) {
    ^~~
    VITIS_LOOP_3251_14: 
C:\Users\ADMIN\GithubClonedRepo\encode1\LSI_encoder\solution1\.autopilot\db\encode.pp.0.cpp:41969:5: note: FIX-IT applied suggested code changes
C:\Users\ADMIN\GithubClonedRepo\encode1\LSI_encoder\solution1\.autopilot\db\encode.pp.0.cpp:41973:5: warning: Added loop label VITIS_LOOP_3255_15:   [xilinx-label-all-loops]
    for(int j = 24 + I_; j >= 0; j--) {
    ^~~
    VITIS_LOOP_3255_15: 
C:\Users\ADMIN\GithubClonedRepo\encode1\LSI_encoder\solution1\.autopilot\db\encode.pp.0.cpp:41973:5: note: FIX-IT applied suggested code changes
C:\Users\ADMIN\GithubClonedRepo\encode1\LSI_encoder\solution1\.autopilot\db\encode.pp.0.cpp:41988:3: warning: Added loop label VITIS_LOOP_3270_16:   [xilinx-label-all-loops]
  for(int j = 63; j >= 36; j--) {
  ^~~
  VITIS_LOOP_3270_16: 
C:\Users\ADMIN\GithubClonedRepo\encode1\LSI_encoder\solution1\.autopilot\db\encode.pp.0.cpp:41988:3: note: FIX-IT applied suggested code changes
C:\Users\ADMIN\GithubClonedRepo\encode1\LSI_encoder\solution1\.autopilot\db\encode.pp.0.cpp:42148:4: warning: Added loop label VITIS_LOOP_3430_17:   [xilinx-label-all-loops]
   for(int j = 63; j >= 31 + I_; j--) {
   ^~~
   VITIS_LOOP_3430_17: 
C:\Users\ADMIN\GithubClonedRepo\encode1\LSI_encoder\solution1\.autopilot\db\encode.pp.0.cpp:42148:4: note: FIX-IT applied suggested code changes
C:\Users\ADMIN\GithubClonedRepo\encode1\LSI_encoder\solution1\.autopilot\db\encode.pp.0.cpp:42155:5: warning: Added loop label VITIS_LOOP_3437_18:   [xilinx-label-all-loops]
    for(int j = 63; j >= 31 + I_; j--) {
    ^~~
    VITIS_LOOP_3437_18: 
C:\Users\ADMIN\GithubClonedRepo\encode1\LSI_encoder\solution1\.autopilot\db\encode.pp.0.cpp:42155:5: note: FIX-IT applied suggested code changes
C:\Users\ADMIN\GithubClonedRepo\encode1\LSI_encoder\solution1\.autopilot\db\encode.pp.0.cpp:42159:5: warning: Added loop label VITIS_LOOP_3441_19:   [xilinx-label-all-loops]
    for(int j = 30 + I_; j >= 0; j--) {
    ^~~
    VITIS_LOOP_3441_19: 
C:\Users\ADMIN\GithubClonedRepo\encode1\LSI_encoder\solution1\.autopilot\db\encode.pp.0.cpp:42159:5: note: FIX-IT applied suggested code changes
C:\Users\ADMIN\GithubClonedRepo\encode1\LSI_encoder\solution1\.autopilot\db\encode.pp.0.cpp:42874:13: warning: Added loop label VITIS_LOOP_729_1:   [xilinx-label-all-loops]
            for (b_exp = I_-1; b_exp >= -F_; b_exp--) {
            ^~~
            VITIS_LOOP_729_1: 
C:\Users\ADMIN\GithubClonedRepo\encode1\LSI_encoder\solution1\.autopilot\db\encode.pp.0.cpp:42874:13: note: FIX-IT applied suggested code changes
C:\Users\ADMIN\GithubClonedRepo\encode1\LSI_encoder\solution1\.autopilot\db\encode.pp.0.cpp:43092:13: warning: Added loop label VITIS_LOOP_947_1:   [xilinx-label-all-loops]
            for (b_exp = I_-1; b_exp >= -F_; b_exp--) {
            ^~~
            VITIS_LOOP_947_1: 
C:\Users\ADMIN\GithubClonedRepo\encode1\LSI_encoder\solution1\.autopilot\db\encode.pp.0.cpp:43092:13: note: FIX-IT applied suggested code changes
C:\Users\ADMIN\GithubClonedRepo\encode1\LSI_encoder\solution1\.autopilot\db\encode.pp.0.cpp:43509:13: warning: Added loop label VITIS_LOOP_1371_1:   [xilinx-label-all-loops]
            for (b_exp = I_-1; b_exp >= -F_; b_exp--) {
            ^~~
            VITIS_LOOP_1371_1: 
C:\Users\ADMIN\GithubClonedRepo\encode1\LSI_encoder\solution1\.autopilot\db\encode.pp.0.cpp:43509:13: note: FIX-IT applied suggested code changes
C:\Users\ADMIN\GithubClonedRepo\encode1\LSI_encoder\solution1\.autopilot\db\encode.pp.0.cpp:43823:9: warning: Added loop label VITIS_LOOP_266_1:   [xilinx-label-all-loops]
        for ( int pos = msbr-1; pos >= 0; pos-- ) {
        ^~~
        VITIS_LOOP_266_1: 
C:\Users\ADMIN\GithubClonedRepo\encode1\LSI_encoder\solution1\.autopilot\db\encode.pp.0.cpp:43823:9: note: FIX-IT applied suggested code changes
C:\Users\ADMIN\GithubClonedRepo\encode1\LSI_encoder\solution1\.autopilot\db\encode.pp.0.cpp:43851:9: warning: Added loop label VITIS_LOOP_294_2:   [xilinx-label-all-loops]
        for ( int pos = -1; pos >= -F_-1; pos-- ) {
        ^~~
        VITIS_LOOP_294_2: 
C:\Users\ADMIN\GithubClonedRepo\encode1\LSI_encoder\solution1\.autopilot\db\encode.pp.0.cpp:43851:9: note: FIX-IT applied suggested code changes
C:\Users\ADMIN\GithubClonedRepo\encode1\LSI_encoder\solution1\.autopilot\db\encode.pp.0.cpp:44546:13: warning: Added loop label VITIS_LOOP_74_1:   [xilinx-label-all-loops]
            for (int j = 0; j < W_-1; j++){
            ^~~
            VITIS_LOOP_74_1: 
C:\Users\ADMIN\GithubClonedRepo\encode1\LSI_encoder\solution1\.autopilot\db\encode.pp.0.cpp:44546:13: note: FIX-IT applied suggested code changes
C:\Users\ADMIN\GithubClonedRepo\encode1\LSI_encoder\solution1\.autopilot\db\encode.pp.0.cpp:44599:5: warning: Added loop label VITIS_LOOP_135_2:   [xilinx-label-all-loops]
    for (int j = F_l+F_+I_m-1; j < F_l+W_+5; j++){
    ^~~
    VITIS_LOOP_135_2: 
C:\Users\ADMIN\GithubClonedRepo\encode1\LSI_encoder\solution1\.autopilot\db\encode.pp.0.cpp:44599:5: note: FIX-IT applied suggested code changes
C:\Users\ADMIN\GithubClonedRepo\encode1\LSI_encoder\solution1\.autopilot\db\encode.pp.0.cpp:44613:13: warning: Added loop label VITIS_LOOP_149_3:   [xilinx-label-all-loops]
            for (int j = WO_m-1; j >= W_-1; j--) {
            ^~~
            VITIS_LOOP_149_3: 
C:\Users\ADMIN\GithubClonedRepo\encode1\LSI_encoder\solution1\.autopilot\db\encode.pp.0.cpp:44613:13: note: FIX-IT applied suggested code changes
C:\Users\ADMIN\GithubClonedRepo\encode1\LSI_encoder\solution1\.autopilot\db\encode.pp.0.cpp:44643:13: warning: Added loop label VITIS_LOOP_179_4:   [xilinx-label-all-loops]
            for (int j = W_-2; j >= 0; j--){
            ^~~
            VITIS_LOOP_179_4: 
C:\Users\ADMIN\GithubClonedRepo\encode1\LSI_encoder\solution1\.autopilot\db\encode.pp.0.cpp:44643:13: note: FIX-IT applied suggested code changes
C:\Users\ADMIN\GithubClonedRepo\encode1\LSI_encoder\solution1\.autopilot\db\encode.pp.0.cpp:44728:12: warning: Added loop label VITIS_LOOP_307_1:   [xilinx-label-all-loops]
           for(int i = wf_log+we_log-2; i > WI_e - 2; --i) {
           ^~~
           VITIS_LOOP_307_1: 
C:\Users\ADMIN\GithubClonedRepo\encode1\LSI_encoder\solution1\.autopilot\db\encode.pp.0.cpp:44728:12: note: FIX-IT applied suggested code changes
C:\Users\ADMIN\GithubClonedRepo\encode1\LSI_encoder\solution1\.autopilot\db\encode.pp.0.cpp:44748:16: warning: Added loop label VITIS_LOOP_327_2:   [xilinx-label-all-loops]
               for (int j = WO_e-1; j >= W_-1; j--) {
               ^~~
               VITIS_LOOP_327_2: 
C:\Users\ADMIN\GithubClonedRepo\encode1\LSI_encoder\solution1\.autopilot\db\encode.pp.0.cpp:44748:16: note: FIX-IT applied suggested code changes
C:\Users\ADMIN\GithubClonedRepo\encode1\LSI_encoder\solution1\.autopilot\db\encode.pp.0.cpp:44762:20: warning: Added loop label VITIS_LOOP_341_3:   [xilinx-label-all-loops]
                   for(int i = 0; i < W_-1; ++i) {
                   ^~~
                   VITIS_LOOP_341_3: 
C:\Users\ADMIN\GithubClonedRepo\encode1\LSI_encoder\solution1\.autopilot\db\encode.pp.0.cpp:44762:20: note: FIX-IT applied suggested code changes
C:\Users\ADMIN\GithubClonedRepo\encode1\LSI_encoder\solution1\.autopilot\db\encode.pp.0.cpp:44855:12: warning: Added loop label VITIS_LOOP_459_1:   [xilinx-label-all-loops]
           for (int j =WO_d-1; j >= W_-1; j--) {
           ^~~
           VITIS_LOOP_459_1: 
C:\Users\ADMIN\GithubClonedRepo\encode1\LSI_encoder\solution1\.autopilot\db\encode.pp.0.cpp:44855:12: note: FIX-IT applied suggested code changes
C:\Users\ADMIN\GithubClonedRepo\encode1\LSI_encoder\solution1\.autopilot\db\encode.pp.0.cpp:44869:15: warning: Added loop label VITIS_LOOP_473_2:   [xilinx-label-all-loops]
              for(int i = 0; i < W_-1; ++i) {
              ^~~
              VITIS_LOOP_473_2: 
C:\Users\ADMIN\GithubClonedRepo\encode1\LSI_encoder\solution1\.autopilot\db\encode.pp.0.cpp:44869:15: note: FIX-IT applied suggested code changes
C:\Users\ADMIN\GithubClonedRepo\encode1\LSI_encoder\solution1\.autopilot\db\encode.pp.0.cpp:44982:13: warning: Added loop label VITIS_LOOP_59_1:   [xilinx-label-all-loops]
            for (int i = 0; i < W_-1; i++){
            ^~~
            VITIS_LOOP_59_1: 
C:\Users\ADMIN\GithubClonedRepo\encode1\LSI_encoder\solution1\.autopilot\db\encode.pp.0.cpp:44982:13: note: FIX-IT applied suggested code changes
C:\Users\ADMIN\GithubClonedRepo\encode1\LSI_encoder\solution1\.autopilot\db\encode.pp.0.cpp:45106:13: warning: Added loop label VITIS_LOOP_209_1:   [xilinx-label-all-loops]
            for (int i = 0; i < W_-1; i++){
            ^~~
            VITIS_LOOP_209_1: 
C:\Users\ADMIN\GithubClonedRepo\encode1\LSI_encoder\solution1\.autopilot\db\encode.pp.0.cpp:45106:13: note: FIX-IT applied suggested code changes
C:\Users\ADMIN\GithubClonedRepo\encode1\LSI_encoder\solution1\.autopilot\db\encode.pp.0.cpp:45161:13: warning: Added loop label VITIS_LOOP_274_1:   [xilinx-label-all-loops]
            for (int i = 0; i < W_-1; i++){
            ^~~
            VITIS_LOOP_274_1: 
C:\Users\ADMIN\GithubClonedRepo\encode1\LSI_encoder\solution1\.autopilot\db\encode.pp.0.cpp:45161:13: note: FIX-IT applied suggested code changes
C:\Users\ADMIN\GithubClonedRepo\encode1\LSI_encoder\solution1\.autopilot\db\encode.pp.0.cpp:45666:2: warning: Added loop label VITIS_LOOP_42_1:   [xilinx-label-all-loops]
 for (int i=0; i<W_;i++)
 ^~~
 VITIS_LOOP_42_1: 
C:\Users\ADMIN\GithubClonedRepo\encode1\LSI_encoder\solution1\.autopilot\db\encode.pp.0.cpp:45666:2: note: FIX-IT applied suggested code changes
C:\Users\ADMIN\GithubClonedRepo\encode1\LSI_encoder\solution1\.autopilot\db\encode.pp.0.cpp:45677:2: warning: Added loop label VITIS_LOOP_53_1:   [xilinx-label-all-loops]
 for (int i=0; i<W_;i++)
 ^~~
 VITIS_LOOP_53_1: 
C:\Users\ADMIN\GithubClonedRepo\encode1\LSI_encoder\solution1\.autopilot\db\encode.pp.0.cpp:45677:2: note: FIX-IT applied suggested code changes
C:\Users\ADMIN\GithubClonedRepo\encode1\LSI_encoder\solution1\.autopilot\db\encode.pp.0.cpp:45688:2: warning: Added loop label VITIS_LOOP_64_1:   [xilinx-label-all-loops]
 for (int i=0; i<I_;i++)
 ^~~
 VITIS_LOOP_64_1: 
C:\Users\ADMIN\GithubClonedRepo\encode1\LSI_encoder\solution1\.autopilot\db\encode.pp.0.cpp:45688:2: note: FIX-IT applied suggested code changes
C:\Users\ADMIN\GithubClonedRepo\encode1\LSI_encoder\solution1\.autopilot\db\encode.pp.0.cpp:45699:2: warning: Added loop label VITIS_LOOP_75_1:   [xilinx-label-all-loops]
 for (int i=0; i<I_;i++)
 ^~~
 VITIS_LOOP_75_1: 
C:\Users\ADMIN\GithubClonedRepo\encode1\LSI_encoder\solution1\.autopilot\db\encode.pp.0.cpp:45699:2: note: FIX-IT applied suggested code changes
C:\Users\ADMIN\GithubClonedRepo\encode1\LSI_encoder\solution1\.autopilot\db\encode.pp.0.cpp:45710:2: warning: Added loop label VITIS_LOOP_86_1:   [xilinx-label-all-loops]
 for (int i=0; i<W_;i++)
 ^~~
 VITIS_LOOP_86_1: 
C:\Users\ADMIN\GithubClonedRepo\encode1\LSI_encoder\solution1\.autopilot\db\encode.pp.0.cpp:45710:2: note: FIX-IT applied suggested code changes
C:\Users\ADMIN\GithubClonedRepo\encode1\LSI_encoder\solution1\.autopilot\db\encode.pp.0.cpp:45721:2: warning: Added loop label VITIS_LOOP_97_1:   [xilinx-label-all-loops]
 for (int i=0; i<W_;i++)
 ^~~
 VITIS_LOOP_97_1: 
C:\Users\ADMIN\GithubClonedRepo\encode1\LSI_encoder\solution1\.autopilot\db\encode.pp.0.cpp:45721:2: note: FIX-IT applied suggested code changes
C:\Users\ADMIN\GithubClonedRepo\encode1\LSI_encoder\solution1\.autopilot\db\encode.pp.0.cpp:45732:2: warning: Added loop label VITIS_LOOP_108_1:   [xilinx-label-all-loops]
 for (int i=0; i<I_;i++)
 ^~~
 VITIS_LOOP_108_1: 
C:\Users\ADMIN\GithubClonedRepo\encode1\LSI_encoder\solution1\.autopilot\db\encode.pp.0.cpp:45732:2: note: FIX-IT applied suggested code changes
C:\Users\ADMIN\GithubClonedRepo\encode1\LSI_encoder\solution1\.autopilot\db\encode.pp.0.cpp:45743:2: warning: Added loop label VITIS_LOOP_119_1:   [xilinx-label-all-loops]
 for (int i=0; i<I_;i++)
 ^~~
 VITIS_LOOP_119_1: 
C:\Users\ADMIN\GithubClonedRepo\encode1\LSI_encoder\solution1\.autopilot\db\encode.pp.0.cpp:45743:2: note: FIX-IT applied suggested code changes
C:\Users\ADMIN\GithubClonedRepo\encode1\LSI_encoder\solution1\.autopilot\db\encode.pp.0.cpp:48044:12: warning: Added loop label VITIS_LOOP_23_1:   [xilinx-label-all-loops]
           for(int i = 0; i < W_-1; ++i) {
           ^~~
           VITIS_LOOP_23_1: 
C:\Users\ADMIN\GithubClonedRepo\encode1\LSI_encoder\solution1\.autopilot\db\encode.pp.0.cpp:48044:12: note: FIX-IT applied suggested code changes
C:\Users\ADMIN\GithubClonedRepo\encode1\LSI_encoder\solution1\.autopilot\db\encode.pp.0.cpp:48108:7: warning: Added loop label VITIS_LOOP_66_1:   [xilinx-label-all-loops]
      for(int pos = msbr - 1 ; pos >= -F-1; pos--) {
      ^~~
      VITIS_LOOP_66_1: 
C:\Users\ADMIN\GithubClonedRepo\encode1\LSI_encoder\solution1\.autopilot\db\encode.pp.0.cpp:48108:7: note: FIX-IT applied suggested code changes
C:\Users\ADMIN\GithubClonedRepo\encode1\LSI_encoder\solution1\.autopilot\db\encode.pp.0.cpp:48225:9: warning: Added loop label VITIS_LOOP_75_1:   [xilinx-label-all-loops]
        for(int pos = msbr - 1; pos >= 0; pos--) {
        ^~~
        VITIS_LOOP_75_1: 
C:\Users\ADMIN\GithubClonedRepo\encode1\LSI_encoder\solution1\.autopilot\db\encode.pp.0.cpp:48225:9: note: FIX-IT applied suggested code changes
C:\Users\ADMIN\GithubClonedRepo\encode1\LSI_encoder\solution1\.autopilot\db\encode.pp.0.cpp:48250:5: warning: Added loop label VITIS_LOOP_107_2:   [xilinx-label-all-loops]
    for(int pos = -1; pos >= -F-1; pos--) {
    ^~~
    VITIS_LOOP_107_2: 
C:\Users\ADMIN\GithubClonedRepo\encode1\LSI_encoder\solution1\.autopilot\db\encode.pp.0.cpp:48250:5: note: FIX-IT applied suggested code changes
C:\Users\ADMIN\GithubClonedRepo\encode1\LSI_encoder\solution1\.autopilot\db\encode.pp.0.cpp:48320:8: warning: Added loop label VITIS_LOOP_195_3:   [xilinx-label-all-loops]
       for(int i = 0; i < W - 1; ++i) {
       ^~~
       VITIS_LOOP_195_3: 
C:\Users\ADMIN\GithubClonedRepo\encode1\LSI_encoder\solution1\.autopilot\db\encode.pp.0.cpp:48320:8: note: FIX-IT applied suggested code changes
C:\Users\ADMIN\GithubClonedRepo\encode1\LSI_encoder\solution1\.autopilot\db\encode.pp.0.cpp:50562:2: warning: Added loop label VITIS_LOOP_17_1:   [xilinx-label-all-loops]
 for(int i=0;i<fil_out;i++){
 ^~~
 VITIS_LOOP_17_1: 
C:\Users\ADMIN\GithubClonedRepo\encode1\LSI_encoder\solution1\.autopilot\db\encode.pp.0.cpp:50562:2: note: FIX-IT applied suggested code changes
C:\Users\ADMIN\GithubClonedRepo\encode1\LSI_encoder\solution1\.autopilot\db\encode.pp.0.cpp:50606:13: warning: Added loop label VITIS_LOOP_61_2:   [xilinx-label-all-loops]
            for(int i=0;i<fil_out;i++){
            ^~~
            VITIS_LOOP_61_2: 
C:\Users\ADMIN\GithubClonedRepo\encode1\LSI_encoder\solution1\.autopilot\db\encode.pp.0.cpp:50606:13: note: FIX-IT applied suggested code changes
